                                     | Core 0     
  Instructions                       |  1522748443
  Cycles                             |  1970866802
  IPC                                |        0.77
  Time (ns)                          |   740927369
  Idle time (ns)                     |       92328
  Idle time (%)                      |        0.0%
Branch predictor stats               |            
  num correct                        |   205723632
  num incorrect                      |     5097135
  misprediction rate                 |       2.42%
  mpki                               |        3.35
TLB Summary                          |            
  I-TLB                              |            
    num accesses                     |    16440249
    num misses                       |         185
    miss rate                        |       0.00%
    mpki                             |        0.00
  D-TLB                              |            
    num accesses                     |   641462249
    num misses                       |      611732
    miss rate                        |       0.10%
    mpki                             |        0.40
  L2 TLB                             |            
    num accesses                     |      611917
    num misses                       |      604685
    miss rate                        |      98.82%
    mpki                             |        0.40
Cache Summary                        |            
  Cache L1-I                         |            
    num cache accesses               |    16440249
    num cache misses                 |       53455
    miss rate                        |       0.33%
    mpki                             |        0.04
  Cache L1-D                         |            
    num cache accesses               |   641462249
    num cache misses                 |   146471440
    miss rate                        |      22.83%
    mpki                             |       96.19
  Cache L2                           |            
    num cache accesses               |   146524912
    num cache misses                 |    38803327
    miss rate                        |      26.48%
    mpki                             |       25.48
  Cache L3                           |            
    num cache accesses               |    38803344
    num cache misses                 |        1011
    miss rate                        |       0.00%
    mpki                             |        0.00
DRAM summary                         |            
  num dram accesses                  |        1025
  average dram access latency (ns)   |       55.86
  average dram queueing delay        |        2.43
  average dram bandwidth utilization |       0.00%
Coherency Traffic                    |            
  num loads from dram                |          96
  num loads from dram cache          |           0
  num loads from remote cache        |           0
