barrier.global_time = 183070333096210, 0, 0, 0
barrier.global_time_begin = 40326299596420, 0, 0, 0
barrier.global_time_end = 223396632692630, 0, 0, 0
branch_predictor.num-correct = 20587402, 20563139, 21461354, 20276830
branch_predictor.num-incorrect = 11879737, 11800672, 11727245, 11896289
bus-queue.no-free-slots = 0, 0, 0, 0
bus-queue.num-barriers = 0, 0, 0, 0
bus-queue.num-requests = 0, 0, 0, 0
bus-queue.requests-out-of-order = 0, 0, 0, 0
bus-queue.requests-simultaneous = 0, 0, 0, 0
bus-queue.total-barrier-delay = 0, 0, 0, 0
bus-queue.total-delay = 0, 0, 0, 0
core.bbv-0 = 9733419569461, 9948572367789, 9706721780791, 9726332447692
core.bbv-1 = 9449979563479, 9638328128235, 9115364423009, 9423915127848
core.bbv-10 = 7493923070715, 7589596878807, 7177824897477, 7431868071568
core.bbv-11 = 10270252602733, 10430243949637, 10135249713151, 10274184111180
core.bbv-12 = 8158340781973, 8304365084277, 8385042223215, 8159507595204
core.bbv-13 = 8598868950559, 8684254299467, 7750025386785, 8543858981072
core.bbv-14 = 9260453717161, 9365935156257, 8857499248083, 9260490994140
core.bbv-15 = 9315419245363, 9508147843831, 9309539905669, 9336617331432
core.bbv-2 = 8607238687353, 8789792156201, 8550055462539, 8593165712516
core.bbv-3 = 8780952520475, 8818312872295, 7834265032629, 8756757193952
core.bbv-4 = 8466175727427, 8575820293079, 8208933602277, 8433649996056
core.bbv-5 = 8752035623997, 8865752218941, 8524264836807, 8716255422532
core.bbv-6 = 9302746419511, 9420050536099, 9114539710889, 9265713151856
core.bbv-7 = 8672815099441, 8759587909641, 8256859645067, 8616084444828
core.bbv-8 = 9143035690519, 9304814120699, 8746513476945, 9182993740568
core.bbv-9 = 7513294614665, 7475808854889, 6593020402571, 7423527770324
core.instructions = 270627306, 274089334, 259761042, 269975628
core.spin_elapsed_time = 0, 0, 0, 0
core.spin_instructions = 0, 0, 0, 0
core.spin_loops = 0, 0, 0, 0
corefreq = 2660000000.0, 2660000000.0, 2660000000.0, 2660000000.0
directory.entries-allocated = 0, 0, 0, 0
directory.evict-E = 0, 0, 0, 0
directory.evict-M = 0, 0, 0, 0
directory.evict-O = 0, 0, 0, 0
directory.evict-S = 0, 0, 0, 0
directory.forward = 0, 0, 0, 0
directory.forward-failed = 0, 0, 0, 0
dram-queue.num-requests = 79316, 0, 0, 0
dram-queue.num-requests-analytical = 0, 0, 0, 0
dram-queue.total-queue-delay = 337824412069, 0, 0, 0
dram-queue.total-time-used = 668576455216, 0, 0, 0
dram.reads = 39658, 0, 0, 0
dram.total-access-latency = 4575620867285, 0, 0, 0
dram.total-queueing-delay = 337824412069, 0, 0, 0
dram.writes = 39658, 0, 0, 0
dtlb.access = 105361755, 107812422, 99829813, 105623344
dtlb.miss = 86268, 52851, 38896, 67101
dtlb_cache.access-mru-0 = 100240686, 103742008, 89351337, 101025065
dtlb_cache.access-mru-1 = 4763833, 3770781, 9996354, 4326931
dtlb_cache.access-mru-2 = 217635, 192055, 422191, 159562
dtlb_cache.access-mru-3 = 53333, 54727, 21035, 44685
fastforward_performance_model.fastforwarded_time = 0, 0, 0, 0
fastforward_timer.cpiBase = 0, 0, 0, 0
fastforward_timer.cpiBranchPredictor = 0, 0, 0, 0
fastforward_timer.cpiDataCachecache-remote = 0, 0, 0, 0
fastforward_timer.cpiDataCachedram = 0, 0, 0, 0
fastforward_timer.cpiDataCachedram-cache = 0, 0, 0, 0
fastforward_timer.cpiDataCachedram-local = 0, 0, 0, 0
fastforward_timer.cpiDataCachedram-remote = 0, 0, 0, 0
fastforward_timer.cpiDataCacheL1 = 0, 0, 0, 0
fastforward_timer.cpiDataCacheL1_S = 0, 0, 0, 0
fastforward_timer.cpiDataCacheL1I = 0, 0, 0, 0
fastforward_timer.cpiDataCacheL2 = 0, 0, 0, 0
fastforward_timer.cpiDataCacheL2_S = 0, 0, 0, 0
fastforward_timer.cpiDataCacheL3 = 0, 0, 0, 0
fastforward_timer.cpiDataCacheL3_S = 0, 0, 0, 0
fastforward_timer.cpiDataCacheL4 = 0, 0, 0, 0
fastforward_timer.cpiDataCacheL4_S = 0, 0, 0, 0
fastforward_timer.cpiDataCachemiss = 0, 0, 0, 0
fastforward_timer.cpiDataCachenuca-cache = 0, 0, 0, 0
fastforward_timer.cpiDataCachepredicate-false = 0, 0, 0, 0
fastforward_timer.cpiDataCacheprefetch-no-mapping = 0, 0, 0, 0
fastforward_timer.cpiDataCacheunknown = 0, 0, 0, 0
fs_to_cycles = 2.66e-06
fs_to_cycles_cores = 2.66e-06, 2.66e-06, 2.66e-06, 2.66e-06
futex.futex_cmp_requeue_count = 5, 1, 4, 0
futex.futex_cmp_requeue_delay = 0, 0, 0, 0
futex.futex_cmp_requeue_pi_count = 0, 0, 0, 0
futex.futex_cmp_requeue_pi_delay = 0, 0, 0, 0
futex.futex_fd_count = 0, 0, 0, 0
futex.futex_fd_delay = 0, 0, 0, 0
futex.futex_lock_pi_count = 0, 0, 0, 0
futex.futex_lock_pi_delay = 0, 0, 0, 0
futex.futex_requeue_count = 0, 0, 0, 0
futex.futex_requeue_delay = 0, 0, 0, 0
futex.futex_trylock_pi_count = 0, 0, 0, 0
futex.futex_trylock_pi_delay = 0, 0, 0, 0
futex.futex_unlock_pi_count = 0, 0, 0, 0
futex.futex_unlock_pi_delay = 0, 0, 0, 0
futex.futex_wait_bitset_count = 0, 0, 0, 0
futex.futex_wait_bitset_delay = 0, 0, 0, 0
futex.futex_wait_count = 2595, 2688, 7028, 2622
futex.futex_wait_delay = 3271485822370, 3339361638200, 9111542869467, 3325714336782
futex.futex_wait_requeue_pi_count = 0, 0, 0, 0
futex.futex_wait_requeue_pi_delay = 0, 0, 0, 0
futex.futex_wake_bitset_count = 0, 0, 0, 0
futex.futex_wake_bitset_delay = 0, 0, 0, 0
futex.futex_wake_count = 4430, 4380, 6079, 4408
futex.futex_wake_delay = 2569000000000, 2555000000000, 1926000000000, 2540000000000
futex.futex_wake_op_count = 0, 0, 0, 0
futex.futex_wake_op_delay = 0, 0, 0, 0
global.time = 183070333096210
global.time_begin = 40326299596420
global.time_end = 223396632692630
interval_timer.cpContr_branch = 37671467049129, 37782192841822, 38046796515689, 37648848191761
interval_timer.cpContr_fp_addsub = 17133200687050, 17598598266952, 16786062957137, 17060457903262
interval_timer.cpContr_fp_muldiv = 40239492633287, 40450451312023, 34263864943709, 40208011381752
interval_timer.cpContr_generic = 47959902495393, 48649013597758, 50111254432544, 48229405146288
interval_timer.cpContr_load_l1 = 75737770026011, 76376662450755, 72630705143590, 75994760073126
interval_timer.cpContr_load_l2 = 1308550157374, 1097668365585, 1347186699791, 1316289746094
interval_timer.cpContr_load_l3 = 0, 51282, 61073810, 19078127
interval_timer.cpContr_load_other = 59547956, 28342914, 57600607, 40559410
interval_timer.cpContr_port0 = 107000000, 128000000, 251500000, 135000000
interval_timer.cpContr_port015 = 171926188838, 105716367167, 272677459257, 51175554525
interval_timer.cpContr_port05 = 0, 0, 0, 0
interval_timer.cpContr_port1 = 6098180618, 6860993672, 26896382299, 6020477511
interval_timer.cpContr_port2 = 5292672518384, 5526109440706, 3517246438710, 5229762574728
interval_timer.cpContr_port34 = 1346976130302, 1360095931254, 1438895459506, 1376866154272
interval_timer.cpContr_port5 = 1950001787369, 1770264248440, 1836309173205, 1692804714969
interval_timer.cpContr_store = 5260409355006, 5608163488091, 4109398047770, 5231554651823
interval_timer.cpiBase = 88000621418898, 88847662737663, 84357768749508, 87988359792474
interval_timer.cpiBranchPredictor = 85635833154309, 85329472944429, 84908886676911, 85684259360655
interval_timer.cpiDataCachecache-remote = 0, 0, 0, 0
interval_timer.cpiDataCachedram = 0, 0, 0, 0
interval_timer.cpiDataCachedram-cache = 0, 0, 0, 0
interval_timer.cpiDataCachedram-local = 199202557320, 255232505880, 916126876917, 196042414086
interval_timer.cpiDataCachedram-remote = 0, 0, 0, 0
interval_timer.cpiDataCacheL1 = 3007512000, 922930245, 1090223100, 1543981473
interval_timer.cpiDataCacheL1_S = 0, 0, 0, 0
interval_timer.cpiDataCacheL1I = 0, 0, 0, 0
interval_timer.cpiDataCacheL2 = 25464604104, 21588297075, 11125162827, 21360102102
interval_timer.cpiDataCacheL2_S = 0, 0, 0, 0
interval_timer.cpiDataCacheL3 = 357937536924, 254835138357, 318525219981, 318045897756
interval_timer.cpiDataCacheL3_S = 2656915799868, 2110730944023, 1162446620985, 2639754936396
interval_timer.cpiDataCacheL4 = 0, 0, 0, 0
interval_timer.cpiDataCacheL4_S = 0, 0, 0, 0
interval_timer.cpiDataCachemiss = 0, 0, 0, 0
interval_timer.cpiDataCachenuca-cache = 0, 0, 0, 0
interval_timer.cpiDataCachepredicate-false = 0, 0, 0, 0
interval_timer.cpiDataCacheprefetch-no-mapping = 0, 0, 0, 0
interval_timer.cpiDataCacheunknown = 0, 0, 0, 0
interval_timer.cpiInstructionCachecache-remote = 0, 0, 0, 0
interval_timer.cpiInstructionCachedram = 0, 0, 0, 0
interval_timer.cpiInstructionCachedram-cache = 0, 0, 0, 0
interval_timer.cpiInstructionCachedram-local = 7757501265, 7974794007, 9052987059, 2536836372
interval_timer.cpiInstructionCachedram-remote = 0, 0, 0, 0
interval_timer.cpiInstructionCacheL1 = 0, 0, 0, 0
interval_timer.cpiInstructionCacheL1_S = 0, 0, 0, 0
interval_timer.cpiInstructionCacheL1I = 0, 0, 0, 0
interval_timer.cpiInstructionCacheL2 = 0, 0, 10150353, 0
interval_timer.cpiInstructionCacheL2_S = 0, 0, 0, 0
interval_timer.cpiInstructionCacheL3 = 32565339936, 27410088429, 23605209810, 30720607263
interval_timer.cpiInstructionCacheL3_S = 0, 0, 0, 0
interval_timer.cpiInstructionCacheL4 = 0, 0, 0, 0
interval_timer.cpiInstructionCacheL4_S = 0, 0, 0, 0
interval_timer.cpiInstructionCachemiss = 0, 0, 0, 0
interval_timer.cpiInstructionCachenuca-cache = 0, 0, 0, 0
interval_timer.cpiInstructionCachepredicate-false = 0, 0, 0, 0
interval_timer.cpiInstructionCacheprefetch-no-mapping = 0, 0, 0, 0
interval_timer.cpiInstructionCacheunknown = 0, 0, 0, 0
interval_timer.cpiLongLatency = 728569782, 492856029, 920298672, 630073764
interval_timer.cpiSerialization = 3007512, 0, 0, 0
interval_timer.detailed-cpiBase-BranchMispredict = 0, 0, 0, 0
interval_timer.detailed-cpiBase-DispatchRate = 232774432, 234996964, 223174183, 232750580
interval_timer.detailed-cpiBase-DispatchRate+BranchMispredict = 0, 0, 0, 0
interval_timer.detailed-cpiBase-DispatchRate+ICacheMiss = 0, 0, 0, 0
interval_timer.detailed-cpiBase-DispatchRate+ICacheMiss+BranchMispredict = 0, 0, 0, 0
interval_timer.detailed-cpiBase-DispatchWidth = 3289, 3099, 4272, 3156
interval_timer.detailed-cpiBase-DispatchWidth+BranchMispredict = 0, 0, 0, 0
interval_timer.detailed-cpiBase-DispatchWidth+DispatchRate = 1304461, 1335254, 1213717, 1295830
interval_timer.detailed-cpiBase-DispatchWidth+DispatchRate+BranchMispredict = 0, 0, 0, 0
interval_timer.detailed-cpiBase-DispatchWidth+DispatchRate+ICacheMiss = 0, 0, 0, 0
interval_timer.detailed-cpiBase-DispatchWidth+DispatchRate+ICacheMiss+BranchMispredict = 0, 0, 0, 0
interval_timer.detailed-cpiBase-DispatchWidth+ICacheMiss = 0, 0, 0, 0
interval_timer.detailed-cpiBase-DispatchWidth+ICacheMiss+BranchMispredict = 0, 0, 0, 0
interval_timer.detailed-cpiBase-ICacheMiss = 0, 0, 0, 0
interval_timer.detailed-cpiBase-ICacheMiss+BranchMispredict = 0, 0, 0, 0
interval_timer.detailed-cpiBase-NoReason = 0, 0, 0, 0
interval_timer.detailed-cpiBase-WindowEmpty = 0, 0, 0, 0
interval_timer.detailed-cpiBase-WindowEmpty+BranchMispredict = 0, 0, 0, 0
interval_timer.detailed-cpiBase-WindowEmpty+DispatchRate = 0, 0, 0, 0
interval_timer.detailed-cpiBase-WindowEmpty+DispatchRate+BranchMispredict = 0, 0, 0, 0
interval_timer.detailed-cpiBase-WindowEmpty+DispatchRate+ICacheMiss = 0, 0, 0, 0
interval_timer.detailed-cpiBase-WindowEmpty+DispatchRate+ICacheMiss+BranchMispredict = 0, 0, 0, 0
interval_timer.detailed-cpiBase-WindowEmpty+DispatchWidth = 0, 0, 0, 0
interval_timer.detailed-cpiBase-WindowEmpty+DispatchWidth+BranchMispredict = 0, 0, 0, 0
interval_timer.detailed-cpiBase-WindowEmpty+DispatchWidth+DispatchRate = 0, 0, 0, 0
interval_timer.detailed-cpiBase-WindowEmpty+DispatchWidth+DispatchRate+BranchMispredict = 0, 0, 0, 0
interval_timer.detailed-cpiBase-WindowEmpty+DispatchWidth+DispatchRate+ICacheMiss = 0, 0, 0, 0
interval_timer.detailed-cpiBase-WindowEmpty+DispatchWidth+DispatchRate+ICacheMiss+BranchMispredict = 0, 0, 0, 0
interval_timer.detailed-cpiBase-WindowEmpty+DispatchWidth+ICacheMiss = 0, 0, 0, 0
interval_timer.detailed-cpiBase-WindowEmpty+DispatchWidth+ICacheMiss+BranchMispredict = 0, 0, 0, 0
interval_timer.detailed-cpiBase-WindowEmpty+ICacheMiss = 0, 0, 0, 0
interval_timer.detailed-cpiBase-WindowEmpty+ICacheMiss+BranchMispredict = 0, 0, 0, 0
interval_timer.loadstore_contention.no-free-slots = 0, 0, 0, 0
interval_timer.loadstore_contention.num-barriers = 0, 0, 0, 0
interval_timer.loadstore_contention.num-requests = 86827462, 88834637, 82940007, 87092033
interval_timer.loadstore_contention.requests-out-of-order = 27492111, 28577240, 22694142, 27409315
interval_timer.loadstore_contention.requests-simultaneous = 43377470, 44114387, 45464857, 43693796
interval_timer.loadstore_contention.total-barrier-delay = 0, 0, 0, 0
interval_timer.loadstore_contention.total-delay = 8938396340532, 9396078388875, 10045154741508, 9206182953378
interval_timer.numBPredOverlapped = 581421, 494175, 439376, 566671
interval_timer.numDCacheOverlapped = 1039911, 757273, 580810, 974703
interval_timer.numHiddenLongerDCacheLatency = 5556, 3669, 4542, 4677
interval_timer.numICacheOverlapped = 14643793, 11672037, 9268115, 14174239
interval_timer.numLongLatencyLoads = 115974, 92495, 73391, 112261
interval_timer.numMfenceInsns = 0, 0, 0, 0
interval_timer.numSerializationInsns = 2, 0, 0, 0
interval_timer.numTotalLongLatencyLoadLatency = 8625144, 7031220, 6408790, 8450167
interval_timer.outstandingLongLatencyCycles = 9643439, 7667612, 6732120, 9384769
interval_timer.outstandingLongLatencyInsns = 11768137, 9231033, 8178515, 11350396
interval_timer.totalHiddenDCacheLatency = 8537860, 6113864, 4635847, 7959412
interval_timer.totalHiddenLongerDCacheLatency = 205041, 130561, 179248, 159236
interval_timer.totalMfenceLatency = 0, 0, 0, 0
interval_timer.totalSerializationLatency = 8, 0, 0, 0
interval_timer.uop_branch = 44222940, 44429731, 44633801, 44001804
interval_timer.uop_fp_addsub = 30943323, 31664223, 28827081, 31003402
interval_timer.uop_fp_muldiv = 30043524, 30681655, 25302344, 29903384
interval_timer.uop_generic = 92401237, 92653736, 90141179, 91760747
interval_timer.uop_load = 87867400, 89591925, 83520832, 88066751
interval_timer.uop_store = 17495066, 18220919, 16309609, 17557164
interval_timer.uops_pause = 0, 0, 0, 0
interval_timer.uops_total = 302973490, 307242189, 288734846, 302293252
interval_timer.uops_x87 = 0, 0, 0, 0
ipc = 0.555739900622, 0.562849604952, 0.533426074264, 0.554402003219
itlb.access = 41576949, 42336059, 42672802, 41496676
itlb.miss = 43, 37, 38, 36
itlb_cache.access-mru-0 = 41470262, 42218134, 42556486, 41392433
itlb_cache.access-mru-1 = 106640, 117888, 116278, 104207
itlb_cache.access-mru-2 = 4, 0, 0, 0
itlb_cache.access-mru-3 = 0, 0, 0, 0
L1-D.access-mru-0 = 95577753, 98230278, 88829638, 94759394
L1-D.access-mru-1 = 5237278, 5090567, 6667408, 6305431
L1-D.access-mru-2 = 1945839, 1806335, 1695504, 1911544
L1-D.access-mru-3 = 1148134, 1165110, 1136619, 1149730
L1-D.access-mru-4 = 568791, 642857, 660973, 616482
L1-D.access-mru-5 = 249814, 293890, 325392, 269726
L1-D.access-mru-6 = 120243, 135724, 95583, 118512
L1-D.access-mru-7 = 59239, 59735, 45329, 56050
L1-D.backinval-E = 17, 11, 8, 19
L1-D.backinval-I = 0, 0, 0, 0
L1-D.backinval-M = 180, 134, 84, 121
L1-D.backinval-O = 0, 0, 0, 0
L1-D.backinval-S = 174, 126, 113, 166
L1-D.backinval-u = 0, 0, 0, 0
L1-D.coherency-downgrades = 88696, 84771, 88474, 88569
L1-D.coherency-invalidates = 21003, 22227, 9571, 21073
L1-D.coherency-upgrades = 142, 184, 30, 161
L1-D.coherency-writebacks = 44758, 37464, 13581, 44437
L1-D.evict-E = 701, 250, 760, 497
L1-D.evict-I = 0, 0, 0, 0
L1-D.evict-M = 181966, 167624, 194353, 164514
L1-D.evict-O = 0, 0, 0, 0
L1-D.evict-prefetch = 0, 0, 0, 0
L1-D.evict-S = 175795, 132596, 125382, 174778
L1-D.evict-u = 0, 0, 0, 0
L1-D.evict-warmup = 429, 0, 0, 0
L1-D.hits-prefetch = 0, 0, 0, 0
L1-D.hits-warmup = 81, 0, 0, 0
L1-D.invalidate-prefetch = 0, 0, 0, 0
L1-D.invalidate-warmup = 0, 0, 0, 0
L1-D.load-misses = 414905, 348080, 331330, 396524
L1-D.load-misses-E = 3, 1, 3, 1
L1-D.load-misses-I = 410468, 344792, 325808, 392175
L1-D.load-misses-M = 0, 0, 0, 0
L1-D.load-misses-O = 0, 0, 0, 0
L1-D.load-misses-S = 4434, 3287, 5519, 4348
L1-D.load-misses-u = 0, 0, 0, 0
L1-D.load-overlapping-misses = 0, 0, 0, 0
L1-D.loads = 87866654, 89591495, 83520058, 88066156
L1-D.loads-E = 4430810, 1279780, 628256, 5346321
L1-D.loads-I = 410468, 344792, 325808, 392175
L1-D.loads-M = 52780888, 54571301, 51132133, 52449491
L1-D.loads-O = 0, 0, 0, 0
L1-D.loads-prefetch = 0, 0, 0, 0
L1-D.loads-S = 30244488, 33395622, 31433861, 29878169
L1-D.loads-u = 0, 0, 0, 0
L1-D.loads-where-cache-remote = 0, 0, 0, 0
L1-D.loads-where-dram = 0, 0, 0, 0
L1-D.loads-where-dram-cache = 0, 0, 0, 0
L1-D.loads-where-dram-local = 5748, 6692, 13116, 5728
L1-D.loads-where-dram-remote = 0, 0, 0, 0
L1-D.loads-where-L1 = 87451749, 89243415, 83188728, 87669632
L1-D.loads-where-L1_S = 0, 0, 0, 0
L1-D.loads-where-L1I = 0, 0, 0, 0
L1-D.loads-where-L2 = 253839, 223338, 227507, 242954
L1-D.loads-where-L2_S = 0, 0, 0, 0
L1-D.loads-where-L3 = 43518, 31924, 41890, 38005
L1-D.loads-where-L3_S = 111800, 86126, 48817, 109837
L1-D.loads-where-L4 = 0, 0, 0, 0
L1-D.loads-where-L4_S = 0, 0, 0, 0
L1-D.loads-where-miss = 0, 0, 0, 0
L1-D.loads-where-nuca-cache = 0, 0, 0, 0
L1-D.loads-where-predicate-false = 0, 0, 0, 0
L1-D.loads-where-prefetch-no-mapping = 0, 0, 0, 0
L1-D.loads-where-unknown = 0, 0, 0, 0
L1-D.mshr-latency = 0, 0, 0, 0
L1-D.next_read.no-free-slots = 0, 0, 0, 0
L1-D.next_read.num-barriers = 0, 0, 0, 0
L1-D.next_read.num-requests = 0, 0, 0, 0
L1-D.next_read.requests-out-of-order = 0, 0, 0, 0
L1-D.next_read.requests-simultaneous = 0, 0, 0, 0
L1-D.next_read.total-barrier-delay = 0, 0, 0, 0
L1-D.next_read.total-delay = 0, 0, 0, 0
L1-D.prefetches = 0, 0, 0, 0
L1-D.qbs-query-latency = 0, 0, 0, 0
L1-D.snoop-latency = 0, 0, 0, 0
L1-D.store-misses = 39759, 39846, 42037, 39951
L1-D.store-misses-E = 472, 1132, 9922, 455
L1-D.store-misses-I = 14266, 16329, 18571, 14091
L1-D.store-misses-M = 0, 0, 0, 0
L1-D.store-misses-O = 0, 0, 0, 0
L1-D.store-misses-S = 25021, 22385, 13544, 25405
L1-D.store-misses-u = 0, 0, 0, 0
L1-D.store-overlapping-misses = 0, 0, 0, 0
L1-D.stores = 17495101, 18220927, 16309755, 17557188
L1-D.stores-E = 472, 1132, 9922, 455
L1-D.stores-I = 14266, 16329, 18571, 14091
L1-D.stores-M = 17455342, 18181081, 16267718, 17517237
L1-D.stores-O = 0, 0, 0, 0
L1-D.stores-prefetch = 0, 0, 0, 0
L1-D.stores-S = 25021, 22385, 13544, 25405
L1-D.stores-u = 0, 0, 0, 0
L1-D.stores-where-cache-remote = 0, 0, 0, 0
L1-D.stores-where-dram = 0, 0, 0, 0
L1-D.stores-where-dram-cache = 0, 0, 0, 0
L1-D.stores-where-dram-local = 393, 423, 538, 339
L1-D.stores-where-dram-remote = 0, 0, 0, 0
L1-D.stores-where-L1 = 17455342, 18181081, 16267718, 17517237
L1-D.stores-where-L1_S = 0, 0, 0, 0
L1-D.stores-where-L1I = 0, 0, 0, 0
L1-D.stores-where-L2 = 3441, 4228, 3187, 3976
L1-D.stores-where-L2_S = 0, 0, 0, 0
L1-D.stores-where-L3 = 8323, 11057, 22068, 8029
L1-D.stores-where-L3_S = 27602, 24138, 16244, 27607
L1-D.stores-where-L4 = 0, 0, 0, 0
L1-D.stores-where-L4_S = 0, 0, 0, 0
L1-D.stores-where-miss = 0, 0, 0, 0
L1-D.stores-where-nuca-cache = 0, 0, 0, 0
L1-D.stores-where-predicate-false = 0, 0, 0, 0
L1-D.stores-where-prefetch-no-mapping = 0, 0, 0, 0
L1-D.stores-where-unknown = 0, 0, 0, 0
L1-D.total-latency = 6485697325693, 5454211969593, 4835350631444, 6288027509375
L1-I.access-mru-0 = 41393486, 42137070, 42479826, 41317693
L1-I.access-mru-1 = 150916, 162185, 155126, 147931
L1-I.access-mru-2 = 26546, 32019, 31764, 26162
L1-I.access-mru-3 = 458, 659, 1858, 210
L1-I.backinval-E = 968, 523, 997, 533
L1-I.backinval-I = 0, 0, 0, 0
L1-I.backinval-M = 0, 0, 0, 0
L1-I.backinval-O = 0, 0, 0, 0
L1-I.backinval-S = 4422, 3494, 3098, 4045
L1-I.backinval-u = 0, 0, 0, 0
L1-I.coherency-downgrades = 10047, 11363, 11647, 10180
L1-I.coherency-invalidates = 0, 0, 0, 0
L1-I.coherency-upgrades = 0, 0, 0, 0
L1-I.coherency-writebacks = 0, 0, 0, 0
L1-I.evict-E = 2, 0, 15, 0
L1-I.evict-I = 0, 0, 0, 0
L1-I.evict-M = 0, 0, 0, 0
L1-I.evict-O = 0, 0, 0, 0
L1-I.evict-prefetch = 0, 0, 0, 0
L1-I.evict-S = 10, 0, 13, 1
L1-I.evict-u = 0, 0, 0, 0
L1-I.evict-warmup = 0, 0, 0, 0
L1-I.hits-prefetch = 0, 0, 0, 0
L1-I.hits-warmup = 0, 0, 0, 0
L1-I.invalidate-prefetch = 0, 0, 0, 0
L1-I.invalidate-warmup = 0, 0, 0, 0
L1-I.load-misses = 5543, 4126, 4228, 4680
L1-I.load-misses-E = 0, 0, 0, 0
L1-I.load-misses-I = 5543, 4126, 4228, 4680
L1-I.load-misses-M = 0, 0, 0, 0
L1-I.load-misses-O = 0, 0, 0, 0
L1-I.load-misses-S = 0, 0, 0, 0
L1-I.load-misses-u = 0, 0, 0, 0
L1-I.load-overlapping-misses = 0, 0, 0, 0
L1-I.loads = 41576949, 42336059, 42672802, 41496676
L1-I.loads-E = 14831666, 10016711, 6325708, 11985744
L1-I.loads-I = 5543, 4126, 4228, 4680
L1-I.loads-M = 0, 0, 0, 0
L1-I.loads-O = 0, 0, 0, 0
L1-I.loads-prefetch = 0, 0, 0, 0
L1-I.loads-S = 26739740, 32315222, 36342866, 29506252
L1-I.loads-u = 0, 0, 0, 0
L1-I.loads-where-cache-remote = 0, 0, 0, 0
L1-I.loads-where-dram = 0, 0, 0, 0
L1-I.loads-where-dram-cache = 0, 0, 0, 0
L1-I.loads-where-dram-local = 403, 297, 521, 222
L1-I.loads-where-dram-remote = 0, 0, 0, 0
L1-I.loads-where-L1 = 0, 0, 0, 0
L1-I.loads-where-L1_S = 0, 0, 0, 0
L1-I.loads-where-L1I = 41571406, 42331933, 42668574, 41491996
L1-I.loads-where-L2 = 1, 0, 7, 0
L1-I.loads-where-L2_S = 0, 0, 0, 0
L1-I.loads-where-L3 = 5139, 3829, 3700, 4458
L1-I.loads-where-L3_S = 0, 0, 0, 0
L1-I.loads-where-L4 = 0, 0, 0, 0
L1-I.loads-where-L4_S = 0, 0, 0, 0
L1-I.loads-where-miss = 0, 0, 0, 0
L1-I.loads-where-nuca-cache = 0, 0, 0, 0
L1-I.loads-where-predicate-false = 0, 0, 0, 0
L1-I.loads-where-prefetch-no-mapping = 0, 0, 0, 0
L1-I.loads-where-unknown = 0, 0, 0, 0
L1-I.mshr-latency = 0, 0, 0, 0
L1-I.next_read.no-free-slots = 0, 0, 0, 0
L1-I.next_read.num-barriers = 0, 0, 0, 0
L1-I.next_read.num-requests = 0, 0, 0, 0
L1-I.next_read.requests-out-of-order = 0, 0, 0, 0
L1-I.next_read.requests-simultaneous = 0, 0, 0, 0
L1-I.next_read.total-barrier-delay = 0, 0, 0, 0
L1-I.next_read.total-delay = 0, 0, 0, 0
L1-I.prefetches = 0, 0, 0, 0
L1-I.qbs-query-latency = 0, 0, 0, 0
L1-I.snoop-latency = 0, 0, 0, 0
L1-I.store-misses = 0, 0, 0, 0
L1-I.store-misses-E = 0, 0, 0, 0
L1-I.store-misses-I = 0, 0, 0, 0
L1-I.store-misses-M = 0, 0, 0, 0
L1-I.store-misses-O = 0, 0, 0, 0
L1-I.store-misses-S = 0, 0, 0, 0
L1-I.store-misses-u = 0, 0, 0, 0
L1-I.store-overlapping-misses = 0, 0, 0, 0
L1-I.stores = 0, 0, 0, 0
L1-I.stores-E = 0, 0, 0, 0
L1-I.stores-I = 0, 0, 0, 0
L1-I.stores-M = 0, 0, 0, 0
L1-I.stores-O = 0, 0, 0, 0
L1-I.stores-prefetch = 0, 0, 0, 0
L1-I.stores-S = 0, 0, 0, 0
L1-I.stores-u = 0, 0, 0, 0
L1-I.stores-where-cache-remote = 0, 0, 0, 0
L1-I.stores-where-dram = 0, 0, 0, 0
L1-I.stores-where-dram-cache = 0, 0, 0, 0
L1-I.stores-where-dram-local = 0, 0, 0, 0
L1-I.stores-where-dram-remote = 0, 0, 0, 0
L1-I.stores-where-L1 = 0, 0, 0, 0
L1-I.stores-where-L1_S = 0, 0, 0, 0
L1-I.stores-where-L1I = 0, 0, 0, 0
L1-I.stores-where-L2 = 0, 0, 0, 0
L1-I.stores-where-L2_S = 0, 0, 0, 0
L1-I.stores-where-L3 = 0, 0, 0, 0
L1-I.stores-where-L3_S = 0, 0, 0, 0
L1-I.stores-where-L4 = 0, 0, 0, 0
L1-I.stores-where-L4_S = 0, 0, 0, 0
L1-I.stores-where-miss = 0, 0, 0, 0
L1-I.stores-where-nuca-cache = 0, 0, 0, 0
L1-I.stores-where-predicate-false = 0, 0, 0, 0
L1-I.stores-where-prefetch-no-mapping = 0, 0, 0, 0
L1-I.stores-where-unknown = 0, 0, 0, 0
L1-I.total-latency = 103558976603, 74913696043, 78960085247, 73069492412
l1misslat = 13957177.9269
L2.access-mru-0 = 50803, 43711, 62685, 48236
L2.access-mru-1 = 74243, 62519, 86442, 70141
L2.access-mru-2 = 56831, 51301, 41746, 55589
L2.access-mru-3 = 34591, 32671, 17952, 33671
L2.access-mru-4 = 19344, 18566, 9417, 18960
L2.access-mru-5 = 10902, 9829, 5721, 10443
L2.access-mru-6 = 6392, 5560, 3903, 6127
L2.access-mru-7 = 4175, 3409, 2835, 3763
L2.backinval-E = 0, 0, 0, 0
L2.backinval-I = 0, 0, 0, 0
L2.backinval-M = 0, 0, 0, 0
L2.backinval-O = 0, 0, 0, 0
L2.backinval-S = 0, 0, 0, 0
L2.backinval-u = 0, 0, 0, 0
L2.coherency-downgrades = 137455, 128175, 130137, 138039
L2.coherency-invalidates = 24261, 25905, 25243, 24574
L2.coherency-upgrades = 142, 184, 30, 161
L2.coherency-writebacks = 50545, 40754, 15714, 50096
L2.evict-E = 1109, 536, 1367, 655
L2.evict-I = 0, 0, 0, 0
L2.evict-M = 58793, 40417, 51009, 46572
L2.evict-O = 0, 0, 0, 0
L2.evict-prefetch = 0, 0, 0, 0
L2.evict-S = 37388, 25641, 19681, 37456
L2.evict-u = 0, 0, 0, 0
L2.evict-warmup = 3995, 0, 0, 0
L2.hits-prefetch = 0, 0, 0, 0
L2.hits-warmup = 84, 0, 0, 0
L2.invalidate-prefetch = 0, 0, 0, 0
L2.invalidate-warmup = 11, 0, 0, 0
L2.load-misses = 166608, 128868, 108044, 158250
L2.load-misses-E = 3, 1, 3, 1
L2.load-misses-I = 162031, 125426, 102465, 153745
L2.load-misses-M = 0, 0, 0, 0
L2.load-misses-O = 0, 0, 0, 0
L2.load-misses-S = 4574, 3441, 5576, 4504
L2.load-misses-u = 0, 0, 0, 0
L2.load-overlapping-misses = 553, 500, 818, 604
L2.loads = 420448, 352206, 335558, 401204
L2.loads-E = 577, 236, 344, 383
L2.loads-I = 162031, 125426, 102465, 153745
L2.loads-M = 89628, 100005, 119695, 80163
L2.loads-O = 0, 0, 0, 0
L2.loads-prefetch = 0, 0, 0, 0
L2.loads-S = 168212, 126539, 113054, 166913
L2.loads-u = 0, 0, 0, 0
L2.mshr-latency = 0, 0, 0, 0
L2.next_read.no-free-slots = 0, 0, 0, 0
L2.next_read.num-barriers = 0, 0, 0, 0
L2.next_read.num-requests = 0, 0, 0, 0
L2.next_read.requests-out-of-order = 0, 0, 0, 0
L2.next_read.requests-simultaneous = 0, 0, 0, 0
L2.next_read.total-barrier-delay = 0, 0, 0, 0
L2.next_read.total-delay = 0, 0, 0, 0
L2.prefetches = 0, 0, 0, 0
L2.qbs-query-latency = 0, 0, 0, 0
L2.snoop-latency = 0, 0, 0, 0
L2.store-misses = 36318, 35618, 38850, 35975
L2.store-misses-E = 472, 1134, 9985, 455
L2.store-misses-I = 10160, 12017, 14629, 9777
L2.store-misses-M = 0, 0, 0, 0
L2.store-misses-O = 0, 0, 0, 0
L2.store-misses-S = 25686, 22467, 14236, 25743
L2.store-misses-u = 0, 0, 0, 0
L2.store-overlapping-misses = 1122, 1008, 1192, 1067
L2.stores = 39759, 39846, 42037, 39951
L2.stores-E = 472, 1134, 9985, 455
L2.stores-I = 10160, 12017, 14629, 9777
L2.stores-M = 3441, 4228, 3187, 3976
L2.stores-O = 0, 0, 0, 0
L2.stores-prefetch = 0, 0, 0, 0
L2.stores-S = 25686, 22467, 14236, 25743
L2.stores-u = 0, 0, 0, 0
L2.total-latency = 0, 0, 0, 0
L3.access-mru-0 = 469237, 0, 0, 0
L3.access-mru-1 = 61310, 0, 0, 0
L3.access-mru-10 = 712, 0, 0, 0
L3.access-mru-11 = 109, 0, 0, 0
L3.access-mru-12 = 162, 0, 0, 0
L3.access-mru-13 = 179, 0, 0, 0
L3.access-mru-14 = 238, 0, 0, 0
L3.access-mru-15 = 359, 0, 0, 0
L3.access-mru-2 = 54754, 0, 0, 0
L3.access-mru-3 = 32851, 0, 0, 0
L3.access-mru-4 = 19949, 0, 0, 0
L3.access-mru-5 = 9418, 0, 0, 0
L3.access-mru-6 = 3183, 0, 0, 0
L3.access-mru-7 = 1164, 0, 0, 0
L3.access-mru-8 = 1143, 0, 0, 0
L3.access-mru-9 = 1566, 0, 0, 0
L3.backinval-E = 0, 0, 0, 0
L3.backinval-I = 0, 0, 0, 0
L3.backinval-M = 0, 0, 0, 0
L3.backinval-O = 0, 0, 0, 0
L3.backinval-S = 0, 0, 0, 0
L3.backinval-u = 0, 0, 0, 0
L3.coherency-downgrades = 0, 0, 0, 0
L3.coherency-invalidates = 0, 0, 0, 0
L3.coherency-upgrades = 0, 0, 0, 0
L3.coherency-writebacks = 0, 0, 0, 0
L3.evict-E = 0, 0, 0, 0
L3.evict-I = 0, 0, 0, 0
L3.evict-M = 39658, 0, 0, 0
L3.evict-O = 0, 0, 0, 0
L3.evict-prefetch = 0, 0, 0, 0
L3.evict-S = 0, 0, 0, 0
L3.evict-u = 0, 0, 0, 0
L3.evict-warmup = 39658, 0, 0, 0
L3.hits-prefetch = 0, 0, 0, 0
L3.hits-warmup = 744, 1736, 3337, 683
L3.invalidate-prefetch = 0, 0, 0, 0
L3.invalidate-warmup = 0, 0, 0, 0
L3.load-misses = 817, 1311, 10859, 626
L3.load-misses-E = 3, 2, 3, 1
L3.load-misses-I = 814, 1309, 10856, 625
L3.load-misses-M = 0, 0, 0, 0
L3.load-misses-O = 0, 0, 0, 0
L3.load-misses-S = 0, 0, 0, 0
L3.load-misses-u = 0, 0, 0, 0
L3.load-overlapping-misses = 1, 1, 2, 0
L3.loads = 166608, 128868, 108044, 158250
L3.loads-E = 5653, 4371, 4232, 5034
L3.loads-I = 814, 1309, 10856, 625
L3.loads-M = 160141, 123188, 92956, 152591
L3.loads-O = 0, 0, 0, 0
L3.loads-prefetch = 0, 0, 0, 0
L3.loads-S = 0, 0, 0, 0
L3.loads-u = 0, 0, 0, 0
L3.mshr-latency = 4618848901, 6884800076, 4002850800, 8151827249
L3.next_read.no-free-slots = 0, 0, 0, 0
L3.next_read.num-barriers = 0, 0, 0, 0
L3.next_read.num-requests = 0, 0, 0, 0
L3.next_read.requests-out-of-order = 0, 0, 0, 0
L3.next_read.requests-simultaneous = 0, 0, 0, 0
L3.next_read.total-barrier-delay = 0, 0, 0, 0
L3.next_read.total-delay = 0, 0, 0, 0
L3.prefetches = 0, 0, 0, 0
L3.qbs-query-latency = 0, 0, 0, 0
L3.snoop-latency = 2721290842350, 2175352226550, 1265749019100, 2684486414250
L3.store-misses = 6953, 8676, 16466, 6720
L3.store-misses-E = 492, 1157, 10305, 477
L3.store-misses-I = 6407, 7453, 6115, 6174
L3.store-misses-M = 54, 66, 46, 69
L3.store-misses-O = 0, 0, 0, 0
L3.store-misses-S = 0, 0, 0, 0
L3.store-misses-u = 0, 0, 0, 0
L3.store-overlapping-misses = 317, 657, 3955, 335
L3.stores = 36318, 35618, 38850, 35975
L3.stores-E = 492, 1157, 10305, 477
L3.stores-I = 6407, 7453, 6115, 6174
L3.stores-M = 29419, 27008, 22430, 29324
L3.stores-O = 0, 0, 0, 0
L3.stores-prefetch = 0, 0, 0, 0
L3.stores-S = 0, 0, 0, 0
L3.stores-u = 0, 0, 0, 0
L3.total-latency = 0, 0, 0, 0
L3.uncore-requests = 7198, 8733, 16953, 6774
L3.uncore-time-dram = 0, 0, 0, 0
L3.uncore-time-dram-bus = 60673928648, 73612867308, 142901516028, 57099915624
L3.uncore-time-dram-cache = 0, 0, 0, 0
L3.uncore-time-dram-cache-bus = 0, 0, 0, 0
L3.uncore-time-dram-cache-data = 0, 0, 0, 0
L3.uncore-time-dram-cache-queue = 0, 0, 0, 0
L3.uncore-time-dram-cache-tags = 0, 0, 0, 0
L3.uncore-time-dram-device = 323910000000, 392985000000, 762885000000, 304830000000
L3.uncore-time-dram-queue = 46030001881, 49907236970, 222602004725, 18674711157
L3.uncore-time-inv-imbalance = 0, 0, 0, 0
L3.uncore-time-noc-base = 0, 0, 0, 0
L3.uncore-time-noc-queue = 0, 0, 0, 0
L3.uncore-time-nuca-bus = 0, 0, 0, 0
L3.uncore-time-nuca-data = 0, 0, 0, 0
L3.uncore-time-nuca-queue = 0, 0, 0, 0
L3.uncore-time-nuca-tags = 0, 0, 0, 0
L3.uncore-time-pending-hit = 0, 0, 0, 0
L3.uncore-time-remote-cache-fwd = 0, 0, 0, 0
L3.uncore-time-remote-cache-inv = 0, 0, 0, 0
L3.uncore-time-remote-cache-wb = 0, 0, 0, 0
L3.uncore-time-td-access = 27060089220, 32830752870, 63732938670, 25466107860
L3.uncore-time-unknown = 0, 0, 0, 0
L3.uncore-totaltime = 457674019749, 549335857148, 1192121459423, 406070734641
ncores = 4
network.shmem-1.bus.num-bytes = 0, 0, 0, 0
network.shmem-1.bus.num-packets = 0, 0, 0, 0
network.shmem-1.bus.num-packets-delayed = 0, 0, 0, 0
network.shmem-1.bus.time-used = 0, 0, 0, 0
network.shmem-1.bus.total-delay = 0, 0, 0, 0
performance_model.cpiDTLBMiss = 0, 0, 0, 0
performance_model.cpiFastforwardTime = 0, 0, 0, 0
performance_model.cpiITLBMiss = 0, 0, 0, 0
performance_model.cpiRecv = 0, 0, 0, 0
performance_model.cpiStartTime = 0, 40644863875905, 40647341689854, 40647722892000
performance_model.cpiSyncDvfsTransition = 0, 0, 0, 0
performance_model.cpiSyncFutex = 5840485822370, 5894361638200, 11037542869467, 5865714336782
performance_model.cpiSyncJoin = 0, 0, 0, 0
performance_model.cpiSyncMemAccess = 0, 0, 0, 0
performance_model.cpiSyncPause = 0, 0, 0, 0
performance_model.cpiSyncPthreadBarrier = 0, 0, 0, 0
performance_model.cpiSyncPthreadCond = 0, 0, 0, 0
performance_model.cpiSyncPthreadMutex = 0, 0, 0, 0
performance_model.cpiSyncSleep = 0, 0, 0, 0
performance_model.cpiSyncSyscall = 0, 0, 0, 0
performance_model.cpiSyncUnscheduled = 0, 0, 0, 0
performance_model.cpiUnknown = 60902118, 0, 0, 0
performance_model.cycle_count = 486967086.036, 486967086.036, 486967086.036, 486967086.036
performance_model.dyninsn_cost = 0, 0, 0, 0
performance_model.dyninsn_count = 0, 0, 0, 0
performance_model.dyninsn_zero_count = 0, 0, 0, 0
performance_model.elapsed_time = 183070333096210, 183070333096210, 183070333096210, 183070333096210
performance_model.elapsed_time_begin = 40636132692630, 0, 0, 0
performance_model.elapsed_time_end = 223396716419036, 223395548750242, 223394442735444, 223396691231123
performance_model.idle_elapsed_time = 6150235192174, 6214009860073, 11360774920087, 6187079093869
performance_model.instruction_count = 270627040, 274089232, 259760941, 269975528
performance_model.nonidle_elapsed_time = 176920097904036, 176856323236137, 171709558176123, 176883254002341
power.BUSES.Area = 1.3377
power.BUSES.Bus/Area = 1.3377
power.BUSES.Bus/Gate Leakage = 0.00666015
power.BUSES.Bus/Peak Dynamic = 0.0
power.BUSES.Bus/Runtime Dynamic = 0.0
power.BUSES.Bus/Subthreshold Leakage = 0.0694515
power.BUSES.Bus/Subthreshold Leakage with power gating = 0.0260443
power.BUSES.Gate Leakage = 0.00666015
power.BUSES.Peak Dynamic = 0.0
power.BUSES.Runtime Dynamic = 0.0
power.BUSES.Subthreshold Leakage = 0.0694515
power.BUSES.Subthreshold Leakage with power gating = 0.0260443
power.Core = {'Instruction Fetch Unit/Subthreshold Leakage with power gating': 0.408542, 'Execution Unit/Register Files/Floating Point RF/Subthreshold Leakage': 0.00399698, 'Instruction Fetch Unit/Instruction Decoder/Runtime Dynamic': 0.190902, 'Load Store Unit/Data Cache/Subthreshold Leakage with power gating': 0.25085, 'Instruction Fetch Unit/Instruction Cache/Gate Leakage': 0.029931, 'Load Store Unit/Subthreshold Leakage with power gating': 0.283406, 'Execution Unit/Instruction Scheduler/Area': 2.17927, 'Execution Unit/Instruction Scheduler/Instruction Window/Subthreshold Leakage': 0.0800117, 'Execution Unit/Floating Point Units/Gate Leakage': 0.0656156, 'Subthreshold Leakage': 6.21877, 'Renaming Unit/Free List/Runtime Dynamic': 0.0136646, 'Execution Unit/Complex ALUs/Gate Leakage': 0.0132646, 'Memory Management Unit/Gate Leakage': 0.00813591, 'Execution Unit/Instruction Scheduler/Instruction Window/Runtime Dynamic': 0.377642, 'Instruction Fetch Unit/Branch Predictor/Chooser/Subthreshold Leakage': 0.00759719, 'Load Store Unit/LoadQ/Subthreshold Leakage with power gating': 0.00536918, 'Execution Unit/Instruction Scheduler/ROB/Subthreshold Leakage with power gating': 0.00897339, 'Instruction Fetch Unit/Instruction Buffer/Peak Dynamic': 0.606827, 'Execution Unit/Results Broadcast Bus/Subthreshold Leakage with power gating': 0.0345155, 'Instruction Fetch Unit/Instruction Decoder/Subthreshold Leakage': 0.442943, 'Execution Unit/Floating Point Units/Area': 4.6585, 'Execution Unit/Gate Leakage': 0.122718, 'L2/Area': 4.53318, 'Instruction Fetch Unit/Branch Predictor/L2_Local Predictor/Area': 0.0151917, 'Execution Unit/Register Files/Floating Point RF/Area': 0.208131, 'Execution Unit/Instruction Scheduler/Subthreshold Leakage': 0.114878, 'Load Store Unit/Data Cache/Runtime Dynamic': 0.799019, 'Instruction Fetch Unit/Branch Predictor/L2_Local Predictor/Subthreshold Leakage': 0.00181347, 'Memory Management Unit/Dtlb/Subthreshold Leakage': 0.0155699, 'Renaming Unit/FP Front End RAT/Peak Dynamic': 3.33511, 'Execution Unit/Runtime Dynamic': 2.31806, 'Instruction Fetch Unit/Branch Predictor/Global Predictor/Subthreshold Leakage with power gating': 0.0039236, 'Execution Unit/Instruction Scheduler/Instruction Window/Gate Leakage': 0.00529112, 'Renaming Unit/FP Front End RAT/Runtime Dynamic': 0.208842, 'Instruction Fetch Unit/Branch Predictor/Global Predictor/Area': 0.0435221, 'Execution Unit/Instruction Scheduler/FP Instruction Window/Runtime Dynamic': 0.218084, 'Renaming Unit/Peak Dynamic': 4.56169, 'Execution Unit/Integer ALUs/Subthreshold Leakage with power gating': 0.150833, 'L2/Peak Dynamic': 0.00480939, 'Execution Unit/Peak Dynamic': 5.75807, 'Runtime Dynamic': 4.32666, 'L2/Subthreshold Leakage with power gating': 0.401066, 'Execution Unit/Register Files/Integer RF/Area': 0.362673, 'Load Store Unit/StoreQ/Peak Dynamic': 0.132581, 'Instruction Fetch Unit/Branch Predictor/Global Predictor/Runtime Dynamic': 0.00193781, 'Gate Leakage': 0.372997, 'Subthreshold Leakage with power gating': 2.58311, 'Instruction Fetch Unit/Gate Leakage': 0.0590479, 'Execution Unit/Register Files/Runtime Dynamic': 0.0663732, 'Memory Management Unit/Dtlb/Gate Leakage': 0.00088729, 'Execution Unit/Register Files/Gate Leakage': 0.000622708, 'Load Store Unit/LoadQ/Peak Dynamic': 0.0537673, 'Instruction Fetch Unit/Branch Predictor/Chooser/Runtime Dynamic': 0.00193781, 'Load Store Unit/Data Cache/Peak Dynamic': 2.89905, 'Execution Unit/Results Broadcast Bus/Area Overhead': 0.0442632, 'Instruction Fetch Unit/Branch Predictor/L1_Local Predictor/Area': 0.0257064, 'Renaming Unit/Free List/Subthreshold Leakage with power gating': 0.000377987, 'Execution Unit/Instruction Scheduler/ROB/Runtime Dynamic': 0.242476, 'Execution Unit/Instruction Scheduler/FP Instruction Window/Subthreshold Leakage with power gating': 0.00962066, 'Instruction Fetch Unit/Branch Predictor/RAS/Subthreshold Leakage with power gating': 0.000494733, 'Instruction Fetch Unit/Branch Target Buffer/Subthreshold Leakage': 0.0811682, 'Load Store Unit/Runtime Dynamic': 1.11795, 'Execution Unit/Area': 8.2042, 'Execution Unit/Floating Point Units/Subthreshold Leakage with power gating': 0.373061, 'Load Store Unit/StoreQ/Gate Leakage': 0.00329971, 'Instruction Fetch Unit/Branch Predictor/L1_Local Predictor/Subthreshold Leakage': 0.00384344, 'Instruction Fetch Unit/Branch Predictor/L1_Local Predictor/Runtime Dynamic': 0.00175576, 'Renaming Unit/Int Front End RAT/Subthreshold Leakage': 0.00611897, 'Instruction Fetch Unit/Branch Predictor/RAS/Area': 0.0105732, 'Instruction Fetch Unit/Runtime Dynamic': 0.478135, 'Load Store Unit/LoadQ/Area': 0.0836782, 'Load Store Unit/StoreQ/Area': 0.322079, 'Instruction Fetch Unit/Branch Target Buffer/Area': 0.64954, 'Execution Unit/Instruction Scheduler/FP Instruction Window/Gate Leakage': 0.00115349, 'Peak Dynamic': 19.9106, 'Renaming Unit/Runtime Dynamic': 0.330252, 'Execution Unit/Register Files/Floating Point RF/Peak Dynamic': 0.059861, 'Load Store Unit/StoreQ/Runtime Dynamic': 0.265162, 'Memory Management Unit/Itlb/Subthreshold Leakage': 0.0413758, 'Execution Unit/Instruction Scheduler/Subthreshold Leakage with power gating': 0.0641291, 'Memory Management Unit/Subthreshold Leakage': 0.0769113, 'Instruction Fetch Unit/Instruction Cache/Area': 3.14635, 'Execution Unit/Instruction Scheduler/Gate Leakage': 0.00730101, 'Execution Unit/Register Files/Area': 0.570804, 'Execution Unit/Floating Point Units/Peak Dynamic': 0.316857, 'Execution Unit/Instruction Scheduler/FP Instruction Window/Subthreshold Leakage': 0.017004, 'Load Store Unit/StoreQ/Subthreshold Leakage': 0.0345621, 'Renaming Unit/Gate Leakage': 0.00863632, 'Instruction Fetch Unit/Branch Predictor/Chooser/Peak Dynamic': 0.0168831, 'Renaming Unit/Int Front End RAT/Gate Leakage': 0.00038343, 'Execution Unit/Register Files/Integer RF/Subthreshold Leakage': 0.00614175, 'Renaming Unit/Free List/Subthreshold Leakage': 0.000670426, 'Memory Management Unit/Itlb/Runtime Dynamic': 0.0341513, 'Execution Unit/Complex ALUs/Peak Dynamic': 0.0582826, 'Execution Unit/Integer ALUs/Peak Dynamic': 0.166987, 'Memory Management Unit/Runtime Dynamic': 0.0812762, 'Instruction Fetch Unit/Instruction Decoder/Subthreshold Leakage with power gating': 0.166104, 'Memory Management Unit/Dtlb/Runtime Dynamic': 0.0471249, 'Execution Unit/Instruction Scheduler/ROB/Subthreshold Leakage': 0.0178624, 'Instruction Fetch Unit/Branch Predictor/Global Predictor/Gate Leakage': 0.000278362, 'Renaming Unit/FP Front End RAT/Subthreshold Leakage': 0.0437281, 'Instruction Fetch Unit/Instruction Buffer/Gate Leakage': 6.83558e-05, 'Execution Unit/Subthreshold Leakage': 1.83518, 'Execution Unit/Complex ALUs/Subthreshold Leakage': 0.20111, 'Instruction Fetch Unit/Branch Predictor/Gate Leakage': 0.000757657, 'Instruction Fetch Unit/Branch Predictor/RAS/Peak Dynamic': 0.0117602, 'Instruction Fetch Unit/Branch Predictor/L2_Local Predictor/Subthreshold Leakage with power gating': 0.000957045, 'Execution Unit/Results Broadcast Bus/Gate Leakage': 0.00607074, 'Instruction Fetch Unit/Peak Dynamic': 5.96989, 'Instruction Fetch Unit/Branch Predictor/L2_Local Predictor/Runtime Dynamic': 0.000716834, 'Execution Unit/Integer ALUs/Area': 0.47087, 'Execution Unit/Instruction Scheduler/ROB/Area': 0.841232, 'Instruction Fetch Unit/Instruction Cache/Subthreshold Leakage': 0.367022, 'Load Store Unit/LoadQ/Subthreshold Leakage': 0.00941961, 'Instruction Fetch Unit/Branch Predictor/Area': 0.138516, 'Instruction Fetch Unit/Branch Predictor/Global Predictor/Subthreshold Leakage': 0.00759719, 'Renaming Unit/Free List/Peak Dynamic': 0.0401324, 'Renaming Unit/Int Front End RAT/Area': 0.114751, 'Execution Unit/Instruction Scheduler/Instruction Window/Peak Dynamic': 2.07911, 'Execution Unit/Register Files/Floating Point RF/Gate Leakage': 0.000232788, 'Renaming Unit/Int Front End RAT/Runtime Dynamic': 0.107745, 'Load Store Unit/Subthreshold Leakage': 0.591622, 'Memory Management Unit/Dtlb/Peak Dynamic': 0.0470535, 'Execution Unit/Register Files/Subthreshold Leakage with power gating': 0.00423643, 'Instruction Fetch Unit/Branch Target Buffer/Runtime Dynamic': 0.0161526, 'Instruction Fetch Unit/Branch Predictor/RAS/Gate Leakage': 4.63858e-05, 'Renaming Unit/Int Front End RAT/Subthreshold Leakage with power gating': 0.00348781, 'Memory Management Unit/Itlb/Gate Leakage': 0.00393464, 'Execution Unit/Instruction Scheduler/FP Instruction Window/Area': 0.328073, 'Load Store Unit/Data Cache/Area': 6.84535, 'Execution Unit/Instruction Scheduler/ROB/Gate Leakage': 0.000856399, 'Instruction Fetch Unit/Branch Predictor/L1_Local Predictor/Subthreshold Leakage with power gating': 0.00198631, 'Instruction Fetch Unit/Branch Predictor/L2_Local Predictor/Gate Leakage': 8.00196e-05, 'Execution Unit/Integer ALUs/Gate Leakage': 0.0265291, 'Instruction Fetch Unit/Branch Predictor/RAS/Runtime Dynamic': 0.00083989, 'Memory Management Unit/Itlb/Peak Dynamic': 0.222293, 'Load Store Unit/Gate Leakage': 0.0351387, 'Instruction Fetch Unit/Branch Target Buffer/Subthreshold Leakage with power gating': 0.0435357, 'Execution Unit/Complex ALUs/Area': 0.235435, 'Instruction Fetch Unit/Branch Predictor/Chooser/Subthreshold Leakage with power gating': 0.0039236, 'Execution Unit/Instruction Scheduler/FP Instruction Window/Peak Dynamic': 1.20978, 'Execution Unit/Register Files/Integer RF/Subthreshold Leakage with power gating': 0.00246675, 'Instruction Fetch Unit/Branch Target Buffer/Gate Leakage': 0.00272758, 'Renaming Unit/FP Front End RAT/Area': 0.168486, 'Renaming Unit/FP Front End RAT/Subthreshold Leakage with power gating': 0.024925, 'L2/Subthreshold Leakage': 0.834142, 'Load Store Unit/Data Cache/Subthreshold Leakage': 0.527675, 'Renaming Unit/Int Front End RAT/Peak Dynamic': 0.86945, 'Execution Unit/Integer ALUs/Subthreshold Leakage': 0.40222, 'Instruction Fetch Unit/Branch Predictor/L2_Local Predictor/Peak Dynamic': 0.00527447, 'Instruction Fetch Unit/Branch Predictor/RAS/Subthreshold Leakage': 0.000932505, 'Instruction Fetch Unit/Instruction Buffer/Area': 0.0226323, 'Instruction Fetch Unit/Instruction Cache/Subthreshold Leakage with power gating': 0.180386, 'Memory Management Unit/Dtlb/Area': 0.0879726, 'Instruction Fetch Unit/Instruction Decoder/Area': 1.85799, 'Execution Unit/Register Files/Peak Dynamic': 0.138763, 'Execution Unit/Instruction Scheduler/Peak Dynamic': 4.84781, 'Load Store Unit/LoadQ/Gate Leakage': 0.00059896, 'Instruction Fetch Unit/Area': 5.86007, 'Execution Unit/Complex ALUs/Subthreshold Leakage with power gating': 0.0754163, 'Execution Unit/Floating Point Units/Runtime Dynamic': 0.443423, 'Renaming Unit/FP Front End RAT/Gate Leakage': 0.00489731, 'Instruction Fetch Unit/Instruction Cache/Runtime Dynamic': 0.208403, 'Memory Management Unit/Itlb/Subthreshold Leakage with power gating': 0.0235842, 'Memory Management Unit/Area': 0.434579, 'Instruction Fetch Unit/Instruction Buffer/Subthreshold Leakage with power gating': 0.000701682, 'Execution Unit/Instruction Scheduler/Instruction Window/Subthreshold Leakage with power gating': 0.0455351, 'Renaming Unit/Area': 0.369768, 'Memory Management Unit/Subthreshold Leakage with power gating': 0.0399462, 'Instruction Fetch Unit/Branch Predictor/Subthreshold Leakage with power gating': 0.0103282, 'Instruction Fetch Unit/Instruction Buffer/Subthreshold Leakage': 0.00151885, 'Instruction Fetch Unit/Branch Predictor/Runtime Dynamic': 0.00647127, 'Instruction Fetch Unit/Branch Predictor/Chooser/Gate Leakage': 0.000278362, 'Execution Unit/Instruction Scheduler/Runtime Dynamic': 0.838201, 'Area': 32.6082, 'Memory Management Unit/Peak Dynamic': 0.462138, 'L2/Runtime Dynamic': 0.000991214, 'Execution Unit/Register Files/Floating Point RF/Subthreshold Leakage with power gating': 0.00176968, 'Execution Unit/Floating Point Units/Subthreshold Leakage': 0.994829, 'Instruction Fetch Unit/Branch Predictor/L1_Local Predictor/Peak Dynamic': 0.0142575, 'Execution Unit/Complex ALUs/Runtime Dynamic': 0.248466, 'Instruction Fetch Unit/Instruction Decoder/Gate Leakage': 0.0222493, 'Instruction Fetch Unit/Branch Predictor/Subthreshold Leakage': 0.0199703, 'Execution Unit/Register Files/Integer RF/Runtime Dynamic': 0.0584675, 'Execution Unit/Results Broadcast Bus/Subthreshold Leakage': 0.0920413, 'Load Store Unit/Area': 8.80969, 'Renaming Unit/Subthreshold Leakage': 0.070483, 'Execution Unit/Results Broadcast Bus/Peak Dynamic': 0.206627, 'Load Store Unit/Peak Dynamic': 3.15398, 'Instruction Fetch Unit/Subthreshold Leakage': 0.932587, 'Execution Unit/Instruction Scheduler/ROB/Peak Dynamic': 1.55892, 'Execution Unit/Integer ALUs/Runtime Dynamic': 0.252012, 'Execution Unit/Subthreshold Leakage with power gating': 0.709678, 'Instruction Fetch Unit/Branch Predictor/Global Predictor/Peak Dynamic': 0.0168831, 'Instruction Fetch Unit/Instruction Buffer/Runtime Dynamic': 0.0562063, 'Memory Management Unit/Dtlb/Subthreshold Leakage with power gating': 0.00887485, 'Load Store Unit/Data Cache/Gate Leakage': 0.0279261, 'Renaming Unit/Free List/Area': 0.0414755, 'Load Store Unit/StoreQ/Subthreshold Leakage with power gating': 0.0197004, 'Execution Unit/Results Broadcast Bus/Runtime Dynamic': 0.469582, 'Execution Unit/Register Files/Subthreshold Leakage': 0.0101387, 'Execution Unit/Register Files/Integer RF/Peak Dynamic': 0.0789021, 'Load Store Unit/LoadQ/Runtime Dynamic': 0.0537674, 'Instruction Fetch Unit/Branch Target Buffer/Peak Dynamic': 0.177867, 'Instruction Fetch Unit/Instruction Cache/Peak Dynamic': 3.5752, 'Instruction Fetch Unit/Instruction Decoder/Peak Dynamic': 1.37404, 'Execution Unit/Register Files/Floating Point RF/Runtime Dynamic': 0.0079057, 'Renaming Unit/Subthreshold Leakage with power gating': 0.0362779, 'Execution Unit/Instruction Scheduler/Instruction Window/Area': 1.00996, 'Instruction Fetch Unit/Branch Predictor/Chooser/Area': 0.0435221, 'Memory Management Unit/Itlb/Area': 0.301552, 'Instruction Fetch Unit/Branch Predictor/L1_Local Predictor/Gate Leakage': 0.000154548, 'Instruction Fetch Unit/Branch Predictor/Peak Dynamic': 0.0597838, 'Execution Unit/Register Files/Integer RF/Gate Leakage': 0.00038992, 'Renaming Unit/Free List/Gate Leakage': 4.15911e-05, 'L2/Gate Leakage': 0.015464}, {'Instruction Fetch Unit/Subthreshold Leakage with power gating': 0.408542, 'Execution Unit/Register Files/Floating Point RF/Subthreshold Leakage': 0.00399698, 'Instruction Fetch Unit/Instruction Decoder/Runtime Dynamic': 0.193344, 'Load Store Unit/Data Cache/Subthreshold Leakage with power gating': 0.25085, 'Instruction Fetch Unit/Instruction Cache/Gate Leakage': 0.029931, 'Load Store Unit/Subthreshold Leakage with power gating': 0.283406, 'Execution Unit/Instruction Scheduler/Area': 2.17927, 'Execution Unit/Instruction Scheduler/Instruction Window/Subthreshold Leakage': 0.0800117, 'Execution Unit/Floating Point Units/Gate Leakage': 0.0656156, 'Subthreshold Leakage': 6.21877, 'Renaming Unit/Free List/Runtime Dynamic': 0.0138633, 'Execution Unit/Complex ALUs/Gate Leakage': 0.0132646, 'Memory Management Unit/Gate Leakage': 0.00813591, 'Execution Unit/Instruction Scheduler/Instruction Window/Runtime Dynamic': 0.382473, 'Instruction Fetch Unit/Branch Predictor/Chooser/Subthreshold Leakage': 0.00759719, 'Load Store Unit/LoadQ/Subthreshold Leakage with power gating': 0.00536918, 'Execution Unit/Instruction Scheduler/ROB/Subthreshold Leakage with power gating': 0.00897339, 'Instruction Fetch Unit/Instruction Buffer/Peak Dynamic': 0.606827, 'Execution Unit/Results Broadcast Bus/Subthreshold Leakage with power gating': 0.0345155, 'Instruction Fetch Unit/Instruction Decoder/Subthreshold Leakage': 0.442943, 'Execution Unit/Floating Point Units/Area': 4.6585, 'Execution Unit/Gate Leakage': 0.122718, 'L2/Area': 4.53318, 'Instruction Fetch Unit/Branch Predictor/L2_Local Predictor/Area': 0.0151917, 'Execution Unit/Register Files/Floating Point RF/Area': 0.208131, 'Execution Unit/Instruction Scheduler/Subthreshold Leakage': 0.114878, 'Load Store Unit/Data Cache/Runtime Dynamic': 0.817582, 'Instruction Fetch Unit/Branch Predictor/L2_Local Predictor/Subthreshold Leakage': 0.00181347, 'Memory Management Unit/Dtlb/Subthreshold Leakage': 0.0155699, 'Renaming Unit/FP Front End RAT/Peak Dynamic': 3.33511, 'Execution Unit/Runtime Dynamic': 2.34389, 'Instruction Fetch Unit/Branch Predictor/Global Predictor/Subthreshold Leakage with power gating': 0.0039236, 'Execution Unit/Instruction Scheduler/Instruction Window/Gate Leakage': 0.00529112, 'Renaming Unit/FP Front End RAT/Runtime Dynamic': 0.213496, 'Instruction Fetch Unit/Branch Predictor/Global Predictor/Area': 0.0435221, 'Execution Unit/Instruction Scheduler/FP Instruction Window/Runtime Dynamic': 0.220874, 'Renaming Unit/Peak Dynamic': 4.56169, 'Execution Unit/Integer ALUs/Subthreshold Leakage with power gating': 0.150833, 'L2/Peak Dynamic': 0.00409689, 'Execution Unit/Peak Dynamic': 5.77398, 'Runtime Dynamic': 4.39335, 'L2/Subthreshold Leakage with power gating': 0.401066, 'Execution Unit/Register Files/Integer RF/Area': 0.362673, 'Load Store Unit/StoreQ/Peak Dynamic': 0.135665, 'Instruction Fetch Unit/Branch Predictor/Global Predictor/Runtime Dynamic': 0.00194353, 'Gate Leakage': 0.372997, 'Subthreshold Leakage with power gating': 2.58311, 'Instruction Fetch Unit/Gate Leakage': 0.0590479, 'Execution Unit/Register Files/Runtime Dynamic': 0.0672223, 'Memory Management Unit/Dtlb/Gate Leakage': 0.00088729, 'Execution Unit/Register Files/Gate Leakage': 0.000622708, 'Load Store Unit/LoadQ/Peak Dynamic': 0.0550181, 'Instruction Fetch Unit/Branch Predictor/Chooser/Runtime Dynamic': 0.00194353, 'Load Store Unit/Data Cache/Peak Dynamic': 2.93771, 'Execution Unit/Results Broadcast Bus/Area Overhead': 0.0442632, 'Instruction Fetch Unit/Branch Predictor/L1_Local Predictor/Area': 0.0257064, 'Renaming Unit/Free List/Subthreshold Leakage with power gating': 0.000377987, 'Execution Unit/Instruction Scheduler/ROB/Runtime Dynamic': 0.245892, 'Execution Unit/Instruction Scheduler/FP Instruction Window/Subthreshold Leakage with power gating': 0.00962066, 'Instruction Fetch Unit/Branch Predictor/RAS/Subthreshold Leakage with power gating': 0.000494733, 'Instruction Fetch Unit/Branch Target Buffer/Subthreshold Leakage': 0.0811682, 'Load Store Unit/Runtime Dynamic': 1.14393, 'Execution Unit/Area': 8.2042, 'Execution Unit/Floating Point Units/Subthreshold Leakage with power gating': 0.373061, 'Load Store Unit/StoreQ/Gate Leakage': 0.00329971, 'Instruction Fetch Unit/Branch Predictor/L1_Local Predictor/Subthreshold Leakage': 0.00384344, 'Instruction Fetch Unit/Branch Predictor/L1_Local Predictor/Runtime Dynamic': 0.00176016, 'Renaming Unit/Int Front End RAT/Subthreshold Leakage': 0.00611897, 'Instruction Fetch Unit/Branch Predictor/RAS/Area': 0.0105732, 'Instruction Fetch Unit/Runtime Dynamic': 0.485182, 'Load Store Unit/LoadQ/Area': 0.0836782, 'Load Store Unit/StoreQ/Area': 0.322079, 'Instruction Fetch Unit/Branch Target Buffer/Area': 0.64954, 'Execution Unit/Instruction Scheduler/FP Instruction Window/Gate Leakage': 0.00115349, 'Peak Dynamic': 20.0231, 'Renaming Unit/Runtime Dynamic': 0.336455, 'Execution Unit/Register Files/Floating Point RF/Peak Dynamic': 0.0611951, 'Load Store Unit/StoreQ/Runtime Dynamic': 0.27133, 'Memory Management Unit/Itlb/Subthreshold Leakage': 0.0413758, 'Execution Unit/Instruction Scheduler/Subthreshold Leakage with power gating': 0.0641291, 'Memory Management Unit/Subthreshold Leakage': 0.0769113, 'Instruction Fetch Unit/Instruction Cache/Area': 3.14635, 'Execution Unit/Instruction Scheduler/Gate Leakage': 0.00730101, 'Execution Unit/Register Files/Area': 0.570804, 'Execution Unit/Floating Point Units/Peak Dynamic': 0.323918, 'Execution Unit/Instruction Scheduler/FP Instruction Window/Subthreshold Leakage': 0.017004, 'Load Store Unit/StoreQ/Subthreshold Leakage': 0.0345621, 'Renaming Unit/Gate Leakage': 0.00863632, 'Instruction Fetch Unit/Branch Predictor/Chooser/Peak Dynamic': 0.0168831, 'Renaming Unit/Int Front End RAT/Gate Leakage': 0.00038343, 'Execution Unit/Register Files/Integer RF/Subthreshold Leakage': 0.00614175, 'Renaming Unit/Free List/Subthreshold Leakage': 0.000670426, 'Memory Management Unit/Itlb/Runtime Dynamic': 0.0347748, 'Execution Unit/Complex ALUs/Peak Dynamic': 0.0595211, 'Execution Unit/Integer ALUs/Peak Dynamic': 0.168663, 'Memory Management Unit/Runtime Dynamic': 0.0829837, 'Instruction Fetch Unit/Instruction Decoder/Subthreshold Leakage with power gating': 0.166104, 'Memory Management Unit/Dtlb/Runtime Dynamic': 0.0482088, 'Execution Unit/Instruction Scheduler/ROB/Subthreshold Leakage': 0.0178624, 'Instruction Fetch Unit/Branch Predictor/Global Predictor/Gate Leakage': 0.000278362, 'Renaming Unit/FP Front End RAT/Subthreshold Leakage': 0.0437281, 'Instruction Fetch Unit/Instruction Buffer/Gate Leakage': 6.83558e-05, 'Execution Unit/Subthreshold Leakage': 1.83518, 'Execution Unit/Complex ALUs/Subthreshold Leakage': 0.20111, 'Instruction Fetch Unit/Branch Predictor/Gate Leakage': 0.000757657, 'Instruction Fetch Unit/Branch Predictor/RAS/Peak Dynamic': 0.0117602, 'Instruction Fetch Unit/Branch Predictor/L2_Local Predictor/Subthreshold Leakage with power gating': 0.000957045, 'Execution Unit/Results Broadcast Bus/Gate Leakage': 0.00607074, 'Instruction Fetch Unit/Peak Dynamic': 6.01788, 'Instruction Fetch Unit/Branch Predictor/L2_Local Predictor/Runtime Dynamic': 0.000718222, 'Execution Unit/Integer ALUs/Area': 0.47087, 'Execution Unit/Instruction Scheduler/ROB/Area': 0.841232, 'Instruction Fetch Unit/Instruction Cache/Subthreshold Leakage': 0.367022, 'Load Store Unit/LoadQ/Subthreshold Leakage': 0.00941961, 'Instruction Fetch Unit/Branch Predictor/Area': 0.138516, 'Instruction Fetch Unit/Branch Predictor/Global Predictor/Subthreshold Leakage': 0.00759719, 'Renaming Unit/Free List/Peak Dynamic': 0.0401324, 'Renaming Unit/Int Front End RAT/Area': 0.114751, 'Execution Unit/Instruction Scheduler/Instruction Window/Peak Dynamic': 2.07911, 'Execution Unit/Register Files/Floating Point RF/Gate Leakage': 0.000232788, 'Renaming Unit/Int Front End RAT/Runtime Dynamic': 0.109096, 'Load Store Unit/Subthreshold Leakage': 0.591622, 'Memory Management Unit/Dtlb/Peak Dynamic': 0.048148, 'Execution Unit/Register Files/Subthreshold Leakage with power gating': 0.00423643, 'Instruction Fetch Unit/Branch Target Buffer/Runtime Dynamic': 0.0162282, 'Instruction Fetch Unit/Branch Predictor/RAS/Gate Leakage': 4.63858e-05, 'Renaming Unit/Int Front End RAT/Subthreshold Leakage with power gating': 0.00348781, 'Memory Management Unit/Itlb/Gate Leakage': 0.00393464, 'Execution Unit/Instruction Scheduler/FP Instruction Window/Area': 0.328073, 'Load Store Unit/Data Cache/Area': 6.84535, 'Execution Unit/Instruction Scheduler/ROB/Gate Leakage': 0.000856399, 'Instruction Fetch Unit/Branch Predictor/L1_Local Predictor/Subthreshold Leakage with power gating': 0.00198631, 'Instruction Fetch Unit/Branch Predictor/L2_Local Predictor/Gate Leakage': 8.00196e-05, 'Execution Unit/Integer ALUs/Gate Leakage': 0.0265291, 'Instruction Fetch Unit/Branch Predictor/RAS/Runtime Dynamic': 0.000850635, 'Memory Management Unit/Itlb/Peak Dynamic': 0.225137, 'Load Store Unit/Gate Leakage': 0.0351387, 'Instruction Fetch Unit/Branch Target Buffer/Subthreshold Leakage with power gating': 0.0435357, 'Execution Unit/Complex ALUs/Area': 0.235435, 'Instruction Fetch Unit/Branch Predictor/Chooser/Subthreshold Leakage with power gating': 0.0039236, 'Execution Unit/Instruction Scheduler/FP Instruction Window/Peak Dynamic': 1.20978, 'Execution Unit/Register Files/Integer RF/Subthreshold Leakage with power gating': 0.00246675, 'Instruction Fetch Unit/Branch Target Buffer/Gate Leakage': 0.00272758, 'Renaming Unit/FP Front End RAT/Area': 0.168486, 'Renaming Unit/FP Front End RAT/Subthreshold Leakage with power gating': 0.024925, 'L2/Subthreshold Leakage': 0.834142, 'Load Store Unit/Data Cache/Subthreshold Leakage': 0.527675, 'Renaming Unit/Int Front End RAT/Peak Dynamic': 0.86945, 'Execution Unit/Integer ALUs/Subthreshold Leakage': 0.40222, 'Instruction Fetch Unit/Branch Predictor/L2_Local Predictor/Peak Dynamic': 0.00527447, 'Instruction Fetch Unit/Branch Predictor/RAS/Subthreshold Leakage': 0.000932505, 'Instruction Fetch Unit/Instruction Buffer/Area': 0.0226323, 'Instruction Fetch Unit/Instruction Cache/Subthreshold Leakage with power gating': 0.180386, 'Memory Management Unit/Dtlb/Area': 0.0879726, 'Instruction Fetch Unit/Instruction Decoder/Area': 1.85799, 'Execution Unit/Register Files/Peak Dynamic': 0.141277, 'Execution Unit/Instruction Scheduler/Peak Dynamic': 4.84781, 'Load Store Unit/LoadQ/Gate Leakage': 0.00059896, 'Instruction Fetch Unit/Area': 5.86007, 'Execution Unit/Complex ALUs/Subthreshold Leakage with power gating': 0.0754163, 'Execution Unit/Floating Point Units/Runtime Dynamic': 0.446529, 'Renaming Unit/FP Front End RAT/Gate Leakage': 0.00489731, 'Instruction Fetch Unit/Instruction Cache/Runtime Dynamic': 0.212187, 'Memory Management Unit/Itlb/Subthreshold Leakage with power gating': 0.0235842, 'Memory Management Unit/Area': 0.434579, 'Instruction Fetch Unit/Instruction Buffer/Subthreshold Leakage with power gating': 0.000701682, 'Execution Unit/Instruction Scheduler/Instruction Window/Subthreshold Leakage with power gating': 0.0455351, 'Renaming Unit/Area': 0.369768, 'Memory Management Unit/Subthreshold Leakage with power gating': 0.0399462, 'Instruction Fetch Unit/Branch Predictor/Subthreshold Leakage with power gating': 0.0103282, 'Instruction Fetch Unit/Instruction Buffer/Subthreshold Leakage': 0.00151885, 'Instruction Fetch Unit/Branch Predictor/Runtime Dynamic': 0.00649786, 'Instruction Fetch Unit/Branch Predictor/Chooser/Gate Leakage': 0.000278362, 'Execution Unit/Instruction Scheduler/Runtime Dynamic': 0.849239, 'Area': 32.6082, 'Memory Management Unit/Peak Dynamic': 0.466874, 'L2/Runtime Dynamic': 0.000916512, 'Execution Unit/Register Files/Floating Point RF/Subthreshold Leakage with power gating': 0.00176968, 'Execution Unit/Floating Point Units/Subthreshold Leakage': 0.994829, 'Instruction Fetch Unit/Branch Predictor/L1_Local Predictor/Peak Dynamic': 0.0142575, 'Execution Unit/Complex ALUs/Runtime Dynamic': 0.249439, 'Instruction Fetch Unit/Instruction Decoder/Gate Leakage': 0.0222493, 'Instruction Fetch Unit/Branch Predictor/Subthreshold Leakage': 0.0199703, 'Execution Unit/Register Files/Integer RF/Runtime Dynamic': 0.0592155, 'Execution Unit/Results Broadcast Bus/Subthreshold Leakage': 0.0920413, 'Load Store Unit/Area': 8.80969, 'Renaming Unit/Subthreshold Leakage': 0.070483, 'Execution Unit/Results Broadcast Bus/Peak Dynamic': 0.209818, 'Load Store Unit/Peak Dynamic': 3.19857, 'Instruction Fetch Unit/Subthreshold Leakage': 0.932587, 'Execution Unit/Instruction Scheduler/ROB/Peak Dynamic': 1.55892, 'Execution Unit/Integer ALUs/Runtime Dynamic': 0.254072, 'Execution Unit/Subthreshold Leakage with power gating': 0.709678, 'Instruction Fetch Unit/Branch Predictor/Global Predictor/Peak Dynamic': 0.0168831, 'Instruction Fetch Unit/Instruction Buffer/Runtime Dynamic': 0.0569254, 'Memory Management Unit/Dtlb/Subthreshold Leakage with power gating': 0.00887485, 'Load Store Unit/Data Cache/Gate Leakage': 0.0279261, 'Renaming Unit/Free List/Area': 0.0414755, 'Load Store Unit/StoreQ/Subthreshold Leakage with power gating': 0.0197004, 'Execution Unit/Results Broadcast Bus/Runtime Dynamic': 0.477385, 'Execution Unit/Register Files/Subthreshold Leakage': 0.0101387, 'Execution Unit/Register Files/Integer RF/Peak Dynamic': 0.0800821, 'Load Store Unit/LoadQ/Runtime Dynamic': 0.055018, 'Instruction Fetch Unit/Branch Target Buffer/Peak Dynamic': 0.177867, 'Instruction Fetch Unit/Instruction Cache/Peak Dynamic': 3.62094, 'Instruction Fetch Unit/Instruction Decoder/Peak Dynamic': 1.37404, 'Execution Unit/Register Files/Floating Point RF/Runtime Dynamic': 0.00800684, 'Renaming Unit/Subthreshold Leakage with power gating': 0.0362779, 'Execution Unit/Instruction Scheduler/Instruction Window/Area': 1.00996, 'Instruction Fetch Unit/Branch Predictor/Chooser/Area': 0.0435221, 'Memory Management Unit/Itlb/Area': 0.301552, 'Instruction Fetch Unit/Branch Predictor/L1_Local Predictor/Gate Leakage': 0.000154548, 'Instruction Fetch Unit/Branch Predictor/Peak Dynamic': 0.0597838, 'Execution Unit/Register Files/Integer RF/Gate Leakage': 0.00038992, 'Renaming Unit/Free List/Gate Leakage': 4.15911e-05, 'L2/Gate Leakage': 0.015464}, {'Instruction Fetch Unit/Subthreshold Leakage with power gating': 0.408542, 'Execution Unit/Register Files/Floating Point RF/Subthreshold Leakage': 0.00399698, 'Instruction Fetch Unit/Instruction Decoder/Runtime Dynamic': 0.183237, 'Load Store Unit/Data Cache/Subthreshold Leakage with power gating': 0.25085, 'Instruction Fetch Unit/Instruction Cache/Gate Leakage': 0.029931, 'Load Store Unit/Subthreshold Leakage with power gating': 0.283406, 'Execution Unit/Instruction Scheduler/Area': 2.17927, 'Execution Unit/Instruction Scheduler/Instruction Window/Subthreshold Leakage': 0.0800117, 'Execution Unit/Floating Point Units/Gate Leakage': 0.0656156, 'Subthreshold Leakage': 6.21877, 'Renaming Unit/Free List/Runtime Dynamic': 0.0129343, 'Execution Unit/Complex ALUs/Gate Leakage': 0.0132646, 'Memory Management Unit/Gate Leakage': 0.00813591, 'Execution Unit/Instruction Scheduler/Instruction Window/Runtime Dynamic': 0.362479, 'Instruction Fetch Unit/Branch Predictor/Chooser/Subthreshold Leakage': 0.00759719, 'Load Store Unit/LoadQ/Subthreshold Leakage with power gating': 0.00536918, 'Execution Unit/Instruction Scheduler/ROB/Subthreshold Leakage with power gating': 0.00897339, 'Instruction Fetch Unit/Instruction Buffer/Peak Dynamic': 0.606827, 'Execution Unit/Results Broadcast Bus/Subthreshold Leakage with power gating': 0.0345155, 'Instruction Fetch Unit/Instruction Decoder/Subthreshold Leakage': 0.442943, 'Execution Unit/Floating Point Units/Area': 4.6585, 'Execution Unit/Gate Leakage': 0.122718, 'L2/Area': 4.53318, 'Instruction Fetch Unit/Branch Predictor/L2_Local Predictor/Area': 0.0151917, 'Execution Unit/Register Files/Floating Point RF/Area': 0.208131, 'Execution Unit/Instruction Scheduler/Subthreshold Leakage': 0.114878, 'Load Store Unit/Data Cache/Runtime Dynamic': 0.757152, 'Instruction Fetch Unit/Branch Predictor/L2_Local Predictor/Subthreshold Leakage': 0.00181347, 'Memory Management Unit/Dtlb/Subthreshold Leakage': 0.0155699, 'Renaming Unit/FP Front End RAT/Peak Dynamic': 3.33511, 'Execution Unit/Runtime Dynamic': 2.2183, 'Instruction Fetch Unit/Branch Predictor/Global Predictor/Subthreshold Leakage with power gating': 0.0039236, 'Execution Unit/Instruction Scheduler/Instruction Window/Gate Leakage': 0.00529112, 'Renaming Unit/FP Front End RAT/Runtime Dynamic': 0.185359, 'Instruction Fetch Unit/Branch Predictor/Global Predictor/Area': 0.0435221, 'Execution Unit/Instruction Scheduler/FP Instruction Window/Runtime Dynamic': 0.209327, 'Renaming Unit/Peak Dynamic': 4.56169, 'Execution Unit/Integer ALUs/Subthreshold Leakage with power gating': 0.150833, 'L2/Peak Dynamic': 0.00394421, 'Execution Unit/Peak Dynamic': 5.67881, 'Runtime Dynamic': 4.13412, 'L2/Subthreshold Leakage with power gating': 0.401066, 'Execution Unit/Register Files/Integer RF/Area': 0.362673, 'Load Store Unit/StoreQ/Peak Dynamic': 0.12562, 'Instruction Fetch Unit/Branch Predictor/Global Predictor/Runtime Dynamic': 0.00194929, 'Gate Leakage': 0.372997, 'Subthreshold Leakage with power gating': 2.58311, 'Instruction Fetch Unit/Gate Leakage': 0.0590479, 'Execution Unit/Register Files/Runtime Dynamic': 0.0637082, 'Memory Management Unit/Dtlb/Gate Leakage': 0.00088729, 'Execution Unit/Register Files/Gate Leakage': 0.000622708, 'Load Store Unit/LoadQ/Peak Dynamic': 0.0509443, 'Instruction Fetch Unit/Branch Predictor/Chooser/Runtime Dynamic': 0.00194929, 'Load Store Unit/Data Cache/Peak Dynamic': 2.81179, 'Execution Unit/Results Broadcast Bus/Area Overhead': 0.0442632, 'Instruction Fetch Unit/Branch Predictor/L1_Local Predictor/Area': 0.0257064, 'Renaming Unit/Free List/Subthreshold Leakage with power gating': 0.000377987, 'Execution Unit/Instruction Scheduler/ROB/Runtime Dynamic': 0.23108, 'Execution Unit/Instruction Scheduler/FP Instruction Window/Subthreshold Leakage with power gating': 0.00962066, 'Instruction Fetch Unit/Branch Predictor/RAS/Subthreshold Leakage with power gating': 0.000494733, 'Instruction Fetch Unit/Branch Target Buffer/Subthreshold Leakage': 0.0811682, 'Load Store Unit/Runtime Dynamic': 1.05934, 'Execution Unit/Area': 8.2042, 'Execution Unit/Floating Point Units/Subthreshold Leakage with power gating': 0.373061, 'Load Store Unit/StoreQ/Gate Leakage': 0.00329971, 'Instruction Fetch Unit/Branch Predictor/L1_Local Predictor/Subthreshold Leakage': 0.00384344, 'Instruction Fetch Unit/Branch Predictor/L1_Local Predictor/Runtime Dynamic': 0.00176464, 'Renaming Unit/Int Front End RAT/Subthreshold Leakage': 0.00611897, 'Instruction Fetch Unit/Branch Predictor/RAS/Area': 0.0105732, 'Instruction Fetch Unit/Runtime Dynamic': 0.473834, 'Load Store Unit/LoadQ/Area': 0.0836782, 'Load Store Unit/StoreQ/Area': 0.322079, 'Instruction Fetch Unit/Branch Target Buffer/Area': 0.64954, 'Execution Unit/Instruction Scheduler/FP Instruction Window/Gate Leakage': 0.00115349, 'Peak Dynamic': 19.566, 'Renaming Unit/Runtime Dynamic': 0.301989, 'Execution Unit/Register Files/Floating Point RF/Peak Dynamic': 0.0531301, 'Load Store Unit/StoreQ/Runtime Dynamic': 0.25124, 'Memory Management Unit/Itlb/Subthreshold Leakage': 0.0413758, 'Execution Unit/Instruction Scheduler/Subthreshold Leakage with power gating': 0.0641291, 'Memory Management Unit/Subthreshold Leakage': 0.0769113, 'Instruction Fetch Unit/Instruction Cache/Area': 3.14635, 'Execution Unit/Instruction Scheduler/Gate Leakage': 0.00730101, 'Execution Unit/Register Files/Area': 0.570804, 'Execution Unit/Floating Point Units/Peak Dynamic': 0.281229, 'Execution Unit/Instruction Scheduler/FP Instruction Window/Subthreshold Leakage': 0.017004, 'Load Store Unit/StoreQ/Subthreshold Leakage': 0.0345621, 'Renaming Unit/Gate Leakage': 0.00863632, 'Instruction Fetch Unit/Branch Predictor/Chooser/Peak Dynamic': 0.0168831, 'Renaming Unit/Int Front End RAT/Gate Leakage': 0.00038343, 'Execution Unit/Register Files/Integer RF/Subthreshold Leakage': 0.00614175, 'Renaming Unit/Free List/Subthreshold Leakage': 0.000670426, 'Memory Management Unit/Itlb/Runtime Dynamic': 0.0350514, 'Execution Unit/Complex ALUs/Peak Dynamic': 0.0490851, 'Execution Unit/Integer ALUs/Peak Dynamic': 0.163794, 'Memory Management Unit/Runtime Dynamic': 0.0796931, 'Instruction Fetch Unit/Instruction Decoder/Subthreshold Leakage with power gating': 0.166104, 'Memory Management Unit/Dtlb/Runtime Dynamic': 0.0446416, 'Execution Unit/Instruction Scheduler/ROB/Subthreshold Leakage': 0.0178624, 'Instruction Fetch Unit/Branch Predictor/Global Predictor/Gate Leakage': 0.000278362, 'Renaming Unit/FP Front End RAT/Subthreshold Leakage': 0.0437281, 'Instruction Fetch Unit/Instruction Buffer/Gate Leakage': 6.83558e-05, 'Execution Unit/Subthreshold Leakage': 1.83518, 'Execution Unit/Complex ALUs/Subthreshold Leakage': 0.20111, 'Instruction Fetch Unit/Branch Predictor/Gate Leakage': 0.000757657, 'Instruction Fetch Unit/Branch Predictor/RAS/Peak Dynamic': 0.0117602, 'Instruction Fetch Unit/Branch Predictor/L2_Local Predictor/Subthreshold Leakage with power gating': 0.000957045, 'Execution Unit/Results Broadcast Bus/Gate Leakage': 0.00607074, 'Instruction Fetch Unit/Peak Dynamic': 5.81926, 'Instruction Fetch Unit/Branch Predictor/L2_Local Predictor/Runtime Dynamic': 0.000719659, 'Execution Unit/Integer ALUs/Area': 0.47087, 'Execution Unit/Instruction Scheduler/ROB/Area': 0.841232, 'Instruction Fetch Unit/Instruction Cache/Subthreshold Leakage': 0.367022, 'Load Store Unit/LoadQ/Subthreshold Leakage': 0.00941961, 'Instruction Fetch Unit/Branch Predictor/Area': 0.138516, 'Instruction Fetch Unit/Branch Predictor/Global Predictor/Subthreshold Leakage': 0.00759719, 'Renaming Unit/Free List/Peak Dynamic': 0.0401324, 'Renaming Unit/Int Front End RAT/Area': 0.114751, 'Execution Unit/Instruction Scheduler/Instruction Window/Peak Dynamic': 2.07911, 'Execution Unit/Register Files/Floating Point RF/Gate Leakage': 0.000232788, 'Renaming Unit/Int Front End RAT/Runtime Dynamic': 0.103695, 'Load Store Unit/Subthreshold Leakage': 0.591622, 'Memory Management Unit/Dtlb/Peak Dynamic': 0.044583, 'Execution Unit/Register Files/Subthreshold Leakage with power gating': 0.00423643, 'Instruction Fetch Unit/Branch Target Buffer/Runtime Dynamic': 0.0163027, 'Instruction Fetch Unit/Branch Predictor/RAS/Gate Leakage': 4.63858e-05, 'Renaming Unit/Int Front End RAT/Subthreshold Leakage with power gating': 0.00348781, 'Memory Management Unit/Itlb/Gate Leakage': 0.00393464, 'Execution Unit/Instruction Scheduler/FP Instruction Window/Area': 0.328073, 'Load Store Unit/Data Cache/Area': 6.84535, 'Execution Unit/Instruction Scheduler/ROB/Gate Leakage': 0.000856399, 'Instruction Fetch Unit/Branch Predictor/L1_Local Predictor/Subthreshold Leakage with power gating': 0.00198631, 'Instruction Fetch Unit/Branch Predictor/L2_Local Predictor/Gate Leakage': 8.00196e-05, 'Execution Unit/Integer ALUs/Gate Leakage': 0.0265291, 'Instruction Fetch Unit/Branch Predictor/RAS/Runtime Dynamic': 0.000806167, 'Memory Management Unit/Itlb/Peak Dynamic': 0.213368, 'Load Store Unit/Gate Leakage': 0.0351387, 'Instruction Fetch Unit/Branch Target Buffer/Subthreshold Leakage with power gating': 0.0435357, 'Execution Unit/Complex ALUs/Area': 0.235435, 'Instruction Fetch Unit/Branch Predictor/Chooser/Subthreshold Leakage with power gating': 0.0039236, 'Execution Unit/Instruction Scheduler/FP Instruction Window/Peak Dynamic': 1.20978, 'Execution Unit/Register Files/Integer RF/Subthreshold Leakage with power gating': 0.00246675, 'Instruction Fetch Unit/Branch Target Buffer/Gate Leakage': 0.00272758, 'Renaming Unit/FP Front End RAT/Area': 0.168486, 'Renaming Unit/FP Front End RAT/Subthreshold Leakage with power gating': 0.024925, 'L2/Subthreshold Leakage': 0.834142, 'Load Store Unit/Data Cache/Subthreshold Leakage': 0.527675, 'Renaming Unit/Int Front End RAT/Peak Dynamic': 0.86945, 'Execution Unit/Integer ALUs/Subthreshold Leakage': 0.40222, 'Instruction Fetch Unit/Branch Predictor/L2_Local Predictor/Peak Dynamic': 0.00527447, 'Instruction Fetch Unit/Branch Predictor/RAS/Subthreshold Leakage': 0.000932505, 'Instruction Fetch Unit/Instruction Buffer/Area': 0.0226323, 'Instruction Fetch Unit/Instruction Cache/Subthreshold Leakage with power gating': 0.180386, 'Memory Management Unit/Dtlb/Area': 0.0879726, 'Instruction Fetch Unit/Instruction Decoder/Area': 1.85799, 'Execution Unit/Register Files/Peak Dynamic': 0.125723, 'Execution Unit/Instruction Scheduler/Peak Dynamic': 4.84781, 'Load Store Unit/LoadQ/Gate Leakage': 0.00059896, 'Instruction Fetch Unit/Area': 5.86007, 'Execution Unit/Complex ALUs/Subthreshold Leakage with power gating': 0.0754163, 'Execution Unit/Floating Point Units/Runtime Dynamic': 0.42775, 'Renaming Unit/FP Front End RAT/Gate Leakage': 0.00489731, 'Instruction Fetch Unit/Instruction Cache/Runtime Dynamic': 0.213875, 'Memory Management Unit/Itlb/Subthreshold Leakage with power gating': 0.0235842, 'Memory Management Unit/Area': 0.434579, 'Instruction Fetch Unit/Instruction Buffer/Subthreshold Leakage with power gating': 0.000701682, 'Execution Unit/Instruction Scheduler/Instruction Window/Subthreshold Leakage with power gating': 0.0455351, 'Renaming Unit/Area': 0.369768, 'Memory Management Unit/Subthreshold Leakage with power gating': 0.0399462, 'Instruction Fetch Unit/Branch Predictor/Subthreshold Leakage with power gating': 0.0103282, 'Instruction Fetch Unit/Instruction Buffer/Subthreshold Leakage': 0.00151885, 'Instruction Fetch Unit/Branch Predictor/Runtime Dynamic': 0.00646939, 'Instruction Fetch Unit/Branch Predictor/Chooser/Gate Leakage': 0.000278362, 'Execution Unit/Instruction Scheduler/Runtime Dynamic': 0.802886, 'Area': 32.6082, 'Memory Management Unit/Peak Dynamic': 0.448941, 'L2/Runtime Dynamic': 0.000957859, 'Execution Unit/Register Files/Floating Point RF/Subthreshold Leakage with power gating': 0.00176968, 'Execution Unit/Floating Point Units/Subthreshold Leakage': 0.994829, 'Instruction Fetch Unit/Branch Predictor/L1_Local Predictor/Peak Dynamic': 0.0142575, 'Execution Unit/Complex ALUs/Runtime Dynamic': 0.241242, 'Instruction Fetch Unit/Instruction Decoder/Gate Leakage': 0.0222493, 'Instruction Fetch Unit/Branch Predictor/Subthreshold Leakage': 0.0199703, 'Execution Unit/Register Files/Integer RF/Runtime Dynamic': 0.0561199, 'Execution Unit/Results Broadcast Bus/Subthreshold Leakage': 0.0920413, 'Load Store Unit/Area': 8.80969, 'Renaming Unit/Subthreshold Leakage': 0.070483, 'Execution Unit/Results Broadcast Bus/Peak Dynamic': 0.188861, 'Load Store Unit/Peak Dynamic': 3.05334, 'Instruction Fetch Unit/Subthreshold Leakage': 0.932587, 'Execution Unit/Instruction Scheduler/ROB/Peak Dynamic': 1.55892, 'Execution Unit/Integer ALUs/Runtime Dynamic': 0.246076, 'Execution Unit/Subthreshold Leakage with power gating': 0.709678, 'Instruction Fetch Unit/Branch Predictor/Global Predictor/Peak Dynamic': 0.0168831, 'Instruction Fetch Unit/Instruction Buffer/Runtime Dynamic': 0.0539495, 'Memory Management Unit/Dtlb/Subthreshold Leakage with power gating': 0.00887485, 'Load Store Unit/Data Cache/Gate Leakage': 0.0279261, 'Renaming Unit/Free List/Area': 0.0414755, 'Load Store Unit/StoreQ/Subthreshold Leakage with power gating': 0.0197004, 'Execution Unit/Results Broadcast Bus/Runtime Dynamic': 0.436642, 'Execution Unit/Register Files/Subthreshold Leakage': 0.0101387, 'Execution Unit/Register Files/Integer RF/Peak Dynamic': 0.0725924, 'Load Store Unit/LoadQ/Runtime Dynamic': 0.0509444, 'Instruction Fetch Unit/Branch Target Buffer/Peak Dynamic': 0.177867, 'Instruction Fetch Unit/Instruction Cache/Peak Dynamic': 3.43165, 'Instruction Fetch Unit/Instruction Decoder/Peak Dynamic': 1.37404, 'Execution Unit/Register Files/Floating Point RF/Runtime Dynamic': 0.00758827, 'Renaming Unit/Subthreshold Leakage with power gating': 0.0362779, 'Execution Unit/Instruction Scheduler/Instruction Window/Area': 1.00996, 'Instruction Fetch Unit/Branch Predictor/Chooser/Area': 0.0435221, 'Memory Management Unit/Itlb/Area': 0.301552, 'Instruction Fetch Unit/Branch Predictor/L1_Local Predictor/Gate Leakage': 0.000154548, 'Instruction Fetch Unit/Branch Predictor/Peak Dynamic': 0.0597838, 'Execution Unit/Register Files/Integer RF/Gate Leakage': 0.00038992, 'Renaming Unit/Free List/Gate Leakage': 4.15911e-05, 'L2/Gate Leakage': 0.015464}, {'Instruction Fetch Unit/Subthreshold Leakage with power gating': 0.408542, 'Execution Unit/Register Files/Floating Point RF/Subthreshold Leakage': 0.00399698, 'Instruction Fetch Unit/Instruction Decoder/Runtime Dynamic': 0.190442, 'Load Store Unit/Data Cache/Subthreshold Leakage with power gating': 0.25085, 'Instruction Fetch Unit/Instruction Cache/Gate Leakage': 0.029931, 'Load Store Unit/Subthreshold Leakage with power gating': 0.283406, 'Execution Unit/Instruction Scheduler/Area': 2.17927, 'Execution Unit/Instruction Scheduler/Instruction Window/Subthreshold Leakage': 0.0800117, 'Execution Unit/Floating Point Units/Gate Leakage': 0.0656156, 'Subthreshold Leakage': 6.21877, 'Renaming Unit/Free List/Runtime Dynamic': 0.0136345, 'Execution Unit/Complex ALUs/Gate Leakage': 0.0132646, 'Memory Management Unit/Gate Leakage': 0.00813591, 'Execution Unit/Instruction Scheduler/Instruction Window/Runtime Dynamic': 0.376733, 'Instruction Fetch Unit/Branch Predictor/Chooser/Subthreshold Leakage': 0.00759719, 'Load Store Unit/LoadQ/Subthreshold Leakage with power gating': 0.00536918, 'Execution Unit/Instruction Scheduler/ROB/Subthreshold Leakage with power gating': 0.00897339, 'Instruction Fetch Unit/Instruction Buffer/Peak Dynamic': 0.606827, 'Execution Unit/Results Broadcast Bus/Subthreshold Leakage with power gating': 0.0345155, 'Instruction Fetch Unit/Instruction Decoder/Subthreshold Leakage': 0.442943, 'Execution Unit/Floating Point Units/Area': 4.6585, 'Execution Unit/Gate Leakage': 0.122718, 'L2/Area': 4.53318, 'Instruction Fetch Unit/Branch Predictor/L2_Local Predictor/Area': 0.0151917, 'Execution Unit/Register Files/Floating Point RF/Area': 0.208131, 'Execution Unit/Instruction Scheduler/Subthreshold Leakage': 0.114878, 'Load Store Unit/Data Cache/Runtime Dynamic': 0.801004, 'Instruction Fetch Unit/Branch Predictor/L2_Local Predictor/Subthreshold Leakage': 0.00181347, 'Memory Management Unit/Dtlb/Subthreshold Leakage': 0.0155699, 'Renaming Unit/FP Front End RAT/Peak Dynamic': 3.33511, 'Execution Unit/Runtime Dynamic': 2.31427, 'Instruction Fetch Unit/Branch Predictor/Global Predictor/Subthreshold Leakage with power gating': 0.0039236, 'Execution Unit/Instruction Scheduler/Instruction Window/Gate Leakage': 0.00529112, 'Renaming Unit/FP Front End RAT/Runtime Dynamic': 0.208568, 'Instruction Fetch Unit/Branch Predictor/Global Predictor/Area': 0.0435221, 'Execution Unit/Instruction Scheduler/FP Instruction Window/Runtime Dynamic': 0.217559, 'Renaming Unit/Peak Dynamic': 4.56169, 'Execution Unit/Integer ALUs/Subthreshold Leakage with power gating': 0.150833, 'L2/Peak Dynamic': 0.00461091, 'Execution Unit/Peak Dynamic': 5.75575, 'Runtime Dynamic': 4.324, 'L2/Subthreshold Leakage with power gating': 0.401066, 'Execution Unit/Register Files/Integer RF/Area': 0.362673, 'Load Store Unit/StoreQ/Peak Dynamic': 0.13291, 'Instruction Fetch Unit/Branch Predictor/Global Predictor/Runtime Dynamic': 0.00193001, 'Gate Leakage': 0.372997, 'Subthreshold Leakage with power gating': 2.58311, 'Instruction Fetch Unit/Gate Leakage': 0.0590479, 'Execution Unit/Register Files/Runtime Dynamic': 0.0662134, 'Memory Management Unit/Dtlb/Gate Leakage': 0.00088729, 'Execution Unit/Register Files/Gate Leakage': 0.000622708, 'Load Store Unit/LoadQ/Peak Dynamic': 0.0539008, 'Instruction Fetch Unit/Branch Predictor/Chooser/Runtime Dynamic': 0.00193001, 'Load Store Unit/Data Cache/Peak Dynamic': 2.90317, 'Execution Unit/Results Broadcast Bus/Area Overhead': 0.0442632, 'Instruction Fetch Unit/Branch Predictor/L1_Local Predictor/Area': 0.0257064, 'Renaming Unit/Free List/Subthreshold Leakage with power gating': 0.000377987, 'Execution Unit/Instruction Scheduler/ROB/Runtime Dynamic': 0.241931, 'Execution Unit/Instruction Scheduler/FP Instruction Window/Subthreshold Leakage with power gating': 0.00962066, 'Instruction Fetch Unit/Branch Predictor/RAS/Subthreshold Leakage with power gating': 0.000494733, 'Instruction Fetch Unit/Branch Target Buffer/Subthreshold Leakage': 0.0811682, 'Load Store Unit/Runtime Dynamic': 1.12073, 'Execution Unit/Area': 8.2042, 'Execution Unit/Floating Point Units/Subthreshold Leakage with power gating': 0.373061, 'Load Store Unit/StoreQ/Gate Leakage': 0.00329971, 'Instruction Fetch Unit/Branch Predictor/L1_Local Predictor/Subthreshold Leakage': 0.00384344, 'Instruction Fetch Unit/Branch Predictor/L1_Local Predictor/Runtime Dynamic': 0.00174913, 'Renaming Unit/Int Front End RAT/Subthreshold Leakage': 0.00611897, 'Instruction Fetch Unit/Branch Predictor/RAS/Area': 0.0105732, 'Instruction Fetch Unit/Runtime Dynamic': 0.477021, 'Load Store Unit/LoadQ/Area': 0.0836782, 'Load Store Unit/StoreQ/Area': 0.322079, 'Instruction Fetch Unit/Branch Target Buffer/Area': 0.64954, 'Execution Unit/Instruction Scheduler/FP Instruction Window/Gate Leakage': 0.00115349, 'Peak Dynamic': 19.9035, 'Renaming Unit/Runtime Dynamic': 0.329694, 'Execution Unit/Register Files/Floating Point RF/Peak Dynamic': 0.0597826, 'Load Store Unit/StoreQ/Runtime Dynamic': 0.265821, 'Memory Management Unit/Itlb/Subthreshold Leakage': 0.0413758, 'Execution Unit/Instruction Scheduler/Subthreshold Leakage with power gating': 0.0641291, 'Memory Management Unit/Subthreshold Leakage': 0.0769113, 'Instruction Fetch Unit/Instruction Cache/Area': 3.14635, 'Execution Unit/Instruction Scheduler/Gate Leakage': 0.00730101, 'Execution Unit/Register Files/Area': 0.570804, 'Execution Unit/Floating Point Units/Peak Dynamic': 0.316442, 'Execution Unit/Instruction Scheduler/FP Instruction Window/Subthreshold Leakage': 0.017004, 'Load Store Unit/StoreQ/Subthreshold Leakage': 0.0345621, 'Renaming Unit/Gate Leakage': 0.00863632, 'Instruction Fetch Unit/Branch Predictor/Chooser/Peak Dynamic': 0.0168831, 'Renaming Unit/Int Front End RAT/Gate Leakage': 0.00038343, 'Execution Unit/Register Files/Integer RF/Subthreshold Leakage': 0.00614175, 'Renaming Unit/Free List/Subthreshold Leakage': 0.000670426, 'Memory Management Unit/Itlb/Runtime Dynamic': 0.0340854, 'Execution Unit/Complex ALUs/Peak Dynamic': 0.0580106, 'Execution Unit/Integer ALUs/Peak Dynamic': 0.166533, 'Memory Management Unit/Runtime Dynamic': 0.0813242, 'Instruction Fetch Unit/Instruction Decoder/Subthreshold Leakage with power gating': 0.166104, 'Memory Management Unit/Dtlb/Runtime Dynamic': 0.0472388, 'Execution Unit/Instruction Scheduler/ROB/Subthreshold Leakage': 0.0178624, 'Instruction Fetch Unit/Branch Predictor/Global Predictor/Gate Leakage': 0.000278362, 'Renaming Unit/FP Front End RAT/Subthreshold Leakage': 0.0437281, 'Instruction Fetch Unit/Instruction Buffer/Gate Leakage': 6.83558e-05, 'Execution Unit/Subthreshold Leakage': 1.83518, 'Execution Unit/Complex ALUs/Subthreshold Leakage': 0.20111, 'Instruction Fetch Unit/Branch Predictor/Gate Leakage': 0.000757657, 'Instruction Fetch Unit/Branch Predictor/RAS/Peak Dynamic': 0.0117602, 'Instruction Fetch Unit/Branch Predictor/L2_Local Predictor/Subthreshold Leakage with power gating': 0.000957045, 'Execution Unit/Results Broadcast Bus/Gate Leakage': 0.00607074, 'Instruction Fetch Unit/Peak Dynamic': 5.96085, 'Instruction Fetch Unit/Branch Predictor/L2_Local Predictor/Runtime Dynamic': 0.000714358, 'Execution Unit/Integer ALUs/Area': 0.47087, 'Execution Unit/Instruction Scheduler/ROB/Area': 0.841232, 'Instruction Fetch Unit/Instruction Cache/Subthreshold Leakage': 0.367022, 'Load Store Unit/LoadQ/Subthreshold Leakage': 0.00941961, 'Instruction Fetch Unit/Branch Predictor/Area': 0.138516, 'Instruction Fetch Unit/Branch Predictor/Global Predictor/Subthreshold Leakage': 0.00759719, 'Renaming Unit/Free List/Peak Dynamic': 0.0401324, 'Renaming Unit/Int Front End RAT/Area': 0.114751, 'Execution Unit/Instruction Scheduler/Instruction Window/Peak Dynamic': 2.07911, 'Execution Unit/Register Files/Floating Point RF/Gate Leakage': 0.000232788, 'Renaming Unit/Int Front End RAT/Runtime Dynamic': 0.107492, 'Load Store Unit/Subthreshold Leakage': 0.591622, 'Memory Management Unit/Dtlb/Peak Dynamic': 0.0471702, 'Execution Unit/Register Files/Subthreshold Leakage with power gating': 0.00423643, 'Instruction Fetch Unit/Branch Target Buffer/Runtime Dynamic': 0.0160719, 'Instruction Fetch Unit/Branch Predictor/RAS/Gate Leakage': 4.63858e-05, 'Renaming Unit/Int Front End RAT/Subthreshold Leakage with power gating': 0.00348781, 'Memory Management Unit/Itlb/Gate Leakage': 0.00393464, 'Execution Unit/Instruction Scheduler/FP Instruction Window/Area': 0.328073, 'Load Store Unit/Data Cache/Area': 6.84535, 'Execution Unit/Instruction Scheduler/ROB/Gate Leakage': 0.000856399, 'Instruction Fetch Unit/Branch Predictor/L1_Local Predictor/Subthreshold Leakage with power gating': 0.00198631, 'Instruction Fetch Unit/Branch Predictor/L2_Local Predictor/Gate Leakage': 8.00196e-05, 'Execution Unit/Integer ALUs/Gate Leakage': 0.0265291, 'Instruction Fetch Unit/Branch Predictor/RAS/Runtime Dynamic': 0.000837868, 'Memory Management Unit/Itlb/Peak Dynamic': 0.221758, 'Load Store Unit/Gate Leakage': 0.0351387, 'Instruction Fetch Unit/Branch Target Buffer/Subthreshold Leakage with power gating': 0.0435357, 'Execution Unit/Complex ALUs/Area': 0.235435, 'Instruction Fetch Unit/Branch Predictor/Chooser/Subthreshold Leakage with power gating': 0.0039236, 'Execution Unit/Instruction Scheduler/FP Instruction Window/Peak Dynamic': 1.20978, 'Execution Unit/Register Files/Integer RF/Subthreshold Leakage with power gating': 0.00246675, 'Instruction Fetch Unit/Branch Target Buffer/Gate Leakage': 0.00272758, 'Renaming Unit/FP Front End RAT/Area': 0.168486, 'Renaming Unit/FP Front End RAT/Subthreshold Leakage with power gating': 0.024925, 'L2/Subthreshold Leakage': 0.834142, 'Load Store Unit/Data Cache/Subthreshold Leakage': 0.527675, 'Renaming Unit/Int Front End RAT/Peak Dynamic': 0.86945, 'Execution Unit/Integer ALUs/Subthreshold Leakage': 0.40222, 'Instruction Fetch Unit/Branch Predictor/L2_Local Predictor/Peak Dynamic': 0.00527447, 'Instruction Fetch Unit/Branch Predictor/RAS/Subthreshold Leakage': 0.000932505, 'Instruction Fetch Unit/Instruction Buffer/Area': 0.0226323, 'Instruction Fetch Unit/Instruction Cache/Subthreshold Leakage with power gating': 0.180386, 'Memory Management Unit/Dtlb/Area': 0.0879726, 'Instruction Fetch Unit/Instruction Decoder/Area': 1.85799, 'Execution Unit/Register Files/Peak Dynamic': 0.138403, 'Execution Unit/Instruction Scheduler/Peak Dynamic': 4.84781, 'Load Store Unit/LoadQ/Gate Leakage': 0.00059896, 'Instruction Fetch Unit/Area': 5.86007, 'Execution Unit/Complex ALUs/Subthreshold Leakage with power gating': 0.0754163, 'Execution Unit/Floating Point Units/Runtime Dynamic': 0.44324, 'Renaming Unit/FP Front End RAT/Gate Leakage': 0.00489731, 'Instruction Fetch Unit/Instruction Cache/Runtime Dynamic': 0.207989, 'Memory Management Unit/Itlb/Subthreshold Leakage with power gating': 0.0235842, 'Memory Management Unit/Area': 0.434579, 'Instruction Fetch Unit/Instruction Buffer/Subthreshold Leakage with power gating': 0.000701682, 'Execution Unit/Instruction Scheduler/Instruction Window/Subthreshold Leakage with power gating': 0.0455351, 'Renaming Unit/Area': 0.369768, 'Memory Management Unit/Subthreshold Leakage with power gating': 0.0399462, 'Instruction Fetch Unit/Branch Predictor/Subthreshold Leakage with power gating': 0.0103282, 'Instruction Fetch Unit/Instruction Buffer/Subthreshold Leakage': 0.00151885, 'Instruction Fetch Unit/Branch Predictor/Runtime Dynamic': 0.00644701, 'Instruction Fetch Unit/Branch Predictor/Chooser/Gate Leakage': 0.000278362, 'Execution Unit/Instruction Scheduler/Runtime Dynamic': 0.836223, 'Area': 32.6082, 'Memory Management Unit/Peak Dynamic': 0.461805, 'L2/Runtime Dynamic': 0.000964624, 'Execution Unit/Register Files/Floating Point RF/Subthreshold Leakage with power gating': 0.00176968, 'Execution Unit/Floating Point Units/Subthreshold Leakage': 0.994829, 'Instruction Fetch Unit/Branch Predictor/L1_Local Predictor/Peak Dynamic': 0.0142575, 'Execution Unit/Complex ALUs/Runtime Dynamic': 0.248253, 'Instruction Fetch Unit/Instruction Decoder/Gate Leakage': 0.0222493, 'Instruction Fetch Unit/Branch Predictor/Subthreshold Leakage': 0.0199703, 'Execution Unit/Register Files/Integer RF/Runtime Dynamic': 0.0583267, 'Execution Unit/Results Broadcast Bus/Subthreshold Leakage': 0.0920413, 'Load Store Unit/Area': 8.80969, 'Renaming Unit/Subthreshold Leakage': 0.070483, 'Execution Unit/Results Broadcast Bus/Peak Dynamic': 0.205871, 'Load Store Unit/Peak Dynamic': 3.15874, 'Instruction Fetch Unit/Subthreshold Leakage': 0.932587, 'Execution Unit/Instruction Scheduler/ROB/Peak Dynamic': 1.55892, 'Execution Unit/Integer ALUs/Runtime Dynamic': 0.251724, 'Execution Unit/Subthreshold Leakage with power gating': 0.709678, 'Instruction Fetch Unit/Branch Predictor/Global Predictor/Peak Dynamic': 0.0168831, 'Instruction Fetch Unit/Instruction Buffer/Runtime Dynamic': 0.056071, 'Memory Management Unit/Dtlb/Subthreshold Leakage with power gating': 0.00887485, 'Load Store Unit/Data Cache/Gate Leakage': 0.0279261, 'Renaming Unit/Free List/Area': 0.0414755, 'Load Store Unit/StoreQ/Subthreshold Leakage with power gating': 0.0197004, 'Execution Unit/Results Broadcast Bus/Runtime Dynamic': 0.468616, 'Execution Unit/Register Files/Subthreshold Leakage': 0.0101387, 'Execution Unit/Register Files/Integer RF/Peak Dynamic': 0.0786202, 'Load Store Unit/LoadQ/Runtime Dynamic': 0.0539009, 'Instruction Fetch Unit/Branch Target Buffer/Peak Dynamic': 0.177867, 'Instruction Fetch Unit/Instruction Cache/Peak Dynamic': 3.5666, 'Instruction Fetch Unit/Instruction Decoder/Peak Dynamic': 1.37404, 'Execution Unit/Register Files/Floating Point RF/Runtime Dynamic': 0.00788667, 'Renaming Unit/Subthreshold Leakage with power gating': 0.0362779, 'Execution Unit/Instruction Scheduler/Instruction Window/Area': 1.00996, 'Instruction Fetch Unit/Branch Predictor/Chooser/Area': 0.0435221, 'Memory Management Unit/Itlb/Area': 0.301552, 'Instruction Fetch Unit/Branch Predictor/L1_Local Predictor/Gate Leakage': 0.000154548, 'Instruction Fetch Unit/Branch Predictor/Peak Dynamic': 0.0597838, 'Execution Unit/Register Files/Integer RF/Gate Leakage': 0.00038992, 'Renaming Unit/Free List/Gate Leakage': 4.15911e-05, 'L2/Gate Leakage': 0.015464}
power.DRAM.Area = 0
power.DRAM.Gate Leakage = 0
power.DRAM.Peak Dynamic = 0.0391687903083
power.DRAM.Runtime Dynamic = 0.0391687903083
power.DRAM.Subthreshold Leakage = 4.252
power.DRAM.Subthreshold Leakage with power gating = 4.252
power.L3 = {'Runtime Dynamic': 0.0101997, 'Area': 61.9075, 'Peak Dynamic': 0.0158465, 'Gate Leakage': 0.0484137, 'Subthreshold Leakage': 6.80085, 'Subthreshold Leakage with power gating': 3.32364}
power.Processor.Area = 193.678
power.Processor.Gate Leakage = 1.54706
power.Processor.Peak Dynamic = 79.419
power.Processor.Peak Power = 112.711
power.Processor.Runtime Dynamic = 17.1883
power.Processor.Subthreshold Leakage = 31.7454
power.Processor.Subthreshold Leakage with power gating = 14.035
power.Processor.Total Cores/Area = 130.433
power.Processor.Total Cores/Gate Leakage = 1.49199
power.Processor.Total Cores/Peak Dynamic = 79.4031
power.Processor.Total Cores/Runtime Dynamic = 17.1781
power.Processor.Total Cores/Subthreshold Leakage = 24.8751
power.Processor.Total Cores/Subthreshold Leakage with power gating = 10.3324
power.Processor.Total L3s/Area = 61.9075
power.Processor.Total L3s/Gate Leakage = 0.0484137
power.Processor.Total L3s/Peak Dynamic = 0.0158465
power.Processor.Total L3s/Runtime Dynamic = 0.0101997
power.Processor.Total L3s/Subthreshold Leakage = 6.80085
power.Processor.Total L3s/Subthreshold Leakage with power gating = 3.32364
power.Processor.Total Leakage = 33.2925
power.Processor.Total NoCs/Area = 1.3377
power.Processor.Total NoCs/Gate Leakage = 0.00666015
power.Processor.Total NoCs/Peak Dynamic = 0.0
power.Processor.Total NoCs/Runtime Dynamic = 0.0
power.Processor.Total NoCs/Subthreshold Leakage = 0.0694515
power.Processor.Total NoCs/Subthreshold Leakage with power gating = 0.0260443
pthread.pthread_barrier_wait_count = 0, 0, 0, 0
pthread.pthread_barrier_wait_delay_mem = 0, 0, 0, 0
pthread.pthread_barrier_wait_delay_sync = 0, 0, 0, 0
pthread.pthread_cond_broadcast_count = 0, 0, 0, 0
pthread.pthread_cond_broadcast_delay_mem = 0, 0, 0, 0
pthread.pthread_cond_broadcast_delay_sync = 0, 0, 0, 0
pthread.pthread_cond_signal_count = 0, 0, 0, 0
pthread.pthread_cond_signal_delay_mem = 0, 0, 0, 0
pthread.pthread_cond_signal_delay_sync = 0, 0, 0, 0
pthread.pthread_cond_wait_count = 0, 0, 0, 0
pthread.pthread_cond_wait_delay_mem = 0, 0, 0, 0
pthread.pthread_cond_wait_delay_sync = 0, 0, 0, 0
pthread.pthread_mutex_lock_contended = 0, 0, 0, 0
pthread.pthread_mutex_lock_count = 0, 0, 0, 0
pthread.pthread_mutex_lock_delay_mem = 0, 0, 0, 0
pthread.pthread_mutex_lock_delay_sync = 0, 0, 0, 0
pthread.pthread_mutex_trylock_count = 0, 0, 0, 0
pthread.pthread_mutex_trylock_delay_mem = 0, 0, 0, 0
pthread.pthread_mutex_trylock_delay_sync = 0, 0, 0, 0
pthread.pthread_mutex_unlock_contended = 0, 0, 0, 0
pthread.pthread_mutex_unlock_count = 0, 0, 0, 0
pthread.pthread_mutex_unlock_delay_mem = 0, 0, 0, 0
pthread.pthread_mutex_unlock_delay_sync = 0, 0, 0, 0
pthread_locks_contended = 0.0
roi.instrs = 1074453310
roi.ipscore = 124153.546617
roi.ipstotal = 496614.18647
roi.walltime = 2163.557424
stlb.access = 86311, 52888, 38934, 67137
stlb.miss = 8348, 5325, 5196, 7058
stlb_cache.access-mru-0 = 10712, 6842, 4818, 9235
stlb_cache.access-mru-1 = 37210, 24134, 15152, 28933
stlb_cache.access-mru-2 = 11700, 6790, 5573, 9108
stlb_cache.access-mru-3 = 18341, 9797, 8195, 12803
syscall.stderr-bytes = 0, 0, 0, 0
syscall.stdout-bytes = 0, 0, 0, 0
thread.bottle_contrib_time = 46599280578428, 46214844241390, 44027768433925, 46228498362811
thread.bottle_runtime_time = 180223289917098, 179810638138746, 174122183484720, 179832771603871
thread.elapsed_time = 183070391634703, 182750568816725, 182746991002776, 182747809800630
thread.instruction_count = 270627040, 274089187, 259760899, 269975393
thread.instructions_by_core[0] = 270627040, 0, 0, 0
thread.instructions_by_core[1] = 0, 274089187, 0, 0
thread.instructions_by_core[2] = 0, 0, 259760899, 0
thread.instructions_by_core[3] = 0, 0, 0, 269975393
thread.nonidle_cycle_count = 470607460, 470437714, 456747324, 470509289
thread.nonidle_elapsed_time = 176920097904036, 176856283762542, 171709520582223, 176883191596467
thread.time_by_core[0] = 176920097904036, 0, 0, 0
thread.time_by_core[1] = 0, 176856283762542, 0, 0
thread.time_by_core[2] = 0, 0, 171709520582223, 0
thread.time_by_core[3] = 0, 0, 0, 176883191596467
thread.unscheduled_time = 3271485822370, 3339361638200, 9111542869467, 3325714336782
thread.waiting_cost = 1277021170747, 1358544413771, 3569392733969, 1348161509899
time.walltime = 2163557424, 0, 0, 0
vmem = 661188608
walltime = 2221.21760893
