barrier.global_time = 35404209581323, 0, 0, 0
barrier.global_time_begin = 158195650932249, 0, 0, 0
barrier.global_time_end = 193599860513572, 0, 0, 0
branch_predictor.num-correct = 6034571, 9548666, 12252843, 10478170
branch_predictor.num-incorrect = 559017, 466624, 448240, 501979
bus-queue.no-free-slots = 0, 0, 0, 0
bus-queue.num-barriers = 0, 0, 0, 0
bus-queue.num-requests = 0, 0, 0, 0
bus-queue.requests-out-of-order = 0, 0, 0, 0
bus-queue.requests-simultaneous = 0, 0, 0, 0
bus-queue.total-barrier-delay = 0, 0, 0, 0
bus-queue.total-delay = 0, 0, 0, 0
core.bbv-0 = 4001374964937, 3729548116261, 3269134337308, 3435515193986
core.bbv-1 = 5356630533325, 6180078759950, 5023679291852, 5350096282282
core.bbv-10 = 6818518413869, 7262876245300, 6085335965900, 6709301869738
core.bbv-11 = 6107531047889, 6011000976581, 5785660605692, 5695023895826
core.bbv-12 = 3391469692629, 3978628709127, 3323382256748, 3410982124826
core.bbv-13 = 5751299404201, 6361351178692, 5445187542236, 5699086438754
core.bbv-14 = 5557975071869, 5833695647873, 6292677289292, 6215366469034
core.bbv-15 = 4282443106129, 4564548314942, 3595239927228, 3830299425266
core.bbv-2 = 4583958920401, 5338271997687, 4175097822844, 4492990716626
core.bbv-3 = 7463014438101, 7748057402848, 7638655720236, 7825591014138
core.bbv-4 = 6195055077305, 6804789433074, 6654478268188, 6940951015106
core.bbv-5 = 6564101699949, 7212426519079, 7029010255372, 7325611395018
core.bbv-6 = 6764628200225, 7074020143452, 6623099249916, 7124830757074
core.bbv-7 = 7105219091669, 7449238208657, 7014390823916, 7510988569050
core.bbv-8 = 4178400227045, 4476501159442, 4863175432300, 4531118033882
core.bbv-9 = 2697484988553, 2754341258659, 3148671876252, 2825505907778
core.instructions = 162956692, 172739821, 166175088, 167305160
core.spin_elapsed_time = 0, 0, 0, 0
core.spin_instructions = 0, 0, 0, 0
core.spin_loops = 0, 0, 0, 0
corefreq = 2660000000.0, 2660000000.0, 2660000000.0, 2660000000.0
directory.entries-allocated = 0, 0, 0, 0
directory.evict-E = 0, 0, 0, 0
directory.evict-M = 0, 0, 0, 0
directory.evict-O = 0, 0, 0, 0
directory.evict-S = 0, 0, 0, 0
directory.forward = 0, 0, 0, 0
directory.forward-failed = 0, 0, 0, 0
dram-queue.num-requests = 868552, 0, 0, 0
dram-queue.num-requests-analytical = 0, 0, 0, 0
dram-queue.total-queue-delay = 15263953189904160, 0, 0, 0
dram-queue.total-time-used = 7321264528352, 0, 0, 0
dram.reads = 473468, 0, 0, 0
dram.total-access-latency = 15310359294432512, 0, 0, 0
dram.total-queueing-delay = 15263953189904160, 0, 0, 0
dram.writes = 395084, 0, 0, 0
dtlb.access = 58571324, 60545508, 59136836, 57895718
dtlb.miss = 20563, 16964, 17783, 18750
dtlb_cache.access-mru-0 = 55734978, 57417368, 56535749, 55021881
dtlb_cache.access-mru-1 = 2708271, 2990873, 2502732, 2749557
dtlb_cache.access-mru-2 = 93209, 110862, 70370, 94501
dtlb_cache.access-mru-3 = 14303, 9441, 10202, 11029
fastforward_performance_model.fastforwarded_time = 0, 0, 0, 0
fastforward_timer.cpiBase = 0, 0, 0, 0
fastforward_timer.cpiBranchPredictor = 0, 0, 0, 0
fastforward_timer.cpiDataCachecache-remote = 0, 0, 0, 0
fastforward_timer.cpiDataCachedram = 0, 0, 0, 0
fastforward_timer.cpiDataCachedram-cache = 0, 0, 0, 0
fastforward_timer.cpiDataCachedram-local = 0, 0, 0, 0
fastforward_timer.cpiDataCachedram-remote = 0, 0, 0, 0
fastforward_timer.cpiDataCacheL1 = 0, 0, 0, 0
fastforward_timer.cpiDataCacheL1_S = 0, 0, 0, 0
fastforward_timer.cpiDataCacheL1I = 0, 0, 0, 0
fastforward_timer.cpiDataCacheL2 = 0, 0, 0, 0
fastforward_timer.cpiDataCacheL2_S = 0, 0, 0, 0
fastforward_timer.cpiDataCacheL3 = 0, 0, 0, 0
fastforward_timer.cpiDataCacheL3_S = 0, 0, 0, 0
fastforward_timer.cpiDataCacheL4 = 0, 0, 0, 0
fastforward_timer.cpiDataCacheL4_S = 0, 0, 0, 0
fastforward_timer.cpiDataCachemiss = 0, 0, 0, 0
fastforward_timer.cpiDataCachenuca-cache = 0, 0, 0, 0
fastforward_timer.cpiDataCachepredicate-false = 0, 0, 0, 0
fastforward_timer.cpiDataCacheprefetch-no-mapping = 0, 0, 0, 0
fastforward_timer.cpiDataCacheunknown = 0, 0, 0, 0
fs_to_cycles = 2.66e-06
fs_to_cycles_cores = 2.66e-06, 2.66e-06, 2.66e-06, 2.66e-06
futex.futex_cmp_requeue_count = 0, 1, 1, 2
futex.futex_cmp_requeue_delay = 0, 0, 0, 0
futex.futex_cmp_requeue_pi_count = 0, 0, 0, 0
futex.futex_cmp_requeue_pi_delay = 0, 0, 0, 0
futex.futex_fd_count = 0, 0, 0, 0
futex.futex_fd_delay = 0, 0, 0, 0
futex.futex_lock_pi_count = 0, 0, 0, 0
futex.futex_lock_pi_delay = 0, 0, 0, 0
futex.futex_requeue_count = 0, 0, 0, 0
futex.futex_requeue_delay = 0, 0, 0, 0
futex.futex_trylock_pi_count = 0, 0, 0, 0
futex.futex_trylock_pi_delay = 0, 0, 0, 0
futex.futex_unlock_pi_count = 0, 0, 0, 0
futex.futex_unlock_pi_delay = 0, 0, 0, 0
futex.futex_wait_bitset_count = 0, 0, 0, 0
futex.futex_wait_bitset_delay = 0, 0, 0, 0
futex.futex_wait_count = 13, 9, 16, 10
futex.futex_wait_delay = 1103536245887, 7472550803, 1112179461696, 363479643222
futex.futex_wait_requeue_pi_count = 0, 0, 0, 0
futex.futex_wait_requeue_pi_delay = 0, 0, 0, 0
futex.futex_wake_bitset_count = 0, 0, 0, 0
futex.futex_wake_bitset_delay = 0, 0, 0, 0
futex.futex_wake_count = 15, 12, 19, 19
futex.futex_wake_delay = 5000000000, 8000000000, 4000000000, 7000000000
futex.futex_wake_op_count = 0, 0, 0, 0
futex.futex_wake_op_delay = 0, 0, 0, 0
global.time = 35404209581323
global.time_begin = 158195650932249
global.time_end = 193599860513572
interval_timer.cpContr_branch = 2486352591767, 2502164183561, 2668180390264, 2706215494203
interval_timer.cpContr_fp_addsub = 22208193358429, 22742605868263, 20591084772705, 21745730316279
interval_timer.cpContr_fp_muldiv = 3521354661986, 3093914596478, 2637043256348, 2854676669165
interval_timer.cpContr_generic = 3244126138527, 3147004143774, 3126575069996, 3233507779801
interval_timer.cpContr_load_l1 = 8075973316546, 7790154425525, 7649896069894, 7832731676390
interval_timer.cpContr_load_l2 = 556036801012, 520732606884, 548929662527, 435320595146
interval_timer.cpContr_load_l3 = 40356460, 28893938, 50054486, 37488519
interval_timer.cpContr_load_other = 0, 4337555, 0, 117647
interval_timer.cpContr_port0 = 4264345880580, 4745877577883, 4072432790865, 4817396913197
interval_timer.cpContr_port015 = 747169258763, 559582269728, 522388384320, 492611106571
interval_timer.cpContr_port05 = 0, 0, 0, 0
interval_timer.cpContr_port1 = 2632053133372, 2935876567052, 2502252242953, 2965497226257
interval_timer.cpContr_port2 = 7143702603801, 8147636752122, 9682814145522, 7468647259456
interval_timer.cpContr_port34 = 443339404868, 158439628783, 257594331459, 432639084962
interval_timer.cpContr_port5 = 155992190820, 951277573792, 1564940104821, 1165999027658
interval_timer.cpContr_store = 6775317187862, 6549647139045, 6048749269321, 6197022662071
interval_timer.cpiBase = 23411768141916, 24009073558920, 23265239525703, 23444657165331
interval_timer.cpiBranchPredictor = 4437681324201, 4118335429383, 3873500268426, 3748008822714
interval_timer.cpiDataCachecache-remote = 0, 0, 0, 0
interval_timer.cpiDataCachedram = 0, 0, 0, 0
interval_timer.cpiDataCachedram-cache = 0, 0, 0, 0
interval_timer.cpiDataCachedram-local = 4595031344529, 5699226217464, 4356125493480, 4925013305535
interval_timer.cpiDataCachedram-remote = 0, 0, 0, 0
interval_timer.cpiDataCacheL1 = 13533804, 27067608, 0, 0
interval_timer.cpiDataCacheL1_S = 0, 0, 0, 0
interval_timer.cpiDataCacheL1I = 0, 0, 0, 0
interval_timer.cpiDataCacheL2 = 1568041569, 1624432419, 1138343292, 1048493871
interval_timer.cpiDataCacheL2_S = 0, 0, 0, 0
interval_timer.cpiDataCacheL3 = 1232799845445, 1045773576396, 993216176379, 1063853986662
interval_timer.cpiDataCacheL3_S = 383396126004, 318694016592, 939950131347, 907573888728
interval_timer.cpiDataCacheL4 = 0, 0, 0, 0
interval_timer.cpiDataCacheL4_S = 0, 0, 0, 0
interval_timer.cpiDataCachemiss = 0, 0, 0, 0
interval_timer.cpiDataCachenuca-cache = 0, 0, 0, 0
interval_timer.cpiDataCachepredicate-false = 0, 0, 0, 0
interval_timer.cpiDataCacheprefetch-no-mapping = 0, 0, 0, 0
interval_timer.cpiDataCacheunknown = 0, 0, 0, 0
interval_timer.cpiInstructionCachecache-remote = 0, 0, 0, 0
interval_timer.cpiInstructionCachedram = 0, 0, 0, 0
interval_timer.cpiInstructionCachedram-cache = 0, 0, 0, 0
interval_timer.cpiInstructionCachedram-local = 53509277565, 20196946836, 18131913909, 783261763659
interval_timer.cpiInstructionCachedram-remote = 0, 0, 0, 0
interval_timer.cpiInstructionCacheL1 = 0, 0, 0, 0
interval_timer.cpiInstructionCacheL1_S = 0, 0, 0, 0
interval_timer.cpiInstructionCacheL1I = 0, 0, 0, 0
interval_timer.cpiInstructionCacheL2 = 6766902, 6766902, 0, 3383451
interval_timer.cpiInstructionCacheL2_S = 0, 0, 0, 0
interval_timer.cpiInstructionCacheL3 = 178529671710, 159668436141, 822753403731, 141508702746
interval_timer.cpiInstructionCacheL3_S = 0, 0, 0, 0
interval_timer.cpiInstructionCacheL4 = 0, 0, 0, 0
interval_timer.cpiInstructionCacheL4_S = 0, 0, 0, 0
interval_timer.cpiInstructionCachemiss = 0, 0, 0, 0
interval_timer.cpiInstructionCachenuca-cache = 0, 0, 0, 0
interval_timer.cpiInstructionCachepredicate-false = 0, 0, 0, 0
interval_timer.cpiInstructionCacheprefetch-no-mapping = 0, 0, 0, 0
interval_timer.cpiInstructionCacheunknown = 0, 0, 0, 0
interval_timer.cpiLongLatency = 976689522, 782329059, 334585710, 523683027
interval_timer.cpiSerialization = 3007512, 0, 0, 0
interval_timer.detailed-cpiBase-BranchMispredict = 0, 0, 0, 0
interval_timer.detailed-cpiBase-DispatchRate = 49276251, 50700160, 51117443, 50069225
interval_timer.detailed-cpiBase-DispatchRate+BranchMispredict = 0, 0, 0, 0
interval_timer.detailed-cpiBase-DispatchRate+ICacheMiss = 0, 0, 0, 0
interval_timer.detailed-cpiBase-DispatchRate+ICacheMiss+BranchMispredict = 0, 0, 0, 0
interval_timer.detailed-cpiBase-DispatchWidth = 21368, 19251, 12667, 14817
interval_timer.detailed-cpiBase-DispatchWidth+BranchMispredict = 0, 0, 0, 0
interval_timer.detailed-cpiBase-DispatchWidth+DispatchRate = 12977825, 13144869, 10755567, 12278887
interval_timer.detailed-cpiBase-DispatchWidth+DispatchRate+BranchMispredict = 0, 0, 0, 0
interval_timer.detailed-cpiBase-DispatchWidth+DispatchRate+ICacheMiss = 0, 0, 0, 0
interval_timer.detailed-cpiBase-DispatchWidth+DispatchRate+ICacheMiss+BranchMispredict = 0, 0, 0, 0
interval_timer.detailed-cpiBase-DispatchWidth+ICacheMiss = 0, 0, 0, 0
interval_timer.detailed-cpiBase-DispatchWidth+ICacheMiss+BranchMispredict = 0, 0, 0, 0
interval_timer.detailed-cpiBase-ICacheMiss = 0, 0, 0, 0
interval_timer.detailed-cpiBase-ICacheMiss+BranchMispredict = 0, 0, 0, 0
interval_timer.detailed-cpiBase-NoReason = 0, 0, 0, 0
interval_timer.detailed-cpiBase-WindowEmpty = 0, 0, 0, 0
interval_timer.detailed-cpiBase-WindowEmpty+BranchMispredict = 0, 0, 0, 0
interval_timer.detailed-cpiBase-WindowEmpty+DispatchRate = 0, 0, 0, 0
interval_timer.detailed-cpiBase-WindowEmpty+DispatchRate+BranchMispredict = 0, 0, 0, 0
interval_timer.detailed-cpiBase-WindowEmpty+DispatchRate+ICacheMiss = 0, 0, 0, 0
interval_timer.detailed-cpiBase-WindowEmpty+DispatchRate+ICacheMiss+BranchMispredict = 0, 0, 0, 0
interval_timer.detailed-cpiBase-WindowEmpty+DispatchWidth = 0, 0, 0, 0
interval_timer.detailed-cpiBase-WindowEmpty+DispatchWidth+BranchMispredict = 0, 0, 0, 0
interval_timer.detailed-cpiBase-WindowEmpty+DispatchWidth+DispatchRate = 0, 0, 0, 0
interval_timer.detailed-cpiBase-WindowEmpty+DispatchWidth+DispatchRate+BranchMispredict = 0, 0, 0, 0
interval_timer.detailed-cpiBase-WindowEmpty+DispatchWidth+DispatchRate+ICacheMiss = 0, 0, 0, 0
interval_timer.detailed-cpiBase-WindowEmpty+DispatchWidth+DispatchRate+ICacheMiss+BranchMispredict = 0, 0, 0, 0
interval_timer.detailed-cpiBase-WindowEmpty+DispatchWidth+ICacheMiss = 0, 0, 0, 0
interval_timer.detailed-cpiBase-WindowEmpty+DispatchWidth+ICacheMiss+BranchMispredict = 0, 0, 0, 0
interval_timer.detailed-cpiBase-WindowEmpty+ICacheMiss = 0, 0, 0, 0
interval_timer.detailed-cpiBase-WindowEmpty+ICacheMiss+BranchMispredict = 0, 0, 0, 0
interval_timer.loadstore_contention.no-free-slots = 0, 0, 0, 0
interval_timer.loadstore_contention.num-barriers = 0, 0, 0, 0
interval_timer.loadstore_contention.num-requests = 42262206, 46109351, 44880165, 43230712
interval_timer.loadstore_contention.requests-out-of-order = 9446700, 8917125, 6986014, 7226557
interval_timer.loadstore_contention.requests-simultaneous = 21743732, 25151186, 26243323, 24397375
interval_timer.loadstore_contention.total-barrier-delay = 0, 0, 0, 0
interval_timer.loadstore_contention.total-delay = 22467988695915, 37742307935274, 57300650575425, 40520112183738
interval_timer.numBPredOverlapped = 952272, 830338, 932034, 916881
interval_timer.numDCacheOverlapped = 3433409, 2919927, 3460518, 3564079
interval_timer.numHiddenLongerDCacheLatency = 44631, 46043, 45370, 51949
interval_timer.numICacheOverlapped = 15440445, 13501676, 15381883, 15721183
interval_timer.numLongLatencyLoads = 122681, 107341, 122190, 124871
interval_timer.numMfenceInsns = 0, 0, 0, 0
interval_timer.numSerializationInsns = 2, 0, 0, 0
interval_timer.numTotalLongLatencyLoadLatency = 16526109, 18793861, 16732582, 18347364
interval_timer.outstandingLongLatencyCycles = 17742843, 20422599, 18165317, 20415613
interval_timer.outstandingLongLatencyInsns = 43789481, 50549611, 41792292, 50386475
interval_timer.totalHiddenDCacheLatency = 45320278, 46941878, 43169034, 50747393
interval_timer.totalHiddenLongerDCacheLatency = 10478968, 10833582, 8237930, 8189248
interval_timer.totalMfenceLatency = 0, 0, 0, 0
interval_timer.totalSerializationLatency = 8, 0, 0, 0
interval_timer.uop_branch = 6823700, 10206390, 12896593, 11203842
interval_timer.uop_fp_addsub = 32950549, 34184240, 31211076, 33091273
interval_timer.uop_fp_muldiv = 32103745, 33524949, 30589852, 32391445
interval_timer.uop_generic = 43230596, 44535547, 41766133, 41612916
interval_timer.uop_load = 45695643, 49029293, 48340698, 46794806
interval_timer.uop_store = 12179318, 10915746, 10129663, 10594954
interval_timer.uops_pause = 0, 0, 0, 0
interval_timer.uops_total = 172983551, 182396165, 174934015, 175689236
interval_timer.uops_x87 = 0, 0, 0, 0
ipc = 1.73035397164, 1.83423792687, 1.76453026312, 1.77652994064
itlb.access = 16357029, 19780651, 21725354, 20497802
itlb.miss = 49, 52, 45, 52
itlb_cache.access-mru-0 = 16346447, 19774050, 21714453, 20481706
itlb_cache.access-mru-1 = 10526, 6545, 10856, 16041
itlb_cache.access-mru-2 = 3, 3, 0, 2
itlb_cache.access-mru-3 = 4, 1, 0, 1
L1-D.access-mru-0 = 51692226, 53491040, 52248219, 51076501
L1-D.access-mru-1 = 3967291, 4218654, 3930367, 3870913
L1-D.access-mru-2 = 1103630, 1108736, 1196131, 1114024
L1-D.access-mru-3 = 523244, 556730, 509331, 567366
L1-D.access-mru-4 = 206261, 207977, 159820, 198629
L1-D.access-mru-5 = 80770, 71851, 61042, 73666
L1-D.access-mru-6 = 43554, 39713, 37624, 45404
L1-D.access-mru-7 = 28660, 28483, 22466, 32917
L1-D.backinval-E = 77, 66, 103, 61
L1-D.backinval-I = 0, 0, 0, 0
L1-D.backinval-M = 1389, 990, 991, 1238
L1-D.backinval-O = 0, 0, 0, 0
L1-D.backinval-S = 160, 218, 186, 212
L1-D.backinval-u = 0, 0, 0, 0
L1-D.coherency-downgrades = 13790, 22567, 24982, 26086
L1-D.coherency-invalidates = 95, 138, 193, 199
L1-D.coherency-upgrades = 25, 54, 116, 36
L1-D.coherency-writebacks = 851, 1157, 3423, 1139
L1-D.evict-E = 52736, 45165, 29804, 47084
L1-D.evict-I = 0, 0, 0, 0
L1-D.evict-M = 764059, 658036, 818924, 742037
L1-D.evict-O = 0, 0, 0, 0
L1-D.evict-prefetch = 0, 0, 0, 0
L1-D.evict-S = 51002, 58497, 55034, 66501
L1-D.evict-u = 0, 0, 0, 0
L1-D.evict-warmup = 500, 0, 0, 0
L1-D.hits-prefetch = 0, 0, 0, 0
L1-D.hits-warmup = 11, 0, 0, 0
L1-D.invalidate-prefetch = 0, 0, 0, 0
L1-D.invalidate-warmup = 0, 0, 0, 0
L1-D.load-misses = 757465, 741435, 854570, 751582
L1-D.load-misses-E = 3, 5, 5, 3
L1-D.load-misses-I = 757038, 741213, 854034, 750312
L1-D.load-misses-M = 0, 0, 0, 0
L1-D.load-misses-O = 0, 0, 0, 0
L1-D.load-misses-S = 424, 217, 531, 1267
L1-D.load-misses-u = 0, 0, 0, 0
L1-D.load-overlapping-misses = 0, 0, 0, 0
L1-D.loads = 46243298, 49498193, 48885232, 47179387
L1-D.loads-E = 775435, 920112, 535911, 624839
L1-D.loads-I = 757038, 741213, 854034, 750312
L1-D.loads-M = 41825094, 45591579, 40465739, 37525071
L1-D.loads-O = 0, 0, 0, 0
L1-D.loads-prefetch = 0, 0, 0, 0
L1-D.loads-S = 2885731, 2245289, 7029548, 8279165
L1-D.loads-u = 0, 0, 0, 0
L1-D.loads-where-cache-remote = 0, 0, 0, 0
L1-D.loads-where-dram = 0, 0, 0, 0
L1-D.loads-where-dram-cache = 0, 0, 0, 0
L1-D.loads-where-dram-local = 67981, 75087, 75025, 79935
L1-D.loads-where-dram-remote = 0, 0, 0, 0
L1-D.loads-where-L1 = 45485833, 48756758, 48030662, 46427805
L1-D.loads-where-L1_S = 0, 0, 0, 0
L1-D.loads-where-L1I = 0, 0, 0, 0
L1-D.loads-where-L2 = 477968, 483802, 561757, 459125
L1-D.loads-where-L2_S = 0, 0, 0, 0
L1-D.loads-where-L3 = 180056, 155942, 144709, 137373
L1-D.loads-where-L3_S = 31460, 26604, 73079, 75149
L1-D.loads-where-L4 = 0, 0, 0, 0
L1-D.loads-where-L4_S = 0, 0, 0, 0
L1-D.loads-where-miss = 0, 0, 0, 0
L1-D.loads-where-nuca-cache = 0, 0, 0, 0
L1-D.loads-where-predicate-false = 0, 0, 0, 0
L1-D.loads-where-prefetch-no-mapping = 0, 0, 0, 0
L1-D.loads-where-unknown = 0, 0, 0, 0
L1-D.mshr-latency = 0, 0, 0, 0
L1-D.next_read.no-free-slots = 0, 0, 0, 0
L1-D.next_read.num-barriers = 0, 0, 0, 0
L1-D.next_read.num-requests = 0, 0, 0, 0
L1-D.next_read.requests-out-of-order = 0, 0, 0, 0
L1-D.next_read.requests-simultaneous = 0, 0, 0, 0
L1-D.next_read.total-barrier-delay = 0, 0, 0, 0
L1-D.next_read.total-delay = 0, 0, 0, 0
L1-D.prefetches = 0, 0, 0, 0
L1-D.qbs-query-latency = 0, 0, 0, 0
L1-D.snoop-latency = 0, 0, 0, 0
L1-D.store-misses = 168223, 80889, 117266, 164716
L1-D.store-misses-E = 54050, 56612, 61161, 53621
L1-D.store-misses-I = 113354, 23615, 55242, 108697
L1-D.store-misses-M = 0, 0, 0, 0
L1-D.store-misses-O = 0, 0, 0, 0
L1-D.store-misses-S = 819, 662, 863, 2398
L1-D.store-misses-u = 0, 0, 0, 0
L1-D.store-overlapping-misses = 0, 0, 0, 0
L1-D.stores = 12328026, 11047315, 10251604, 10716331
L1-D.stores-E = 54050, 56612, 61161, 53621
L1-D.stores-I = 113354, 23615, 55242, 108697
L1-D.stores-M = 12159803, 10966426, 10134338, 10551615
L1-D.stores-O = 0, 0, 0, 0
L1-D.stores-prefetch = 0, 0, 0, 0
L1-D.stores-S = 819, 662, 863, 2398
L1-D.stores-u = 0, 0, 0, 0
L1-D.stores-where-cache-remote = 0, 0, 0, 0
L1-D.stores-where-dram = 0, 0, 0, 0
L1-D.stores-where-dram-cache = 0, 0, 0, 0
L1-D.stores-where-dram-local = 100, 12, 8, 424
L1-D.stores-where-dram-remote = 0, 0, 0, 0
L1-D.stores-where-L1 = 12159803, 10966426, 10134338, 10551615
L1-D.stores-where-L1_S = 0, 0, 0, 0
L1-D.stores-where-L1I = 0, 0, 0, 0
L1-D.stores-where-L2 = 32721, 8409, 16283, 30613
L1-D.stores-where-L2_S = 0, 0, 0, 0
L1-D.stores-where-L3 = 134258, 71451, 99681, 130987
L1-D.stores-where-L3_S = 1144, 1017, 1294, 2692
L1-D.stores-where-L4 = 0, 0, 0, 0
L1-D.stores-where-L4_S = 0, 0, 0, 0
L1-D.stores-where-miss = 0, 0, 0, 0
L1-D.stores-where-nuca-cache = 0, 0, 0, 0
L1-D.stores-where-predicate-false = 0, 0, 0, 0
L1-D.stores-where-prefetch-no-mapping = 0, 0, 0, 0
L1-D.stores-where-unknown = 0, 0, 0, 0
L1-D.total-latency = 5872564095842178, 1350008459464353, 4287663287453523, 3803666046475660
L1-I.access-mru-0 = 16169513, 19630744, 21567279, 20330200
L1-I.access-mru-1 = 144825, 109702, 132560, 143134
L1-I.access-mru-2 = 19618, 19926, 8423, 6069
L1-I.access-mru-3 = 1432, 2158, 74, 242
L1-I.backinval-E = 4660, 2075, 2320, 2678
L1-I.backinval-I = 0, 0, 0, 0
L1-I.backinval-M = 0, 0, 0, 0
L1-I.backinval-O = 0, 0, 0, 0
L1-I.backinval-S = 16580, 15913, 14420, 15203
L1-I.backinval-u = 0, 0, 0, 0
L1-I.coherency-downgrades = 38186, 44760, 36565, 36482
L1-I.coherency-invalidates = 0, 0, 0, 0
L1-I.coherency-upgrades = 0, 0, 0, 0
L1-I.coherency-writebacks = 0, 0, 0, 0
L1-I.evict-E = 7, 0, 2, 7
L1-I.evict-I = 0, 0, 0, 0
L1-I.evict-M = 0, 0, 0, 0
L1-I.evict-O = 0, 0, 0, 0
L1-I.evict-prefetch = 0, 0, 0, 0
L1-I.evict-S = 18, 4, 3, 1
L1-I.evict-u = 0, 0, 0, 0
L1-I.evict-warmup = 0, 0, 0, 0
L1-I.hits-prefetch = 0, 0, 0, 0
L1-I.hits-warmup = 0, 0, 0, 0
L1-I.invalidate-prefetch = 0, 0, 0, 0
L1-I.invalidate-warmup = 0, 0, 0, 0
L1-I.load-misses = 21641, 18121, 17018, 18157
L1-I.load-misses-E = 0, 0, 0, 0
L1-I.load-misses-I = 21641, 18121, 17018, 18157
L1-I.load-misses-M = 0, 0, 0, 0
L1-I.load-misses-O = 0, 0, 0, 0
L1-I.load-misses-S = 0, 0, 0, 0
L1-I.load-misses-u = 0, 0, 0, 0
L1-I.load-overlapping-misses = 0, 0, 0, 0
L1-I.loads = 16357029, 19780651, 21725354, 20497802
L1-I.loads-E = 6916326, 5382371, 5344883, 7183033
L1-I.loads-I = 21641, 18121, 17018, 18157
L1-I.loads-M = 0, 0, 0, 0
L1-I.loads-O = 0, 0, 0, 0
L1-I.loads-prefetch = 0, 0, 0, 0
L1-I.loads-S = 9419062, 14380159, 16363453, 13296612
L1-I.loads-u = 0, 0, 0, 0
L1-I.loads-where-cache-remote = 0, 0, 0, 0
L1-I.loads-where-dram = 0, 0, 0, 0
L1-I.loads-where-dram-cache = 0, 0, 0, 0
L1-I.loads-where-dram-local = 364, 253, 310, 485
L1-I.loads-where-dram-remote = 0, 0, 0, 0
L1-I.loads-where-L1 = 0, 0, 0, 0
L1-I.loads-where-L1_S = 0, 0, 0, 0
L1-I.loads-where-L1I = 16335388, 19762530, 21708336, 20479645
L1-I.loads-where-L2 = 6, 2, 2, 2
L1-I.loads-where-L2_S = 0, 0, 0, 0
L1-I.loads-where-L3 = 21271, 17866, 16706, 17670
L1-I.loads-where-L3_S = 0, 0, 0, 0
L1-I.loads-where-L4 = 0, 0, 0, 0
L1-I.loads-where-L4_S = 0, 0, 0, 0
L1-I.loads-where-miss = 0, 0, 0, 0
L1-I.loads-where-nuca-cache = 0, 0, 0, 0
L1-I.loads-where-predicate-false = 0, 0, 0, 0
L1-I.loads-where-prefetch-no-mapping = 0, 0, 0, 0
L1-I.loads-where-unknown = 0, 0, 0, 0
L1-I.mshr-latency = 0, 0, 0, 0
L1-I.next_read.no-free-slots = 0, 0, 0, 0
L1-I.next_read.num-barriers = 0, 0, 0, 0
L1-I.next_read.num-requests = 0, 0, 0, 0
L1-I.next_read.requests-out-of-order = 0, 0, 0, 0
L1-I.next_read.requests-simultaneous = 0, 0, 0, 0
L1-I.next_read.total-barrier-delay = 0, 0, 0, 0
L1-I.next_read.total-delay = 0, 0, 0, 0
L1-I.prefetches = 0, 0, 0, 0
L1-I.qbs-query-latency = 0, 0, 0, 0
L1-I.snoop-latency = 0, 0, 0, 0
L1-I.store-misses = 0, 0, 0, 0
L1-I.store-misses-E = 0, 0, 0, 0
L1-I.store-misses-I = 0, 0, 0, 0
L1-I.store-misses-M = 0, 0, 0, 0
L1-I.store-misses-O = 0, 0, 0, 0
L1-I.store-misses-S = 0, 0, 0, 0
L1-I.store-misses-u = 0, 0, 0, 0
L1-I.store-overlapping-misses = 0, 0, 0, 0
L1-I.stores = 0, 0, 0, 0
L1-I.stores-E = 0, 0, 0, 0
L1-I.stores-I = 0, 0, 0, 0
L1-I.stores-M = 0, 0, 0, 0
L1-I.stores-O = 0, 0, 0, 0
L1-I.stores-prefetch = 0, 0, 0, 0
L1-I.stores-S = 0, 0, 0, 0
L1-I.stores-u = 0, 0, 0, 0
L1-I.stores-where-cache-remote = 0, 0, 0, 0
L1-I.stores-where-dram = 0, 0, 0, 0
L1-I.stores-where-dram-cache = 0, 0, 0, 0
L1-I.stores-where-dram-local = 0, 0, 0, 0
L1-I.stores-where-dram-remote = 0, 0, 0, 0
L1-I.stores-where-L1 = 0, 0, 0, 0
L1-I.stores-where-L1_S = 0, 0, 0, 0
L1-I.stores-where-L1I = 0, 0, 0, 0
L1-I.stores-where-L2 = 0, 0, 0, 0
L1-I.stores-where-L2_S = 0, 0, 0, 0
L1-I.stores-where-L3 = 0, 0, 0, 0
L1-I.stores-where-L3_S = 0, 0, 0, 0
L1-I.stores-where-L4 = 0, 0, 0, 0
L1-I.stores-where-L4_S = 0, 0, 0, 0
L1-I.stores-where-miss = 0, 0, 0, 0
L1-I.stores-where-nuca-cache = 0, 0, 0, 0
L1-I.stores-where-predicate-false = 0, 0, 0, 0
L1-I.stores-where-prefetch-no-mapping = 0, 0, 0, 0
L1-I.stores-where-unknown = 0, 0, 0, 0
L1-I.total-latency = 999424088846, 1117345962323, 1223109722971, 2334222880991
l1misslat = 4211575082.31
L2.access-mru-0 = 50331, 77190, 50290, 52578
L2.access-mru-1 = 86918, 120604, 112560, 83144
L2.access-mru-2 = 72960, 99704, 98638, 70676
L2.access-mru-3 = 60116, 69694, 114120, 66685
L2.access-mru-4 = 72257, 44035, 98564, 78578
L2.access-mru-5 = 64629, 31891, 50955, 53889
L2.access-mru-6 = 50062, 25404, 28531, 41611
L2.access-mru-7 = 53422, 23691, 24384, 42579
L2.backinval-E = 0, 1, 3, 0
L2.backinval-I = 0, 0, 0, 0
L2.backinval-M = 56, 284, 186, 82
L2.backinval-O = 0, 0, 0, 0
L2.backinval-S = 0, 0, 0, 0
L2.backinval-u = 0, 0, 0, 0
L2.coherency-downgrades = 91834, 131636, 121545, 143713
L2.coherency-invalidates = 377, 529, 673, 757
L2.coherency-upgrades = 81, 284, 228, 174
L2.coherency-writebacks = 1163, 1464, 4229, 1822
L2.evict-E = 43837, 31853, 21247, 36663
L2.evict-I = 0, 0, 0, 0
L2.evict-M = 291718, 185537, 249481, 252761
L2.evict-O = 0, 0, 0, 0
L2.evict-prefetch = 0, 0, 0, 0
L2.evict-S = 44048, 66624, 68075, 91054
L2.evict-u = 0, 0, 0, 0
L2.evict-warmup = 4035, 0, 0, 0
L2.hits-prefetch = 0, 0, 0, 0
L2.hits-warmup = 55, 0, 0, 0
L2.invalidate-prefetch = 0, 0, 0, 0
L2.invalidate-warmup = 0, 0, 0, 0
L2.load-misses = 301132, 275752, 309829, 310612
L2.load-misses-E = 3, 5, 5, 3
L2.load-misses-I = 300705, 275530, 309293, 309342
L2.load-misses-M = 0, 0, 0, 0
L2.load-misses-O = 0, 0, 0, 0
L2.load-misses-S = 424, 217, 531, 1267
L2.load-misses-u = 0, 0, 0, 0
L2.load-overlapping-misses = 36, 269, 1655, 364
L2.loads = 779106, 759556, 871588, 769739
L2.loads-E = 13819, 10509, 9102, 9979
L2.loads-I = 300705, 275530, 309293, 309342
L2.loads-M = 420685, 428606, 516044, 398976
L2.loads-O = 0, 0, 0, 0
L2.loads-prefetch = 0, 0, 0, 0
L2.loads-S = 43897, 44911, 37149, 51442
L2.loads-u = 0, 0, 0, 0
L2.mshr-latency = 0, 0, 0, 0
L2.next_read.no-free-slots = 0, 0, 0, 0
L2.next_read.num-barriers = 0, 0, 0, 0
L2.next_read.num-requests = 0, 0, 0, 0
L2.next_read.requests-out-of-order = 0, 0, 0, 0
L2.next_read.requests-simultaneous = 0, 0, 0, 0
L2.next_read.total-barrier-delay = 0, 0, 0, 0
L2.next_read.total-delay = 0, 0, 0, 0
L2.prefetches = 0, 0, 0, 0
L2.qbs-query-latency = 0, 0, 0, 0
L2.snoop-latency = 0, 0, 0, 0
L2.store-misses = 135502, 72480, 100983, 134103
L2.store-misses-E = 54055, 56617, 61161, 53621
L2.store-misses-I = 80567, 15137, 38913, 78055
L2.store-misses-M = 0, 0, 0, 0
L2.store-misses-O = 0, 0, 0, 0
L2.store-misses-S = 880, 726, 909, 2427
L2.store-misses-u = 0, 0, 0, 0
L2.store-overlapping-misses = 175, 77, 284, 1482
L2.stores = 168223, 80889, 117266, 164716
L2.stores-E = 54055, 56617, 61161, 53621
L2.stores-I = 80567, 15137, 38913, 78055
L2.stores-M = 32721, 8409, 16283, 30613
L2.stores-O = 0, 0, 0, 0
L2.stores-prefetch = 0, 0, 0, 0
L2.stores-S = 880, 726, 909, 2427
L2.stores-u = 0, 0, 0, 0
L2.total-latency = 0, 0, 0, 0
L3.access-mru-0 = 278374, 0, 0, 0
L3.access-mru-1 = 217368, 0, 0, 0
L3.access-mru-10 = 14868, 0, 0, 0
L3.access-mru-11 = 16700, 0, 0, 0
L3.access-mru-12 = 17642, 0, 0, 0
L3.access-mru-13 = 15320, 0, 0, 0
L3.access-mru-14 = 15963, 0, 0, 0
L3.access-mru-15 = 14888, 0, 0, 0
L3.access-mru-2 = 137145, 0, 0, 0
L3.access-mru-3 = 74781, 0, 0, 0
L3.access-mru-4 = 41717, 0, 0, 0
L3.access-mru-5 = 28642, 0, 0, 0
L3.access-mru-6 = 20739, 0, 0, 0
L3.access-mru-7 = 17545, 0, 0, 0
L3.access-mru-8 = 15428, 0, 0, 0
L3.access-mru-9 = 13714, 0, 0, 0
L3.backinval-E = 0, 0, 0, 0
L3.backinval-I = 0, 0, 0, 0
L3.backinval-M = 0, 0, 0, 0
L3.backinval-O = 0, 0, 0, 0
L3.backinval-S = 0, 0, 0, 0
L3.backinval-u = 0, 0, 0, 0
L3.coherency-downgrades = 0, 0, 0, 0
L3.coherency-invalidates = 0, 0, 0, 0
L3.coherency-upgrades = 0, 0, 0, 0
L3.coherency-writebacks = 0, 0, 0, 0
L3.evict-E = 78384, 0, 0, 0
L3.evict-I = 0, 0, 0, 0
L3.evict-M = 395084, 0, 0, 0
L3.evict-O = 0, 0, 0, 0
L3.evict-prefetch = 0, 0, 0, 0
L3.evict-S = 0, 0, 0, 0
L3.evict-u = 0, 0, 0, 0
L3.evict-warmup = 124294, 0, 0, 0
L3.hits-prefetch = 0, 0, 0, 0
L3.hits-warmup = 4206, 1937, 308, 327
L3.invalidate-prefetch = 0, 0, 0, 0
L3.invalidate-warmup = 0, 0, 0, 0
L3.load-misses = 67928, 75236, 75080, 80019
L3.load-misses-E = 3, 5, 5, 3
L3.load-misses-I = 67925, 75231, 75075, 80016
L3.load-misses-M = 0, 0, 0, 0
L3.load-misses-O = 0, 0, 0, 0
L3.load-misses-S = 0, 0, 0, 0
L3.load-misses-u = 0, 0, 0, 0
L3.load-overlapping-misses = 2, 3, 3, 2
L3.loads = 301132, 275752, 309829, 310612
L3.loads-E = 47848, 37484, 28253, 31689
L3.loads-I = 67925, 75231, 75075, 80016
L3.loads-M = 185359, 163037, 206501, 198907
L3.loads-O = 0, 0, 0, 0
L3.loads-prefetch = 0, 0, 0, 0
L3.loads-S = 0, 0, 0, 0
L3.loads-u = 0, 0, 0, 0
L3.mshr-latency = 561813577979, 96925432185, 1075081840820, 142833125704
L3.next_read.no-free-slots = 0, 0, 0, 0
L3.next_read.num-barriers = 0, 0, 0, 0
L3.next_read.num-requests = 0, 0, 0, 0
L3.next_read.requests-out-of-order = 0, 0, 0, 0
L3.next_read.requests-simultaneous = 0, 0, 0, 0
L3.next_read.total-barrier-delay = 0, 0, 0, 0
L3.next_read.total-delay = 0, 0, 0, 0
L3.prefetches = 0, 0, 0, 0
L3.qbs-query-latency = 0, 0, 0, 0
L3.snoop-latency = 625073775300, 519510104100, 1398474283050, 1463699699550
L3.store-misses = 121295, 69293, 95769, 114939
L3.store-misses-E = 54069, 56635, 61169, 53628
L3.store-misses-I = 67226, 12657, 34600, 61311
L3.store-misses-M = 0, 1, 0, 0
L3.store-misses-O = 0, 0, 0, 0
L3.store-misses-S = 0, 0, 0, 0
L3.store-misses-u = 0, 0, 0, 0
L3.store-overlapping-misses = 49110, 50911, 54770, 48296
L3.stores = 135502, 72480, 100983, 134103
L3.stores-E = 54069, 56635, 61169, 53628
L3.stores-I = 67226, 12657, 34600, 61311
L3.stores-M = 14207, 3188, 5214, 19164
L3.stores-O = 0, 0, 0, 0
L3.stores-prefetch = 0, 0, 0, 0
L3.stores-S = 0, 0, 0, 0
L3.stores-u = 0, 0, 0, 0
L3.total-latency = 0, 0, 0, 0
L3.uncore-requests = 135087, 87677, 109500, 141204
L3.uncore-time-dram = 0, 0, 0, 0
L3.uncore-time-dram-bus = 1138685607012, 739053631852, 923005722000, 1190247488304
L3.uncore-time-dram-cache = 0, 0, 0, 0
L3.uncore-time-dram-cache-bus = 0, 0, 0, 0
L3.uncore-time-dram-cache-data = 0, 0, 0, 0
L3.uncore-time-dram-cache-queue = 0, 0, 0, 0
L3.uncore-time-dram-cache-tags = 0, 0, 0, 0
L3.uncore-time-dram-device = 6078915000000, 3945465000000, 4927500000000, 6354180000000
L3.uncore-time-dram-queue = 5858771356040007, 1340454583237941, 4274217231972870, 3790435369787172
L3.uncore-time-inv-imbalance = 0, 0, 0, 0
L3.uncore-time-noc-base = 0, 0, 0, 0
L3.uncore-time-noc-queue = 0, 0, 0, 0
L3.uncore-time-nuca-bus = 0, 0, 0, 0
L3.uncore-time-nuca-data = 0, 0, 0, 0
L3.uncore-time-nuca-queue = 0, 0, 0, 0
L3.uncore-time-nuca-tags = 0, 0, 0, 0
L3.uncore-time-pending-hit = 2293227900, 1936085850, 3834577800, 3364654050
L3.uncore-time-remote-cache-fwd = 0, 0, 0, 0
L3.uncore-time-remote-cache-inv = 0, 0, 0, 0
L3.uncore-time-remote-cache-wb = 0, 0, 0, 0
L3.uncore-time-td-access = 507844716930, 329612037030, 411653205000, 530840905560
L3.uncore-time-unknown = 0, 0, 0, 0
L3.uncore-totaltime = 5866499094591849, 1345470649992673, 4280483225477670, 3798514002835086
ncores = 4
network.shmem-1.bus.num-bytes = 0, 0, 0, 0
network.shmem-1.bus.num-packets = 0, 0, 0, 0
network.shmem-1.bus.num-packets-delayed = 0, 0, 0, 0
network.shmem-1.bus.time-used = 0, 0, 0, 0
network.shmem-1.bus.total-delay = 0, 0, 0, 0
performance_model.cpiDTLBMiss = 0, 0, 0, 0
performance_model.cpiFastforwardTime = 0, 0, 0, 0
performance_model.cpiITLBMiss = 0, 0, 0, 0
performance_model.cpiRecv = 0, 0, 0, 0
performance_model.cpiStartTime = 0, 158205789063014, 158207802216359, 158208037554173
performance_model.cpiSyncDvfsTransition = 0, 0, 0, 0
performance_model.cpiSyncFutex = 1108536245887, 15472550803, 1116179461696, 370479643222
performance_model.cpiSyncJoin = 0, 0, 0, 0
performance_model.cpiSyncMemAccess = 0, 0, 0, 0
performance_model.cpiSyncPause = 0, 0, 0, 0
performance_model.cpiSyncPthreadBarrier = 0, 0, 0, 0
performance_model.cpiSyncPthreadCond = 0, 0, 0, 0
performance_model.cpiSyncPthreadMutex = 0, 0, 0, 0
performance_model.cpiSyncSleep = 0, 0, 0, 0
performance_model.cpiSyncSyscall = 0, 0, 0, 0
performance_model.cpiSyncUnscheduled = 0, 0, 0, 0
performance_model.cpiUnknown = 60902118, 0, 0, 0
performance_model.cycle_count = 94175197.4863, 94175197.4863, 94175197.4863, 94175197.4863
performance_model.dyninsn_cost = 0, 0, 0, 0
performance_model.dyninsn_count = 0, 0, 0, 0
performance_model.dyninsn_zero_count = 0, 0, 0, 0
performance_model.elapsed_time = 35404209581323, 35404209581323, 35404209581323, 35404209581323
performance_model.elapsed_time_begin = 158196060513572, 0, 0, 0
performance_model.elapsed_time_end = 193599941432256, 193594670391537, 193594371520032, 193593970393119
performance_model.idle_elapsed_time = 1108864908526, 30800803603, 1133819739346, 388756385599
performance_model.instruction_count = 162956427, 172739719, 166174986, 167305058
performance_model.nonidle_elapsed_time = 34295344672797, 35373408777720, 34270389841977, 35015453195724
power.BUSES.Area = 1.3377
power.BUSES.Bus/Area = 1.3377
power.BUSES.Bus/Gate Leakage = 0.00666015
power.BUSES.Bus/Peak Dynamic = 0.0
power.BUSES.Bus/Runtime Dynamic = 0.0
power.BUSES.Bus/Subthreshold Leakage = 0.0694515
power.BUSES.Bus/Subthreshold Leakage with power gating = 0.0260443
power.BUSES.Gate Leakage = 0.00666015
power.BUSES.Peak Dynamic = 0.0
power.BUSES.Runtime Dynamic = 0.0
power.BUSES.Subthreshold Leakage = 0.0694515
power.BUSES.Subthreshold Leakage with power gating = 0.0260443
power.Core = {'Instruction Fetch Unit/Subthreshold Leakage with power gating': 0.408542, 'Execution Unit/Register Files/Floating Point RF/Subthreshold Leakage': 0.00399698, 'Instruction Fetch Unit/Instruction Decoder/Runtime Dynamic': 0.594393, 'Load Store Unit/Data Cache/Subthreshold Leakage with power gating': 0.25085, 'Instruction Fetch Unit/Instruction Cache/Gate Leakage': 0.029931, 'Load Store Unit/Subthreshold Leakage with power gating': 0.283406, 'Execution Unit/Instruction Scheduler/Area': 2.17927, 'Execution Unit/Instruction Scheduler/Instruction Window/Subthreshold Leakage': 0.0800117, 'Execution Unit/Floating Point Units/Gate Leakage': 0.0656156, 'Subthreshold Leakage': 6.21877, 'Renaming Unit/Free List/Runtime Dynamic': 0.0485829, 'Execution Unit/Complex ALUs/Gate Leakage': 0.0132646, 'Memory Management Unit/Gate Leakage': 0.00813591, 'Execution Unit/Instruction Scheduler/Instruction Window/Runtime Dynamic': 1.17583, 'Instruction Fetch Unit/Branch Predictor/Chooser/Subthreshold Leakage': 0.00759719, 'Load Store Unit/LoadQ/Subthreshold Leakage with power gating': 0.00536918, 'Execution Unit/Instruction Scheduler/ROB/Subthreshold Leakage with power gating': 0.00897339, 'Instruction Fetch Unit/Instruction Buffer/Peak Dynamic': 0.606827, 'Execution Unit/Results Broadcast Bus/Subthreshold Leakage with power gating': 0.0345155, 'Instruction Fetch Unit/Instruction Decoder/Subthreshold Leakage': 0.442943, 'Execution Unit/Floating Point Units/Area': 4.6585, 'Execution Unit/Gate Leakage': 0.122718, 'L2/Area': 4.53318, 'Instruction Fetch Unit/Branch Predictor/L2_Local Predictor/Area': 0.0151917, 'Execution Unit/Register Files/Floating Point RF/Area': 0.208131, 'Execution Unit/Instruction Scheduler/Subthreshold Leakage': 0.114878, 'Load Store Unit/Data Cache/Runtime Dynamic': 2.31038, 'Instruction Fetch Unit/Branch Predictor/L2_Local Predictor/Subthreshold Leakage': 0.00181347, 'Memory Management Unit/Dtlb/Subthreshold Leakage': 0.0155699, 'Renaming Unit/FP Front End RAT/Peak Dynamic': 3.33511, 'Execution Unit/Runtime Dynamic': 6.52628, 'Instruction Fetch Unit/Branch Predictor/Global Predictor/Subthreshold Leakage with power gating': 0.0039236, 'Execution Unit/Instruction Scheduler/Instruction Window/Gate Leakage': 0.00529112, 'Renaming Unit/FP Front End RAT/Runtime Dynamic': 1.15191, 'Instruction Fetch Unit/Branch Predictor/Global Predictor/Area': 0.0435221, 'Execution Unit/Instruction Scheduler/FP Instruction Window/Runtime Dynamic': 0.679026, 'Renaming Unit/Peak Dynamic': 4.56169, 'Execution Unit/Integer ALUs/Subthreshold Leakage with power gating': 0.150833, 'L2/Peak Dynamic': 0.0511933, 'Execution Unit/Peak Dynamic': 8.81294, 'Runtime Dynamic': 12.7177, 'L2/Subthreshold Leakage with power gating': 0.401066, 'Execution Unit/Register Files/Integer RF/Area': 0.362673, 'Load Store Unit/StoreQ/Peak Dynamic': 0.381107, 'Instruction Fetch Unit/Branch Predictor/Global Predictor/Runtime Dynamic': 0.00138262, 'Gate Leakage': 0.372997, 'Subthreshold Leakage with power gating': 2.58311, 'Instruction Fetch Unit/Gate Leakage': 0.0590479, 'Execution Unit/Register Files/Runtime Dynamic': 0.20666, 'Memory Management Unit/Dtlb/Gate Leakage': 0.00088729, 'Execution Unit/Register Files/Gate Leakage': 0.000622708, 'Load Store Unit/LoadQ/Peak Dynamic': 0.154555, 'Instruction Fetch Unit/Branch Predictor/Chooser/Runtime Dynamic': 0.00138262, 'Load Store Unit/Data Cache/Peak Dynamic': 6.01437, 'Execution Unit/Results Broadcast Bus/Area Overhead': 0.0442632, 'Instruction Fetch Unit/Branch Predictor/L1_Local Predictor/Area': 0.0257064, 'Renaming Unit/Free List/Subthreshold Leakage with power gating': 0.000377987, 'Execution Unit/Instruction Scheduler/ROB/Runtime Dynamic': 0.715866, 'Execution Unit/Instruction Scheduler/FP Instruction Window/Subthreshold Leakage with power gating': 0.00962066, 'Instruction Fetch Unit/Branch Predictor/RAS/Subthreshold Leakage with power gating': 0.000494733, 'Instruction Fetch Unit/Branch Target Buffer/Subthreshold Leakage': 0.0811682, 'Load Store Unit/Runtime Dynamic': 3.22715, 'Execution Unit/Area': 8.2042, 'Execution Unit/Floating Point Units/Subthreshold Leakage with power gating': 0.373061, 'Load Store Unit/StoreQ/Gate Leakage': 0.00329971, 'Instruction Fetch Unit/Branch Predictor/L1_Local Predictor/Subthreshold Leakage': 0.00384344, 'Instruction Fetch Unit/Branch Predictor/L1_Local Predictor/Runtime Dynamic': 0.00121458, 'Renaming Unit/Int Front End RAT/Subthreshold Leakage': 0.00611897, 'Instruction Fetch Unit/Branch Predictor/RAS/Area': 0.0105732, 'Instruction Fetch Unit/Runtime Dynamic': 1.21426, 'Load Store Unit/LoadQ/Area': 0.0836782, 'Load Store Unit/StoreQ/Area': 0.322079, 'Instruction Fetch Unit/Branch Target Buffer/Area': 0.64954, 'Execution Unit/Instruction Scheduler/FP Instruction Window/Gate Leakage': 0.00115349, 'Peak Dynamic': 29.9341, 'Renaming Unit/Runtime Dynamic': 1.5305, 'Execution Unit/Register Files/Floating Point RF/Peak Dynamic': 0.330177, 'Load Store Unit/StoreQ/Runtime Dynamic': 0.762214, 'Memory Management Unit/Itlb/Subthreshold Leakage': 0.0413758, 'Execution Unit/Instruction Scheduler/Subthreshold Leakage with power gating': 0.0641291, 'Memory Management Unit/Subthreshold Leakage': 0.0769113, 'Instruction Fetch Unit/Instruction Cache/Area': 3.14635, 'Execution Unit/Instruction Scheduler/Gate Leakage': 0.00730101, 'Execution Unit/Register Files/Area': 0.570804, 'Execution Unit/Floating Point Units/Peak Dynamic': 1.7477, 'Execution Unit/Instruction Scheduler/FP Instruction Window/Subthreshold Leakage': 0.017004, 'Load Store Unit/StoreQ/Subthreshold Leakage': 0.0345621, 'Renaming Unit/Gate Leakage': 0.00863632, 'Instruction Fetch Unit/Branch Predictor/Chooser/Peak Dynamic': 0.0168831, 'Renaming Unit/Int Front End RAT/Gate Leakage': 0.00038343, 'Execution Unit/Register Files/Integer RF/Subthreshold Leakage': 0.00614175, 'Renaming Unit/Free List/Subthreshold Leakage': 0.000670426, 'Memory Management Unit/Itlb/Runtime Dynamic': 0.0694741, 'Execution Unit/Complex ALUs/Peak Dynamic': 0.322039, 'Execution Unit/Integer ALUs/Peak Dynamic': 0.403241, 'Memory Management Unit/Runtime Dynamic': 0.205482, 'Instruction Fetch Unit/Instruction Decoder/Subthreshold Leakage with power gating': 0.166104, 'Memory Management Unit/Dtlb/Runtime Dynamic': 0.136008, 'Execution Unit/Instruction Scheduler/ROB/Subthreshold Leakage': 0.0178624, 'Instruction Fetch Unit/Branch Predictor/Global Predictor/Gate Leakage': 0.000278362, 'Renaming Unit/FP Front End RAT/Subthreshold Leakage': 0.0437281, 'Instruction Fetch Unit/Instruction Buffer/Gate Leakage': 6.83558e-05, 'Execution Unit/Subthreshold Leakage': 1.83518, 'Execution Unit/Complex ALUs/Subthreshold Leakage': 0.20111, 'Instruction Fetch Unit/Branch Predictor/Gate Leakage': 0.000757657, 'Instruction Fetch Unit/Branch Predictor/RAS/Peak Dynamic': 0.0117602, 'Instruction Fetch Unit/Branch Predictor/L2_Local Predictor/Subthreshold Leakage with power gating': 0.000957045, 'Execution Unit/Results Broadcast Bus/Gate Leakage': 0.00607074, 'Instruction Fetch Unit/Peak Dynamic': 8.96874, 'Instruction Fetch Unit/Branch Predictor/L2_Local Predictor/Runtime Dynamic': 0.000475827, 'Execution Unit/Integer ALUs/Area': 0.47087, 'Execution Unit/Instruction Scheduler/ROB/Area': 0.841232, 'Instruction Fetch Unit/Instruction Cache/Subthreshold Leakage': 0.367022, 'Load Store Unit/LoadQ/Subthreshold Leakage': 0.00941961, 'Instruction Fetch Unit/Branch Predictor/Area': 0.138516, 'Instruction Fetch Unit/Branch Predictor/Global Predictor/Subthreshold Leakage': 0.00759719, 'Renaming Unit/Free List/Peak Dynamic': 0.0401324, 'Renaming Unit/Int Front End RAT/Area': 0.114751, 'Execution Unit/Instruction Scheduler/Instruction Window/Peak Dynamic': 2.07911, 'Execution Unit/Register Files/Floating Point RF/Gate Leakage': 0.000232788, 'Renaming Unit/Int Front End RAT/Runtime Dynamic': 0.330007, 'Load Store Unit/Subthreshold Leakage': 0.591622, 'Memory Management Unit/Dtlb/Peak Dynamic': 0.135256, 'Execution Unit/Register Files/Subthreshold Leakage with power gating': 0.00423643, 'Instruction Fetch Unit/Branch Target Buffer/Runtime Dynamic': 0.0128878, 'Instruction Fetch Unit/Branch Predictor/RAS/Gate Leakage': 4.63858e-05, 'Renaming Unit/Int Front End RAT/Subthreshold Leakage with power gating': 0.00348781, 'Memory Management Unit/Itlb/Gate Leakage': 0.00393464, 'Execution Unit/Instruction Scheduler/FP Instruction Window/Area': 0.328073, 'Load Store Unit/Data Cache/Area': 6.84535, 'Execution Unit/Instruction Scheduler/ROB/Gate Leakage': 0.000856399, 'Instruction Fetch Unit/Branch Predictor/L1_Local Predictor/Subthreshold Leakage with power gating': 0.00198631, 'Instruction Fetch Unit/Branch Predictor/L2_Local Predictor/Gate Leakage': 8.00196e-05, 'Execution Unit/Integer ALUs/Gate Leakage': 0.0265291, 'Instruction Fetch Unit/Branch Predictor/RAS/Runtime Dynamic': 0.00261509, 'Memory Management Unit/Itlb/Peak Dynamic': 0.399995, 'Load Store Unit/Gate Leakage': 0.0351387, 'Instruction Fetch Unit/Branch Target Buffer/Subthreshold Leakage with power gating': 0.0435357, 'Execution Unit/Complex ALUs/Area': 0.235435, 'Instruction Fetch Unit/Branch Predictor/Chooser/Subthreshold Leakage with power gating': 0.0039236, 'Execution Unit/Instruction Scheduler/FP Instruction Window/Peak Dynamic': 1.20978, 'Execution Unit/Register Files/Integer RF/Subthreshold Leakage with power gating': 0.00246675, 'Instruction Fetch Unit/Branch Target Buffer/Gate Leakage': 0.00272758, 'Renaming Unit/FP Front End RAT/Area': 0.168486, 'Renaming Unit/FP Front End RAT/Subthreshold Leakage with power gating': 0.024925, 'L2/Subthreshold Leakage': 0.834142, 'Load Store Unit/Data Cache/Subthreshold Leakage': 0.527675, 'Renaming Unit/Int Front End RAT/Peak Dynamic': 0.86945, 'Execution Unit/Integer ALUs/Subthreshold Leakage': 0.40222, 'Instruction Fetch Unit/Branch Predictor/L2_Local Predictor/Peak Dynamic': 0.00527447, 'Instruction Fetch Unit/Branch Predictor/RAS/Subthreshold Leakage': 0.000932505, 'Instruction Fetch Unit/Instruction Buffer/Area': 0.0226323, 'Instruction Fetch Unit/Instruction Cache/Subthreshold Leakage with power gating': 0.180386, 'Memory Management Unit/Dtlb/Area': 0.0879726, 'Instruction Fetch Unit/Instruction Decoder/Area': 1.85799, 'Execution Unit/Register Files/Peak Dynamic': 0.628393, 'Execution Unit/Instruction Scheduler/Peak Dynamic': 4.84781, 'Load Store Unit/LoadQ/Gate Leakage': 0.00059896, 'Instruction Fetch Unit/Area': 5.86007, 'Execution Unit/Complex ALUs/Subthreshold Leakage with power gating': 0.0754163, 'Execution Unit/Floating Point Units/Runtime Dynamic': 1.07287, 'Renaming Unit/FP Front End RAT/Gate Leakage': 0.00489731, 'Instruction Fetch Unit/Instruction Cache/Runtime Dynamic': 0.425381, 'Memory Management Unit/Itlb/Subthreshold Leakage with power gating': 0.0235842, 'Memory Management Unit/Area': 0.434579, 'Instruction Fetch Unit/Instruction Buffer/Subthreshold Leakage with power gating': 0.000701682, 'Execution Unit/Instruction Scheduler/Instruction Window/Subthreshold Leakage with power gating': 0.0455351, 'Renaming Unit/Area': 0.369768, 'Memory Management Unit/Subthreshold Leakage with power gating': 0.0399462, 'Instruction Fetch Unit/Branch Predictor/Subthreshold Leakage with power gating': 0.0103282, 'Instruction Fetch Unit/Instruction Buffer/Subthreshold Leakage': 0.00151885, 'Instruction Fetch Unit/Branch Predictor/Runtime Dynamic': 0.00659491, 'Instruction Fetch Unit/Branch Predictor/Chooser/Gate Leakage': 0.000278362, 'Execution Unit/Instruction Scheduler/Runtime Dynamic': 2.57072, 'Area': 32.6082, 'Memory Management Unit/Peak Dynamic': 0.792325, 'L2/Runtime Dynamic': 0.014031, 'Execution Unit/Register Files/Floating Point RF/Subthreshold Leakage with power gating': 0.00176968, 'Execution Unit/Floating Point Units/Subthreshold Leakage': 0.994829, 'Instruction Fetch Unit/Branch Predictor/L1_Local Predictor/Peak Dynamic': 0.0142575, 'Execution Unit/Complex ALUs/Runtime Dynamic': 0.455632, 'Instruction Fetch Unit/Instruction Decoder/Gate Leakage': 0.0222493, 'Instruction Fetch Unit/Branch Predictor/Subthreshold Leakage': 0.0199703, 'Execution Unit/Register Files/Integer RF/Runtime Dynamic': 0.182045, 'Execution Unit/Results Broadcast Bus/Subthreshold Leakage': 0.0920413, 'Load Store Unit/Area': 8.80969, 'Renaming Unit/Subthreshold Leakage': 0.070483, 'Execution Unit/Results Broadcast Bus/Peak Dynamic': 0.808837, 'Load Store Unit/Peak Dynamic': 6.74718, 'Instruction Fetch Unit/Subthreshold Leakage': 0.932587, 'Execution Unit/Instruction Scheduler/ROB/Peak Dynamic': 1.55892, 'Execution Unit/Integer ALUs/Runtime Dynamic': 0.499647, 'Execution Unit/Subthreshold Leakage with power gating': 0.709678, 'Instruction Fetch Unit/Branch Predictor/Global Predictor/Peak Dynamic': 0.0168831, 'Instruction Fetch Unit/Instruction Buffer/Runtime Dynamic': 0.175004, 'Memory Management Unit/Dtlb/Subthreshold Leakage with power gating': 0.00887485, 'Load Store Unit/Data Cache/Gate Leakage': 0.0279261, 'Renaming Unit/Free List/Area': 0.0414755, 'Load Store Unit/StoreQ/Subthreshold Leakage with power gating': 0.0197004, 'Execution Unit/Results Broadcast Bus/Runtime Dynamic': 1.72075, 'Execution Unit/Register Files/Subthreshold Leakage': 0.0101387, 'Execution Unit/Register Files/Integer RF/Peak Dynamic': 0.298216, 'Load Store Unit/LoadQ/Runtime Dynamic': 0.154555, 'Instruction Fetch Unit/Branch Target Buffer/Peak Dynamic': 0.177867, 'Instruction Fetch Unit/Instruction Cache/Peak Dynamic': 6.43323, 'Instruction Fetch Unit/Instruction Decoder/Peak Dynamic': 1.37404, 'Execution Unit/Register Files/Floating Point RF/Runtime Dynamic': 0.0246152, 'Renaming Unit/Subthreshold Leakage with power gating': 0.0362779, 'Execution Unit/Instruction Scheduler/Instruction Window/Area': 1.00996, 'Instruction Fetch Unit/Branch Predictor/Chooser/Area': 0.0435221, 'Memory Management Unit/Itlb/Area': 0.301552, 'Instruction Fetch Unit/Branch Predictor/L1_Local Predictor/Gate Leakage': 0.000154548, 'Instruction Fetch Unit/Branch Predictor/Peak Dynamic': 0.0597838, 'Execution Unit/Register Files/Integer RF/Gate Leakage': 0.00038992, 'Renaming Unit/Free List/Gate Leakage': 4.15911e-05, 'L2/Gate Leakage': 0.015464}, {'Instruction Fetch Unit/Subthreshold Leakage with power gating': 0.408542, 'Execution Unit/Register Files/Floating Point RF/Subthreshold Leakage': 0.00399698, 'Instruction Fetch Unit/Instruction Decoder/Runtime Dynamic': 0.630078, 'Load Store Unit/Data Cache/Subthreshold Leakage with power gating': 0.25085, 'Instruction Fetch Unit/Instruction Cache/Gate Leakage': 0.029931, 'Load Store Unit/Subthreshold Leakage with power gating': 0.283406, 'Execution Unit/Instruction Scheduler/Area': 2.17927, 'Execution Unit/Instruction Scheduler/Instruction Window/Subthreshold Leakage': 0.0800117, 'Execution Unit/Floating Point Units/Gate Leakage': 0.0656156, 'Subthreshold Leakage': 6.21877, 'Renaming Unit/Free List/Runtime Dynamic': 0.0512332, 'Execution Unit/Complex ALUs/Gate Leakage': 0.0132646, 'Memory Management Unit/Gate Leakage': 0.00813591, 'Execution Unit/Instruction Scheduler/Instruction Window/Runtime Dynamic': 1.24642, 'Instruction Fetch Unit/Branch Predictor/Chooser/Subthreshold Leakage': 0.00759719, 'Load Store Unit/LoadQ/Subthreshold Leakage with power gating': 0.00536918, 'Execution Unit/Instruction Scheduler/ROB/Subthreshold Leakage with power gating': 0.00897339, 'Instruction Fetch Unit/Instruction Buffer/Peak Dynamic': 0.606827, 'Execution Unit/Results Broadcast Bus/Subthreshold Leakage with power gating': 0.0345155, 'Instruction Fetch Unit/Instruction Decoder/Subthreshold Leakage': 0.442943, 'Execution Unit/Floating Point Units/Area': 4.6585, 'Execution Unit/Gate Leakage': 0.122718, 'L2/Area': 4.53318, 'Instruction Fetch Unit/Branch Predictor/L2_Local Predictor/Area': 0.0151917, 'Execution Unit/Register Files/Floating Point RF/Area': 0.208131, 'Execution Unit/Instruction Scheduler/Subthreshold Leakage': 0.114878, 'Load Store Unit/Data Cache/Runtime Dynamic': 2.37961, 'Instruction Fetch Unit/Branch Predictor/L2_Local Predictor/Subthreshold Leakage': 0.00181347, 'Memory Management Unit/Dtlb/Subthreshold Leakage': 0.0155699, 'Renaming Unit/FP Front End RAT/Peak Dynamic': 3.33511, 'Execution Unit/Runtime Dynamic': 6.8101, 'Instruction Fetch Unit/Branch Predictor/Global Predictor/Subthreshold Leakage with power gating': 0.0039236, 'Execution Unit/Instruction Scheduler/Instruction Window/Gate Leakage': 0.00529112, 'Renaming Unit/FP Front End RAT/Runtime Dynamic': 1.19892, 'Instruction Fetch Unit/Branch Predictor/Global Predictor/Area': 0.0435221, 'Execution Unit/Instruction Scheduler/FP Instruction Window/Runtime Dynamic': 0.719792, 'Renaming Unit/Peak Dynamic': 4.56169, 'Execution Unit/Integer ALUs/Subthreshold Leakage with power gating': 0.150833, 'L2/Peak Dynamic': 0.0454169, 'Execution Unit/Peak Dynamic': 9.00479, 'Runtime Dynamic': 13.328, 'L2/Subthreshold Leakage with power gating': 0.401066, 'Execution Unit/Register Files/Integer RF/Area': 0.362673, 'Load Store Unit/StoreQ/Peak Dynamic': 0.393953, 'Instruction Fetch Unit/Branch Predictor/Global Predictor/Runtime Dynamic': 0.0020206, 'Gate Leakage': 0.372997, 'Subthreshold Leakage with power gating': 2.58311, 'Instruction Fetch Unit/Gate Leakage': 0.0590479, 'Execution Unit/Register Files/Runtime Dynamic': 0.219067, 'Memory Management Unit/Dtlb/Gate Leakage': 0.00088729, 'Execution Unit/Register Files/Gate Leakage': 0.000622708, 'Load Store Unit/LoadQ/Peak Dynamic': 0.159765, 'Instruction Fetch Unit/Branch Predictor/Chooser/Runtime Dynamic': 0.0020206, 'Load Store Unit/Data Cache/Peak Dynamic': 6.17539, 'Execution Unit/Results Broadcast Bus/Area Overhead': 0.0442632, 'Instruction Fetch Unit/Branch Predictor/L1_Local Predictor/Area': 0.0257064, 'Renaming Unit/Free List/Subthreshold Leakage with power gating': 0.000377987, 'Execution Unit/Instruction Scheduler/ROB/Runtime Dynamic': 0.754818, 'Execution Unit/Instruction Scheduler/FP Instruction Window/Subthreshold Leakage with power gating': 0.00962066, 'Instruction Fetch Unit/Branch Predictor/RAS/Subthreshold Leakage with power gating': 0.000494733, 'Instruction Fetch Unit/Branch Target Buffer/Subthreshold Leakage': 0.0811682, 'Load Store Unit/Runtime Dynamic': 3.32728, 'Execution Unit/Area': 8.2042, 'Execution Unit/Floating Point Units/Subthreshold Leakage with power gating': 0.373061, 'Load Store Unit/StoreQ/Gate Leakage': 0.00329971, 'Instruction Fetch Unit/Branch Predictor/L1_Local Predictor/Subthreshold Leakage': 0.00384344, 'Instruction Fetch Unit/Branch Predictor/L1_Local Predictor/Runtime Dynamic': 0.00176265, 'Renaming Unit/Int Front End RAT/Subthreshold Leakage': 0.00611897, 'Instruction Fetch Unit/Branch Predictor/RAS/Area': 0.0105732, 'Instruction Fetch Unit/Runtime Dynamic': 1.35727, 'Load Store Unit/LoadQ/Area': 0.0836782, 'Load Store Unit/StoreQ/Area': 0.322079, 'Instruction Fetch Unit/Branch Target Buffer/Area': 0.64954, 'Execution Unit/Instruction Scheduler/FP Instruction Window/Gate Leakage': 0.00115349, 'Peak Dynamic': 30.3138, 'Renaming Unit/Runtime Dynamic': 1.59887, 'Execution Unit/Register Files/Floating Point RF/Peak Dynamic': 0.343652, 'Load Store Unit/StoreQ/Runtime Dynamic': 0.787905, 'Memory Management Unit/Itlb/Subthreshold Leakage': 0.0413758, 'Execution Unit/Instruction Scheduler/Subthreshold Leakage with power gating': 0.0641291, 'Memory Management Unit/Subthreshold Leakage': 0.0769113, 'Instruction Fetch Unit/Instruction Cache/Area': 3.14635, 'Execution Unit/Instruction Scheduler/Gate Leakage': 0.00730101, 'Execution Unit/Register Files/Area': 0.570804, 'Execution Unit/Floating Point Units/Peak Dynamic': 1.81902, 'Execution Unit/Instruction Scheduler/FP Instruction Window/Subthreshold Leakage': 0.017004, 'Load Store Unit/StoreQ/Subthreshold Leakage': 0.0345621, 'Renaming Unit/Gate Leakage': 0.00863632, 'Instruction Fetch Unit/Branch Predictor/Chooser/Peak Dynamic': 0.0168831, 'Renaming Unit/Int Front End RAT/Gate Leakage': 0.00038343, 'Execution Unit/Register Files/Integer RF/Subthreshold Leakage': 0.00614175, 'Renaming Unit/Free List/Subthreshold Leakage': 0.000670426, 'Memory Management Unit/Itlb/Runtime Dynamic': 0.0840154, 'Execution Unit/Complex ALUs/Peak Dynamic': 0.336295, 'Execution Unit/Integer ALUs/Peak Dynamic': 0.432603, 'Memory Management Unit/Runtime Dynamic': 0.224498, 'Instruction Fetch Unit/Instruction Decoder/Subthreshold Leakage with power gating': 0.166104, 'Memory Management Unit/Dtlb/Runtime Dynamic': 0.140483, 'Execution Unit/Instruction Scheduler/ROB/Subthreshold Leakage': 0.0178624, 'Instruction Fetch Unit/Branch Predictor/Global Predictor/Gate Leakage': 0.000278362, 'Renaming Unit/FP Front End RAT/Subthreshold Leakage': 0.0437281, 'Instruction Fetch Unit/Instruction Buffer/Gate Leakage': 6.83558e-05, 'Execution Unit/Subthreshold Leakage': 1.83518, 'Execution Unit/Complex ALUs/Subthreshold Leakage': 0.20111, 'Instruction Fetch Unit/Branch Predictor/Gate Leakage': 0.000757657, 'Instruction Fetch Unit/Branch Predictor/RAS/Peak Dynamic': 0.0117602, 'Instruction Fetch Unit/Branch Predictor/L2_Local Predictor/Subthreshold Leakage with power gating': 0.000957045, 'Execution Unit/Results Broadcast Bus/Gate Leakage': 0.00607074, 'Instruction Fetch Unit/Peak Dynamic': 8.96874, 'Instruction Fetch Unit/Branch Predictor/L2_Local Predictor/Runtime Dynamic': 0.000683831, 'Execution Unit/Integer ALUs/Area': 0.47087, 'Execution Unit/Instruction Scheduler/ROB/Area': 0.841232, 'Instruction Fetch Unit/Instruction Cache/Subthreshold Leakage': 0.367022, 'Load Store Unit/LoadQ/Subthreshold Leakage': 0.00941961, 'Instruction Fetch Unit/Branch Predictor/Area': 0.138516, 'Instruction Fetch Unit/Branch Predictor/Global Predictor/Subthreshold Leakage': 0.00759719, 'Renaming Unit/Free List/Peak Dynamic': 0.0401324, 'Renaming Unit/Int Front End RAT/Area': 0.114751, 'Execution Unit/Instruction Scheduler/Instruction Window/Peak Dynamic': 2.07911, 'Execution Unit/Register Files/Floating Point RF/Gate Leakage': 0.000232788, 'Renaming Unit/Int Front End RAT/Runtime Dynamic': 0.348714, 'Load Store Unit/Subthreshold Leakage': 0.591622, 'Memory Management Unit/Dtlb/Peak Dynamic': 0.139815, 'Execution Unit/Register Files/Subthreshold Leakage with power gating': 0.00423643, 'Instruction Fetch Unit/Branch Target Buffer/Runtime Dynamic': 0.0192766, 'Instruction Fetch Unit/Branch Predictor/RAS/Gate Leakage': 4.63858e-05, 'Renaming Unit/Int Front End RAT/Subthreshold Leakage with power gating': 0.00348781, 'Memory Management Unit/Itlb/Gate Leakage': 0.00393464, 'Execution Unit/Instruction Scheduler/FP Instruction Window/Area': 0.328073, 'Load Store Unit/Data Cache/Area': 6.84535, 'Execution Unit/Instruction Scheduler/ROB/Gate Leakage': 0.000856399, 'Instruction Fetch Unit/Branch Predictor/L1_Local Predictor/Subthreshold Leakage with power gating': 0.00198631, 'Instruction Fetch Unit/Branch Predictor/L2_Local Predictor/Gate Leakage': 8.00196e-05, 'Execution Unit/Integer ALUs/Gate Leakage': 0.0265291, 'Instruction Fetch Unit/Branch Predictor/RAS/Runtime Dynamic': 0.00277209, 'Memory Management Unit/Itlb/Peak Dynamic': 0.399995, 'Load Store Unit/Gate Leakage': 0.0351387, 'Instruction Fetch Unit/Branch Target Buffer/Subthreshold Leakage with power gating': 0.0435357, 'Execution Unit/Complex ALUs/Area': 0.235435, 'Instruction Fetch Unit/Branch Predictor/Chooser/Subthreshold Leakage with power gating': 0.0039236, 'Execution Unit/Instruction Scheduler/FP Instruction Window/Peak Dynamic': 1.20978, 'Execution Unit/Register Files/Integer RF/Subthreshold Leakage with power gating': 0.00246675, 'Instruction Fetch Unit/Branch Target Buffer/Gate Leakage': 0.00272758, 'Renaming Unit/FP Front End RAT/Area': 0.168486, 'Renaming Unit/FP Front End RAT/Subthreshold Leakage with power gating': 0.024925, 'L2/Subthreshold Leakage': 0.834142, 'Load Store Unit/Data Cache/Subthreshold Leakage': 0.527675, 'Renaming Unit/Int Front End RAT/Peak Dynamic': 0.86945, 'Execution Unit/Integer ALUs/Subthreshold Leakage': 0.40222, 'Instruction Fetch Unit/Branch Predictor/L2_Local Predictor/Peak Dynamic': 0.00527447, 'Instruction Fetch Unit/Branch Predictor/RAS/Subthreshold Leakage': 0.000932505, 'Instruction Fetch Unit/Instruction Buffer/Area': 0.0226323, 'Instruction Fetch Unit/Instruction Cache/Subthreshold Leakage with power gating': 0.180386, 'Memory Management Unit/Dtlb/Area': 0.0879726, 'Instruction Fetch Unit/Instruction Decoder/Area': 1.85799, 'Execution Unit/Register Files/Peak Dynamic': 0.658122, 'Execution Unit/Instruction Scheduler/Peak Dynamic': 4.84781, 'Load Store Unit/LoadQ/Gate Leakage': 0.00059896, 'Instruction Fetch Unit/Area': 5.86007, 'Execution Unit/Complex ALUs/Subthreshold Leakage with power gating': 0.0754163, 'Execution Unit/Floating Point Units/Runtime Dynamic': 1.10425, 'Renaming Unit/FP Front End RAT/Gate Leakage': 0.00489731, 'Instruction Fetch Unit/Instruction Cache/Runtime Dynamic': 0.513826, 'Memory Management Unit/Itlb/Subthreshold Leakage with power gating': 0.0235842, 'Memory Management Unit/Area': 0.434579, 'Instruction Fetch Unit/Instruction Buffer/Subthreshold Leakage with power gating': 0.000701682, 'Execution Unit/Instruction Scheduler/Instruction Window/Subthreshold Leakage with power gating': 0.0455351, 'Renaming Unit/Area': 0.369768, 'Memory Management Unit/Subthreshold Leakage with power gating': 0.0399462, 'Instruction Fetch Unit/Branch Predictor/Subthreshold Leakage with power gating': 0.0103282, 'Instruction Fetch Unit/Instruction Buffer/Subthreshold Leakage': 0.00151885, 'Instruction Fetch Unit/Branch Predictor/Runtime Dynamic': 0.00857594, 'Instruction Fetch Unit/Branch Predictor/Chooser/Gate Leakage': 0.000278362, 'Execution Unit/Instruction Scheduler/Runtime Dynamic': 2.72103, 'Area': 32.6082, 'Memory Management Unit/Peak Dynamic': 0.800207, 'L2/Runtime Dynamic': 0.00997706, 'Execution Unit/Register Files/Floating Point RF/Subthreshold Leakage with power gating': 0.00176968, 'Execution Unit/Floating Point Units/Subthreshold Leakage': 0.994829, 'Instruction Fetch Unit/Branch Predictor/L1_Local Predictor/Peak Dynamic': 0.0142575, 'Execution Unit/Complex ALUs/Runtime Dynamic': 0.46683, 'Instruction Fetch Unit/Instruction Decoder/Gate Leakage': 0.0222493, 'Instruction Fetch Unit/Branch Predictor/Subthreshold Leakage': 0.0199703, 'Execution Unit/Register Files/Integer RF/Runtime Dynamic': 0.192974, 'Execution Unit/Results Broadcast Bus/Subthreshold Leakage': 0.0920413, 'Load Store Unit/Area': 8.80969, 'Renaming Unit/Subthreshold Leakage': 0.070483, 'Execution Unit/Results Broadcast Bus/Peak Dynamic': 0.85202, 'Load Store Unit/Peak Dynamic': 6.93291, 'Instruction Fetch Unit/Subthreshold Leakage': 0.932587, 'Execution Unit/Instruction Scheduler/ROB/Peak Dynamic': 1.55892, 'Execution Unit/Integer ALUs/Runtime Dynamic': 0.512943, 'Execution Unit/Subthreshold Leakage with power gating': 0.709678, 'Instruction Fetch Unit/Branch Predictor/Global Predictor/Peak Dynamic': 0.0168831, 'Instruction Fetch Unit/Instruction Buffer/Runtime Dynamic': 0.185511, 'Memory Management Unit/Dtlb/Subthreshold Leakage with power gating': 0.00887485, 'Load Store Unit/Data Cache/Gate Leakage': 0.0279261, 'Renaming Unit/Free List/Area': 0.0414755, 'Load Store Unit/StoreQ/Subthreshold Leakage with power gating': 0.0197004, 'Execution Unit/Results Broadcast Bus/Runtime Dynamic': 1.78598, 'Execution Unit/Register Files/Subthreshold Leakage': 0.0101387, 'Execution Unit/Register Files/Integer RF/Peak Dynamic': 0.31447, 'Load Store Unit/LoadQ/Runtime Dynamic': 0.159765, 'Instruction Fetch Unit/Branch Target Buffer/Peak Dynamic': 0.177867, 'Instruction Fetch Unit/Instruction Cache/Peak Dynamic': 6.43323, 'Instruction Fetch Unit/Instruction Decoder/Peak Dynamic': 1.37404, 'Execution Unit/Register Files/Floating Point RF/Runtime Dynamic': 0.026093, 'Renaming Unit/Subthreshold Leakage with power gating': 0.0362779, 'Execution Unit/Instruction Scheduler/Instruction Window/Area': 1.00996, 'Instruction Fetch Unit/Branch Predictor/Chooser/Area': 0.0435221, 'Memory Management Unit/Itlb/Area': 0.301552, 'Instruction Fetch Unit/Branch Predictor/L1_Local Predictor/Gate Leakage': 0.000154548, 'Instruction Fetch Unit/Branch Predictor/Peak Dynamic': 0.0597838, 'Execution Unit/Register Files/Integer RF/Gate Leakage': 0.00038992, 'Renaming Unit/Free List/Gate Leakage': 4.15911e-05, 'L2/Gate Leakage': 0.015464}, {'Instruction Fetch Unit/Subthreshold Leakage with power gating': 0.408542, 'Execution Unit/Register Files/Floating Point RF/Subthreshold Leakage': 0.00399698, 'Instruction Fetch Unit/Instruction Decoder/Runtime Dynamic': 0.606133, 'Load Store Unit/Data Cache/Subthreshold Leakage with power gating': 0.25085, 'Instruction Fetch Unit/Instruction Cache/Gate Leakage': 0.029931, 'Load Store Unit/Subthreshold Leakage with power gating': 0.283406, 'Execution Unit/Instruction Scheduler/Area': 2.17927, 'Execution Unit/Instruction Scheduler/Instruction Window/Subthreshold Leakage': 0.0800117, 'Execution Unit/Floating Point Units/Gate Leakage': 0.0656156, 'Subthreshold Leakage': 6.21877, 'Renaming Unit/Free List/Runtime Dynamic': 0.0485755, 'Execution Unit/Complex ALUs/Gate Leakage': 0.0132646, 'Memory Management Unit/Gate Leakage': 0.00813591, 'Execution Unit/Instruction Scheduler/Instruction Window/Runtime Dynamic': 1.19905, 'Instruction Fetch Unit/Branch Predictor/Chooser/Subthreshold Leakage': 0.00759719, 'Load Store Unit/LoadQ/Subthreshold Leakage with power gating': 0.00536918, 'Execution Unit/Instruction Scheduler/ROB/Subthreshold Leakage with power gating': 0.00897339, 'Instruction Fetch Unit/Instruction Buffer/Peak Dynamic': 0.606827, 'Execution Unit/Results Broadcast Bus/Subthreshold Leakage with power gating': 0.0345155, 'Instruction Fetch Unit/Instruction Decoder/Subthreshold Leakage': 0.442943, 'Execution Unit/Floating Point Units/Area': 4.6585, 'Execution Unit/Gate Leakage': 0.122718, 'L2/Area': 4.53318, 'Instruction Fetch Unit/Branch Predictor/L2_Local Predictor/Area': 0.0151917, 'Execution Unit/Register Files/Floating Point RF/Area': 0.208131, 'Execution Unit/Instruction Scheduler/Subthreshold Leakage': 0.114878, 'Load Store Unit/Data Cache/Runtime Dynamic': 2.32793, 'Instruction Fetch Unit/Branch Predictor/L2_Local Predictor/Subthreshold Leakage': 0.00181347, 'Memory Management Unit/Dtlb/Subthreshold Leakage': 0.0155699, 'Renaming Unit/FP Front End RAT/Peak Dynamic': 3.33511, 'Execution Unit/Runtime Dynamic': 6.46915, 'Instruction Fetch Unit/Branch Predictor/Global Predictor/Subthreshold Leakage with power gating': 0.0039236, 'Execution Unit/Instruction Scheduler/Instruction Window/Gate Leakage': 0.00529112, 'Renaming Unit/FP Front End RAT/Runtime Dynamic': 1.09431, 'Instruction Fetch Unit/Branch Predictor/Global Predictor/Area': 0.0435221, 'Execution Unit/Instruction Scheduler/FP Instruction Window/Runtime Dynamic': 0.692437, 'Renaming Unit/Peak Dynamic': 4.56169, 'Execution Unit/Integer ALUs/Subthreshold Leakage with power gating': 0.150833, 'L2/Peak Dynamic': 0.0534377, 'Execution Unit/Peak Dynamic': 8.71331, 'Runtime Dynamic': 12.8265, 'L2/Subthreshold Leakage with power gating': 0.401066, 'Execution Unit/Register Files/Integer RF/Area': 0.362673, 'Load Store Unit/StoreQ/Peak Dynamic': 0.384787, 'Instruction Fetch Unit/Branch Predictor/Global Predictor/Runtime Dynamic': 0.00253505, 'Gate Leakage': 0.372997, 'Subthreshold Leakage with power gating': 2.58311, 'Instruction Fetch Unit/Gate Leakage': 0.0590479, 'Execution Unit/Register Files/Runtime Dynamic': 0.210742, 'Memory Management Unit/Dtlb/Gate Leakage': 0.00088729, 'Execution Unit/Register Files/Gate Leakage': 0.000622708, 'Load Store Unit/LoadQ/Peak Dynamic': 0.156048, 'Instruction Fetch Unit/Branch Predictor/Chooser/Runtime Dynamic': 0.00253505, 'Load Store Unit/Data Cache/Peak Dynamic': 6.06049, 'Execution Unit/Results Broadcast Bus/Area Overhead': 0.0442632, 'Instruction Fetch Unit/Branch Predictor/L1_Local Predictor/Area': 0.0257064, 'Renaming Unit/Free List/Subthreshold Leakage with power gating': 0.000377987, 'Execution Unit/Instruction Scheduler/ROB/Runtime Dynamic': 0.723938, 'Execution Unit/Instruction Scheduler/FP Instruction Window/Subthreshold Leakage with power gating': 0.00962066, 'Instruction Fetch Unit/Branch Predictor/RAS/Subthreshold Leakage with power gating': 0.000494733, 'Instruction Fetch Unit/Branch Target Buffer/Subthreshold Leakage': 0.0811682, 'Load Store Unit/Runtime Dynamic': 3.25355, 'Execution Unit/Area': 8.2042, 'Execution Unit/Floating Point Units/Subthreshold Leakage with power gating': 0.373061, 'Load Store Unit/StoreQ/Gate Leakage': 0.00329971, 'Instruction Fetch Unit/Branch Predictor/L1_Local Predictor/Subthreshold Leakage': 0.00384344, 'Instruction Fetch Unit/Branch Predictor/L1_Local Predictor/Runtime Dynamic': 0.00220658, 'Renaming Unit/Int Front End RAT/Subthreshold Leakage': 0.00611897, 'Instruction Fetch Unit/Branch Predictor/RAS/Area': 0.0105732, 'Instruction Fetch Unit/Runtime Dynamic': 1.38302, 'Load Store Unit/LoadQ/Area': 0.0836782, 'Load Store Unit/StoreQ/Area': 0.322079, 'Instruction Fetch Unit/Branch Target Buffer/Area': 0.64954, 'Execution Unit/Instruction Scheduler/FP Instruction Window/Gate Leakage': 0.00115349, 'Peak Dynamic': 29.8921, 'Renaming Unit/Runtime Dynamic': 1.47851, 'Execution Unit/Register Files/Floating Point RF/Peak Dynamic': 0.313666, 'Load Store Unit/StoreQ/Runtime Dynamic': 0.769574, 'Memory Management Unit/Itlb/Subthreshold Leakage': 0.0413758, 'Execution Unit/Instruction Scheduler/Subthreshold Leakage with power gating': 0.0641291, 'Memory Management Unit/Subthreshold Leakage': 0.0769113, 'Instruction Fetch Unit/Instruction Cache/Area': 3.14635, 'Execution Unit/Instruction Scheduler/Gate Leakage': 0.00730101, 'Execution Unit/Register Files/Area': 0.570804, 'Execution Unit/Floating Point Units/Peak Dynamic': 1.6603, 'Execution Unit/Instruction Scheduler/FP Instruction Window/Subthreshold Leakage': 0.017004, 'Load Store Unit/StoreQ/Subthreshold Leakage': 0.0345621, 'Renaming Unit/Gate Leakage': 0.00863632, 'Instruction Fetch Unit/Branch Predictor/Chooser/Peak Dynamic': 0.0168831, 'Renaming Unit/Int Front End RAT/Gate Leakage': 0.00038343, 'Execution Unit/Register Files/Integer RF/Subthreshold Leakage': 0.00614175, 'Renaming Unit/Free List/Subthreshold Leakage': 0.000670426, 'Memory Management Unit/Itlb/Runtime Dynamic': 0.0922752, 'Execution Unit/Complex ALUs/Peak Dynamic': 0.306853, 'Execution Unit/Integer ALUs/Peak Dynamic': 0.429898, 'Memory Management Unit/Runtime Dynamic': 0.229626, 'Instruction Fetch Unit/Instruction Decoder/Subthreshold Leakage with power gating': 0.166104, 'Memory Management Unit/Dtlb/Runtime Dynamic': 0.137351, 'Execution Unit/Instruction Scheduler/ROB/Subthreshold Leakage': 0.0178624, 'Instruction Fetch Unit/Branch Predictor/Global Predictor/Gate Leakage': 0.000278362, 'Renaming Unit/FP Front End RAT/Subthreshold Leakage': 0.0437281, 'Instruction Fetch Unit/Instruction Buffer/Gate Leakage': 6.83558e-05, 'Execution Unit/Subthreshold Leakage': 1.83518, 'Execution Unit/Complex ALUs/Subthreshold Leakage': 0.20111, 'Instruction Fetch Unit/Branch Predictor/Gate Leakage': 0.000757657, 'Instruction Fetch Unit/Branch Predictor/RAS/Peak Dynamic': 0.0117602, 'Instruction Fetch Unit/Branch Predictor/L2_Local Predictor/Subthreshold Leakage with power gating': 0.000957045, 'Execution Unit/Results Broadcast Bus/Gate Leakage': 0.00607074, 'Instruction Fetch Unit/Peak Dynamic': 8.96874, 'Instruction Fetch Unit/Branch Predictor/L2_Local Predictor/Runtime Dynamic': 0.000853409, 'Execution Unit/Integer ALUs/Area': 0.47087, 'Execution Unit/Instruction Scheduler/ROB/Area': 0.841232, 'Instruction Fetch Unit/Instruction Cache/Subthreshold Leakage': 0.367022, 'Load Store Unit/LoadQ/Subthreshold Leakage': 0.00941961, 'Instruction Fetch Unit/Branch Predictor/Area': 0.138516, 'Instruction Fetch Unit/Branch Predictor/Global Predictor/Subthreshold Leakage': 0.00759719, 'Renaming Unit/Free List/Peak Dynamic': 0.0401324, 'Renaming Unit/Int Front End RAT/Area': 0.114751, 'Execution Unit/Instruction Scheduler/Instruction Window/Peak Dynamic': 2.07911, 'Execution Unit/Register Files/Floating Point RF/Gate Leakage': 0.000232788, 'Renaming Unit/Int Front End RAT/Runtime Dynamic': 0.335627, 'Load Store Unit/Subthreshold Leakage': 0.591622, 'Memory Management Unit/Dtlb/Peak Dynamic': 0.136562, 'Execution Unit/Register Files/Subthreshold Leakage with power gating': 0.00423643, 'Instruction Fetch Unit/Branch Target Buffer/Runtime Dynamic': 0.0243576, 'Instruction Fetch Unit/Branch Predictor/RAS/Gate Leakage': 4.63858e-05, 'Renaming Unit/Int Front End RAT/Subthreshold Leakage with power gating': 0.00348781, 'Memory Management Unit/Itlb/Gate Leakage': 0.00393464, 'Execution Unit/Instruction Scheduler/FP Instruction Window/Area': 0.328073, 'Load Store Unit/Data Cache/Area': 6.84535, 'Execution Unit/Instruction Scheduler/ROB/Gate Leakage': 0.000856399, 'Instruction Fetch Unit/Branch Predictor/L1_Local Predictor/Subthreshold Leakage with power gating': 0.00198631, 'Instruction Fetch Unit/Branch Predictor/L2_Local Predictor/Gate Leakage': 8.00196e-05, 'Execution Unit/Integer ALUs/Gate Leakage': 0.0265291, 'Instruction Fetch Unit/Branch Predictor/RAS/Runtime Dynamic': 0.00266674, 'Memory Management Unit/Itlb/Peak Dynamic': 0.399995, 'Load Store Unit/Gate Leakage': 0.0351387, 'Instruction Fetch Unit/Branch Target Buffer/Subthreshold Leakage with power gating': 0.0435357, 'Execution Unit/Complex ALUs/Area': 0.235435, 'Instruction Fetch Unit/Branch Predictor/Chooser/Subthreshold Leakage with power gating': 0.0039236, 'Execution Unit/Instruction Scheduler/FP Instruction Window/Peak Dynamic': 1.20978, 'Execution Unit/Register Files/Integer RF/Subthreshold Leakage with power gating': 0.00246675, 'Instruction Fetch Unit/Branch Target Buffer/Gate Leakage': 0.00272758, 'Renaming Unit/FP Front End RAT/Area': 0.168486, 'Renaming Unit/FP Front End RAT/Subthreshold Leakage with power gating': 0.024925, 'L2/Subthreshold Leakage': 0.834142, 'Load Store Unit/Data Cache/Subthreshold Leakage': 0.527675, 'Renaming Unit/Int Front End RAT/Peak Dynamic': 0.86945, 'Execution Unit/Integer ALUs/Subthreshold Leakage': 0.40222, 'Instruction Fetch Unit/Branch Predictor/L2_Local Predictor/Peak Dynamic': 0.00527447, 'Instruction Fetch Unit/Branch Predictor/RAS/Subthreshold Leakage': 0.000932505, 'Instruction Fetch Unit/Instruction Buffer/Area': 0.0226323, 'Instruction Fetch Unit/Instruction Cache/Subthreshold Leakage with power gating': 0.180386, 'Memory Management Unit/Dtlb/Area': 0.0879726, 'Instruction Fetch Unit/Instruction Decoder/Area': 1.85799, 'Execution Unit/Register Files/Peak Dynamic': 0.609931, 'Execution Unit/Instruction Scheduler/Peak Dynamic': 4.84781, 'Load Store Unit/LoadQ/Gate Leakage': 0.00059896, 'Instruction Fetch Unit/Area': 5.86007, 'Execution Unit/Complex ALUs/Subthreshold Leakage with power gating': 0.0754163, 'Execution Unit/Floating Point Units/Runtime Dynamic': 1.03442, 'Renaming Unit/FP Front End RAT/Gate Leakage': 0.00489731, 'Instruction Fetch Unit/Instruction Cache/Runtime Dynamic': 0.56413, 'Memory Management Unit/Itlb/Subthreshold Leakage with power gating': 0.0235842, 'Memory Management Unit/Area': 0.434579, 'Instruction Fetch Unit/Instruction Buffer/Subthreshold Leakage with power gating': 0.000701682, 'Execution Unit/Instruction Scheduler/Instruction Window/Subthreshold Leakage with power gating': 0.0455351, 'Renaming Unit/Area': 0.369768, 'Memory Management Unit/Subthreshold Leakage with power gating': 0.0399462, 'Instruction Fetch Unit/Branch Predictor/Subthreshold Leakage with power gating': 0.0103282, 'Instruction Fetch Unit/Instruction Buffer/Subthreshold Leakage': 0.00151885, 'Instruction Fetch Unit/Branch Predictor/Runtime Dynamic': 0.00994341, 'Instruction Fetch Unit/Branch Predictor/Chooser/Gate Leakage': 0.000278362, 'Execution Unit/Instruction Scheduler/Runtime Dynamic': 2.61543, 'Area': 32.6082, 'Memory Management Unit/Peak Dynamic': 0.794583, 'L2/Runtime Dynamic': 0.0126792, 'Execution Unit/Register Files/Floating Point RF/Subthreshold Leakage with power gating': 0.00176968, 'Execution Unit/Floating Point Units/Subthreshold Leakage': 0.994829, 'Instruction Fetch Unit/Branch Predictor/L1_Local Predictor/Peak Dynamic': 0.0142575, 'Execution Unit/Complex ALUs/Runtime Dynamic': 0.443704, 'Instruction Fetch Unit/Instruction Decoder/Gate Leakage': 0.0222493, 'Instruction Fetch Unit/Branch Predictor/Subthreshold Leakage': 0.0199703, 'Execution Unit/Register Files/Integer RF/Runtime Dynamic': 0.18564, 'Execution Unit/Results Broadcast Bus/Subthreshold Leakage': 0.0920413, 'Load Store Unit/Area': 8.80969, 'Renaming Unit/Subthreshold Leakage': 0.070483, 'Execution Unit/Results Broadcast Bus/Peak Dynamic': 0.799965, 'Load Store Unit/Peak Dynamic': 6.80039, 'Instruction Fetch Unit/Subthreshold Leakage': 0.932587, 'Execution Unit/Instruction Scheduler/ROB/Peak Dynamic': 1.55892, 'Execution Unit/Integer ALUs/Runtime Dynamic': 0.496223, 'Execution Unit/Subthreshold Leakage with power gating': 0.709678, 'Instruction Fetch Unit/Branch Predictor/Global Predictor/Peak Dynamic': 0.0168831, 'Instruction Fetch Unit/Instruction Buffer/Runtime Dynamic': 0.178461, 'Memory Management Unit/Dtlb/Subthreshold Leakage with power gating': 0.00887485, 'Load Store Unit/Data Cache/Gate Leakage': 0.0279261, 'Renaming Unit/Free List/Area': 0.0414755, 'Load Store Unit/StoreQ/Subthreshold Leakage with power gating': 0.0197004, 'Execution Unit/Results Broadcast Bus/Runtime Dynamic': 1.66864, 'Execution Unit/Register Files/Subthreshold Leakage': 0.0101387, 'Execution Unit/Register Files/Integer RF/Peak Dynamic': 0.296265, 'Load Store Unit/LoadQ/Runtime Dynamic': 0.156048, 'Instruction Fetch Unit/Branch Target Buffer/Peak Dynamic': 0.177867, 'Instruction Fetch Unit/Instruction Cache/Peak Dynamic': 6.43323, 'Instruction Fetch Unit/Instruction Decoder/Peak Dynamic': 1.37404, 'Execution Unit/Register Files/Floating Point RF/Runtime Dynamic': 0.0251014, 'Renaming Unit/Subthreshold Leakage with power gating': 0.0362779, 'Execution Unit/Instruction Scheduler/Instruction Window/Area': 1.00996, 'Instruction Fetch Unit/Branch Predictor/Chooser/Area': 0.0435221, 'Memory Management Unit/Itlb/Area': 0.301552, 'Instruction Fetch Unit/Branch Predictor/L1_Local Predictor/Gate Leakage': 0.000154548, 'Instruction Fetch Unit/Branch Predictor/Peak Dynamic': 0.0597838, 'Execution Unit/Register Files/Integer RF/Gate Leakage': 0.00038992, 'Renaming Unit/Free List/Gate Leakage': 4.15911e-05, 'L2/Gate Leakage': 0.015464}, {'Instruction Fetch Unit/Subthreshold Leakage with power gating': 0.408542, 'Execution Unit/Register Files/Floating Point RF/Subthreshold Leakage': 0.00399698, 'Instruction Fetch Unit/Instruction Decoder/Runtime Dynamic': 0.610255, 'Load Store Unit/Data Cache/Subthreshold Leakage with power gating': 0.25085, 'Instruction Fetch Unit/Instruction Cache/Gate Leakage': 0.029931, 'Load Store Unit/Subthreshold Leakage with power gating': 0.283406, 'Execution Unit/Instruction Scheduler/Area': 2.17927, 'Execution Unit/Instruction Scheduler/Instruction Window/Subthreshold Leakage': 0.0800117, 'Execution Unit/Floating Point Units/Gate Leakage': 0.0656156, 'Subthreshold Leakage': 6.21877, 'Renaming Unit/Free List/Runtime Dynamic': 0.0496008, 'Execution Unit/Complex ALUs/Gate Leakage': 0.0132646, 'Memory Management Unit/Gate Leakage': 0.00813591, 'Execution Unit/Instruction Scheduler/Instruction Window/Runtime Dynamic': 1.20721, 'Instruction Fetch Unit/Branch Predictor/Chooser/Subthreshold Leakage': 0.00759719, 'Load Store Unit/LoadQ/Subthreshold Leakage with power gating': 0.00536918, 'Execution Unit/Instruction Scheduler/ROB/Subthreshold Leakage with power gating': 0.00897339, 'Instruction Fetch Unit/Instruction Buffer/Peak Dynamic': 0.606827, 'Execution Unit/Results Broadcast Bus/Subthreshold Leakage with power gating': 0.0345155, 'Instruction Fetch Unit/Instruction Decoder/Subthreshold Leakage': 0.442943, 'Execution Unit/Floating Point Units/Area': 4.6585, 'Execution Unit/Gate Leakage': 0.122718, 'L2/Area': 4.53318, 'Instruction Fetch Unit/Branch Predictor/L2_Local Predictor/Area': 0.0151917, 'Execution Unit/Register Files/Floating Point RF/Area': 0.208131, 'Execution Unit/Instruction Scheduler/Subthreshold Leakage': 0.114878, 'Load Store Unit/Data Cache/Runtime Dynamic': 2.28374, 'Instruction Fetch Unit/Branch Predictor/L2_Local Predictor/Subthreshold Leakage': 0.00181347, 'Memory Management Unit/Dtlb/Subthreshold Leakage': 0.0155699, 'Renaming Unit/FP Front End RAT/Peak Dynamic': 3.33511, 'Execution Unit/Runtime Dynamic': 6.5816, 'Instruction Fetch Unit/Branch Predictor/Global Predictor/Subthreshold Leakage with power gating': 0.0039236, 'Execution Unit/Instruction Scheduler/Instruction Window/Gate Leakage': 0.00529112, 'Renaming Unit/FP Front End RAT/Runtime Dynamic': 1.1595, 'Instruction Fetch Unit/Branch Predictor/Global Predictor/Area': 0.0435221, 'Execution Unit/Instruction Scheduler/FP Instruction Window/Runtime Dynamic': 0.697146, 'Renaming Unit/Peak Dynamic': 4.56169, 'Execution Unit/Integer ALUs/Subthreshold Leakage with power gating': 0.150833, 'L2/Peak Dynamic': 0.0505011, 'Execution Unit/Peak Dynamic': 8.86913, 'Runtime Dynamic': 12.9053, 'L2/Subthreshold Leakage with power gating': 0.401066, 'Execution Unit/Register Files/Integer RF/Area': 0.362673, 'Load Store Unit/StoreQ/Peak Dynamic': 0.376711, 'Instruction Fetch Unit/Branch Predictor/Global Predictor/Runtime Dynamic': 0.00221676, 'Gate Leakage': 0.372997, 'Subthreshold Leakage with power gating': 2.58311, 'Instruction Fetch Unit/Gate Leakage': 0.0590479, 'Execution Unit/Register Files/Runtime Dynamic': 0.212175, 'Memory Management Unit/Dtlb/Gate Leakage': 0.00088729, 'Execution Unit/Register Files/Gate Leakage': 0.000622708, 'Load Store Unit/LoadQ/Peak Dynamic': 0.152773, 'Instruction Fetch Unit/Branch Predictor/Chooser/Runtime Dynamic': 0.00221676, 'Load Store Unit/Data Cache/Peak Dynamic': 5.95926, 'Execution Unit/Results Broadcast Bus/Area Overhead': 0.0442632, 'Instruction Fetch Unit/Branch Predictor/L1_Local Predictor/Area': 0.0257064, 'Renaming Unit/Free List/Subthreshold Leakage with power gating': 0.000377987, 'Execution Unit/Instruction Scheduler/ROB/Runtime Dynamic': 0.727063, 'Execution Unit/Instruction Scheduler/FP Instruction Window/Subthreshold Leakage with power gating': 0.00962066, 'Instruction Fetch Unit/Branch Predictor/RAS/Subthreshold Leakage with power gating': 0.000494733, 'Instruction Fetch Unit/Branch Target Buffer/Subthreshold Leakage': 0.0811682, 'Load Store Unit/Runtime Dynamic': 3.18994, 'Execution Unit/Area': 8.2042, 'Execution Unit/Floating Point Units/Subthreshold Leakage with power gating': 0.373061, 'Load Store Unit/StoreQ/Gate Leakage': 0.00329971, 'Instruction Fetch Unit/Branch Predictor/L1_Local Predictor/Subthreshold Leakage': 0.00384344, 'Instruction Fetch Unit/Branch Predictor/L1_Local Predictor/Runtime Dynamic': 0.00193341, 'Renaming Unit/Int Front End RAT/Subthreshold Leakage': 0.00611897, 'Instruction Fetch Unit/Branch Predictor/RAS/Area': 0.0105732, 'Instruction Fetch Unit/Runtime Dynamic': 1.35255, 'Load Store Unit/LoadQ/Area': 0.0836782, 'Load Store Unit/StoreQ/Area': 0.322079, 'Instruction Fetch Unit/Branch Target Buffer/Area': 0.64954, 'Execution Unit/Instruction Scheduler/FP Instruction Window/Gate Leakage': 0.00115349, 'Peak Dynamic': 29.9233, 'Renaming Unit/Runtime Dynamic': 1.54606, 'Execution Unit/Register Files/Floating Point RF/Peak Dynamic': 0.332352, 'Load Store Unit/StoreQ/Runtime Dynamic': 0.753422, 'Memory Management Unit/Itlb/Subthreshold Leakage': 0.0413758, 'Execution Unit/Instruction Scheduler/Subthreshold Leakage with power gating': 0.0641291, 'Memory Management Unit/Subthreshold Leakage': 0.0769113, 'Instruction Fetch Unit/Instruction Cache/Area': 3.14635, 'Execution Unit/Instruction Scheduler/Gate Leakage': 0.00730101, 'Execution Unit/Register Files/Area': 0.570804, 'Execution Unit/Floating Point Units/Peak Dynamic': 1.75921, 'Execution Unit/Instruction Scheduler/FP Instruction Window/Subthreshold Leakage': 0.017004, 'Load Store Unit/StoreQ/Subthreshold Leakage': 0.0345621, 'Renaming Unit/Gate Leakage': 0.00863632, 'Instruction Fetch Unit/Branch Predictor/Chooser/Peak Dynamic': 0.0168831, 'Renaming Unit/Int Front End RAT/Gate Leakage': 0.00038343, 'Execution Unit/Register Files/Integer RF/Subthreshold Leakage': 0.00614175, 'Renaming Unit/Free List/Subthreshold Leakage': 0.000670426, 'Memory Management Unit/Itlb/Runtime Dynamic': 0.0870614, 'Execution Unit/Complex ALUs/Peak Dynamic': 0.324925, 'Execution Unit/Integer ALUs/Peak Dynamic': 0.419388, 'Memory Management Unit/Runtime Dynamic': 0.221501, 'Instruction Fetch Unit/Instruction Decoder/Subthreshold Leakage with power gating': 0.166104, 'Memory Management Unit/Dtlb/Runtime Dynamic': 0.13444, 'Execution Unit/Instruction Scheduler/ROB/Subthreshold Leakage': 0.0178624, 'Instruction Fetch Unit/Branch Predictor/Global Predictor/Gate Leakage': 0.000278362, 'Renaming Unit/FP Front End RAT/Subthreshold Leakage': 0.0437281, 'Instruction Fetch Unit/Instruction Buffer/Gate Leakage': 6.83558e-05, 'Execution Unit/Subthreshold Leakage': 1.83518, 'Execution Unit/Complex ALUs/Subthreshold Leakage': 0.20111, 'Instruction Fetch Unit/Branch Predictor/Gate Leakage': 0.000757657, 'Instruction Fetch Unit/Branch Predictor/RAS/Peak Dynamic': 0.0117602, 'Instruction Fetch Unit/Branch Predictor/L2_Local Predictor/Subthreshold Leakage with power gating': 0.000957045, 'Execution Unit/Results Broadcast Bus/Gate Leakage': 0.00607074, 'Instruction Fetch Unit/Peak Dynamic': 8.96874, 'Instruction Fetch Unit/Branch Predictor/L2_Local Predictor/Runtime Dynamic': 0.000749887, 'Execution Unit/Integer ALUs/Area': 0.47087, 'Execution Unit/Instruction Scheduler/ROB/Area': 0.841232, 'Instruction Fetch Unit/Instruction Cache/Subthreshold Leakage': 0.367022, 'Load Store Unit/LoadQ/Subthreshold Leakage': 0.00941961, 'Instruction Fetch Unit/Branch Predictor/Area': 0.138516, 'Instruction Fetch Unit/Branch Predictor/Global Predictor/Subthreshold Leakage': 0.00759719, 'Renaming Unit/Free List/Peak Dynamic': 0.0401324, 'Renaming Unit/Int Front End RAT/Area': 0.114751, 'Execution Unit/Instruction Scheduler/Instruction Window/Peak Dynamic': 2.07911, 'Execution Unit/Register Files/Floating Point RF/Gate Leakage': 0.000232788, 'Renaming Unit/Int Front End RAT/Runtime Dynamic': 0.336959, 'Load Store Unit/Subthreshold Leakage': 0.591622, 'Memory Management Unit/Dtlb/Peak Dynamic': 0.133696, 'Execution Unit/Register Files/Subthreshold Leakage with power gating': 0.00423643, 'Instruction Fetch Unit/Branch Target Buffer/Runtime Dynamic': 0.0211605, 'Instruction Fetch Unit/Branch Predictor/RAS/Gate Leakage': 4.63858e-05, 'Renaming Unit/Int Front End RAT/Subthreshold Leakage with power gating': 0.00348781, 'Memory Management Unit/Itlb/Gate Leakage': 0.00393464, 'Execution Unit/Instruction Scheduler/FP Instruction Window/Area': 0.328073, 'Load Store Unit/Data Cache/Area': 6.84535, 'Execution Unit/Instruction Scheduler/ROB/Gate Leakage': 0.000856399, 'Instruction Fetch Unit/Branch Predictor/L1_Local Predictor/Subthreshold Leakage with power gating': 0.00198631, 'Instruction Fetch Unit/Branch Predictor/L2_Local Predictor/Gate Leakage': 8.00196e-05, 'Execution Unit/Integer ALUs/Gate Leakage': 0.0265291, 'Instruction Fetch Unit/Branch Predictor/RAS/Runtime Dynamic': 0.00268487, 'Memory Management Unit/Itlb/Peak Dynamic': 0.399995, 'Load Store Unit/Gate Leakage': 0.0351387, 'Instruction Fetch Unit/Branch Target Buffer/Subthreshold Leakage with power gating': 0.0435357, 'Execution Unit/Complex ALUs/Area': 0.235435, 'Instruction Fetch Unit/Branch Predictor/Chooser/Subthreshold Leakage with power gating': 0.0039236, 'Execution Unit/Instruction Scheduler/FP Instruction Window/Peak Dynamic': 1.20978, 'Execution Unit/Register Files/Integer RF/Subthreshold Leakage with power gating': 0.00246675, 'Instruction Fetch Unit/Branch Target Buffer/Gate Leakage': 0.00272758, 'Renaming Unit/FP Front End RAT/Area': 0.168486, 'Renaming Unit/FP Front End RAT/Subthreshold Leakage with power gating': 0.024925, 'L2/Subthreshold Leakage': 0.834142, 'Load Store Unit/Data Cache/Subthreshold Leakage': 0.527675, 'Renaming Unit/Int Front End RAT/Peak Dynamic': 0.86945, 'Execution Unit/Integer ALUs/Subthreshold Leakage': 0.40222, 'Instruction Fetch Unit/Branch Predictor/L2_Local Predictor/Peak Dynamic': 0.00527447, 'Instruction Fetch Unit/Branch Predictor/RAS/Subthreshold Leakage': 0.000932505, 'Instruction Fetch Unit/Instruction Buffer/Area': 0.0226323, 'Instruction Fetch Unit/Instruction Cache/Subthreshold Leakage with power gating': 0.180386, 'Memory Management Unit/Dtlb/Area': 0.0879726, 'Instruction Fetch Unit/Instruction Decoder/Area': 1.85799, 'Execution Unit/Register Files/Peak Dynamic': 0.636564, 'Execution Unit/Instruction Scheduler/Peak Dynamic': 4.84781, 'Load Store Unit/LoadQ/Gate Leakage': 0.00059896, 'Instruction Fetch Unit/Area': 5.86007, 'Execution Unit/Complex ALUs/Subthreshold Leakage with power gating': 0.0754163, 'Execution Unit/Floating Point Units/Runtime Dynamic': 1.07793, 'Renaming Unit/FP Front End RAT/Gate Leakage': 0.00489731, 'Instruction Fetch Unit/Instruction Cache/Runtime Dynamic': 0.532409, 'Memory Management Unit/Itlb/Subthreshold Leakage with power gating': 0.0235842, 'Memory Management Unit/Area': 0.434579, 'Instruction Fetch Unit/Instruction Buffer/Subthreshold Leakage with power gating': 0.000701682, 'Execution Unit/Instruction Scheduler/Instruction Window/Subthreshold Leakage with power gating': 0.0455351, 'Renaming Unit/Area': 0.369768, 'Memory Management Unit/Subthreshold Leakage with power gating': 0.0399462, 'Instruction Fetch Unit/Branch Predictor/Subthreshold Leakage with power gating': 0.0103282, 'Instruction Fetch Unit/Instruction Buffer/Subthreshold Leakage': 0.00151885, 'Instruction Fetch Unit/Branch Predictor/Runtime Dynamic': 0.0090518, 'Instruction Fetch Unit/Branch Predictor/Chooser/Gate Leakage': 0.000278362, 'Execution Unit/Instruction Scheduler/Runtime Dynamic': 2.63141, 'Area': 32.6082, 'Memory Management Unit/Peak Dynamic': 0.789628, 'L2/Runtime Dynamic': 0.013704, 'Execution Unit/Register Files/Floating Point RF/Subthreshold Leakage with power gating': 0.00176968, 'Execution Unit/Floating Point Units/Subthreshold Leakage': 0.994829, 'Instruction Fetch Unit/Branch Predictor/L1_Local Predictor/Peak Dynamic': 0.0142575, 'Execution Unit/Complex ALUs/Runtime Dynamic': 0.457899, 'Instruction Fetch Unit/Instruction Decoder/Gate Leakage': 0.0222493, 'Instruction Fetch Unit/Branch Predictor/Subthreshold Leakage': 0.0199703, 'Execution Unit/Register Files/Integer RF/Runtime Dynamic': 0.186903, 'Execution Unit/Results Broadcast Bus/Subthreshold Leakage': 0.0920413, 'Load Store Unit/Area': 8.80969, 'Renaming Unit/Subthreshold Leakage': 0.070483, 'Execution Unit/Results Broadcast Bus/Peak Dynamic': 0.824118, 'Load Store Unit/Peak Dynamic': 6.68363, 'Instruction Fetch Unit/Subthreshold Leakage': 0.932587, 'Execution Unit/Instruction Scheduler/ROB/Peak Dynamic': 1.55892, 'Execution Unit/Integer ALUs/Runtime Dynamic': 0.491363, 'Execution Unit/Subthreshold Leakage with power gating': 0.709678, 'Instruction Fetch Unit/Branch Predictor/Global Predictor/Peak Dynamic': 0.0168831, 'Instruction Fetch Unit/Instruction Buffer/Runtime Dynamic': 0.179674, 'Memory Management Unit/Dtlb/Subthreshold Leakage with power gating': 0.00887485, 'Load Store Unit/Data Cache/Gate Leakage': 0.0279261, 'Renaming Unit/Free List/Area': 0.0414755, 'Load Store Unit/StoreQ/Subthreshold Leakage with power gating': 0.0197004, 'Execution Unit/Results Broadcast Bus/Runtime Dynamic': 1.71081, 'Execution Unit/Register Files/Subthreshold Leakage': 0.0101387, 'Execution Unit/Register Files/Integer RF/Peak Dynamic': 0.304212, 'Load Store Unit/LoadQ/Runtime Dynamic': 0.152773, 'Instruction Fetch Unit/Branch Target Buffer/Peak Dynamic': 0.177867, 'Instruction Fetch Unit/Instruction Cache/Peak Dynamic': 6.43323, 'Instruction Fetch Unit/Instruction Decoder/Peak Dynamic': 1.37404, 'Execution Unit/Register Files/Floating Point RF/Runtime Dynamic': 0.0252721, 'Renaming Unit/Subthreshold Leakage with power gating': 0.0362779, 'Execution Unit/Instruction Scheduler/Instruction Window/Area': 1.00996, 'Instruction Fetch Unit/Branch Predictor/Chooser/Area': 0.0435221, 'Memory Management Unit/Itlb/Area': 0.301552, 'Instruction Fetch Unit/Branch Predictor/L1_Local Predictor/Gate Leakage': 0.000154548, 'Instruction Fetch Unit/Branch Predictor/Peak Dynamic': 0.0597838, 'Execution Unit/Register Files/Integer RF/Gate Leakage': 0.00038992, 'Renaming Unit/Free List/Gate Leakage': 4.15911e-05, 'L2/Gate Leakage': 0.015464}
power.DRAM.Area = 0
power.DRAM.Gate Leakage = 0
power.DRAM.Peak Dynamic = 2.1983048489
power.DRAM.Runtime Dynamic = 2.1983048489
power.DRAM.Subthreshold Leakage = 4.252
power.DRAM.Subthreshold Leakage with power gating = 4.252
power.L3 = {'Runtime Dynamic': 0.120465, 'Area': 61.9075, 'Peak Dynamic': 0.189711, 'Gate Leakage': 0.0484137, 'Subthreshold Leakage': 6.80085, 'Subthreshold Leakage with power gating': 3.32364}
power.Processor.Area = 193.678
power.Processor.Gate Leakage = 1.54706
power.Processor.Peak Dynamic = 120.253
power.Processor.Peak Power = 153.545
power.Processor.Runtime Dynamic = 51.8981
power.Processor.Subthreshold Leakage = 31.7454
power.Processor.Subthreshold Leakage with power gating = 14.035
power.Processor.Total Cores/Area = 130.433
power.Processor.Total Cores/Gate Leakage = 1.49199
power.Processor.Total Cores/Peak Dynamic = 120.063
power.Processor.Total Cores/Runtime Dynamic = 51.7776
power.Processor.Total Cores/Subthreshold Leakage = 24.8751
power.Processor.Total Cores/Subthreshold Leakage with power gating = 10.3324
power.Processor.Total L3s/Area = 61.9075
power.Processor.Total L3s/Gate Leakage = 0.0484137
power.Processor.Total L3s/Peak Dynamic = 0.189711
power.Processor.Total L3s/Runtime Dynamic = 0.120465
power.Processor.Total L3s/Subthreshold Leakage = 6.80085
power.Processor.Total L3s/Subthreshold Leakage with power gating = 3.32364
power.Processor.Total Leakage = 33.2925
power.Processor.Total NoCs/Area = 1.3377
power.Processor.Total NoCs/Gate Leakage = 0.00666015
power.Processor.Total NoCs/Peak Dynamic = 0.0
power.Processor.Total NoCs/Runtime Dynamic = 0.0
power.Processor.Total NoCs/Subthreshold Leakage = 0.0694515
power.Processor.Total NoCs/Subthreshold Leakage with power gating = 0.0260443
pthread.pthread_barrier_wait_count = 0, 0, 0, 0
pthread.pthread_barrier_wait_delay_mem = 0, 0, 0, 0
pthread.pthread_barrier_wait_delay_sync = 0, 0, 0, 0
pthread.pthread_cond_broadcast_count = 0, 0, 0, 0
pthread.pthread_cond_broadcast_delay_mem = 0, 0, 0, 0
pthread.pthread_cond_broadcast_delay_sync = 0, 0, 0, 0
pthread.pthread_cond_signal_count = 0, 0, 0, 0
pthread.pthread_cond_signal_delay_mem = 0, 0, 0, 0
pthread.pthread_cond_signal_delay_sync = 0, 0, 0, 0
pthread.pthread_cond_wait_count = 0, 0, 0, 0
pthread.pthread_cond_wait_delay_mem = 0, 0, 0, 0
pthread.pthread_cond_wait_delay_sync = 0, 0, 0, 0
pthread.pthread_mutex_lock_contended = 0, 0, 0, 0
pthread.pthread_mutex_lock_count = 0, 0, 0, 0
pthread.pthread_mutex_lock_delay_mem = 0, 0, 0, 0
pthread.pthread_mutex_lock_delay_sync = 0, 0, 0, 0
pthread.pthread_mutex_trylock_count = 0, 0, 0, 0
pthread.pthread_mutex_trylock_delay_mem = 0, 0, 0, 0
pthread.pthread_mutex_trylock_delay_sync = 0, 0, 0, 0
pthread.pthread_mutex_unlock_contended = 0, 0, 0, 0
pthread.pthread_mutex_unlock_count = 0, 0, 0, 0
pthread.pthread_mutex_unlock_delay_mem = 0, 0, 0, 0
pthread.pthread_mutex_unlock_delay_sync = 0, 0, 0, 0
pthread_locks_contended = 0.0
roi.instrs = 669176761
roi.ipscore = 100191.967079
roi.ipstotal = 400767.868317
roi.walltime = 1669.736558
stlb.access = 20612, 17016, 17828, 18802
stlb.miss = 5764, 4621, 5743, 6389
stlb_cache.access-mru-0 = 4152, 3219, 3647, 3814
stlb_cache.access-mru-1 = 6056, 5325, 4845, 4848
stlb_cache.access-mru-2 = 2487, 2089, 2052, 2103
stlb_cache.access-mru-3 = 2153, 1762, 1541, 1648
syscall.stderr-bytes = 0, 0, 0, 0
syscall.stdout-bytes = 0, 0, 0, 0
thread.bottle_contrib_time = 8590464769624, 9299006059948, 8570282578922, 8944456172764
thread.bottle_runtime_time = 34300673335436, 35381408777720, 34274398866773, 35023460338565
thread.elapsed_time = 35404209581323, 35388771450558, 35386458297213, 35385922959399
thread.instruction_count = 162956427, 172739716, 166174983, 167305058
thread.instructions_by_core[0] = 162956427, 0, 0, 0
thread.instructions_by_core[1] = 0, 172739716, 0, 0
thread.instructions_by_core[2] = 0, 0, 166174983, 0
thread.instructions_by_core[3] = 0, 0, 0, 167305058
thread.nonidle_cycle_count = 91225616, 94093232, 91159201, 93141105
thread.nonidle_elapsed_time = 34295344672797, 35373395619855, 34270376684112, 35015453195724
thread.time_by_core[0] = 34295344672797, 0, 0, 0
thread.time_by_core[1] = 0, 35373395619855, 0, 0
thread.time_by_core[2] = 0, 0, 34270376684112, 0
thread.time_by_core[3] = 0, 0, 0, 35015453195724
thread.unscheduled_time = 1103536245887, 7472550803, 1112179461696, 363479643222
thread.waiting_cost = 1098368523997, 11687928228, 1107787134516, 364044406353
time.walltime = 1669736558, 0, 0, 0
vmem = 661192704
walltime = 1784.60015607
