                                     | Core 0    
  Instructions                       |   46720314
  Cycles                             |  103508048
  IPC                                |       0.45
  Time (ns)                          |   38912800
  Idle time (ns)                     |     177830
  Idle time (%)                      |       0.5%
Branch predictor stats               |           
  num correct                        |    1320416
  num incorrect                      |        145
  misprediction rate                 |      0.01%
  mpki                               |       0.00
TLB Summary                          |           
  I-TLB                              |           
    num accesses                     |    2630565
    num misses                       |         18
    miss rate                        |      0.00%
    mpki                             |       0.00
  D-TLB                              |           
    num accesses                     |    4744396
    num misses                       |     389963
    miss rate                        |      8.22%
    mpki                             |       8.35
  L2 TLB                             |           
    num accesses                     |     389981
    num misses                       |      21439
    miss rate                        |      5.50%
    mpki                             |       0.46
Cache Summary                        |           
  Cache L1-I                         |           
    num cache accesses               |    2630565
    num cache misses                 |        356
    miss rate                        |      0.01%
    mpki                             |       0.01
  Cache L1-D                         |           
    num cache accesses               |    4744396
    num cache misses                 |     290474
    miss rate                        |      6.12%
    mpki                             |       6.22
  Cache L2                           |           
    num cache accesses               |     290831
    num cache misses                 |     118116
    miss rate                        |     40.61%
    mpki                             |       2.53
  Cache L3                           |           
    num cache accesses               |     118117
    num cache misses                 |      33265
    miss rate                        |     28.16%
    mpki                             |       0.71
DRAM summary                         |           
  num dram accesses                  |      33265
  average dram access latency (ns)   |      56.40
  average dram queueing delay        |       2.97
  average dram bandwidth utilization |      0.00%
Coherency Traffic                    |           
  num loads from dram                |      10035
  num loads from dram cache          |          0
  num loads from remote cache        |          0
