barrier.global_time = 87265116506843, 0, 0, 0
barrier.global_time_begin = 734911530638329, 0, 0, 0
barrier.global_time_end = 822176647145172, 0, 0, 0
branch_predictor.num-correct = 8767217, 9039019, 8888265, 8909017
branch_predictor.num-incorrect = 4268754, 4338421, 4243296, 4260463
bus-queue.no-free-slots = 0, 0, 0, 0
bus-queue.num-barriers = 0, 0, 0, 0
bus-queue.num-requests = 0, 0, 0, 0
bus-queue.requests-out-of-order = 0, 0, 0, 0
bus-queue.requests-simultaneous = 0, 0, 0, 0
bus-queue.total-barrier-delay = 0, 0, 0, 0
bus-queue.total-delay = 0, 0, 0, 0
core.bbv-0 = 4390526207786, 4374365779197, 4332730638568, 4385292359669
core.bbv-1 = 4056164445629, 4074185640251, 4037958269251, 4075848576982
core.bbv-10 = 3552872825335, 3601485360295, 3578661827229, 3582785469452
core.bbv-11 = 3297955336770, 3429794096661, 3372257902064, 3361683329365
core.bbv-12 = 4093954020636, 4077644061189, 4047827714658, 4108206188711
core.bbv-13 = 4079971198731, 4089366569435, 4066681071289, 4095141826236
core.bbv-14 = 4124407757050, 4225776167345, 4130832452368, 4151573279953
core.bbv-15 = 3521193708265, 3505015976327, 3512529088359, 3538748676838
core.bbv-2 = 3666347430992, 3731242540409, 3647508910494, 3704643078071
core.bbv-3 = 3345001970403, 3444062646711, 3366811642361, 3397733375896
core.bbv-4 = 3780380322317, 3857031319527, 3820056634363, 3823486159418
core.bbv-5 = 3970737481892, 4041828344397, 4004206937274, 4011677227783
core.bbv-6 = 4029559498555, 4067801363635, 4030564509049, 4046371515348
core.bbv-7 = 4116351493586, 4161222199065, 4123367065144, 4132852677793
core.bbv-8 = 3889170964833, 3936186595787, 3861249186807, 3917811061114
core.bbv-9 = 4505965375916, 4525522367289, 4454822635338, 4511482750659
core.instructions = 119955711, 121640566, 120184039, 121020101
core.spin_elapsed_time = 0, 0, 0, 0
core.spin_instructions = 0, 0, 0, 0
core.spin_loops = 0, 0, 0, 0
corefreq = 2660000000.0, 2660000000.0, 2660000000.0, 2660000000.0
directory.entries-allocated = 0, 0, 0, 0
directory.evict-E = 0, 0, 0, 0
directory.evict-M = 0, 0, 0, 0
directory.evict-O = 0, 0, 0, 0
directory.evict-S = 0, 0, 0, 0
directory.forward = 0, 0, 0, 0
directory.forward-failed = 0, 0, 0, 0
dram-queue.num-requests = 314561, 0, 0, 0
dram-queue.num-requests-analytical = 0, 0, 0, 0
dram-queue.total-queue-delay = 1475956479520, 0, 0, 0
dram-queue.total-time-used = 2651521487836, 0, 0, 0
dram.reads = 196508, 0, 0, 0
dram.total-access-latency = 18282722967356, 0, 0, 0
dram.total-queueing-delay = 1475956479520, 0, 0, 0
dram.writes = 118053, 0, 0, 0
dtlb.access = 46732769, 47278396, 46835086, 47104745
dtlb.miss = 307349, 262971, 299709, 296641
dtlb_cache.access-mru-0 = 43527919, 44222374, 43440753, 43833304
dtlb_cache.access-mru-1 = 2483286, 2359916, 2669305, 2552262
dtlb_cache.access-mru-2 = 318240, 321411, 319167, 319501
dtlb_cache.access-mru-3 = 95975, 111724, 106152, 103037
fastforward_performance_model.fastforwarded_time = 0, 0, 0, 0
fastforward_timer.cpiBase = 0, 0, 0, 0
fastforward_timer.cpiBranchPredictor = 0, 0, 0, 0
fastforward_timer.cpiDataCachecache-remote = 0, 0, 0, 0
fastforward_timer.cpiDataCachedram = 0, 0, 0, 0
fastforward_timer.cpiDataCachedram-cache = 0, 0, 0, 0
fastforward_timer.cpiDataCachedram-local = 0, 0, 0, 0
fastforward_timer.cpiDataCachedram-remote = 0, 0, 0, 0
fastforward_timer.cpiDataCacheL1 = 0, 0, 0, 0
fastforward_timer.cpiDataCacheL1_S = 0, 0, 0, 0
fastforward_timer.cpiDataCacheL1I = 0, 0, 0, 0
fastforward_timer.cpiDataCacheL2 = 0, 0, 0, 0
fastforward_timer.cpiDataCacheL2_S = 0, 0, 0, 0
fastforward_timer.cpiDataCacheL3 = 0, 0, 0, 0
fastforward_timer.cpiDataCacheL3_S = 0, 0, 0, 0
fastforward_timer.cpiDataCacheL4 = 0, 0, 0, 0
fastforward_timer.cpiDataCacheL4_S = 0, 0, 0, 0
fastforward_timer.cpiDataCachemiss = 0, 0, 0, 0
fastforward_timer.cpiDataCachenuca-cache = 0, 0, 0, 0
fastforward_timer.cpiDataCachepredicate-false = 0, 0, 0, 0
fastforward_timer.cpiDataCacheprefetch-no-mapping = 0, 0, 0, 0
fastforward_timer.cpiDataCacheunknown = 0, 0, 0, 0
fs_to_cycles = 2.66e-06
fs_to_cycles_cores = 2.66e-06, 2.66e-06, 2.66e-06, 2.66e-06
futex.futex_cmp_requeue_count = 0, 0, 1, 0
futex.futex_cmp_requeue_delay = 0, 0, 0, 0
futex.futex_cmp_requeue_pi_count = 0, 0, 0, 0
futex.futex_cmp_requeue_pi_delay = 0, 0, 0, 0
futex.futex_fd_count = 0, 0, 0, 0
futex.futex_fd_delay = 0, 0, 0, 0
futex.futex_lock_pi_count = 0, 0, 0, 0
futex.futex_lock_pi_delay = 0, 0, 0, 0
futex.futex_requeue_count = 0, 0, 0, 0
futex.futex_requeue_delay = 0, 0, 0, 0
futex.futex_trylock_pi_count = 0, 0, 0, 0
futex.futex_trylock_pi_delay = 0, 0, 0, 0
futex.futex_unlock_pi_count = 0, 0, 0, 0
futex.futex_unlock_pi_delay = 0, 0, 0, 0
futex.futex_wait_bitset_count = 0, 0, 0, 0
futex.futex_wait_bitset_delay = 0, 0, 0, 0
futex.futex_wait_count = 324, 374, 341, 360
futex.futex_wait_delay = 255945668164, 274732085092, 261097891819, 260935492951
futex.futex_wait_requeue_pi_count = 0, 0, 0, 0
futex.futex_wait_requeue_pi_delay = 0, 0, 0, 0
futex.futex_wake_bitset_count = 0, 0, 0, 0
futex.futex_wake_bitset_delay = 0, 0, 0, 0
futex.futex_wake_count = 594, 653, 618, 629
futex.futex_wake_delay = 179000000000, 182000000000, 187000000000, 182000000000
futex.futex_wake_op_count = 0, 0, 0, 0
futex.futex_wake_op_delay = 0, 0, 0, 0
global.time = 87265116506843
global.time_begin = 734911530638329
global.time_end = 822176647145172
interval_timer.cpContr_branch = 16269435497248, 16320414006255, 16008235428236, 16238114841859
interval_timer.cpContr_fp_addsub = 12785633712408, 12513165635356, 12578186163429, 12869716348513
interval_timer.cpContr_fp_muldiv = 22705590043958, 23068414310924, 23063413728945, 23230270074168
interval_timer.cpContr_generic = 17580658242768, 17407316979262, 17259108718109, 17695817418582
interval_timer.cpContr_load_l1 = 34661443227061, 35258836290299, 34419685653987, 35710806193248
interval_timer.cpContr_load_l2 = 6775322857835, 4200078871864, 5088823744567, 5515627371168
interval_timer.cpContr_load_l3 = 23502863, 1981616, 16545836, 0
interval_timer.cpContr_load_other = 0, 0, 0, 0
interval_timer.cpContr_port0 = 0, 0, 0, 0
interval_timer.cpContr_port015 = 247414602350, 300454319506, 288497993569, 255410989834
interval_timer.cpContr_port05 = 0, 0, 0, 0
interval_timer.cpContr_port1 = 54141084116, 63191792106, 57716210709, 54321371935
interval_timer.cpContr_port2 = 671118923744, 789676861734, 729533483582, 655378131191
interval_timer.cpContr_port34 = 153422159666, 181276115444, 172539595668, 162789994938
interval_timer.cpContr_port5 = 426072046437, 474560622343, 450755710992, 430454940715
interval_timer.cpContr_store = 4544610891065, 4927531762598, 4681034313210, 4709093914806
interval_timer.cpiBase = 43942351817880, 43427371402791, 43161759972999, 44187828330771
interval_timer.cpiBranchPredictor = 37535205395808, 37824586320753, 37511259961203, 37391315119497
interval_timer.cpiDataCachecache-remote = 0, 0, 0, 0
interval_timer.cpiDataCachedram = 0, 0, 0, 0
interval_timer.cpiDataCachedram-cache = 0, 0, 0, 0
interval_timer.cpiDataCachedram-local = 1649098528668, 1500758262414, 2100003148719, 1730111503473
interval_timer.cpiDataCachedram-remote = 0, 0, 0, 0
interval_timer.cpiDataCacheL1 = 12235310694, 18565371576, 16339812696, 16919510634
interval_timer.cpiDataCacheL1_S = 0, 0, 0, 0
interval_timer.cpiDataCacheL1I = 0, 0, 0, 0
interval_timer.cpiDataCacheL2 = 245991549321, 152559429651, 231146470089, 205382994480
interval_timer.cpiDataCacheL2_S = 0, 0, 0, 0
interval_timer.cpiDataCacheL3 = 2228686692480, 2527192784772, 2471382760527, 2000204126145
interval_timer.cpiDataCacheL3_S = 861989029344, 944117791101, 916000185474, 928732111587
interval_timer.cpiDataCacheL4 = 0, 0, 0, 0
interval_timer.cpiDataCacheL4_S = 0, 0, 0, 0
interval_timer.cpiDataCachemiss = 0, 0, 0, 0
interval_timer.cpiDataCachenuca-cache = 0, 0, 0, 0
interval_timer.cpiDataCachepredicate-false = 0, 0, 0, 0
interval_timer.cpiDataCacheprefetch-no-mapping = 0, 0, 0, 0
interval_timer.cpiDataCacheunknown = 0, 0, 0, 0
interval_timer.cpiInstructionCachecache-remote = 0, 0, 0, 0
interval_timer.cpiInstructionCachedram = 0, 0, 0, 0
interval_timer.cpiInstructionCachedram-cache = 0, 0, 0, 0
interval_timer.cpiInstructionCachedram-local = 10885313745, 2024431515, 3264278337, 2963527137
interval_timer.cpiInstructionCachedram-remote = 0, 0, 0, 0
interval_timer.cpiInstructionCacheL1 = 0, 0, 0, 0
interval_timer.cpiInstructionCacheL1_S = 0, 0, 0, 0
interval_timer.cpiInstructionCacheL1I = 0, 0, 0, 0
interval_timer.cpiInstructionCacheL2 = 34020599805, 25808964228, 32464212345, 38253297006
interval_timer.cpiInstructionCacheL2_S = 0, 0, 0, 0
interval_timer.cpiInstructionCacheL3 = 295563241800, 331329702321, 324688363947, 275162160087
interval_timer.cpiInstructionCacheL3_S = 0, 0, 0, 0
interval_timer.cpiInstructionCacheL4 = 0, 0, 0, 0
interval_timer.cpiInstructionCacheL4_S = 0, 0, 0, 0
interval_timer.cpiInstructionCachemiss = 0, 0, 0, 0
interval_timer.cpiInstructionCachenuca-cache = 0, 0, 0, 0
interval_timer.cpiInstructionCachepredicate-false = 0, 0, 0, 0
interval_timer.cpiInstructionCacheprefetch-no-mapping = 0, 0, 0, 0
interval_timer.cpiInstructionCacheunknown = 0, 0, 0, 0
interval_timer.cpiLongLatency = 13719893805, 13966509789, 14145832692, 15183048393
interval_timer.cpiSerialization = 3007512, 0, 0, 0
interval_timer.detailed-cpiBase-BranchMispredict = 0, 0, 0, 0
interval_timer.detailed-cpiBase-DispatchRate = 116460240, 115017078, 114316664, 117093010
interval_timer.detailed-cpiBase-DispatchRate+BranchMispredict = 0, 0, 0, 0
interval_timer.detailed-cpiBase-DispatchRate+ICacheMiss = 0, 0, 0, 0
interval_timer.detailed-cpiBase-DispatchRate+ICacheMiss+BranchMispredict = 0, 0, 0, 0
interval_timer.detailed-cpiBase-DispatchWidth = 11868, 11992, 12834, 11922
interval_timer.detailed-cpiBase-DispatchWidth+BranchMispredict = 0, 0, 0, 0
interval_timer.detailed-cpiBase-DispatchWidth+DispatchRate = 414812, 487999, 481043, 434957
interval_timer.detailed-cpiBase-DispatchWidth+DispatchRate+BranchMispredict = 0, 0, 0, 0
interval_timer.detailed-cpiBase-DispatchWidth+DispatchRate+ICacheMiss = 0, 0, 0, 0
interval_timer.detailed-cpiBase-DispatchWidth+DispatchRate+ICacheMiss+BranchMispredict = 0, 0, 0, 0
interval_timer.detailed-cpiBase-DispatchWidth+ICacheMiss = 0, 0, 0, 0
interval_timer.detailed-cpiBase-DispatchWidth+ICacheMiss+BranchMispredict = 0, 0, 0, 0
interval_timer.detailed-cpiBase-ICacheMiss = 0, 0, 0, 0
interval_timer.detailed-cpiBase-ICacheMiss+BranchMispredict = 0, 0, 0, 0
interval_timer.detailed-cpiBase-NoReason = 0, 0, 0, 0
interval_timer.detailed-cpiBase-WindowEmpty = 0, 0, 0, 0
interval_timer.detailed-cpiBase-WindowEmpty+BranchMispredict = 0, 0, 0, 0
interval_timer.detailed-cpiBase-WindowEmpty+DispatchRate = 0, 0, 0, 0
interval_timer.detailed-cpiBase-WindowEmpty+DispatchRate+BranchMispredict = 0, 0, 0, 0
interval_timer.detailed-cpiBase-WindowEmpty+DispatchRate+ICacheMiss = 0, 0, 0, 0
interval_timer.detailed-cpiBase-WindowEmpty+DispatchRate+ICacheMiss+BranchMispredict = 0, 0, 0, 0
interval_timer.detailed-cpiBase-WindowEmpty+DispatchWidth = 0, 0, 0, 0
interval_timer.detailed-cpiBase-WindowEmpty+DispatchWidth+BranchMispredict = 0, 0, 0, 0
interval_timer.detailed-cpiBase-WindowEmpty+DispatchWidth+DispatchRate = 0, 0, 0, 0
interval_timer.detailed-cpiBase-WindowEmpty+DispatchWidth+DispatchRate+BranchMispredict = 0, 0, 0, 0
interval_timer.detailed-cpiBase-WindowEmpty+DispatchWidth+DispatchRate+ICacheMiss = 0, 0, 0, 0
interval_timer.detailed-cpiBase-WindowEmpty+DispatchWidth+DispatchRate+ICacheMiss+BranchMispredict = 0, 0, 0, 0
interval_timer.detailed-cpiBase-WindowEmpty+DispatchWidth+ICacheMiss = 0, 0, 0, 0
interval_timer.detailed-cpiBase-WindowEmpty+DispatchWidth+ICacheMiss+BranchMispredict = 0, 0, 0, 0
interval_timer.detailed-cpiBase-WindowEmpty+ICacheMiss = 0, 0, 0, 0
interval_timer.detailed-cpiBase-WindowEmpty+ICacheMiss+BranchMispredict = 0, 0, 0, 0
interval_timer.loadstore_contention.no-free-slots = 0, 0, 0, 0
interval_timer.loadstore_contention.num-barriers = 0, 0, 0, 0
interval_timer.loadstore_contention.num-requests = 32693876, 32141074, 32023321, 33054290
interval_timer.loadstore_contention.requests-out-of-order = 13134872, 12575758, 12703169, 13322125
interval_timer.loadstore_contention.requests-simultaneous = 10808664, 10700263, 10630333, 10910308
interval_timer.loadstore_contention.total-barrier-delay = 0, 0, 0, 0
interval_timer.loadstore_contention.total-delay = 552457398060, 505804120038, 536942395530, 522831525165
interval_timer.numBPredOverlapped = 853629, 918692, 969993, 794884
interval_timer.numDCacheOverlapped = 3060081, 3362697, 3416732, 2783807
interval_timer.numHiddenLongerDCacheLatency = 44223, 64295, 54685, 38713
interval_timer.numICacheOverlapped = 28840572, 30748716, 31853705, 26857123
interval_timer.numLongLatencyLoads = 227711, 242800, 251508, 212045
interval_timer.numMfenceInsns = 0, 0, 0, 0
interval_timer.numSerializationInsns = 2, 0, 0, 0
interval_timer.numTotalLongLatencyLoadLatency = 13294713, 13680926, 15254795, 12984421
interval_timer.outstandingLongLatencyCycles = 17187835, 18240390, 19822918, 16724488
interval_timer.outstandingLongLatencyInsns = 22037306, 24246223, 25943253, 21639992
interval_timer.totalHiddenDCacheLatency = 24601543, 27868266, 28322385, 23003421
interval_timer.totalHiddenLongerDCacheLatency = 1109863, 1464839, 1341758, 1115307
interval_timer.totalMfenceLatency = 0, 0, 0, 0
interval_timer.totalSerializationLatency = 8, 0, 0, 0
interval_timer.uop_branch = 17122295, 17674953, 17320477, 17361903
interval_timer.uop_fp_addsub = 12585973, 11718989, 12181541, 12399057
interval_timer.uop_fp_muldiv = 8615768, 8177249, 8356981, 8580945
interval_timer.uop_generic = 47089499, 48866999, 47651228, 47779987
interval_timer.uop_load = 35753985, 35503786, 35440068, 35838112
interval_timer.uop_store = 10978658, 11774562, 11394922, 11266609
interval_timer.uops_pause = 0, 0, 0, 0
interval_timer.uops_total = 132146178, 133716538, 132345217, 133226613
interval_timer.uops_x87 = 0, 0, 0, 0
ipc = 0.516770440606, 0.524029527203, 0.51775478005, 0.521356551698
itlb.access = 16448789, 16488058, 16344149, 16482449
itlb.miss = 50, 50, 48, 50
itlb_cache.access-mru-0 = 16334060, 16361838, 16219427, 16355046
itlb_cache.access-mru-1 = 82668, 92304, 89984, 91464
itlb_cache.access-mru-2 = 14721, 15196, 15714, 16772
itlb_cache.access-mru-3 = 17290, 18670, 18976, 19117
L1-D.access-mru-0 = 39975165, 40609555, 40262361, 40293087
L1-D.access-mru-1 = 3190661, 3274231, 3199798, 3287462
L1-D.access-mru-2 = 752075, 757761, 715379, 765938
L1-D.access-mru-3 = 355802, 429173, 391269, 422772
L1-D.access-mru-4 = 253737, 307208, 271799, 295382
L1-D.access-mru-5 = 189132, 224459, 195533, 214037
L1-D.access-mru-6 = 139843, 165994, 149337, 161511
L1-D.access-mru-7 = 116830, 129578, 112940, 130931
L1-D.backinval-E = 392, 479, 278, 233
L1-D.backinval-I = 0, 0, 0, 0
L1-D.backinval-M = 1036, 2177, 1164, 616
L1-D.backinval-O = 0, 0, 0, 0
L1-D.backinval-S = 1063, 1228, 1269, 1045
L1-D.backinval-u = 0, 0, 0, 0
L1-D.coherency-downgrades = 47173, 56691, 55500, 58189
L1-D.coherency-invalidates = 9102, 9130, 9324, 9127
L1-D.coherency-upgrades = 90, 175, 188, 172
L1-D.coherency-writebacks = 12078, 12356, 13401, 12837
L1-D.evict-E = 1108197, 895844, 991994, 885032
L1-D.evict-I = 0, 0, 0, 0
L1-D.evict-M = 148145, 145190, 128657, 121033
L1-D.evict-O = 0, 0, 0, 0
L1-D.evict-prefetch = 0, 0, 0, 0
L1-D.evict-S = 469585, 297978, 378134, 490852
L1-D.evict-u = 0, 0, 0, 0
L1-D.evict-warmup = 424, 0, 0, 0
L1-D.hits-prefetch = 0, 0, 0, 0
L1-D.hits-warmup = 87, 0, 0, 0
L1-D.invalidate-prefetch = 0, 0, 0, 0
L1-D.invalidate-warmup = 0, 0, 0, 0
L1-D.load-misses = 1693962, 1321965, 1475200, 1474605
L1-D.load-misses-E = 4, 1, 1, 0
L1-D.load-misses-I = 1689668, 1315803, 1470431, 1469367
L1-D.load-misses-M = 0, 0, 0, 0
L1-D.load-misses-O = 0, 0, 0, 0
L1-D.load-misses-S = 4290, 6161, 4768, 5238
L1-D.load-misses-u = 0, 0, 0, 0
L1-D.load-overlapping-misses = 0, 0, 0, 0
L1-D.loads = 35754067, 35503818, 35440132, 35838128
L1-D.loads-E = 11425032, 11396664, 10924608, 9833036
L1-D.loads-I = 1689668, 1315803, 1470431, 1469367
L1-D.loads-M = 14996886, 16094689, 15233487, 15123782
L1-D.loads-O = 0, 0, 0, 0
L1-D.loads-prefetch = 0, 0, 0, 0
L1-D.loads-S = 7642481, 6696662, 7811606, 9411943
L1-D.loads-u = 0, 0, 0, 0
L1-D.loads-where-cache-remote = 0, 0, 0, 0
L1-D.loads-where-dram = 0, 0, 0, 0
L1-D.loads-where-dram-cache = 0, 0, 0, 0
L1-D.loads-where-dram-local = 44300, 45514, 57734, 47136
L1-D.loads-where-dram-remote = 0, 0, 0, 0
L1-D.loads-where-L1 = 34060105, 34181853, 33964932, 34363523
L1-D.loads-where-L1_S = 0, 0, 0, 0
L1-D.loads-where-L1I = 0, 0, 0, 0
L1-D.loads-where-L2 = 1335056, 908124, 1067603, 1140336
L1-D.loads-where-L2_S = 0, 0, 0, 0
L1-D.loads-where-L3 = 284750, 335485, 318297, 255014
L1-D.loads-where-L3_S = 29856, 32842, 31566, 32119
L1-D.loads-where-L4 = 0, 0, 0, 0
L1-D.loads-where-L4_S = 0, 0, 0, 0
L1-D.loads-where-miss = 0, 0, 0, 0
L1-D.loads-where-nuca-cache = 0, 0, 0, 0
L1-D.loads-where-predicate-false = 0, 0, 0, 0
L1-D.loads-where-prefetch-no-mapping = 0, 0, 0, 0
L1-D.loads-where-unknown = 0, 0, 0, 0
L1-D.mshr-latency = 0, 0, 0, 0
L1-D.next_read.no-free-slots = 0, 0, 0, 0
L1-D.next_read.num-barriers = 0, 0, 0, 0
L1-D.next_read.num-requests = 0, 0, 0, 0
L1-D.next_read.requests-out-of-order = 0, 0, 0, 0
L1-D.next_read.requests-simultaneous = 0, 0, 0, 0
L1-D.next_read.total-barrier-delay = 0, 0, 0, 0
L1-D.next_read.total-delay = 0, 0, 0, 0
L1-D.prefetches = 0, 0, 0, 0
L1-D.qbs-query-latency = 0, 0, 0, 0
L1-D.snoop-latency = 0, 0, 0, 0
L1-D.store-misses = 65562, 58472, 61470, 59020
L1-D.store-misses-E = 456, 1528, 907, 760
L1-D.store-misses-I = 60016, 49240, 54457, 52056
L1-D.store-misses-M = 0, 0, 0, 0
L1-D.store-misses-O = 0, 0, 0, 0
L1-D.store-misses-S = 5090, 7704, 6106, 6204
L1-D.store-misses-u = 0, 0, 0, 0
L1-D.store-overlapping-misses = 0, 0, 0, 0
L1-D.stores = 10978702, 11774578, 11394954, 11266617
L1-D.stores-E = 456, 1528, 907, 760
L1-D.stores-I = 60016, 49240, 54457, 52056
L1-D.stores-M = 10913140, 11716106, 11333484, 11207597
L1-D.stores-O = 0, 0, 0, 0
L1-D.stores-prefetch = 0, 0, 0, 0
L1-D.stores-S = 5090, 7704, 6106, 6204
L1-D.stores-u = 0, 0, 0, 0
L1-D.stores-where-cache-remote = 0, 0, 0, 0
L1-D.stores-where-dram = 0, 0, 0, 0
L1-D.stores-where-dram-cache = 0, 0, 0, 0
L1-D.stores-where-dram-local = 130, 124, 102, 136
L1-D.stores-where-dram-remote = 0, 0, 0, 0
L1-D.stores-where-L1 = 10913140, 11716106, 11333484, 11207597
L1-D.stores-where-L1_S = 0, 0, 0, 0
L1-D.stores-where-L1I = 0, 0, 0, 0
L1-D.stores-where-L2 = 58114, 45914, 52431, 50500
L1-D.stores-where-L2_S = 0, 0, 0, 0
L1-D.stores-where-L3 = 1682, 4208, 2379, 1634
L1-D.stores-where-L3_S = 5636, 8226, 6558, 6750
L1-D.stores-where-L4 = 0, 0, 0, 0
L1-D.stores-where-L4_S = 0, 0, 0, 0
L1-D.stores-where-miss = 0, 0, 0, 0
L1-D.stores-where-nuca-cache = 0, 0, 0, 0
L1-D.stores-where-predicate-false = 0, 0, 0, 0
L1-D.stores-where-prefetch-no-mapping = 0, 0, 0, 0
L1-D.stores-where-unknown = 0, 0, 0, 0
L1-D.total-latency = 12549754096852, 12068968354559, 13090156471033, 11878413547769
L1-I.access-mru-0 = 12593363, 12771671, 12498147, 12650638
L1-I.access-mru-1 = 3265441, 3138612, 3236441, 3196193
L1-I.access-mru-2 = 410982, 394333, 414235, 443375
L1-I.access-mru-3 = 128888, 131244, 142370, 144737
L1-I.backinval-E = 7827, 8720, 6104, 4322
L1-I.backinval-I = 0, 0, 0, 0
L1-I.backinval-M = 0, 0, 0, 0
L1-I.backinval-O = 0, 0, 0, 0
L1-I.backinval-S = 30043, 33311, 34989, 29854
L1-I.backinval-u = 0, 0, 0, 0
L1-I.coherency-downgrades = 110735, 105699, 107695, 115430
L1-I.coherency-invalidates = 0, 0, 0, 0
L1-I.coherency-upgrades = 0, 0, 0, 0
L1-I.coherency-writebacks = 0, 0, 0, 0
L1-I.evict-E = 2631, 4983, 1889, 582
L1-I.evict-I = 0, 0, 0, 0
L1-I.evict-M = 0, 0, 0, 0
L1-I.evict-O = 0, 0, 0, 0
L1-I.evict-prefetch = 0, 0, 0, 0
L1-I.evict-S = 9306, 4926, 9705, 12482
L1-I.evict-u = 0, 0, 0, 0
L1-I.evict-warmup = 0, 0, 0, 0
L1-I.hits-prefetch = 0, 0, 0, 0
L1-I.hits-warmup = 0, 0, 0, 0
L1-I.invalidate-prefetch = 0, 0, 0, 0
L1-I.invalidate-warmup = 0, 0, 0, 0
L1-I.load-misses = 50115, 52198, 52956, 47506
L1-I.load-misses-E = 0, 0, 0, 0
L1-I.load-misses-I = 50115, 52198, 52956, 47506
L1-I.load-misses-M = 0, 0, 0, 0
L1-I.load-misses-O = 0, 0, 0, 0
L1-I.load-misses-S = 0, 0, 0, 0
L1-I.load-misses-u = 0, 0, 0, 0
L1-I.load-overlapping-misses = 0, 0, 0, 0
L1-I.loads = 16448789, 16488058, 16344149, 16482449
L1-I.loads-E = 4539459, 4726725, 4030920, 3694811
L1-I.loads-I = 50115, 52198, 52956, 47506
L1-I.loads-M = 0, 0, 0, 0
L1-I.loads-O = 0, 0, 0, 0
L1-I.loads-prefetch = 0, 0, 0, 0
L1-I.loads-S = 11859215, 11709135, 12260273, 12740132
L1-I.loads-u = 0, 0, 0, 0
L1-I.loads-where-cache-remote = 0, 0, 0, 0
L1-I.loads-where-dram = 0, 0, 0, 0
L1-I.loads-where-dram-cache = 0, 0, 0, 0
L1-I.loads-where-dram-local = 305, 160, 115, 191
L1-I.loads-where-dram-remote = 0, 0, 0, 0
L1-I.loads-where-L1 = 0, 0, 0, 0
L1-I.loads-where-L1_S = 0, 0, 0, 0
L1-I.loads-where-L1I = 16398674, 16435860, 16291193, 16434943
L1-I.loads-where-L2 = 11882, 9836, 11545, 13007
L1-I.loads-where-L2_S = 0, 0, 0, 0
L1-I.loads-where-L3 = 37928, 42202, 41296, 34308
L1-I.loads-where-L3_S = 0, 0, 0, 0
L1-I.loads-where-L4 = 0, 0, 0, 0
L1-I.loads-where-L4_S = 0, 0, 0, 0
L1-I.loads-where-miss = 0, 0, 0, 0
L1-I.loads-where-nuca-cache = 0, 0, 0, 0
L1-I.loads-where-predicate-false = 0, 0, 0, 0
L1-I.loads-where-prefetch-no-mapping = 0, 0, 0, 0
L1-I.loads-where-unknown = 0, 0, 0, 0
L1-I.mshr-latency = 0, 0, 0, 0
L1-I.next_read.no-free-slots = 0, 0, 0, 0
L1-I.next_read.num-barriers = 0, 0, 0, 0
L1-I.next_read.num-requests = 0, 0, 0, 0
L1-I.next_read.requests-out-of-order = 0, 0, 0, 0
L1-I.next_read.requests-simultaneous = 0, 0, 0, 0
L1-I.next_read.total-barrier-delay = 0, 0, 0, 0
L1-I.next_read.total-delay = 0, 0, 0, 0
L1-I.prefetches = 0, 0, 0, 0
L1-I.qbs-query-latency = 0, 0, 0, 0
L1-I.snoop-latency = 0, 0, 0, 0
L1-I.store-misses = 0, 0, 0, 0
L1-I.store-misses-E = 0, 0, 0, 0
L1-I.store-misses-I = 0, 0, 0, 0
L1-I.store-misses-M = 0, 0, 0, 0
L1-I.store-misses-O = 0, 0, 0, 0
L1-I.store-misses-S = 0, 0, 0, 0
L1-I.store-misses-u = 0, 0, 0, 0
L1-I.store-overlapping-misses = 0, 0, 0, 0
L1-I.stores = 0, 0, 0, 0
L1-I.stores-E = 0, 0, 0, 0
L1-I.stores-I = 0, 0, 0, 0
L1-I.stores-M = 0, 0, 0, 0
L1-I.stores-O = 0, 0, 0, 0
L1-I.stores-prefetch = 0, 0, 0, 0
L1-I.stores-S = 0, 0, 0, 0
L1-I.stores-u = 0, 0, 0, 0
L1-I.stores-where-cache-remote = 0, 0, 0, 0
L1-I.stores-where-dram = 0, 0, 0, 0
L1-I.stores-where-dram-cache = 0, 0, 0, 0
L1-I.stores-where-dram-local = 0, 0, 0, 0
L1-I.stores-where-dram-remote = 0, 0, 0, 0
L1-I.stores-where-L1 = 0, 0, 0, 0
L1-I.stores-where-L1_S = 0, 0, 0, 0
L1-I.stores-where-L1I = 0, 0, 0, 0
L1-I.stores-where-L2 = 0, 0, 0, 0
L1-I.stores-where-L2_S = 0, 0, 0, 0
L1-I.stores-where-L3 = 0, 0, 0, 0
L1-I.stores-where-L3_S = 0, 0, 0, 0
L1-I.stores-where-L4 = 0, 0, 0, 0
L1-I.stores-where-L4_S = 0, 0, 0, 0
L1-I.stores-where-miss = 0, 0, 0, 0
L1-I.stores-where-nuca-cache = 0, 0, 0, 0
L1-I.stores-where-predicate-false = 0, 0, 0, 0
L1-I.stores-where-prefetch-no-mapping = 0, 0, 0, 0
L1-I.stores-where-unknown = 0, 0, 0, 0
L1-I.total-latency = 570255135942, 603947383758, 597376190963, 516224816568
l1misslat = 7984742.08957
L2.access-mru-0 = 206767, 159645, 161313, 200081
L2.access-mru-1 = 347444, 243536, 268553, 321179
L2.access-mru-2 = 323322, 207632, 253035, 278783
L2.access-mru-3 = 223183, 142003, 178570, 177405
L2.access-mru-4 = 136935, 89043, 115362, 102885
L2.access-mru-5 = 81271, 56212, 72990, 59412
L2.access-mru-6 = 51229, 37914, 48176, 37442
L2.access-mru-7 = 34901, 27889, 33580, 26656
L2.backinval-E = 2, 0, 6, 0
L2.backinval-I = 0, 0, 0, 0
L2.backinval-M = 29, 20, 24, 37
L2.backinval-O = 0, 0, 0, 0
L2.backinval-S = 6, 8, 2, 8
L2.backinval-u = 0, 0, 0, 0
L2.coherency-downgrades = 236379, 239643, 255826, 278950
L2.coherency-invalidates = 9289, 9231, 9470, 9278
L2.coherency-upgrades = 317, 223, 217, 326
L2.coherency-writebacks = 12219, 12463, 13467, 12996
L2.evict-E = 272832, 299581, 293253, 227158
L2.evict-I = 0, 0, 0, 0
L2.evict-M = 18718, 32964, 17952, 11004
L2.evict-O = 0, 0, 0, 0
L2.evict-prefetch = 0, 0, 0, 0
L2.evict-S = 81373, 94826, 107768, 100232
L2.evict-u = 0, 0, 0, 0
L2.evict-warmup = 4019, 0, 0, 0
L2.hits-prefetch = 0, 0, 0, 0
L2.hits-warmup = 69, 0, 0, 0
L2.invalidate-prefetch = 0, 0, 0, 0
L2.invalidate-warmup = 2, 0, 0, 0
L2.load-misses = 397139, 456203, 449008, 368768
L2.load-misses-E = 4, 1, 1, 0
L2.load-misses-I = 392845, 450041, 444181, 363531
L2.load-misses-M = 0, 0, 0, 0
L2.load-misses-O = 0, 0, 0, 0
L2.load-misses-S = 4290, 6161, 4826, 5237
L2.load-misses-u = 0, 0, 0, 0
L2.load-overlapping-misses = 1119, 1124, 1063, 1105
L2.loads = 1744077, 1374163, 1528156, 1522111
L2.loads-E = 804275, 560356, 647152, 604958
L2.loads-I = 392845, 450041, 444181, 363531
L2.loads-M = 70980, 64931, 55496, 55315
L2.loads-O = 0, 0, 0, 0
L2.loads-prefetch = 0, 0, 0, 0
L2.loads-S = 475977, 298835, 381327, 498307
L2.loads-u = 0, 0, 0, 0
L2.mshr-latency = 0, 0, 0, 0
L2.next_read.no-free-slots = 0, 0, 0, 0
L2.next_read.num-barriers = 0, 0, 0, 0
L2.next_read.num-requests = 0, 0, 0, 0
L2.next_read.requests-out-of-order = 0, 0, 0, 0
L2.next_read.requests-simultaneous = 0, 0, 0, 0
L2.next_read.total-barrier-delay = 0, 0, 0, 0
L2.next_read.total-delay = 0, 0, 0, 0
L2.prefetches = 0, 0, 0, 0
L2.qbs-query-latency = 0, 0, 0, 0
L2.snoop-latency = 0, 0, 0, 0
L2.store-misses = 7448, 12558, 9039, 8520
L2.store-misses-E = 456, 1528, 907, 759
L2.store-misses-I = 1902, 3329, 2029, 1560
L2.store-misses-M = 0, 0, 0, 0
L2.store-misses-O = 0, 0, 0, 0
L2.store-misses-S = 5090, 7701, 6103, 6201
L2.store-misses-u = 0, 0, 0, 0
L2.store-overlapping-misses = 1081, 1172, 1001, 1075
L2.stores = 65562, 58472, 61470, 59020
L2.stores-E = 456, 1528, 907, 759
L2.stores-I = 1902, 3329, 2029, 1560
L2.stores-M = 58114, 45914, 52431, 50500
L2.stores-O = 0, 0, 0, 0
L2.stores-prefetch = 0, 0, 0, 0
L2.stores-S = 5090, 7701, 6103, 6201
L2.stores-u = 0, 0, 0, 0
L2.total-latency = 0, 0, 0, 0
L3.access-mru-0 = 495374, 0, 0, 0
L3.access-mru-1 = 270112, 0, 0, 0
L3.access-mru-10 = 23604, 0, 0, 0
L3.access-mru-11 = 20216, 0, 0, 0
L3.access-mru-12 = 17369, 0, 0, 0
L3.access-mru-13 = 14403, 0, 0, 0
L3.access-mru-14 = 11502, 0, 0, 0
L3.access-mru-15 = 9394, 0, 0, 0
L3.access-mru-2 = 190598, 0, 0, 0
L3.access-mru-3 = 136469, 0, 0, 0
L3.access-mru-4 = 97780, 0, 0, 0
L3.access-mru-5 = 70259, 0, 0, 0
L3.access-mru-6 = 51870, 0, 0, 0
L3.access-mru-7 = 39940, 0, 0, 0
L3.access-mru-8 = 32166, 0, 0, 0
L3.access-mru-9 = 27111, 0, 0, 0
L3.backinval-E = 0, 0, 0, 0
L3.backinval-I = 0, 0, 0, 0
L3.backinval-M = 0, 0, 0, 0
L3.backinval-O = 0, 0, 0, 0
L3.backinval-S = 0, 0, 0, 0
L3.backinval-u = 0, 0, 0, 0
L3.coherency-downgrades = 0, 0, 0, 0
L3.coherency-invalidates = 0, 0, 0, 0
L3.coherency-upgrades = 0, 0, 0, 0
L3.coherency-writebacks = 0, 0, 0, 0
L3.evict-E = 78455, 0, 0, 0
L3.evict-I = 0, 0, 0, 0
L3.evict-M = 118053, 0, 0, 0
L3.evict-O = 0, 0, 0, 0
L3.evict-prefetch = 0, 0, 0, 0
L3.evict-S = 0, 0, 0, 0
L3.evict-u = 0, 0, 0, 0
L3.evict-warmup = 112482, 0, 0, 0
L3.hits-prefetch = 0, 0, 0, 0
L3.hits-warmup = 2069, 9951, 4462, 2046
L3.invalidate-prefetch = 0, 0, 0, 0
L3.invalidate-warmup = 0, 0, 0, 0
L3.load-misses = 44531, 45555, 57744, 47219
L3.load-misses-E = 4, 2, 1, 0
L3.load-misses-I = 44527, 45553, 57743, 47219
L3.load-misses-M = 0, 0, 0, 0
L3.load-misses-O = 0, 0, 0, 0
L3.load-misses-S = 0, 0, 0, 0
L3.load-misses-u = 0, 0, 0, 0
L3.load-overlapping-misses = 2, 1, 0, 0
L3.loads = 397139, 456203, 449008, 368768
L3.loads-E = 308309, 349769, 343353, 279564
L3.loads-I = 44527, 45553, 57743, 47219
L3.loads-M = 44303, 60881, 47912, 41985
L3.loads-O = 0, 0, 0, 0
L3.loads-prefetch = 0, 0, 0, 0
L3.loads-S = 0, 0, 0, 0
L3.loads-u = 0, 0, 0, 0
L3.mshr-latency = 2463638611, 5294021706, 5734063117, 4571052350
L3.next_read.no-free-slots = 0, 0, 0, 0
L3.next_read.num-barriers = 0, 0, 0, 0
L3.next_read.num-requests = 0, 0, 0, 0
L3.next_read.requests-out-of-order = 0, 0, 0, 0
L3.next_read.requests-simultaneous = 0, 0, 0, 0
L3.next_read.total-barrier-delay = 0, 0, 0, 0
L3.next_read.total-delay = 0, 0, 0, 0
L3.prefetches = 0, 0, 0, 0
L3.qbs-query-latency = 0, 0, 0, 0
L3.snoop-latency = 672442089300, 775637344800, 719603636850, 734096085300
L3.store-misses = 857, 2007, 1414, 1209
L3.store-misses-E = 487, 1623, 1039, 820
L3.store-misses-I = 365, 381, 369, 381
L3.store-misses-M = 5, 3, 6, 8
L3.store-misses-O = 0, 0, 0, 0
L3.store-misses-S = 0, 0, 0, 0
L3.store-misses-u = 0, 0, 0, 0
L3.store-overlapping-misses = 349, 1245, 711, 607
L3.stores = 7448, 12558, 9039, 8520
L3.stores-E = 487, 1623, 1039, 820
L3.stores-I = 365, 381, 369, 381
L3.stores-M = 6596, 10554, 7631, 7319
L3.stores-O = 0, 0, 0, 0
L3.stores-prefetch = 0, 0, 0, 0
L3.stores-S = 0, 0, 0, 0
L3.stores-u = 0, 0, 0, 0
L3.total-latency = 0, 0, 0, 0
L3.uncore-requests = 44883, 45927, 58110, 47588
L3.uncore-time-dram = 0, 0, 0, 0
L3.uncore-time-dram-bus = 378331194708, 387131358852, 489825228360, 401132386288
L3.uncore-time-dram-cache = 0, 0, 0, 0
L3.uncore-time-dram-cache-bus = 0, 0, 0, 0
L3.uncore-time-dram-cache-data = 0, 0, 0, 0
L3.uncore-time-dram-cache-queue = 0, 0, 0, 0
L3.uncore-time-dram-cache-tags = 0, 0, 0, 0
L3.uncore-time-dram-device = 2019735000000, 2066715000000, 2614950000000, 2141460000000
L3.uncore-time-dram-queue = 295882625137, 369080837774, 399874472280, 401879888495
L3.uncore-time-inv-imbalance = 0, 0, 0, 0
L3.uncore-time-noc-base = 0, 0, 0, 0
L3.uncore-time-noc-queue = 0, 0, 0, 0
L3.uncore-time-nuca-bus = 0, 0, 0, 0
L3.uncore-time-nuca-data = 0, 0, 0, 0
L3.uncore-time-nuca-queue = 0, 0, 0, 0
L3.uncore-time-nuca-tags = 0, 0, 0, 0
L3.uncore-time-pending-hit = 357142050, 526314600, 695487150, 488720700
L3.uncore-time-remote-cache-fwd = 0, 0, 0, 0
L3.uncore-time-remote-cache-inv = 0, 0, 0, 0
L3.uncore-time-remote-cache-wb = 0, 0, 0, 0
L3.uncore-time-td-access = 168743979540, 172672542090, 218484468630, 178924407660
L3.uncore-time-unknown = 0, 0, 0, 0
L3.uncore-totaltime = 2863049941435, 2996126053316, 3723829656420, 3123885403143
ncores = 4
network.shmem-1.bus.num-bytes = 0, 0, 0, 0
network.shmem-1.bus.num-packets = 0, 0, 0, 0
network.shmem-1.bus.num-packets-delayed = 0, 0, 0, 0
network.shmem-1.bus.time-used = 0, 0, 0, 0
network.shmem-1.bus.total-delay = 0, 0, 0, 0
performance_model.cpiDTLBMiss = 0, 0, 0, 0
performance_model.cpiFastforwardTime = 0, 0, 0, 0
performance_model.cpiITLBMiss = 0, 0, 0, 0
performance_model.cpiRecv = 0, 0, 0, 0
performance_model.cpiStartTime = 0, 734921353514891, 734922409527542, 734922814413845
performance_model.cpiSyncDvfsTransition = 0, 0, 0, 0
performance_model.cpiSyncFutex = 434945668164, 456732085092, 448097891819, 442935492951
performance_model.cpiSyncJoin = 0, 0, 0, 0
performance_model.cpiSyncMemAccess = 0, 0, 0, 0
performance_model.cpiSyncPause = 0, 0, 0, 0
performance_model.cpiSyncPthreadBarrier = 0, 0, 0, 0
performance_model.cpiSyncPthreadCond = 0, 0, 0, 0
performance_model.cpiSyncPthreadMutex = 0, 0, 0, 0
performance_model.cpiSyncSleep = 0, 0, 0, 0
performance_model.cpiSyncSyscall = 0, 0, 0, 0
performance_model.cpiSyncUnscheduled = 0, 0, 0, 0
performance_model.cpiUnknown = 60902118, 0, 0, 0
performance_model.cycle_count = 232125209.908, 232125209.908, 232125209.908, 232125209.908
performance_model.dyninsn_cost = 0, 0, 0, 0
performance_model.dyninsn_count = 0, 0, 0, 0
performance_model.dyninsn_zero_count = 0, 0, 0, 0
performance_model.elapsed_time = 87265116506843, 87265116506843, 87265116506843, 87265116506843
performance_model.elapsed_time_begin = 734911947145172, 0, 0, 0
performance_model.elapsed_time_end = 822176704096316, 822146366570894, 822152962418389, 822157805636006
performance_model.idle_elapsed_time = 435305223863, 496835535932, 482661507815, 473060777633
performance_model.instruction_count = 119955447, 121640464, 120183937, 121019999
performance_model.nonidle_elapsed_time = 86829811282980, 86768280970911, 86782454999028, 86792055729210
power.BUSES.Area = 1.3377
power.BUSES.Bus/Area = 1.3377
power.BUSES.Bus/Gate Leakage = 0.00666015
power.BUSES.Bus/Peak Dynamic = 0.0
power.BUSES.Bus/Runtime Dynamic = 0.0
power.BUSES.Bus/Subthreshold Leakage = 0.0694515
power.BUSES.Bus/Subthreshold Leakage with power gating = 0.0260443
power.BUSES.Gate Leakage = 0.00666015
power.BUSES.Peak Dynamic = 0.0
power.BUSES.Runtime Dynamic = 0.0
power.BUSES.Subthreshold Leakage = 0.0694515
power.BUSES.Subthreshold Leakage with power gating = 0.0260443
power.Core = {'Instruction Fetch Unit/Subthreshold Leakage with power gating': 0.408542, 'Execution Unit/Register Files/Floating Point RF/Subthreshold Leakage': 0.00399698, 'Instruction Fetch Unit/Instruction Decoder/Runtime Dynamic': 0.177516, 'Load Store Unit/Data Cache/Subthreshold Leakage with power gating': 0.25085, 'Instruction Fetch Unit/Instruction Cache/Gate Leakage': 0.029931, 'Load Store Unit/Subthreshold Leakage with power gating': 0.283406, 'Execution Unit/Instruction Scheduler/Area': 2.17927, 'Execution Unit/Instruction Scheduler/Instruction Window/Subthreshold Leakage': 0.0800117, 'Execution Unit/Floating Point Units/Gate Leakage': 0.0656156, 'Subthreshold Leakage': 6.21877, 'Renaming Unit/Free List/Runtime Dynamic': 0.0122024, 'Execution Unit/Complex ALUs/Gate Leakage': 0.0132646, 'Memory Management Unit/Gate Leakage': 0.00813591, 'Execution Unit/Instruction Scheduler/Instruction Window/Runtime Dynamic': 0.351161, 'Instruction Fetch Unit/Branch Predictor/Chooser/Subthreshold Leakage': 0.00759719, 'Load Store Unit/LoadQ/Subthreshold Leakage with power gating': 0.00536918, 'Execution Unit/Instruction Scheduler/ROB/Subthreshold Leakage with power gating': 0.00897339, 'Instruction Fetch Unit/Instruction Buffer/Peak Dynamic': 0.606827, 'Execution Unit/Results Broadcast Bus/Subthreshold Leakage with power gating': 0.0345155, 'Instruction Fetch Unit/Instruction Decoder/Subthreshold Leakage': 0.442943, 'Execution Unit/Floating Point Units/Area': 4.6585, 'Execution Unit/Gate Leakage': 0.122718, 'L2/Area': 4.53318, 'Instruction Fetch Unit/Branch Predictor/L2_Local Predictor/Area': 0.0151917, 'Execution Unit/Register Files/Floating Point RF/Area': 0.208131, 'Execution Unit/Instruction Scheduler/Subthreshold Leakage': 0.114878, 'Load Store Unit/Data Cache/Runtime Dynamic': 0.745194, 'Instruction Fetch Unit/Branch Predictor/L2_Local Predictor/Subthreshold Leakage': 0.00181347, 'Memory Management Unit/Dtlb/Subthreshold Leakage': 0.0155699, 'Renaming Unit/FP Front End RAT/Peak Dynamic': 3.33511, 'Execution Unit/Runtime Dynamic': 2.14141, 'Instruction Fetch Unit/Branch Predictor/Global Predictor/Subthreshold Leakage with power gating': 0.0039236, 'Execution Unit/Instruction Scheduler/Instruction Window/Gate Leakage': 0.00529112, 'Renaming Unit/FP Front End RAT/Runtime Dynamic': 0.152311, 'Instruction Fetch Unit/Branch Predictor/Global Predictor/Area': 0.0435221, 'Execution Unit/Instruction Scheduler/FP Instruction Window/Runtime Dynamic': 0.202791, 'Renaming Unit/Peak Dynamic': 4.56169, 'Execution Unit/Integer ALUs/Subthreshold Leakage with power gating': 0.150833, 'L2/Peak Dynamic': 0.0396762, 'Execution Unit/Peak Dynamic': 5.57539, 'Runtime Dynamic': 3.95234, 'L2/Subthreshold Leakage with power gating': 0.401066, 'Execution Unit/Register Files/Integer RF/Area': 0.362673, 'Load Store Unit/StoreQ/Peak Dynamic': 0.123367, 'Instruction Fetch Unit/Branch Predictor/Global Predictor/Runtime Dynamic': 0.00155677, 'Gate Leakage': 0.372997, 'Subthreshold Leakage with power gating': 2.58311, 'Instruction Fetch Unit/Gate Leakage': 0.0590479, 'Execution Unit/Register Files/Runtime Dynamic': 0.061719, 'Memory Management Unit/Dtlb/Gate Leakage': 0.00088729, 'Execution Unit/Register Files/Gate Leakage': 0.000622708, 'Load Store Unit/LoadQ/Peak Dynamic': 0.0500306, 'Instruction Fetch Unit/Branch Predictor/Chooser/Runtime Dynamic': 0.00155677, 'Load Store Unit/Data Cache/Peak Dynamic': 2.78355, 'Execution Unit/Results Broadcast Bus/Area Overhead': 0.0442632, 'Instruction Fetch Unit/Branch Predictor/L1_Local Predictor/Area': 0.0257064, 'Renaming Unit/Free List/Subthreshold Leakage with power gating': 0.000377987, 'Execution Unit/Instruction Scheduler/ROB/Runtime Dynamic': 0.221869, 'Execution Unit/Instruction Scheduler/FP Instruction Window/Subthreshold Leakage with power gating': 0.00962066, 'Instruction Fetch Unit/Branch Predictor/RAS/Subthreshold Leakage with power gating': 0.000494733, 'Instruction Fetch Unit/Branch Target Buffer/Subthreshold Leakage': 0.0811682, 'Load Store Unit/Runtime Dynamic': 1.04196, 'Execution Unit/Area': 8.2042, 'Execution Unit/Floating Point Units/Subthreshold Leakage with power gating': 0.373061, 'Load Store Unit/StoreQ/Gate Leakage': 0.00329971, 'Instruction Fetch Unit/Branch Predictor/L1_Local Predictor/Subthreshold Leakage': 0.00384344, 'Instruction Fetch Unit/Branch Predictor/L1_Local Predictor/Runtime Dynamic': 0.00140649, 'Renaming Unit/Int Front End RAT/Subthreshold Leakage': 0.00611897, 'Instruction Fetch Unit/Branch Predictor/RAS/Area': 0.0105732, 'Instruction Fetch Unit/Runtime Dynamic': 0.422594, 'Load Store Unit/LoadQ/Area': 0.0836782, 'Load Store Unit/StoreQ/Area': 0.322079, 'Instruction Fetch Unit/Branch Target Buffer/Area': 0.64954, 'Execution Unit/Instruction Scheduler/FP Instruction Window/Gate Leakage': 0.00115349, 'Peak Dynamic': 19.3452, 'Renaming Unit/Runtime Dynamic': 0.266866, 'Execution Unit/Register Files/Floating Point RF/Peak Dynamic': 0.0436576, 'Load Store Unit/StoreQ/Runtime Dynamic': 0.246733, 'Memory Management Unit/Itlb/Subthreshold Leakage': 0.0413758, 'Execution Unit/Instruction Scheduler/Subthreshold Leakage with power gating': 0.0641291, 'Memory Management Unit/Subthreshold Leakage': 0.0769113, 'Instruction Fetch Unit/Instruction Cache/Area': 3.14635, 'Execution Unit/Instruction Scheduler/Gate Leakage': 0.00730101, 'Execution Unit/Register Files/Area': 0.570804, 'Execution Unit/Floating Point Units/Peak Dynamic': 0.231088, 'Execution Unit/Instruction Scheduler/FP Instruction Window/Subthreshold Leakage': 0.017004, 'Load Store Unit/StoreQ/Subthreshold Leakage': 0.0345621, 'Renaming Unit/Gate Leakage': 0.00863632, 'Instruction Fetch Unit/Branch Predictor/Chooser/Peak Dynamic': 0.0168831, 'Renaming Unit/Int Front End RAT/Gate Leakage': 0.00038343, 'Execution Unit/Register Files/Integer RF/Subthreshold Leakage': 0.00614175, 'Renaming Unit/Free List/Subthreshold Leakage': 0.000670426, 'Memory Management Unit/Itlb/Runtime Dynamic': 0.0283444, 'Execution Unit/Complex ALUs/Peak Dynamic': 0.0350641, 'Execution Unit/Integer ALUs/Peak Dynamic': 0.165021, 'Memory Management Unit/Runtime Dynamic': 0.072707, 'Instruction Fetch Unit/Instruction Decoder/Subthreshold Leakage with power gating': 0.166104, 'Memory Management Unit/Dtlb/Runtime Dynamic': 0.0443627, 'Execution Unit/Instruction Scheduler/ROB/Subthreshold Leakage': 0.0178624, 'Instruction Fetch Unit/Branch Predictor/Global Predictor/Gate Leakage': 0.000278362, 'Renaming Unit/FP Front End RAT/Subthreshold Leakage': 0.0437281, 'Instruction Fetch Unit/Instruction Buffer/Gate Leakage': 6.83558e-05, 'Execution Unit/Subthreshold Leakage': 1.83518, 'Execution Unit/Complex ALUs/Subthreshold Leakage': 0.20111, 'Instruction Fetch Unit/Branch Predictor/Gate Leakage': 0.000757657, 'Instruction Fetch Unit/Branch Predictor/RAS/Peak Dynamic': 0.0117602, 'Instruction Fetch Unit/Branch Predictor/L2_Local Predictor/Subthreshold Leakage with power gating': 0.000957045, 'Execution Unit/Results Broadcast Bus/Gate Leakage': 0.00607074, 'Instruction Fetch Unit/Peak Dynamic': 5.70683, 'Instruction Fetch Unit/Branch Predictor/L2_Local Predictor/Runtime Dynamic': 0.000572124, 'Execution Unit/Integer ALUs/Area': 0.47087, 'Execution Unit/Instruction Scheduler/ROB/Area': 0.841232, 'Instruction Fetch Unit/Instruction Cache/Subthreshold Leakage': 0.367022, 'Load Store Unit/LoadQ/Subthreshold Leakage': 0.00941961, 'Instruction Fetch Unit/Branch Predictor/Area': 0.138516, 'Instruction Fetch Unit/Branch Predictor/Global Predictor/Subthreshold Leakage': 0.00759719, 'Renaming Unit/Free List/Peak Dynamic': 0.0401324, 'Renaming Unit/Int Front End RAT/Area': 0.114751, 'Execution Unit/Instruction Scheduler/Instruction Window/Peak Dynamic': 2.07911, 'Execution Unit/Register Files/Floating Point RF/Gate Leakage': 0.000232788, 'Renaming Unit/Int Front End RAT/Runtime Dynamic': 0.102353, 'Load Store Unit/Subthreshold Leakage': 0.591622, 'Memory Management Unit/Dtlb/Peak Dynamic': 0.0437833, 'Execution Unit/Register Files/Subthreshold Leakage with power gating': 0.00423643, 'Instruction Fetch Unit/Branch Target Buffer/Runtime Dynamic': 0.01312, 'Instruction Fetch Unit/Branch Predictor/RAS/Gate Leakage': 4.63858e-05, 'Renaming Unit/Int Front End RAT/Subthreshold Leakage with power gating': 0.00348781, 'Memory Management Unit/Itlb/Gate Leakage': 0.00393464, 'Execution Unit/Instruction Scheduler/FP Instruction Window/Area': 0.328073, 'Load Store Unit/Data Cache/Area': 6.84535, 'Execution Unit/Instruction Scheduler/ROB/Gate Leakage': 0.000856399, 'Instruction Fetch Unit/Branch Predictor/L1_Local Predictor/Subthreshold Leakage with power gating': 0.00198631, 'Instruction Fetch Unit/Branch Predictor/L2_Local Predictor/Gate Leakage': 8.00196e-05, 'Execution Unit/Integer ALUs/Gate Leakage': 0.0265291, 'Instruction Fetch Unit/Branch Predictor/RAS/Runtime Dynamic': 0.000780996, 'Memory Management Unit/Itlb/Peak Dynamic': 0.206705, 'Load Store Unit/Gate Leakage': 0.0351387, 'Instruction Fetch Unit/Branch Target Buffer/Subthreshold Leakage with power gating': 0.0435357, 'Execution Unit/Complex ALUs/Area': 0.235435, 'Instruction Fetch Unit/Branch Predictor/Chooser/Subthreshold Leakage with power gating': 0.0039236, 'Execution Unit/Instruction Scheduler/FP Instruction Window/Peak Dynamic': 1.20978, 'Execution Unit/Register Files/Integer RF/Subthreshold Leakage with power gating': 0.00246675, 'Instruction Fetch Unit/Branch Target Buffer/Gate Leakage': 0.00272758, 'Renaming Unit/FP Front End RAT/Area': 0.168486, 'Renaming Unit/FP Front End RAT/Subthreshold Leakage with power gating': 0.024925, 'L2/Subthreshold Leakage': 0.834142, 'Load Store Unit/Data Cache/Subthreshold Leakage': 0.527675, 'Renaming Unit/Int Front End RAT/Peak Dynamic': 0.86945, 'Execution Unit/Integer ALUs/Subthreshold Leakage': 0.40222, 'Instruction Fetch Unit/Branch Predictor/L2_Local Predictor/Peak Dynamic': 0.00527447, 'Instruction Fetch Unit/Branch Predictor/RAS/Subthreshold Leakage': 0.000932505, 'Instruction Fetch Unit/Instruction Buffer/Area': 0.0226323, 'Instruction Fetch Unit/Instruction Cache/Subthreshold Leakage with power gating': 0.180386, 'Memory Management Unit/Dtlb/Area': 0.0879726, 'Instruction Fetch Unit/Instruction Decoder/Area': 1.85799, 'Execution Unit/Register Files/Peak Dynamic': 0.108247, 'Execution Unit/Instruction Scheduler/Peak Dynamic': 4.84781, 'Load Store Unit/LoadQ/Gate Leakage': 0.00059896, 'Instruction Fetch Unit/Area': 5.86007, 'Execution Unit/Complex ALUs/Subthreshold Leakage with power gating': 0.0754163, 'Execution Unit/Floating Point Units/Runtime Dynamic': 0.405692, 'Renaming Unit/FP Front End RAT/Gate Leakage': 0.00489731, 'Instruction Fetch Unit/Instruction Cache/Runtime Dynamic': 0.174393, 'Memory Management Unit/Itlb/Subthreshold Leakage with power gating': 0.0235842, 'Memory Management Unit/Area': 0.434579, 'Instruction Fetch Unit/Instruction Buffer/Subthreshold Leakage with power gating': 0.000701682, 'Execution Unit/Instruction Scheduler/Instruction Window/Subthreshold Leakage with power gating': 0.0455351, 'Renaming Unit/Area': 0.369768, 'Memory Management Unit/Subthreshold Leakage with power gating': 0.0399462, 'Instruction Fetch Unit/Branch Predictor/Subthreshold Leakage with power gating': 0.0103282, 'Instruction Fetch Unit/Instruction Buffer/Subthreshold Leakage': 0.00151885, 'Instruction Fetch Unit/Branch Predictor/Runtime Dynamic': 0.00530102, 'Instruction Fetch Unit/Branch Predictor/Chooser/Gate Leakage': 0.000278362, 'Execution Unit/Instruction Scheduler/Runtime Dynamic': 0.775821, 'Area': 32.6082, 'Memory Management Unit/Peak Dynamic': 0.440897, 'L2/Runtime Dynamic': 0.00680068, 'Execution Unit/Register Files/Floating Point RF/Subthreshold Leakage with power gating': 0.00176968, 'Execution Unit/Floating Point Units/Subthreshold Leakage': 0.994829, 'Instruction Fetch Unit/Branch Predictor/L1_Local Predictor/Peak Dynamic': 0.0142575, 'Execution Unit/Complex ALUs/Runtime Dynamic': 0.230229, 'Instruction Fetch Unit/Instruction Decoder/Gate Leakage': 0.0222493, 'Instruction Fetch Unit/Branch Predictor/Subthreshold Leakage': 0.0199703, 'Execution Unit/Register Files/Integer RF/Runtime Dynamic': 0.0543677, 'Execution Unit/Results Broadcast Bus/Subthreshold Leakage': 0.0920413, 'Load Store Unit/Area': 8.80969, 'Renaming Unit/Subthreshold Leakage': 0.070483, 'Execution Unit/Results Broadcast Bus/Peak Dynamic': 0.165682, 'Load Store Unit/Peak Dynamic': 3.02076, 'Instruction Fetch Unit/Subthreshold Leakage': 0.932587, 'Execution Unit/Instruction Scheduler/ROB/Peak Dynamic': 1.55892, 'Execution Unit/Integer ALUs/Runtime Dynamic': 0.251298, 'Execution Unit/Subthreshold Leakage with power gating': 0.709678, 'Instruction Fetch Unit/Branch Predictor/Global Predictor/Peak Dynamic': 0.0168831, 'Instruction Fetch Unit/Instruction Buffer/Runtime Dynamic': 0.052265, 'Memory Management Unit/Dtlb/Subthreshold Leakage with power gating': 0.00887485, 'Load Store Unit/Data Cache/Gate Leakage': 0.0279261, 'Renaming Unit/Free List/Area': 0.0414755, 'Load Store Unit/StoreQ/Subthreshold Leakage with power gating': 0.0197004, 'Execution Unit/Results Broadcast Bus/Runtime Dynamic': 0.416652, 'Execution Unit/Register Files/Subthreshold Leakage': 0.0101387, 'Execution Unit/Register Files/Integer RF/Peak Dynamic': 0.0645898, 'Load Store Unit/LoadQ/Runtime Dynamic': 0.0500305, 'Instruction Fetch Unit/Branch Target Buffer/Peak Dynamic': 0.177867, 'Instruction Fetch Unit/Instruction Cache/Peak Dynamic': 3.3245, 'Instruction Fetch Unit/Instruction Decoder/Peak Dynamic': 1.37404, 'Execution Unit/Register Files/Floating Point RF/Runtime Dynamic': 0.00735134, 'Renaming Unit/Subthreshold Leakage with power gating': 0.0362779, 'Execution Unit/Instruction Scheduler/Instruction Window/Area': 1.00996, 'Instruction Fetch Unit/Branch Predictor/Chooser/Area': 0.0435221, 'Memory Management Unit/Itlb/Area': 0.301552, 'Instruction Fetch Unit/Branch Predictor/L1_Local Predictor/Gate Leakage': 0.000154548, 'Instruction Fetch Unit/Branch Predictor/Peak Dynamic': 0.0597838, 'Execution Unit/Register Files/Integer RF/Gate Leakage': 0.00038992, 'Renaming Unit/Free List/Gate Leakage': 4.15911e-05, 'L2/Gate Leakage': 0.015464}, {'Instruction Fetch Unit/Subthreshold Leakage with power gating': 0.408542, 'Execution Unit/Register Files/Floating Point RF/Subthreshold Leakage': 0.00399698, 'Instruction Fetch Unit/Instruction Decoder/Runtime Dynamic': 0.180009, 'Load Store Unit/Data Cache/Subthreshold Leakage with power gating': 0.25085, 'Instruction Fetch Unit/Instruction Cache/Gate Leakage': 0.029931, 'Load Store Unit/Subthreshold Leakage with power gating': 0.283406, 'Execution Unit/Instruction Scheduler/Area': 2.17927, 'Execution Unit/Instruction Scheduler/Instruction Window/Subthreshold Leakage': 0.0800117, 'Execution Unit/Floating Point Units/Gate Leakage': 0.0656156, 'Subthreshold Leakage': 6.21877, 'Renaming Unit/Free List/Runtime Dynamic': 0.0122352, 'Execution Unit/Complex ALUs/Gate Leakage': 0.0132646, 'Memory Management Unit/Gate Leakage': 0.00813591, 'Execution Unit/Instruction Scheduler/Instruction Window/Runtime Dynamic': 0.356094, 'Instruction Fetch Unit/Branch Predictor/Chooser/Subthreshold Leakage': 0.00759719, 'Load Store Unit/LoadQ/Subthreshold Leakage with power gating': 0.00536918, 'Execution Unit/Instruction Scheduler/ROB/Subthreshold Leakage with power gating': 0.00897339, 'Instruction Fetch Unit/Instruction Buffer/Peak Dynamic': 0.606827, 'Execution Unit/Results Broadcast Bus/Subthreshold Leakage with power gating': 0.0345155, 'Instruction Fetch Unit/Instruction Decoder/Subthreshold Leakage': 0.442943, 'Execution Unit/Floating Point Units/Area': 4.6585, 'Execution Unit/Gate Leakage': 0.122718, 'L2/Area': 4.53318, 'Instruction Fetch Unit/Branch Predictor/L2_Local Predictor/Area': 0.0151917, 'Execution Unit/Register Files/Floating Point RF/Area': 0.208131, 'Execution Unit/Instruction Scheduler/Subthreshold Leakage': 0.114878, 'Load Store Unit/Data Cache/Runtime Dynamic': 0.753563, 'Instruction Fetch Unit/Branch Predictor/L2_Local Predictor/Subthreshold Leakage': 0.00181347, 'Memory Management Unit/Dtlb/Subthreshold Leakage': 0.0155699, 'Renaming Unit/FP Front End RAT/Peak Dynamic': 3.33511, 'Execution Unit/Runtime Dynamic': 2.14944, 'Instruction Fetch Unit/Branch Predictor/Global Predictor/Subthreshold Leakage with power gating': 0.0039236, 'Execution Unit/Instruction Scheduler/Instruction Window/Gate Leakage': 0.00529112, 'Renaming Unit/FP Front End RAT/Runtime Dynamic': 0.142932, 'Instruction Fetch Unit/Branch Predictor/Global Predictor/Area': 0.0435221, 'Execution Unit/Instruction Scheduler/FP Instruction Window/Runtime Dynamic': 0.20564, 'Renaming Unit/Peak Dynamic': 4.56169, 'Execution Unit/Integer ALUs/Subthreshold Leakage with power gating': 0.150833, 'L2/Peak Dynamic': 0.0314112, 'Execution Unit/Peak Dynamic': 5.56278, 'Runtime Dynamic': 3.96743, 'L2/Subthreshold Leakage with power gating': 0.401066, 'Execution Unit/Register Files/Integer RF/Area': 0.362673, 'Load Store Unit/StoreQ/Peak Dynamic': 0.124807, 'Instruction Fetch Unit/Branch Predictor/Global Predictor/Runtime Dynamic': 0.00160347, 'Gate Leakage': 0.372997, 'Subthreshold Leakage with power gating': 2.58311, 'Instruction Fetch Unit/Gate Leakage': 0.0590479, 'Execution Unit/Register Files/Runtime Dynamic': 0.062586, 'Memory Management Unit/Dtlb/Gate Leakage': 0.00088729, 'Execution Unit/Register Files/Gate Leakage': 0.000622708, 'Load Store Unit/LoadQ/Peak Dynamic': 0.0506146, 'Instruction Fetch Unit/Branch Predictor/Chooser/Runtime Dynamic': 0.00160347, 'Load Store Unit/Data Cache/Peak Dynamic': 2.8016, 'Execution Unit/Results Broadcast Bus/Area Overhead': 0.0442632, 'Instruction Fetch Unit/Branch Predictor/L1_Local Predictor/Area': 0.0257064, 'Renaming Unit/Free List/Subthreshold Leakage with power gating': 0.000377987, 'Execution Unit/Instruction Scheduler/ROB/Runtime Dynamic': 0.224505, 'Execution Unit/Instruction Scheduler/FP Instruction Window/Subthreshold Leakage with power gating': 0.00962066, 'Instruction Fetch Unit/Branch Predictor/RAS/Subthreshold Leakage with power gating': 0.000494733, 'Instruction Fetch Unit/Branch Target Buffer/Subthreshold Leakage': 0.0811682, 'Load Store Unit/Runtime Dynamic': 1.05379, 'Execution Unit/Area': 8.2042, 'Execution Unit/Floating Point Units/Subthreshold Leakage with power gating': 0.373061, 'Load Store Unit/StoreQ/Gate Leakage': 0.00329971, 'Instruction Fetch Unit/Branch Predictor/L1_Local Predictor/Subthreshold Leakage': 0.00384344, 'Instruction Fetch Unit/Branch Predictor/L1_Local Predictor/Runtime Dynamic': 0.00144785, 'Renaming Unit/Int Front End RAT/Subthreshold Leakage': 0.00611897, 'Instruction Fetch Unit/Branch Predictor/RAS/Area': 0.0105732, 'Instruction Fetch Unit/Runtime Dynamic': 0.426866, 'Load Store Unit/LoadQ/Area': 0.0836782, 'Load Store Unit/StoreQ/Area': 0.322079, 'Instruction Fetch Unit/Branch Target Buffer/Area': 0.64954, 'Execution Unit/Instruction Scheduler/FP Instruction Window/Gate Leakage': 0.00115349, 'Peak Dynamic': 19.398, 'Renaming Unit/Runtime Dynamic': 0.259294, 'Execution Unit/Register Files/Floating Point RF/Peak Dynamic': 0.0409689, 'Load Store Unit/StoreQ/Runtime Dynamic': 0.249614, 'Memory Management Unit/Itlb/Subthreshold Leakage': 0.0413758, 'Execution Unit/Instruction Scheduler/Subthreshold Leakage with power gating': 0.0641291, 'Memory Management Unit/Subthreshold Leakage': 0.0769113, 'Instruction Fetch Unit/Instruction Cache/Area': 3.14635, 'Execution Unit/Instruction Scheduler/Gate Leakage': 0.00730101, 'Execution Unit/Register Files/Area': 0.570804, 'Execution Unit/Floating Point Units/Peak Dynamic': 0.216857, 'Execution Unit/Instruction Scheduler/FP Instruction Window/Subthreshold Leakage': 0.017004, 'Load Store Unit/StoreQ/Subthreshold Leakage': 0.0345621, 'Renaming Unit/Gate Leakage': 0.00863632, 'Instruction Fetch Unit/Branch Predictor/Chooser/Peak Dynamic': 0.0168831, 'Renaming Unit/Int Front End RAT/Gate Leakage': 0.00038343, 'Execution Unit/Register Files/Integer RF/Subthreshold Leakage': 0.00614175, 'Renaming Unit/Free List/Subthreshold Leakage': 0.000670426, 'Memory Management Unit/Itlb/Runtime Dynamic': 0.028412, 'Execution Unit/Complex ALUs/Peak Dynamic': 0.0332795, 'Execution Unit/Integer ALUs/Peak Dynamic': 0.17002, 'Memory Management Unit/Runtime Dynamic': 0.0731611, 'Instruction Fetch Unit/Instruction Decoder/Subthreshold Leakage with power gating': 0.166104, 'Memory Management Unit/Dtlb/Runtime Dynamic': 0.044749, 'Execution Unit/Instruction Scheduler/ROB/Subthreshold Leakage': 0.0178624, 'Instruction Fetch Unit/Branch Predictor/Global Predictor/Gate Leakage': 0.000278362, 'Renaming Unit/FP Front End RAT/Subthreshold Leakage': 0.0437281, 'Instruction Fetch Unit/Instruction Buffer/Gate Leakage': 6.83558e-05, 'Execution Unit/Subthreshold Leakage': 1.83518, 'Execution Unit/Complex ALUs/Subthreshold Leakage': 0.20111, 'Instruction Fetch Unit/Branch Predictor/Gate Leakage': 0.000757657, 'Instruction Fetch Unit/Branch Predictor/RAS/Peak Dynamic': 0.0117602, 'Instruction Fetch Unit/Branch Predictor/L2_Local Predictor/Subthreshold Leakage with power gating': 0.000957045, 'Execution Unit/Results Broadcast Bus/Gate Leakage': 0.00607074, 'Instruction Fetch Unit/Peak Dynamic': 5.75584, 'Instruction Fetch Unit/Branch Predictor/L2_Local Predictor/Runtime Dynamic': 0.000588506, 'Execution Unit/Integer ALUs/Area': 0.47087, 'Execution Unit/Instruction Scheduler/ROB/Area': 0.841232, 'Instruction Fetch Unit/Instruction Cache/Subthreshold Leakage': 0.367022, 'Load Store Unit/LoadQ/Subthreshold Leakage': 0.00941961, 'Instruction Fetch Unit/Branch Predictor/Area': 0.138516, 'Instruction Fetch Unit/Branch Predictor/Global Predictor/Subthreshold Leakage': 0.00759719, 'Renaming Unit/Free List/Peak Dynamic': 0.0401324, 'Renaming Unit/Int Front End RAT/Area': 0.114751, 'Execution Unit/Instruction Scheduler/Instruction Window/Peak Dynamic': 2.07911, 'Execution Unit/Register Files/Floating Point RF/Gate Leakage': 0.000232788, 'Renaming Unit/Int Front End RAT/Runtime Dynamic': 0.104126, 'Load Store Unit/Subthreshold Leakage': 0.591622, 'Memory Management Unit/Dtlb/Peak Dynamic': 0.0442944, 'Execution Unit/Register Files/Subthreshold Leakage with power gating': 0.00423643, 'Instruction Fetch Unit/Branch Target Buffer/Runtime Dynamic': 0.0135435, 'Instruction Fetch Unit/Branch Predictor/RAS/Gate Leakage': 4.63858e-05, 'Renaming Unit/Int Front End RAT/Subthreshold Leakage with power gating': 0.00348781, 'Memory Management Unit/Itlb/Gate Leakage': 0.00393464, 'Execution Unit/Instruction Scheduler/FP Instruction Window/Area': 0.328073, 'Load Store Unit/Data Cache/Area': 6.84535, 'Execution Unit/Instruction Scheduler/ROB/Gate Leakage': 0.000856399, 'Instruction Fetch Unit/Branch Predictor/L1_Local Predictor/Subthreshold Leakage with power gating': 0.00198631, 'Instruction Fetch Unit/Branch Predictor/L2_Local Predictor/Gate Leakage': 8.00196e-05, 'Execution Unit/Integer ALUs/Gate Leakage': 0.0265291, 'Instruction Fetch Unit/Branch Predictor/RAS/Runtime Dynamic': 0.000791966, 'Memory Management Unit/Itlb/Peak Dynamic': 0.209609, 'Load Store Unit/Gate Leakage': 0.0351387, 'Instruction Fetch Unit/Branch Target Buffer/Subthreshold Leakage with power gating': 0.0435357, 'Execution Unit/Complex ALUs/Area': 0.235435, 'Instruction Fetch Unit/Branch Predictor/Chooser/Subthreshold Leakage with power gating': 0.0039236, 'Execution Unit/Instruction Scheduler/FP Instruction Window/Peak Dynamic': 1.20978, 'Execution Unit/Register Files/Integer RF/Subthreshold Leakage with power gating': 0.00246675, 'Instruction Fetch Unit/Branch Target Buffer/Gate Leakage': 0.00272758, 'Renaming Unit/FP Front End RAT/Area': 0.168486, 'Renaming Unit/FP Front End RAT/Subthreshold Leakage with power gating': 0.024925, 'L2/Subthreshold Leakage': 0.834142, 'Load Store Unit/Data Cache/Subthreshold Leakage': 0.527675, 'Renaming Unit/Int Front End RAT/Peak Dynamic': 0.86945, 'Execution Unit/Integer ALUs/Subthreshold Leakage': 0.40222, 'Instruction Fetch Unit/Branch Predictor/L2_Local Predictor/Peak Dynamic': 0.00527447, 'Instruction Fetch Unit/Branch Predictor/RAS/Subthreshold Leakage': 0.000932505, 'Instruction Fetch Unit/Instruction Buffer/Area': 0.0226323, 'Instruction Fetch Unit/Instruction Cache/Subthreshold Leakage with power gating': 0.180386, 'Memory Management Unit/Dtlb/Area': 0.0879726, 'Instruction Fetch Unit/Instruction Decoder/Area': 1.85799, 'Execution Unit/Register Files/Peak Dynamic': 0.105825, 'Execution Unit/Instruction Scheduler/Peak Dynamic': 4.84781, 'Load Store Unit/LoadQ/Gate Leakage': 0.00059896, 'Instruction Fetch Unit/Area': 5.86007, 'Execution Unit/Complex ALUs/Subthreshold Leakage with power gating': 0.0754163, 'Execution Unit/Floating Point Units/Runtime Dynamic': 0.399432, 'Renaming Unit/FP Front End RAT/Gate Leakage': 0.00489731, 'Instruction Fetch Unit/Instruction Cache/Runtime Dynamic': 0.174867, 'Memory Management Unit/Itlb/Subthreshold Leakage with power gating': 0.0235842, 'Memory Management Unit/Area': 0.434579, 'Instruction Fetch Unit/Instruction Buffer/Subthreshold Leakage with power gating': 0.000701682, 'Execution Unit/Instruction Scheduler/Instruction Window/Subthreshold Leakage with power gating': 0.0455351, 'Renaming Unit/Area': 0.369768, 'Memory Management Unit/Subthreshold Leakage with power gating': 0.0399462, 'Instruction Fetch Unit/Branch Predictor/Subthreshold Leakage with power gating': 0.0103282, 'Instruction Fetch Unit/Instruction Buffer/Subthreshold Leakage': 0.00151885, 'Instruction Fetch Unit/Branch Predictor/Runtime Dynamic': 0.00544675, 'Instruction Fetch Unit/Branch Predictor/Chooser/Gate Leakage': 0.000278362, 'Execution Unit/Instruction Scheduler/Runtime Dynamic': 0.786239, 'Area': 32.6082, 'Memory Management Unit/Peak Dynamic': 0.444684, 'L2/Runtime Dynamic': 0.00488073, 'Execution Unit/Register Files/Floating Point RF/Subthreshold Leakage with power gating': 0.00176968, 'Execution Unit/Floating Point Units/Subthreshold Leakage': 0.994829, 'Instruction Fetch Unit/Branch Predictor/L1_Local Predictor/Peak Dynamic': 0.0142575, 'Execution Unit/Complex ALUs/Runtime Dynamic': 0.228828, 'Instruction Fetch Unit/Instruction Decoder/Gate Leakage': 0.0222493, 'Instruction Fetch Unit/Branch Predictor/Subthreshold Leakage': 0.0199703, 'Execution Unit/Register Files/Integer RF/Runtime Dynamic': 0.0551314, 'Execution Unit/Results Broadcast Bus/Subthreshold Leakage': 0.0920413, 'Load Store Unit/Area': 8.80969, 'Renaming Unit/Subthreshold Leakage': 0.070483, 'Execution Unit/Results Broadcast Bus/Peak Dynamic': 0.165835, 'Load Store Unit/Peak Dynamic': 3.04158, 'Instruction Fetch Unit/Subthreshold Leakage': 0.932587, 'Execution Unit/Instruction Scheduler/ROB/Peak Dynamic': 1.55892, 'Execution Unit/Integer ALUs/Runtime Dynamic': 0.255011, 'Execution Unit/Subthreshold Leakage with power gating': 0.709678, 'Instruction Fetch Unit/Branch Predictor/Global Predictor/Peak Dynamic': 0.0168831, 'Instruction Fetch Unit/Instruction Buffer/Runtime Dynamic': 0.0529992, 'Memory Management Unit/Dtlb/Subthreshold Leakage with power gating': 0.00887485, 'Load Store Unit/Data Cache/Gate Leakage': 0.0279261, 'Renaming Unit/Free List/Area': 0.0414755, 'Load Store Unit/StoreQ/Subthreshold Leakage with power gating': 0.0197004, 'Execution Unit/Results Broadcast Bus/Runtime Dynamic': 0.41734, 'Execution Unit/Register Files/Subthreshold Leakage': 0.0101387, 'Execution Unit/Register Files/Integer RF/Peak Dynamic': 0.0648557, 'Load Store Unit/LoadQ/Runtime Dynamic': 0.0506146, 'Instruction Fetch Unit/Branch Target Buffer/Peak Dynamic': 0.177867, 'Instruction Fetch Unit/Instruction Cache/Peak Dynamic': 3.37121, 'Instruction Fetch Unit/Instruction Decoder/Peak Dynamic': 1.37404, 'Execution Unit/Register Files/Floating Point RF/Runtime Dynamic': 0.0074546, 'Renaming Unit/Subthreshold Leakage with power gating': 0.0362779, 'Execution Unit/Instruction Scheduler/Instruction Window/Area': 1.00996, 'Instruction Fetch Unit/Branch Predictor/Chooser/Area': 0.0435221, 'Memory Management Unit/Itlb/Area': 0.301552, 'Instruction Fetch Unit/Branch Predictor/L1_Local Predictor/Gate Leakage': 0.000154548, 'Instruction Fetch Unit/Branch Predictor/Peak Dynamic': 0.0597838, 'Execution Unit/Register Files/Integer RF/Gate Leakage': 0.00038992, 'Renaming Unit/Free List/Gate Leakage': 4.15911e-05, 'L2/Gate Leakage': 0.015464}, {'Instruction Fetch Unit/Subthreshold Leakage with power gating': 0.408542, 'Execution Unit/Register Files/Floating Point RF/Subthreshold Leakage': 0.00399698, 'Instruction Fetch Unit/Instruction Decoder/Runtime Dynamic': 0.177854, 'Load Store Unit/Data Cache/Subthreshold Leakage with power gating': 0.25085, 'Instruction Fetch Unit/Instruction Cache/Gate Leakage': 0.029931, 'Load Store Unit/Subthreshold Leakage with power gating': 0.283406, 'Execution Unit/Instruction Scheduler/Area': 2.17927, 'Execution Unit/Instruction Scheduler/Instruction Window/Subthreshold Leakage': 0.0800117, 'Execution Unit/Floating Point Units/Gate Leakage': 0.0656156, 'Subthreshold Leakage': 6.21877, 'Renaming Unit/Free List/Runtime Dynamic': 0.0121648, 'Execution Unit/Complex ALUs/Gate Leakage': 0.0132646, 'Memory Management Unit/Gate Leakage': 0.00813591, 'Execution Unit/Instruction Scheduler/Instruction Window/Runtime Dynamic': 0.35183, 'Instruction Fetch Unit/Branch Predictor/Chooser/Subthreshold Leakage': 0.00759719, 'Load Store Unit/LoadQ/Subthreshold Leakage with power gating': 0.00536918, 'Execution Unit/Instruction Scheduler/ROB/Subthreshold Leakage with power gating': 0.00897339, 'Instruction Fetch Unit/Instruction Buffer/Peak Dynamic': 0.606827, 'Execution Unit/Results Broadcast Bus/Subthreshold Leakage with power gating': 0.0345155, 'Instruction Fetch Unit/Instruction Decoder/Subthreshold Leakage': 0.442943, 'Execution Unit/Floating Point Units/Area': 4.6585, 'Execution Unit/Gate Leakage': 0.122718, 'L2/Area': 4.53318, 'Instruction Fetch Unit/Branch Predictor/L2_Local Predictor/Area': 0.0151917, 'Execution Unit/Register Files/Floating Point RF/Area': 0.208131, 'Execution Unit/Instruction Scheduler/Subthreshold Leakage': 0.114878, 'Load Store Unit/Data Cache/Runtime Dynamic': 0.746646, 'Instruction Fetch Unit/Branch Predictor/L2_Local Predictor/Subthreshold Leakage': 0.00181347, 'Memory Management Unit/Dtlb/Subthreshold Leakage': 0.0155699, 'Renaming Unit/FP Front End RAT/Peak Dynamic': 3.33511, 'Execution Unit/Runtime Dynamic': 2.13854, 'Instruction Fetch Unit/Branch Predictor/Global Predictor/Subthreshold Leakage with power gating': 0.0039236, 'Execution Unit/Instruction Scheduler/Instruction Window/Gate Leakage': 0.00529112, 'Renaming Unit/FP Front End RAT/Runtime Dynamic': 0.147546, 'Instruction Fetch Unit/Branch Predictor/Global Predictor/Area': 0.0435221, 'Execution Unit/Instruction Scheduler/FP Instruction Window/Runtime Dynamic': 0.203177, 'Renaming Unit/Peak Dynamic': 4.56169, 'Execution Unit/Integer ALUs/Subthreshold Leakage with power gating': 0.150833, 'L2/Peak Dynamic': 0.0348515, 'Execution Unit/Peak Dynamic': 5.56636, 'Runtime Dynamic': 3.94533, 'L2/Subthreshold Leakage with power gating': 0.401066, 'Execution Unit/Register Files/Integer RF/Area': 0.362673, 'Load Store Unit/StoreQ/Peak Dynamic': 0.123636, 'Instruction Fetch Unit/Branch Predictor/Global Predictor/Runtime Dynamic': 0.00157089, 'Gate Leakage': 0.372997, 'Subthreshold Leakage with power gating': 2.58311, 'Instruction Fetch Unit/Gate Leakage': 0.0590479, 'Execution Unit/Register Files/Runtime Dynamic': 0.0618366, 'Memory Management Unit/Dtlb/Gate Leakage': 0.00088729, 'Execution Unit/Register Files/Gate Leakage': 0.000622708, 'Load Store Unit/LoadQ/Peak Dynamic': 0.0501399, 'Instruction Fetch Unit/Branch Predictor/Chooser/Runtime Dynamic': 0.00157089, 'Load Store Unit/Data Cache/Peak Dynamic': 2.78693, 'Execution Unit/Results Broadcast Bus/Area Overhead': 0.0442632, 'Instruction Fetch Unit/Branch Predictor/L1_Local Predictor/Area': 0.0257064, 'Renaming Unit/Free List/Subthreshold Leakage with power gating': 0.000377987, 'Execution Unit/Instruction Scheduler/ROB/Runtime Dynamic': 0.222203, 'Execution Unit/Instruction Scheduler/FP Instruction Window/Subthreshold Leakage with power gating': 0.00962066, 'Instruction Fetch Unit/Branch Predictor/RAS/Subthreshold Leakage with power gating': 0.000494733, 'Instruction Fetch Unit/Branch Target Buffer/Subthreshold Leakage': 0.0811682, 'Load Store Unit/Runtime Dynamic': 1.04406, 'Execution Unit/Area': 8.2042, 'Execution Unit/Floating Point Units/Subthreshold Leakage with power gating': 0.373061, 'Load Store Unit/StoreQ/Gate Leakage': 0.00329971, 'Instruction Fetch Unit/Branch Predictor/L1_Local Predictor/Subthreshold Leakage': 0.00384344, 'Instruction Fetch Unit/Branch Predictor/L1_Local Predictor/Runtime Dynamic': 0.00141833, 'Renaming Unit/Int Front End RAT/Subthreshold Leakage': 0.00611897, 'Instruction Fetch Unit/Branch Predictor/RAS/Area': 0.0105732, 'Instruction Fetch Unit/Runtime Dynamic': 0.42221, 'Load Store Unit/LoadQ/Area': 0.0836782, 'Load Store Unit/StoreQ/Area': 0.322079, 'Instruction Fetch Unit/Branch Target Buffer/Area': 0.64954, 'Execution Unit/Instruction Scheduler/FP Instruction Window/Gate Leakage': 0.00115349, 'Peak Dynamic': 19.3425, 'Renaming Unit/Runtime Dynamic': 0.262399, 'Execution Unit/Register Files/Floating Point RF/Peak Dynamic': 0.0422915, 'Load Store Unit/StoreQ/Runtime Dynamic': 0.247274, 'Memory Management Unit/Itlb/Subthreshold Leakage': 0.0413758, 'Execution Unit/Instruction Scheduler/Subthreshold Leakage with power gating': 0.0641291, 'Memory Management Unit/Subthreshold Leakage': 0.0769113, 'Instruction Fetch Unit/Instruction Cache/Area': 3.14635, 'Execution Unit/Instruction Scheduler/Gate Leakage': 0.00730101, 'Execution Unit/Register Files/Area': 0.570804, 'Execution Unit/Floating Point Units/Peak Dynamic': 0.223858, 'Execution Unit/Instruction Scheduler/FP Instruction Window/Subthreshold Leakage': 0.017004, 'Load Store Unit/StoreQ/Subthreshold Leakage': 0.0345621, 'Renaming Unit/Gate Leakage': 0.00863632, 'Instruction Fetch Unit/Branch Predictor/Chooser/Peak Dynamic': 0.0168831, 'Renaming Unit/Int Front End RAT/Gate Leakage': 0.00038343, 'Execution Unit/Register Files/Integer RF/Subthreshold Leakage': 0.00614175, 'Renaming Unit/Free List/Subthreshold Leakage': 0.000670426, 'Memory Management Unit/Itlb/Runtime Dynamic': 0.028164, 'Execution Unit/Complex ALUs/Peak Dynamic': 0.0340107, 'Execution Unit/Integer ALUs/Peak Dynamic': 0.166512, 'Memory Management Unit/Runtime Dynamic': 0.0725492, 'Instruction Fetch Unit/Instruction Decoder/Subthreshold Leakage with power gating': 0.166104, 'Memory Management Unit/Dtlb/Runtime Dynamic': 0.0443852, 'Execution Unit/Instruction Scheduler/ROB/Subthreshold Leakage': 0.0178624, 'Instruction Fetch Unit/Branch Predictor/Global Predictor/Gate Leakage': 0.000278362, 'Renaming Unit/FP Front End RAT/Subthreshold Leakage': 0.0437281, 'Instruction Fetch Unit/Instruction Buffer/Gate Leakage': 6.83558e-05, 'Execution Unit/Subthreshold Leakage': 1.83518, 'Execution Unit/Complex ALUs/Subthreshold Leakage': 0.20111, 'Instruction Fetch Unit/Branch Predictor/Gate Leakage': 0.000757657, 'Instruction Fetch Unit/Branch Predictor/RAS/Peak Dynamic': 0.0117602, 'Instruction Fetch Unit/Branch Predictor/L2_Local Predictor/Subthreshold Leakage with power gating': 0.000957045, 'Execution Unit/Results Broadcast Bus/Gate Leakage': 0.00607074, 'Instruction Fetch Unit/Peak Dynamic': 5.71348, 'Instruction Fetch Unit/Branch Predictor/L2_Local Predictor/Runtime Dynamic': 0.000576455, 'Execution Unit/Integer ALUs/Area': 0.47087, 'Execution Unit/Instruction Scheduler/ROB/Area': 0.841232, 'Instruction Fetch Unit/Instruction Cache/Subthreshold Leakage': 0.367022, 'Load Store Unit/LoadQ/Subthreshold Leakage': 0.00941961, 'Instruction Fetch Unit/Branch Predictor/Area': 0.138516, 'Instruction Fetch Unit/Branch Predictor/Global Predictor/Subthreshold Leakage': 0.00759719, 'Renaming Unit/Free List/Peak Dynamic': 0.0401324, 'Renaming Unit/Int Front End RAT/Area': 0.114751, 'Execution Unit/Instruction Scheduler/Instruction Window/Peak Dynamic': 2.07911, 'Execution Unit/Register Files/Floating Point RF/Gate Leakage': 0.000232788, 'Renaming Unit/Int Front End RAT/Runtime Dynamic': 0.102688, 'Load Store Unit/Subthreshold Leakage': 0.591622, 'Memory Management Unit/Dtlb/Peak Dynamic': 0.043879, 'Execution Unit/Register Files/Subthreshold Leakage with power gating': 0.00423643, 'Instruction Fetch Unit/Branch Target Buffer/Runtime Dynamic': 0.0132719, 'Instruction Fetch Unit/Branch Predictor/RAS/Gate Leakage': 4.63858e-05, 'Renaming Unit/Int Front End RAT/Subthreshold Leakage with power gating': 0.00348781, 'Memory Management Unit/Itlb/Gate Leakage': 0.00393464, 'Execution Unit/Instruction Scheduler/FP Instruction Window/Area': 0.328073, 'Load Store Unit/Data Cache/Area': 6.84535, 'Execution Unit/Instruction Scheduler/ROB/Gate Leakage': 0.000856399, 'Instruction Fetch Unit/Branch Predictor/L1_Local Predictor/Subthreshold Leakage with power gating': 0.00198631, 'Instruction Fetch Unit/Branch Predictor/L2_Local Predictor/Gate Leakage': 8.00196e-05, 'Execution Unit/Integer ALUs/Gate Leakage': 0.0265291, 'Instruction Fetch Unit/Branch Predictor/RAS/Runtime Dynamic': 0.000782483, 'Memory Management Unit/Itlb/Peak Dynamic': 0.207099, 'Load Store Unit/Gate Leakage': 0.0351387, 'Instruction Fetch Unit/Branch Target Buffer/Subthreshold Leakage with power gating': 0.0435357, 'Execution Unit/Complex ALUs/Area': 0.235435, 'Instruction Fetch Unit/Branch Predictor/Chooser/Subthreshold Leakage with power gating': 0.0039236, 'Execution Unit/Instruction Scheduler/FP Instruction Window/Peak Dynamic': 1.20978, 'Execution Unit/Register Files/Integer RF/Subthreshold Leakage with power gating': 0.00246675, 'Instruction Fetch Unit/Branch Target Buffer/Gate Leakage': 0.00272758, 'Renaming Unit/FP Front End RAT/Area': 0.168486, 'Renaming Unit/FP Front End RAT/Subthreshold Leakage with power gating': 0.024925, 'L2/Subthreshold Leakage': 0.834142, 'Load Store Unit/Data Cache/Subthreshold Leakage': 0.527675, 'Renaming Unit/Int Front End RAT/Peak Dynamic': 0.86945, 'Execution Unit/Integer ALUs/Subthreshold Leakage': 0.40222, 'Instruction Fetch Unit/Branch Predictor/L2_Local Predictor/Peak Dynamic': 0.00527447, 'Instruction Fetch Unit/Branch Predictor/RAS/Subthreshold Leakage': 0.000932505, 'Instruction Fetch Unit/Instruction Buffer/Area': 0.0226323, 'Instruction Fetch Unit/Instruction Cache/Subthreshold Leakage with power gating': 0.180386, 'Memory Management Unit/Dtlb/Area': 0.0879726, 'Instruction Fetch Unit/Instruction Decoder/Area': 1.85799, 'Execution Unit/Register Files/Peak Dynamic': 0.106651, 'Execution Unit/Instruction Scheduler/Peak Dynamic': 4.84781, 'Load Store Unit/LoadQ/Gate Leakage': 0.00059896, 'Instruction Fetch Unit/Area': 5.86007, 'Execution Unit/Complex ALUs/Subthreshold Leakage with power gating': 0.0754163, 'Execution Unit/Floating Point Units/Runtime Dynamic': 0.402512, 'Renaming Unit/FP Front End RAT/Gate Leakage': 0.00489731, 'Instruction Fetch Unit/Instruction Cache/Runtime Dynamic': 0.173377, 'Memory Management Unit/Itlb/Subthreshold Leakage with power gating': 0.0235842, 'Memory Management Unit/Area': 0.434579, 'Instruction Fetch Unit/Instruction Buffer/Subthreshold Leakage with power gating': 0.000701682, 'Execution Unit/Instruction Scheduler/Instruction Window/Subthreshold Leakage with power gating': 0.0455351, 'Renaming Unit/Area': 0.369768, 'Memory Management Unit/Subthreshold Leakage with power gating': 0.0399462, 'Instruction Fetch Unit/Branch Predictor/Subthreshold Leakage with power gating': 0.0103282, 'Instruction Fetch Unit/Instruction Buffer/Subthreshold Leakage': 0.00151885, 'Instruction Fetch Unit/Branch Predictor/Runtime Dynamic': 0.00534259, 'Instruction Fetch Unit/Branch Predictor/Chooser/Gate Leakage': 0.000278362, 'Execution Unit/Instruction Scheduler/Runtime Dynamic': 0.77721, 'Area': 32.6082, 'Memory Management Unit/Peak Dynamic': 0.441456, 'L2/Runtime Dynamic': 0.00557874, 'Execution Unit/Register Files/Floating Point RF/Subthreshold Leakage with power gating': 0.00176968, 'Execution Unit/Floating Point Units/Subthreshold Leakage': 0.994829, 'Instruction Fetch Unit/Branch Predictor/L1_Local Predictor/Peak Dynamic': 0.0142575, 'Execution Unit/Complex ALUs/Runtime Dynamic': 0.229402, 'Instruction Fetch Unit/Instruction Decoder/Gate Leakage': 0.0222493, 'Instruction Fetch Unit/Branch Predictor/Subthreshold Leakage': 0.0199703, 'Execution Unit/Register Files/Integer RF/Runtime Dynamic': 0.0544712, 'Execution Unit/Results Broadcast Bus/Subthreshold Leakage': 0.0920413, 'Load Store Unit/Area': 8.80969, 'Renaming Unit/Subthreshold Leakage': 0.070483, 'Execution Unit/Results Broadcast Bus/Peak Dynamic': 0.164837, 'Load Store Unit/Peak Dynamic': 3.02466, 'Instruction Fetch Unit/Subthreshold Leakage': 0.932587, 'Execution Unit/Instruction Scheduler/ROB/Peak Dynamic': 1.55892, 'Execution Unit/Integer ALUs/Runtime Dynamic': 0.25236, 'Execution Unit/Subthreshold Leakage with power gating': 0.709678, 'Instruction Fetch Unit/Branch Predictor/Global Predictor/Peak Dynamic': 0.0168831, 'Instruction Fetch Unit/Instruction Buffer/Runtime Dynamic': 0.0523646, 'Memory Management Unit/Dtlb/Subthreshold Leakage with power gating': 0.00887485, 'Load Store Unit/Data Cache/Gate Leakage': 0.0279261, 'Renaming Unit/Free List/Area': 0.0414755, 'Load Store Unit/StoreQ/Subthreshold Leakage with power gating': 0.0197004, 'Execution Unit/Results Broadcast Bus/Runtime Dynamic': 0.415218, 'Execution Unit/Register Files/Subthreshold Leakage': 0.0101387, 'Execution Unit/Register Files/Integer RF/Peak Dynamic': 0.0643598, 'Load Store Unit/LoadQ/Runtime Dynamic': 0.05014, 'Instruction Fetch Unit/Branch Target Buffer/Peak Dynamic': 0.177867, 'Instruction Fetch Unit/Instruction Cache/Peak Dynamic': 3.33084, 'Instruction Fetch Unit/Instruction Decoder/Peak Dynamic': 1.37404, 'Execution Unit/Register Files/Floating Point RF/Runtime Dynamic': 0.00736534, 'Renaming Unit/Subthreshold Leakage with power gating': 0.0362779, 'Execution Unit/Instruction Scheduler/Instruction Window/Area': 1.00996, 'Instruction Fetch Unit/Branch Predictor/Chooser/Area': 0.0435221, 'Memory Management Unit/Itlb/Area': 0.301552, 'Instruction Fetch Unit/Branch Predictor/L1_Local Predictor/Gate Leakage': 0.000154548, 'Instruction Fetch Unit/Branch Predictor/Peak Dynamic': 0.0597838, 'Execution Unit/Register Files/Integer RF/Gate Leakage': 0.00038992, 'Renaming Unit/Free List/Gate Leakage': 4.15911e-05, 'L2/Gate Leakage': 0.015464}, {'Instruction Fetch Unit/Subthreshold Leakage with power gating': 0.408542, 'Execution Unit/Register Files/Floating Point RF/Subthreshold Leakage': 0.00399698, 'Instruction Fetch Unit/Instruction Decoder/Runtime Dynamic': 0.179091, 'Load Store Unit/Data Cache/Subthreshold Leakage with power gating': 0.25085, 'Instruction Fetch Unit/Instruction Cache/Gate Leakage': 0.029931, 'Load Store Unit/Subthreshold Leakage with power gating': 0.283406, 'Execution Unit/Instruction Scheduler/Area': 2.17927, 'Execution Unit/Instruction Scheduler/Instruction Window/Subthreshold Leakage': 0.0800117, 'Execution Unit/Floating Point Units/Gate Leakage': 0.0656156, 'Subthreshold Leakage': 6.21877, 'Renaming Unit/Free List/Runtime Dynamic': 0.0122753, 'Execution Unit/Complex ALUs/Gate Leakage': 0.0132646, 'Memory Management Unit/Gate Leakage': 0.00813591, 'Execution Unit/Instruction Scheduler/Instruction Window/Runtime Dynamic': 0.354277, 'Instruction Fetch Unit/Branch Predictor/Chooser/Subthreshold Leakage': 0.00759719, 'Load Store Unit/LoadQ/Subthreshold Leakage with power gating': 0.00536918, 'Execution Unit/Instruction Scheduler/ROB/Subthreshold Leakage with power gating': 0.00897339, 'Instruction Fetch Unit/Instruction Buffer/Peak Dynamic': 0.606827, 'Execution Unit/Results Broadcast Bus/Subthreshold Leakage with power gating': 0.0345155, 'Instruction Fetch Unit/Instruction Decoder/Subthreshold Leakage': 0.442943, 'Execution Unit/Floating Point Units/Area': 4.6585, 'Execution Unit/Gate Leakage': 0.122718, 'L2/Area': 4.53318, 'Instruction Fetch Unit/Branch Predictor/L2_Local Predictor/Area': 0.0151917, 'Execution Unit/Register Files/Floating Point RF/Area': 0.208131, 'Execution Unit/Instruction Scheduler/Subthreshold Leakage': 0.114878, 'Load Store Unit/Data Cache/Runtime Dynamic': 0.750845, 'Instruction Fetch Unit/Branch Predictor/L2_Local Predictor/Subthreshold Leakage': 0.00181347, 'Memory Management Unit/Dtlb/Subthreshold Leakage': 0.0155699, 'Renaming Unit/FP Front End RAT/Peak Dynamic': 3.33511, 'Execution Unit/Runtime Dynamic': 2.15161, 'Instruction Fetch Unit/Branch Predictor/Global Predictor/Subthreshold Leakage with power gating': 0.0039236, 'Execution Unit/Instruction Scheduler/Instruction Window/Gate Leakage': 0.00529112, 'Renaming Unit/FP Front End RAT/Runtime Dynamic': 0.150718, 'Instruction Fetch Unit/Branch Predictor/Global Predictor/Area': 0.0435221, 'Execution Unit/Instruction Scheduler/FP Instruction Window/Runtime Dynamic': 0.204591, 'Renaming Unit/Peak Dynamic': 4.56169, 'Execution Unit/Integer ALUs/Subthreshold Leakage with power gating': 0.150833, 'L2/Peak Dynamic': 0.0346683, 'Execution Unit/Peak Dynamic': 5.57644, 'Runtime Dynamic': 3.972, 'L2/Subthreshold Leakage with power gating': 0.401066, 'Execution Unit/Register Files/Integer RF/Area': 0.362673, 'Load Store Unit/StoreQ/Peak Dynamic': 0.124349, 'Instruction Fetch Unit/Branch Predictor/Global Predictor/Runtime Dynamic': 0.00157501, 'Gate Leakage': 0.372997, 'Subthreshold Leakage with power gating': 2.58311, 'Instruction Fetch Unit/Gate Leakage': 0.0590479, 'Execution Unit/Register Files/Runtime Dynamic': 0.0622667, 'Memory Management Unit/Dtlb/Gate Leakage': 0.00088729, 'Execution Unit/Register Files/Gate Leakage': 0.000622708, 'Load Store Unit/LoadQ/Peak Dynamic': 0.0504287, 'Instruction Fetch Unit/Branch Predictor/Chooser/Runtime Dynamic': 0.00157501, 'Load Store Unit/Data Cache/Peak Dynamic': 2.79585, 'Execution Unit/Results Broadcast Bus/Area Overhead': 0.0442632, 'Instruction Fetch Unit/Branch Predictor/L1_Local Predictor/Area': 0.0257064, 'Renaming Unit/Free List/Subthreshold Leakage with power gating': 0.000377987, 'Execution Unit/Instruction Scheduler/ROB/Runtime Dynamic': 0.223683, 'Execution Unit/Instruction Scheduler/FP Instruction Window/Subthreshold Leakage with power gating': 0.00962066, 'Instruction Fetch Unit/Branch Predictor/RAS/Subthreshold Leakage with power gating': 0.000494733, 'Instruction Fetch Unit/Branch Target Buffer/Subthreshold Leakage': 0.0811682, 'Load Store Unit/Runtime Dynamic': 1.04997, 'Execution Unit/Area': 8.2042, 'Execution Unit/Floating Point Units/Subthreshold Leakage with power gating': 0.373061, 'Load Store Unit/StoreQ/Gate Leakage': 0.00329971, 'Instruction Fetch Unit/Branch Predictor/L1_Local Predictor/Subthreshold Leakage': 0.00384344, 'Instruction Fetch Unit/Branch Predictor/L1_Local Predictor/Runtime Dynamic': 0.00142214, 'Renaming Unit/Int Front End RAT/Subthreshold Leakage': 0.00611897, 'Instruction Fetch Unit/Branch Predictor/RAS/Area': 0.0105732, 'Instruction Fetch Unit/Runtime Dynamic': 0.425152, 'Load Store Unit/LoadQ/Area': 0.0836782, 'Load Store Unit/StoreQ/Area': 0.322079, 'Instruction Fetch Unit/Branch Target Buffer/Area': 0.64954, 'Execution Unit/Instruction Scheduler/FP Instruction Window/Gate Leakage': 0.00115349, 'Peak Dynamic': 19.3889, 'Renaming Unit/Runtime Dynamic': 0.266338, 'Execution Unit/Register Files/Floating Point RF/Peak Dynamic': 0.0432006, 'Load Store Unit/StoreQ/Runtime Dynamic': 0.248697, 'Memory Management Unit/Itlb/Subthreshold Leakage': 0.0413758, 'Execution Unit/Instruction Scheduler/Subthreshold Leakage with power gating': 0.0641291, 'Memory Management Unit/Subthreshold Leakage': 0.0769113, 'Instruction Fetch Unit/Instruction Cache/Area': 3.14635, 'Execution Unit/Instruction Scheduler/Gate Leakage': 0.00730101, 'Execution Unit/Register Files/Area': 0.570804, 'Execution Unit/Floating Point Units/Peak Dynamic': 0.22867, 'Execution Unit/Instruction Scheduler/FP Instruction Window/Subthreshold Leakage': 0.017004, 'Load Store Unit/StoreQ/Subthreshold Leakage': 0.0345621, 'Renaming Unit/Gate Leakage': 0.00863632, 'Instruction Fetch Unit/Branch Predictor/Chooser/Peak Dynamic': 0.0168831, 'Renaming Unit/Int Front End RAT/Gate Leakage': 0.00038343, 'Execution Unit/Register Files/Integer RF/Subthreshold Leakage': 0.00614175, 'Renaming Unit/Free List/Subthreshold Leakage': 0.000670426, 'Memory Management Unit/Itlb/Runtime Dynamic': 0.0284024, 'Execution Unit/Complex ALUs/Peak Dynamic': 0.0349223, 'Execution Unit/Integer ALUs/Peak Dynamic': 0.167171, 'Memory Management Unit/Runtime Dynamic': 0.0730391, 'Instruction Fetch Unit/Instruction Decoder/Subthreshold Leakage with power gating': 0.166104, 'Memory Management Unit/Dtlb/Runtime Dynamic': 0.0446368, 'Execution Unit/Instruction Scheduler/ROB/Subthreshold Leakage': 0.0178624, 'Instruction Fetch Unit/Branch Predictor/Global Predictor/Gate Leakage': 0.000278362, 'Renaming Unit/FP Front End RAT/Subthreshold Leakage': 0.0437281, 'Instruction Fetch Unit/Instruction Buffer/Gate Leakage': 6.83558e-05, 'Execution Unit/Subthreshold Leakage': 1.83518, 'Execution Unit/Complex ALUs/Subthreshold Leakage': 0.20111, 'Instruction Fetch Unit/Branch Predictor/Gate Leakage': 0.000757657, 'Instruction Fetch Unit/Branch Predictor/RAS/Peak Dynamic': 0.0117602, 'Instruction Fetch Unit/Branch Predictor/L2_Local Predictor/Subthreshold Leakage with power gating': 0.000957045, 'Execution Unit/Results Broadcast Bus/Gate Leakage': 0.00607074, 'Instruction Fetch Unit/Peak Dynamic': 5.73779, 'Instruction Fetch Unit/Branch Predictor/L2_Local Predictor/Runtime Dynamic': 0.000578048, 'Execution Unit/Integer ALUs/Area': 0.47087, 'Execution Unit/Instruction Scheduler/ROB/Area': 0.841232, 'Instruction Fetch Unit/Instruction Cache/Subthreshold Leakage': 0.367022, 'Load Store Unit/LoadQ/Subthreshold Leakage': 0.00941961, 'Instruction Fetch Unit/Branch Predictor/Area': 0.138516, 'Instruction Fetch Unit/Branch Predictor/Global Predictor/Subthreshold Leakage': 0.00759719, 'Renaming Unit/Free List/Peak Dynamic': 0.0401324, 'Renaming Unit/Int Front End RAT/Area': 0.114751, 'Execution Unit/Instruction Scheduler/Instruction Window/Peak Dynamic': 2.07911, 'Execution Unit/Register Files/Floating Point RF/Gate Leakage': 0.000232788, 'Renaming Unit/Int Front End RAT/Runtime Dynamic': 0.103345, 'Load Store Unit/Subthreshold Leakage': 0.591622, 'Memory Management Unit/Dtlb/Peak Dynamic': 0.0441317, 'Execution Unit/Register Files/Subthreshold Leakage with power gating': 0.00423643, 'Instruction Fetch Unit/Branch Target Buffer/Runtime Dynamic': 0.0133036, 'Instruction Fetch Unit/Branch Predictor/RAS/Gate Leakage': 4.63858e-05, 'Renaming Unit/Int Front End RAT/Subthreshold Leakage with power gating': 0.00348781, 'Memory Management Unit/Itlb/Gate Leakage': 0.00393464, 'Execution Unit/Instruction Scheduler/FP Instruction Window/Area': 0.328073, 'Load Store Unit/Data Cache/Area': 6.84535, 'Execution Unit/Instruction Scheduler/ROB/Gate Leakage': 0.000856399, 'Instruction Fetch Unit/Branch Predictor/L1_Local Predictor/Subthreshold Leakage with power gating': 0.00198631, 'Instruction Fetch Unit/Branch Predictor/L2_Local Predictor/Gate Leakage': 8.00196e-05, 'Execution Unit/Integer ALUs/Gate Leakage': 0.0265291, 'Instruction Fetch Unit/Branch Predictor/RAS/Runtime Dynamic': 0.000787927, 'Memory Management Unit/Itlb/Peak Dynamic': 0.20854, 'Load Store Unit/Gate Leakage': 0.0351387, 'Instruction Fetch Unit/Branch Target Buffer/Subthreshold Leakage with power gating': 0.0435357, 'Execution Unit/Complex ALUs/Area': 0.235435, 'Instruction Fetch Unit/Branch Predictor/Chooser/Subthreshold Leakage with power gating': 0.0039236, 'Execution Unit/Instruction Scheduler/FP Instruction Window/Peak Dynamic': 1.20978, 'Execution Unit/Register Files/Integer RF/Subthreshold Leakage with power gating': 0.00246675, 'Instruction Fetch Unit/Branch Target Buffer/Gate Leakage': 0.00272758, 'Renaming Unit/FP Front End RAT/Area': 0.168486, 'Renaming Unit/FP Front End RAT/Subthreshold Leakage with power gating': 0.024925, 'L2/Subthreshold Leakage': 0.834142, 'Load Store Unit/Data Cache/Subthreshold Leakage': 0.527675, 'Renaming Unit/Int Front End RAT/Peak Dynamic': 0.86945, 'Execution Unit/Integer ALUs/Subthreshold Leakage': 0.40222, 'Instruction Fetch Unit/Branch Predictor/L2_Local Predictor/Peak Dynamic': 0.00527447, 'Instruction Fetch Unit/Branch Predictor/RAS/Subthreshold Leakage': 0.000932505, 'Instruction Fetch Unit/Instruction Buffer/Area': 0.0226323, 'Instruction Fetch Unit/Instruction Cache/Subthreshold Leakage with power gating': 0.180386, 'Memory Management Unit/Dtlb/Area': 0.0879726, 'Instruction Fetch Unit/Instruction Decoder/Area': 1.85799, 'Execution Unit/Register Files/Peak Dynamic': 0.108277, 'Execution Unit/Instruction Scheduler/Peak Dynamic': 4.84781, 'Load Store Unit/LoadQ/Gate Leakage': 0.00059896, 'Instruction Fetch Unit/Area': 5.86007, 'Execution Unit/Complex ALUs/Subthreshold Leakage with power gating': 0.0754163, 'Execution Unit/Floating Point Units/Runtime Dynamic': 0.404629, 'Renaming Unit/FP Front End RAT/Gate Leakage': 0.00489731, 'Instruction Fetch Unit/Instruction Cache/Runtime Dynamic': 0.174669, 'Memory Management Unit/Itlb/Subthreshold Leakage with power gating': 0.0235842, 'Memory Management Unit/Area': 0.434579, 'Instruction Fetch Unit/Instruction Buffer/Subthreshold Leakage with power gating': 0.000701682, 'Execution Unit/Instruction Scheduler/Instruction Window/Subthreshold Leakage with power gating': 0.0455351, 'Renaming Unit/Area': 0.369768, 'Memory Management Unit/Subthreshold Leakage with power gating': 0.0399462, 'Instruction Fetch Unit/Branch Predictor/Subthreshold Leakage with power gating': 0.0103282, 'Instruction Fetch Unit/Instruction Buffer/Subthreshold Leakage': 0.00151885, 'Instruction Fetch Unit/Branch Predictor/Runtime Dynamic': 0.00536009, 'Instruction Fetch Unit/Branch Predictor/Chooser/Gate Leakage': 0.000278362, 'Execution Unit/Instruction Scheduler/Runtime Dynamic': 0.782551, 'Area': 32.6082, 'Memory Management Unit/Peak Dynamic': 0.443334, 'L2/Runtime Dynamic': 0.00588326, 'Execution Unit/Register Files/Floating Point RF/Subthreshold Leakage with power gating': 0.00176968, 'Execution Unit/Floating Point Units/Subthreshold Leakage': 0.994829, 'Instruction Fetch Unit/Branch Predictor/L1_Local Predictor/Peak Dynamic': 0.0142575, 'Execution Unit/Complex ALUs/Runtime Dynamic': 0.230118, 'Instruction Fetch Unit/Instruction Decoder/Gate Leakage': 0.0222493, 'Instruction Fetch Unit/Branch Predictor/Subthreshold Leakage': 0.0199703, 'Execution Unit/Register Files/Integer RF/Runtime Dynamic': 0.0548501, 'Execution Unit/Results Broadcast Bus/Subthreshold Leakage': 0.0920413, 'Load Store Unit/Area': 8.80969, 'Renaming Unit/Subthreshold Leakage': 0.070483, 'Execution Unit/Results Broadcast Bus/Peak Dynamic': 0.166818, 'Load Store Unit/Peak Dynamic': 3.03496, 'Instruction Fetch Unit/Subthreshold Leakage': 0.932587, 'Execution Unit/Instruction Scheduler/ROB/Peak Dynamic': 1.55892, 'Execution Unit/Integer ALUs/Runtime Dynamic': 0.252996, 'Execution Unit/Subthreshold Leakage with power gating': 0.709678, 'Instruction Fetch Unit/Branch Predictor/Global Predictor/Peak Dynamic': 0.0168831, 'Instruction Fetch Unit/Instruction Buffer/Runtime Dynamic': 0.0527288, 'Memory Management Unit/Dtlb/Subthreshold Leakage with power gating': 0.00887485, 'Load Store Unit/Data Cache/Gate Leakage': 0.0279261, 'Renaming Unit/Free List/Area': 0.0414755, 'Load Store Unit/StoreQ/Subthreshold Leakage with power gating': 0.0197004, 'Execution Unit/Results Broadcast Bus/Runtime Dynamic': 0.419053, 'Execution Unit/Register Files/Subthreshold Leakage': 0.0101387, 'Execution Unit/Register Files/Integer RF/Peak Dynamic': 0.065076, 'Load Store Unit/LoadQ/Runtime Dynamic': 0.0504287, 'Instruction Fetch Unit/Branch Target Buffer/Peak Dynamic': 0.177867, 'Instruction Fetch Unit/Instruction Cache/Peak Dynamic': 3.35401, 'Instruction Fetch Unit/Instruction Decoder/Peak Dynamic': 1.37404, 'Execution Unit/Register Files/Floating Point RF/Runtime Dynamic': 0.00741658, 'Renaming Unit/Subthreshold Leakage with power gating': 0.0362779, 'Execution Unit/Instruction Scheduler/Instruction Window/Area': 1.00996, 'Instruction Fetch Unit/Branch Predictor/Chooser/Area': 0.0435221, 'Memory Management Unit/Itlb/Area': 0.301552, 'Instruction Fetch Unit/Branch Predictor/L1_Local Predictor/Gate Leakage': 0.000154548, 'Instruction Fetch Unit/Branch Predictor/Peak Dynamic': 0.0597838, 'Execution Unit/Register Files/Integer RF/Gate Leakage': 0.00038992, 'Renaming Unit/Free List/Gate Leakage': 4.15911e-05, 'L2/Gate Leakage': 0.015464}
power.DRAM.Area = 0
power.DRAM.Gate Leakage = 0
power.DRAM.Peak Dynamic = 0.317933445097
power.DRAM.Runtime Dynamic = 0.317933445097
power.DRAM.Subthreshold Leakage = 4.252
power.DRAM.Subthreshold Leakage with power gating = 4.252
power.L3 = {'Runtime Dynamic': 0.0437614, 'Area': 61.9075, 'Peak Dynamic': 0.0801691, 'Gate Leakage': 0.0484137, 'Subthreshold Leakage': 6.80085, 'Subthreshold Leakage with power gating': 3.32364}
power.Processor.Area = 193.678
power.Processor.Gate Leakage = 1.54706
power.Processor.Peak Dynamic = 77.5548
power.Processor.Peak Power = 110.847
power.Processor.Runtime Dynamic = 15.8809
power.Processor.Subthreshold Leakage = 31.7454
power.Processor.Subthreshold Leakage with power gating = 14.035
power.Processor.Total Cores/Area = 130.433
power.Processor.Total Cores/Gate Leakage = 1.49199
power.Processor.Total Cores/Peak Dynamic = 77.4746
power.Processor.Total Cores/Runtime Dynamic = 15.8371
power.Processor.Total Cores/Subthreshold Leakage = 24.8751
power.Processor.Total Cores/Subthreshold Leakage with power gating = 10.3324
power.Processor.Total L3s/Area = 61.9075
power.Processor.Total L3s/Gate Leakage = 0.0484137
power.Processor.Total L3s/Peak Dynamic = 0.0801691
power.Processor.Total L3s/Runtime Dynamic = 0.0437614
power.Processor.Total L3s/Subthreshold Leakage = 6.80085
power.Processor.Total L3s/Subthreshold Leakage with power gating = 3.32364
power.Processor.Total Leakage = 33.2925
power.Processor.Total NoCs/Area = 1.3377
power.Processor.Total NoCs/Gate Leakage = 0.00666015
power.Processor.Total NoCs/Peak Dynamic = 0.0
power.Processor.Total NoCs/Runtime Dynamic = 0.0
power.Processor.Total NoCs/Subthreshold Leakage = 0.0694515
power.Processor.Total NoCs/Subthreshold Leakage with power gating = 0.0260443
pthread.pthread_barrier_wait_count = 0, 0, 0, 0
pthread.pthread_barrier_wait_delay_mem = 0, 0, 0, 0
pthread.pthread_barrier_wait_delay_sync = 0, 0, 0, 0
pthread.pthread_cond_broadcast_count = 0, 0, 0, 0
pthread.pthread_cond_broadcast_delay_mem = 0, 0, 0, 0
pthread.pthread_cond_broadcast_delay_sync = 0, 0, 0, 0
pthread.pthread_cond_signal_count = 0, 0, 0, 0
pthread.pthread_cond_signal_delay_mem = 0, 0, 0, 0
pthread.pthread_cond_signal_delay_sync = 0, 0, 0, 0
pthread.pthread_cond_wait_count = 0, 0, 0, 0
pthread.pthread_cond_wait_delay_mem = 0, 0, 0, 0
pthread.pthread_cond_wait_delay_sync = 0, 0, 0, 0
pthread.pthread_mutex_lock_contended = 0, 0, 0, 0
pthread.pthread_mutex_lock_count = 0, 0, 0, 0
pthread.pthread_mutex_lock_delay_mem = 0, 0, 0, 0
pthread.pthread_mutex_lock_delay_sync = 0, 0, 0, 0
pthread.pthread_mutex_trylock_count = 0, 0, 0, 0
pthread.pthread_mutex_trylock_delay_mem = 0, 0, 0, 0
pthread.pthread_mutex_trylock_delay_sync = 0, 0, 0, 0
pthread.pthread_mutex_unlock_contended = 0, 0, 0, 0
pthread.pthread_mutex_unlock_count = 0, 0, 0, 0
pthread.pthread_mutex_unlock_delay_mem = 0, 0, 0, 0
pthread.pthread_mutex_unlock_delay_sync = 0, 0, 0, 0
pthread_locks_contended = 0.0
roi.instrs = 482800417
roi.ipscore = 38469.4305169
roi.ipstotal = 153877.722067
roi.walltime = 3137.558904
stlb.access = 307399, 263021, 299757, 296691
stlb.miss = 47620, 43640, 51604, 42716
stlb_cache.access-mru-0 = 34695, 32100, 34411, 35912
stlb_cache.access-mru-1 = 118421, 102111, 114548, 120471
stlb_cache.access-mru-2 = 51481, 40119, 49563, 48631
stlb_cache.access-mru-3 = 55182, 45051, 49631, 48961
syscall.stderr-bytes = 0, 0, 0, 0
syscall.stdout-bytes = 0, 0, 0, 0
thread.bottle_contrib_time = 21842835325305, 21804686564032, 21808437504438, 21809157110573
thread.bottle_runtime_time = 87012251285105, 86953977209939, 86970179435741, 86975357608227
thread.elapsed_time = 87265116506843, 87224993630281, 87230537617630, 87234932731327
thread.instruction_count = 119955447, 121640464, 120183933, 121019999
thread.instructions_by_core[0] = 119955447, 0, 0, 0
thread.instructions_by_core[1] = 0, 121640464, 0, 0
thread.instructions_by_core[2] = 0, 0, 120183933, 0
thread.instructions_by_core[3] = 0, 0, 0, 121019999
thread.nonidle_cycle_count = 230967298, 230803627, 230841295, 230866868
thread.nonidle_elapsed_time = 86829811282980, 86768280970911, 86782441841163, 86792055729210
thread.time_by_core[0] = 86829811282980, 0, 0, 0
thread.time_by_core[1] = 0, 86768280970911, 0, 0
thread.time_by_core[2] = 0, 0, 86782441841163, 0
thread.time_by_core[3] = 0, 0, 0, 86792055729210
thread.unscheduled_time = 255945668164, 274732085092, 261097891819, 260935492951
thread.waiting_cost = 89357721902, 116238709409, 107781739281, 106545483085
time.walltime = 3137558904, 0, 0, 0
vmem = 658993152
walltime = 3552.62014008
