barrier.global_time = 70607816506843, 0, 0, 0
barrier.global_time_begin = 734121530848360, 0, 0, 0
barrier.global_time_end = 804729347355203, 0, 0, 0
branch_predictor.num-correct = 10327159, 10852109, 10454221, 10293228
branch_predictor.num-incorrect = 2721742, 2733418, 2691030, 2701556
bus-queue.no-free-slots = 0, 0, 0, 0
bus-queue.num-barriers = 0, 0, 0, 0
bus-queue.num-requests = 0, 0, 0, 0
bus-queue.requests-out-of-order = 0, 0, 0, 0
bus-queue.requests-simultaneous = 0, 0, 0, 0
bus-queue.total-barrier-delay = 0, 0, 0, 0
bus-queue.total-delay = 0, 0, 0, 0
core.bbv-0 = 4358418532810, 4438471003096, 4326587191452, 4373759434277
core.bbv-1 = 4047970755240, 4135701977372, 4034290967384, 4040767401945
core.bbv-10 = 3557694404636, 3646874352660, 3579952486272, 3541144267833
core.bbv-11 = 3331802339114, 3479206352120, 3366366764700, 3288610731789
core.bbv-12 = 4085618317238, 4134860245488, 4041891177492, 4078193678977
core.bbv-13 = 4064847226028, 4152664259332, 4068582462208, 4064103116485
core.bbv-14 = 4118511792546, 4288093334552, 4120858280428, 4111982936841
core.bbv-15 = 3517762043544, 3554810617132, 3510459494616, 3507452663629
core.bbv-2 = 3675491842950, 3788665939552, 3646567773716, 3653821546893
core.bbv-3 = 3369248330852, 3497247421348, 3365678745808, 3333837230913
core.bbv-4 = 3791815852752, 3918392498780, 3821406755592, 3767871462165
core.bbv-5 = 3979359948118, 4104868632656, 4006335151380, 3957399084217
core.bbv-6 = 4013610227676, 4130630899268, 4034761350944, 4015781961309
core.bbv-7 = 4100113932898, 4225518375992, 4125110026540, 4101745795073
core.bbv-8 = 3887800007168, 4002640874060, 3855152761160, 3874458982033
core.bbv-9 = 4480566089998, 4590151803696, 4451977416804, 4490499875173
core.instructions = 120129942, 123439060, 120051756, 119543812
core.spin_elapsed_time = 0, 0, 0, 0
core.spin_instructions = 0, 0, 0, 0
core.spin_loops = 0, 0, 0, 0
corefreq = 2660000000.0, 2660000000.0, 2660000000.0, 2660000000.0
directory.entries-allocated = 0, 0, 0, 0
directory.evict-E = 0, 0, 0, 0
directory.evict-M = 0, 0, 0, 0
directory.evict-O = 0, 0, 0, 0
directory.evict-S = 0, 0, 0, 0
directory.forward = 0, 0, 0, 0
directory.forward-failed = 0, 0, 0, 0
dram-queue.num-requests = 314663, 0, 0, 0
dram-queue.num-requests-analytical = 0, 0, 0, 0
dram-queue.total-queue-delay = 1560489405872, 0, 0, 0
dram-queue.total-time-used = 2652381273988, 0, 0, 0
dram.reads = 196546, 0, 0, 0
dram.total-access-latency = 18372705679860, 0, 0, 0
dram.total-queueing-delay = 1560489405872, 0, 0, 0
dram.writes = 118117, 0, 0, 0
dtlb.access = 46777231, 47987016, 46719915, 46568287
dtlb.miss = 291044, 246885, 272196, 293143
dtlb_cache.access-mru-0 = 41837260, 44414654, 43272687, 43564443
dtlb_cache.access-mru-1 = 3809723, 2843296, 2756748, 2319569
dtlb_cache.access-mru-2 = 697381, 370477, 323822, 297359
dtlb_cache.access-mru-3 = 141823, 111704, 94462, 93773
fastforward_performance_model.fastforwarded_time = 0, 0, 0, 0
fastforward_timer.cpiBase = 0, 0, 0, 0
fastforward_timer.cpiBranchPredictor = 0, 0, 0, 0
fastforward_timer.cpiDataCachecache-remote = 0, 0, 0, 0
fastforward_timer.cpiDataCachedram = 0, 0, 0, 0
fastforward_timer.cpiDataCachedram-cache = 0, 0, 0, 0
fastforward_timer.cpiDataCachedram-local = 0, 0, 0, 0
fastforward_timer.cpiDataCachedram-remote = 0, 0, 0, 0
fastforward_timer.cpiDataCacheL1 = 0, 0, 0, 0
fastforward_timer.cpiDataCacheL1_S = 0, 0, 0, 0
fastforward_timer.cpiDataCacheL1I = 0, 0, 0, 0
fastforward_timer.cpiDataCacheL2 = 0, 0, 0, 0
fastforward_timer.cpiDataCacheL2_S = 0, 0, 0, 0
fastforward_timer.cpiDataCacheL3 = 0, 0, 0, 0
fastforward_timer.cpiDataCacheL3_S = 0, 0, 0, 0
fastforward_timer.cpiDataCacheL4 = 0, 0, 0, 0
fastforward_timer.cpiDataCacheL4_S = 0, 0, 0, 0
fastforward_timer.cpiDataCachemiss = 0, 0, 0, 0
fastforward_timer.cpiDataCachenuca-cache = 0, 0, 0, 0
fastforward_timer.cpiDataCachepredicate-false = 0, 0, 0, 0
fastforward_timer.cpiDataCacheprefetch-no-mapping = 0, 0, 0, 0
fastforward_timer.cpiDataCacheunknown = 0, 0, 0, 0
fs_to_cycles = 2.66e-06
fs_to_cycles_cores = 2.66e-06, 2.66e-06, 2.66e-06, 2.66e-06
futex.futex_cmp_requeue_count = 0, 0, 1, 0
futex.futex_cmp_requeue_delay = 0, 0, 0, 0
futex.futex_cmp_requeue_pi_count = 0, 0, 0, 0
futex.futex_cmp_requeue_pi_delay = 0, 0, 0, 0
futex.futex_fd_count = 0, 0, 0, 0
futex.futex_fd_delay = 0, 0, 0, 0
futex.futex_lock_pi_count = 0, 0, 0, 0
futex.futex_lock_pi_delay = 0, 0, 0, 0
futex.futex_requeue_count = 0, 0, 0, 0
futex.futex_requeue_delay = 0, 0, 0, 0
futex.futex_trylock_pi_count = 0, 0, 0, 0
futex.futex_trylock_pi_delay = 0, 0, 0, 0
futex.futex_unlock_pi_count = 0, 0, 0, 0
futex.futex_unlock_pi_delay = 0, 0, 0, 0
futex.futex_wait_bitset_count = 0, 0, 0, 0
futex.futex_wait_bitset_delay = 0, 0, 0, 0
futex.futex_wait_count = 360, 397, 391, 348
futex.futex_wait_delay = 261875027792, 294169700688, 282505468455, 252415324455
futex.futex_wait_requeue_pi_count = 0, 0, 0, 0
futex.futex_wait_requeue_pi_delay = 0, 0, 0, 0
futex.futex_wake_bitset_count = 0, 0, 0, 0
futex.futex_wake_bitset_delay = 0, 0, 0, 0
futex.futex_wake_count = 668, 696, 670, 638
futex.futex_wake_delay = 206000000000, 202000000000, 190000000000, 184000000000
futex.futex_wake_op_count = 0, 0, 0, 0
futex.futex_wake_op_delay = 0, 0, 0, 0
global.time = 70607816506843
global.time_begin = 734121530848360
global.time_end = 804729347355203
interval_timer.cpContr_branch = 13345789836564, 13455535784354, 13116982031694, 13306004872733
interval_timer.cpContr_fp_addsub = 10730047798812, 10441184102415, 10489804289797, 10882200922963
interval_timer.cpContr_fp_muldiv = 19980042981152, 19719072175888, 19567396589164, 19727862757758
interval_timer.cpContr_generic = 15696460675073, 16024387017703, 15622246699851, 15668491137772
interval_timer.cpContr_load_l1 = 27407613759616, 27679260731500, 26589283798762, 26601499602665
interval_timer.cpContr_load_l2 = 4266602942221, 3374182870016, 4040222729812, 4911779482319
interval_timer.cpContr_load_l3 = 27056706, 18527452, 0, 16976480
interval_timer.cpContr_load_other = 0, 0, 0, 0
interval_timer.cpContr_port0 = 0, 0, 0, 0
interval_timer.cpContr_port015 = 181059788008, 234842524341, 224522933710, 191093961312
interval_timer.cpContr_port05 = 0, 0, 0, 0
interval_timer.cpContr_port1 = 123458476623, 133874000103, 134853579721, 113206512581
interval_timer.cpContr_port2 = 1165905884478, 1293992430820, 1226864423830, 1176920954989
interval_timer.cpContr_port34 = 131594521223, 155908351722, 146074722978, 128302105591
interval_timer.cpContr_port5 = 296787044013, 347981910466, 321031314850, 315145901964
interval_timer.cpContr_store = 4344030954678, 4638100912042, 4402443323975, 4247401593180
interval_timer.cpiBase = 36723479034825, 36660163012506, 36052326040356, 36573232381902
interval_timer.cpiBranchPredictor = 28257758317773, 27892219670208, 27903899343060, 28181269392894
interval_timer.cpiDataCachecache-remote = 0, 0, 0, 0
interval_timer.cpiDataCachedram = 0, 0, 0, 0
interval_timer.cpiDataCachedram-cache = 0, 0, 0, 0
interval_timer.cpiDataCachedram-local = 1732541573169, 1574256968487, 2058005499273, 1658338357410
interval_timer.cpiDataCachedram-remote = 0, 0, 0, 0
interval_timer.cpiDataCacheL1 = 7347351816, 5168409372, 6229309230, 8090207280
interval_timer.cpiDataCacheL1_S = 0, 0, 0, 0
interval_timer.cpiDataCacheL1I = 0, 0, 0, 0
interval_timer.cpiDataCacheL2 = 213234104556, 154510553061, 211659296085, 254209575861
interval_timer.cpiDataCacheL2_S = 0, 0, 0, 0
interval_timer.cpiDataCacheL3 = 1952928293139, 2522793170655, 2491310535039, 2231761121622
interval_timer.cpiDataCacheL3_S = 931986615510, 964509474339, 1002082321755, 883932212835
interval_timer.cpiDataCacheL4 = 0, 0, 0, 0
interval_timer.cpiDataCacheL4_S = 0, 0, 0, 0
interval_timer.cpiDataCachemiss = 0, 0, 0, 0
interval_timer.cpiDataCachenuca-cache = 0, 0, 0, 0
interval_timer.cpiDataCachepredicate-false = 0, 0, 0, 0
interval_timer.cpiDataCacheprefetch-no-mapping = 0, 0, 0, 0
interval_timer.cpiDataCacheunknown = 0, 0, 0, 0
interval_timer.cpiInstructionCachecache-remote = 0, 0, 0, 0
interval_timer.cpiInstructionCachedram = 0, 0, 0, 0
interval_timer.cpiInstructionCachedram-cache = 0, 0, 0, 0
interval_timer.cpiInstructionCachedram-local = 6903743796, 2310145155, 5380438968, 1098869697
interval_timer.cpiInstructionCachedram-remote = 0, 0, 0, 0
interval_timer.cpiInstructionCacheL1 = 0, 0, 0, 0
interval_timer.cpiInstructionCacheL1_S = 0, 0, 0, 0
interval_timer.cpiInstructionCacheL1I = 0, 0, 0, 0
interval_timer.cpiInstructionCacheL2 = 39099159756, 29324369817, 31662334458, 34264208277
interval_timer.cpiInstructionCacheL2_S = 0, 0, 0, 0
interval_timer.cpiInstructionCacheL3 = 259484375970, 282231317043, 348308987256, 306336901662
interval_timer.cpiInstructionCacheL3_S = 0, 0, 0, 0
interval_timer.cpiInstructionCacheL4 = 0, 0, 0, 0
interval_timer.cpiInstructionCacheL4_S = 0, 0, 0, 0
interval_timer.cpiInstructionCachemiss = 0, 0, 0, 0
interval_timer.cpiInstructionCachenuca-cache = 0, 0, 0, 0
interval_timer.cpiInstructionCachepredicate-false = 0, 0, 0, 0
interval_timer.cpiInstructionCacheprefetch-no-mapping = 0, 0, 0, 0
interval_timer.cpiInstructionCacheunknown = 0, 0, 0, 0
interval_timer.cpiLongLatency = 14831921367, 13935306852, 13862374686, 13582300131
interval_timer.cpiSerialization = 3007512, 0, 0, 0
interval_timer.detailed-cpiBase-BranchMispredict = 0, 0, 0, 0
interval_timer.detailed-cpiBase-DispatchRate = 96770740, 96467796, 94901687, 96400948
interval_timer.detailed-cpiBase-DispatchRate+BranchMispredict = 0, 0, 0, 0
interval_timer.detailed-cpiBase-DispatchRate+ICacheMiss = 0, 0, 0, 0
interval_timer.detailed-cpiBase-DispatchRate+ICacheMiss+BranchMispredict = 0, 0, 0, 0
interval_timer.detailed-cpiBase-DispatchWidth = 15107, 17770, 17535, 14944
interval_timer.detailed-cpiBase-DispatchWidth+BranchMispredict = 0, 0, 0, 0
interval_timer.detailed-cpiBase-DispatchWidth+DispatchRate = 898828, 1030688, 980182, 869126
interval_timer.detailed-cpiBase-DispatchWidth+DispatchRate+BranchMispredict = 0, 0, 0, 0
interval_timer.detailed-cpiBase-DispatchWidth+DispatchRate+ICacheMiss = 0, 0, 0, 0
interval_timer.detailed-cpiBase-DispatchWidth+DispatchRate+ICacheMiss+BranchMispredict = 0, 0, 0, 0
interval_timer.detailed-cpiBase-DispatchWidth+ICacheMiss = 0, 0, 0, 0
interval_timer.detailed-cpiBase-DispatchWidth+ICacheMiss+BranchMispredict = 0, 0, 0, 0
interval_timer.detailed-cpiBase-ICacheMiss = 0, 0, 0, 0
interval_timer.detailed-cpiBase-ICacheMiss+BranchMispredict = 0, 0, 0, 0
interval_timer.detailed-cpiBase-NoReason = 0, 0, 0, 0
interval_timer.detailed-cpiBase-WindowEmpty = 0, 0, 0, 0
interval_timer.detailed-cpiBase-WindowEmpty+BranchMispredict = 0, 0, 0, 0
interval_timer.detailed-cpiBase-WindowEmpty+DispatchRate = 0, 0, 0, 0
interval_timer.detailed-cpiBase-WindowEmpty+DispatchRate+BranchMispredict = 0, 0, 0, 0
interval_timer.detailed-cpiBase-WindowEmpty+DispatchRate+ICacheMiss = 0, 0, 0, 0
interval_timer.detailed-cpiBase-WindowEmpty+DispatchRate+ICacheMiss+BranchMispredict = 0, 0, 0, 0
interval_timer.detailed-cpiBase-WindowEmpty+DispatchWidth = 0, 0, 0, 0
interval_timer.detailed-cpiBase-WindowEmpty+DispatchWidth+BranchMispredict = 0, 0, 0, 0
interval_timer.detailed-cpiBase-WindowEmpty+DispatchWidth+DispatchRate = 0, 0, 0, 0
interval_timer.detailed-cpiBase-WindowEmpty+DispatchWidth+DispatchRate+BranchMispredict = 0, 0, 0, 0
interval_timer.detailed-cpiBase-WindowEmpty+DispatchWidth+DispatchRate+ICacheMiss = 0, 0, 0, 0
interval_timer.detailed-cpiBase-WindowEmpty+DispatchWidth+DispatchRate+ICacheMiss+BranchMispredict = 0, 0, 0, 0
interval_timer.detailed-cpiBase-WindowEmpty+DispatchWidth+ICacheMiss = 0, 0, 0, 0
interval_timer.detailed-cpiBase-WindowEmpty+DispatchWidth+ICacheMiss+BranchMispredict = 0, 0, 0, 0
interval_timer.detailed-cpiBase-WindowEmpty+ICacheMiss = 0, 0, 0, 0
interval_timer.detailed-cpiBase-WindowEmpty+ICacheMiss+BranchMispredict = 0, 0, 0, 0
interval_timer.loadstore_contention.no-free-slots = 0, 0, 0, 0
interval_timer.loadstore_contention.num-barriers = 0, 0, 0, 0
interval_timer.loadstore_contention.num-requests = 32906915, 32680757, 32012043, 32532780
interval_timer.loadstore_contention.requests-out-of-order = 15125632, 15029874, 14487253, 15062027
interval_timer.loadstore_contention.requests-simultaneous = 9847756, 9709155, 9703974, 9632794
interval_timer.loadstore_contention.total-barrier-delay = 0, 0, 0, 0
interval_timer.loadstore_contention.total-delay = 710198019009, 686191682286, 715074323778, 690251823486
interval_timer.numBPredOverlapped = 788212, 918151, 965784, 861790
interval_timer.numDCacheOverlapped = 2729726, 3326714, 3364386, 3083072
interval_timer.numHiddenLongerDCacheLatency = 38397, 64028, 54850, 44028
interval_timer.numICacheOverlapped = 26357475, 30728002, 32035796, 28972242
interval_timer.numLongLatencyLoads = 208245, 242805, 253134, 228911
interval_timer.numMfenceInsns = 0, 0, 0, 0
interval_timer.numSerializationInsns = 2, 0, 0, 0
interval_timer.numTotalLongLatencyLoadLatency = 12869210, 13888526, 15346338, 13396672
interval_timer.outstandingLongLatencyCycles = 16270223, 18129213, 19516657, 16921120
interval_timer.outstandingLongLatencyInsns = 21454305, 24546231, 26051963, 22149569
interval_timer.totalHiddenDCacheLatency = 22649429, 27747922, 28059766, 24752982
interval_timer.totalHiddenLongerDCacheLatency = 1140315, 1523817, 1384081, 1125667
interval_timer.totalMfenceLatency = 0, 0, 0, 0
interval_timer.totalSerializationLatency = 8, 0, 0, 0
interval_timer.uop_branch = 17203546, 17943825, 17320440, 17072597
interval_timer.uop_fp_addsub = 12404739, 11847411, 12118080, 12515330
interval_timer.uop_fp_muldiv = 8576843, 8262244, 8319950, 8571906
interval_timer.uop_generic = 47285349, 49683453, 47763789, 46957636
interval_timer.uop_load = 35636669, 36007486, 35376470, 35615867
interval_timer.uop_store = 11140484, 11979434, 11343373, 10952420
interval_timer.uops_pause = 0, 0, 0, 0
interval_timer.uops_total = 132247630, 135723853, 132242102, 131685756
interval_timer.uops_x87 = 0, 0, 0, 0
ipc = 0.63961095693, 0.657230680739, 0.639195546789, 0.636491065498
itlb.access = 16364629, 16734913, 16310995, 16394024
itlb.miss = 50, 50, 47, 43
itlb_cache.access-mru-0 = 16286084, 16653708, 16233341, 16322092
itlb_cache.access-mru-1 = 42627, 46643, 43586, 39828
itlb_cache.access-mru-2 = 16772, 15560, 15345, 14732
itlb_cache.access-mru-3 = 19096, 18952, 18676, 17329
L1-D.access-mru-0 = 40271144, 41233314, 40147264, 39808447
L1-D.access-mru-1 = 3038605, 3321082, 3183693, 3217755
L1-D.access-mru-2 = 765946, 771310, 706910, 721650
L1-D.access-mru-3 = 402798, 438228, 387723, 363317
L1-D.access-mru-4 = 285577, 313354, 270240, 255794
L1-D.access-mru-5 = 200900, 229835, 195543, 186536
L1-D.access-mru-6 = 154420, 169279, 148838, 141216
L1-D.access-mru-7 = 126688, 131921, 113383, 120171
L1-D.backinval-E = 201, 227, 427, 380
L1-D.backinval-I = 0, 0, 0, 0
L1-D.backinval-M = 573, 967, 1797, 867
L1-D.backinval-O = 0, 0, 0, 0
L1-D.backinval-S = 807, 871, 1071, 796
L1-D.backinval-u = 0, 0, 0, 0
L1-D.coherency-downgrades = 57330, 55288, 54561, 47629
L1-D.coherency-invalidates = 9480, 9380, 9601, 9340
L1-D.coherency-upgrades = 148, 191, 203, 90
L1-D.coherency-writebacks = 13518, 13484, 14171, 12818
L1-D.evict-E = 877577, 897669, 990787, 1096609
L1-D.evict-I = 0, 0, 0, 0
L1-D.evict-M = 111211, 144020, 137773, 145792
L1-D.evict-O = 0, 0, 0, 0
L1-D.evict-prefetch = 0, 0, 0, 0
L1-D.evict-S = 505149, 295524, 397405, 475701
L1-D.evict-u = 0, 0, 0, 0
L1-D.evict-warmup = 435, 0, 0, 0
L1-D.hits-prefetch = 0, 0, 0, 0
L1-D.hits-warmup = 76, 0, 0, 0
L1-D.invalidate-prefetch = 0, 0, 0, 0
L1-D.invalidate-warmup = 0, 0, 0, 0
L1-D.load-misses = 1472638, 1320267, 1503190, 1690293
L1-D.load-misses-E = 5, 3, 0, 1
L1-D.load-misses-I = 1467367, 1313866, 1498008, 1685832
L1-D.load-misses-M = 0, 0, 0, 0
L1-D.load-misses-O = 0, 0, 0, 0
L1-D.load-misses-S = 5266, 6398, 5182, 4460
L1-D.load-misses-u = 0, 0, 0, 0
L1-D.load-overlapping-misses = 0, 0, 0, 0
L1-D.loads = 35636719, 36007550, 35376518, 35615867
L1-D.loads-E = 9652181, 11248970, 10844945, 11180862
L1-D.loads-I = 1467367, 1313866, 1498008, 1685832
L1-D.loads-M = 14871835, 16367193, 15194618, 14963037
L1-D.loads-O = 0, 0, 0, 0
L1-D.loads-prefetch = 0, 0, 0, 0
L1-D.loads-S = 9645336, 7077521, 7838947, 7786136
L1-D.loads-u = 0, 0, 0, 0
L1-D.loads-where-cache-remote = 0, 0, 0, 0
L1-D.loads-where-dram = 0, 0, 0, 0
L1-D.loads-where-dram-cache = 0, 0, 0, 0
L1-D.loads-where-dram-local = 47131, 46813, 56387, 44344
L1-D.loads-where-dram-remote = 0, 0, 0, 0
L1-D.loads-where-L1 = 34164081, 34687283, 33873328, 33925574
L1-D.loads-where-L1_S = 0, 0, 0, 0
L1-D.loads-where-L1I = 0, 0, 0, 0
L1-D.loads-where-L2 = 1144212, 904969, 1091693, 1330290
L1-D.loads-where-L2_S = 0, 0, 0, 0
L1-D.loads-where-L3 = 249232, 335147, 320067, 285113
L1-D.loads-where-L3_S = 32063, 33338, 35043, 30546
L1-D.loads-where-L4 = 0, 0, 0, 0
L1-D.loads-where-L4_S = 0, 0, 0, 0
L1-D.loads-where-miss = 0, 0, 0, 0
L1-D.loads-where-nuca-cache = 0, 0, 0, 0
L1-D.loads-where-predicate-false = 0, 0, 0, 0
L1-D.loads-where-prefetch-no-mapping = 0, 0, 0, 0
L1-D.loads-where-unknown = 0, 0, 0, 0
L1-D.mshr-latency = 0, 0, 0, 0
L1-D.next_read.no-free-slots = 0, 0, 0, 0
L1-D.next_read.num-barriers = 0, 0, 0, 0
L1-D.next_read.num-requests = 0, 0, 0, 0
L1-D.next_read.requests-out-of-order = 0, 0, 0, 0
L1-D.next_read.requests-simultaneous = 0, 0, 0, 0
L1-D.next_read.total-barrier-delay = 0, 0, 0, 0
L1-D.next_read.total-delay = 0, 0, 0, 0
L1-D.prefetches = 0, 0, 0, 0
L1-D.qbs-query-latency = 0, 0, 0, 0
L1-D.snoop-latency = 0, 0, 0, 0
L1-D.store-misses = 58515, 58426, 63131, 63108
L1-D.store-misses-E = 620, 1687, 862, 504
L1-D.store-misses-I = 51286, 48948, 55720, 57043
L1-D.store-misses-M = 0, 0, 0, 0
L1-D.store-misses-O = 0, 0, 0, 0
L1-D.store-misses-S = 6609, 7791, 6549, 5561
L1-D.store-misses-u = 0, 0, 0, 0
L1-D.store-overlapping-misses = 0, 0, 0, 0
L1-D.stores = 11140512, 11979466, 11343397, 10952420
L1-D.stores-E = 620, 1687, 862, 504
L1-D.stores-I = 51286, 48948, 55720, 57043
L1-D.stores-M = 11081997, 11921040, 11280266, 10889312
L1-D.stores-O = 0, 0, 0, 0
L1-D.stores-prefetch = 0, 0, 0, 0
L1-D.stores-S = 6609, 7791, 6549, 5561
L1-D.stores-u = 0, 0, 0, 0
L1-D.stores-where-cache-remote = 0, 0, 0, 0
L1-D.stores-where-dram = 0, 0, 0, 0
L1-D.stores-where-dram-cache = 0, 0, 0, 0
L1-D.stores-where-dram-local = 135, 135, 109, 128
L1-D.stores-where-dram-remote = 0, 0, 0, 0
L1-D.stores-where-L1 = 11081997, 11921040, 11280266, 10889312
L1-D.stores-where-L1_S = 0, 0, 0, 0
L1-D.stores-where-L1I = 0, 0, 0, 0
L1-D.stores-where-L2 = 49494, 46935, 52584, 55062
L1-D.stores-where-L2_S = 0, 0, 0, 0
L1-D.stores-where-L3 = 1597, 2908, 3276, 1668
L1-D.stores-where-L3_S = 7289, 8448, 7162, 6250
L1-D.stores-where-L4 = 0, 0, 0, 0
L1-D.stores-where-L4_S = 0, 0, 0, 0
L1-D.stores-where-miss = 0, 0, 0, 0
L1-D.stores-where-nuca-cache = 0, 0, 0, 0
L1-D.stores-where-predicate-false = 0, 0, 0, 0
L1-D.stores-where-prefetch-no-mapping = 0, 0, 0, 0
L1-D.stores-where-unknown = 0, 0, 0, 0
L1-D.total-latency = 11804998403306, 12176211461977, 13304611863301, 12600255431399
L1-I.access-mru-0 = 12552223, 12972032, 12479529, 12548415
L1-I.access-mru-1 = 3179306, 3177482, 3226380, 3256301
L1-I.access-mru-2 = 443549, 403495, 409967, 408990
L1-I.access-mru-3 = 144700, 135881, 140559, 129655
L1-I.backinval-E = 3814, 5340, 8265, 8587
L1-I.backinval-I = 0, 0, 0, 0
L1-I.backinval-M = 0, 0, 0, 0
L1-I.backinval-O = 0, 0, 0, 0
L1-I.backinval-S = 27638, 30007, 34930, 29874
L1-I.backinval-u = 0, 0, 0, 0
L1-I.coherency-downgrades = 111646, 106521, 98829, 103862
L1-I.coherency-invalidates = 0, 0, 0, 0
L1-I.coherency-upgrades = 0, 0, 0, 0
L1-I.coherency-writebacks = 0, 0, 0, 0
L1-I.evict-E = 1506, 870, 7074, 1140
L1-I.evict-I = 0, 0, 0, 0
L1-I.evict-M = 0, 0, 0, 0
L1-I.evict-O = 0, 0, 0, 0
L1-I.evict-prefetch = 0, 0, 0, 0
L1-I.evict-S = 11578, 9555, 4029, 10793
L1-I.evict-u = 0, 0, 0, 0
L1-I.evict-warmup = 0, 0, 0, 0
L1-I.hits-prefetch = 0, 0, 0, 0
L1-I.hits-warmup = 0, 0, 0, 0
L1-I.invalidate-prefetch = 0, 0, 0, 0
L1-I.invalidate-warmup = 0, 0, 0, 0
L1-I.load-misses = 44851, 46023, 54560, 50663
L1-I.load-misses-E = 0, 0, 0, 0
L1-I.load-misses-I = 44851, 46023, 54560, 50663
L1-I.load-misses-M = 0, 0, 0, 0
L1-I.load-misses-O = 0, 0, 0, 0
L1-I.load-misses-S = 0, 0, 0, 0
L1-I.load-misses-u = 0, 0, 0, 0
L1-I.load-overlapping-misses = 0, 0, 0, 0
L1-I.loads = 16364629, 16734913, 16310995, 16394024
L1-I.loads-E = 3712221, 3635852, 4857252, 4523315
L1-I.loads-I = 44851, 46023, 54560, 50663
L1-I.loads-M = 0, 0, 0, 0
L1-I.loads-O = 0, 0, 0, 0
L1-I.loads-prefetch = 0, 0, 0, 0
L1-I.loads-S = 12607557, 13053038, 11399183, 11820046
L1-I.loads-u = 0, 0, 0, 0
L1-I.loads-where-cache-remote = 0, 0, 0, 0
L1-I.loads-where-dram = 0, 0, 0, 0
L1-I.loads-where-dram-cache = 0, 0, 0, 0
L1-I.loads-where-dram-local = 268, 181, 198, 114
L1-I.loads-where-dram-remote = 0, 0, 0, 0
L1-I.loads-where-L1 = 0, 0, 0, 0
L1-I.loads-where-L1_S = 0, 0, 0, 0
L1-I.loads-where-L1I = 16319778, 16688890, 16256435, 16343361
L1-I.loads-where-L2 = 13030, 10380, 11048, 11908
L1-I.loads-where-L2_S = 0, 0, 0, 0
L1-I.loads-where-L3 = 31553, 35462, 43314, 38641
L1-I.loads-where-L3_S = 0, 0, 0, 0
L1-I.loads-where-L4 = 0, 0, 0, 0
L1-I.loads-where-L4_S = 0, 0, 0, 0
L1-I.loads-where-miss = 0, 0, 0, 0
L1-I.loads-where-nuca-cache = 0, 0, 0, 0
L1-I.loads-where-predicate-false = 0, 0, 0, 0
L1-I.loads-where-prefetch-no-mapping = 0, 0, 0, 0
L1-I.loads-where-unknown = 0, 0, 0, 0
L1-I.mshr-latency = 0, 0, 0, 0
L1-I.next_read.no-free-slots = 0, 0, 0, 0
L1-I.next_read.num-barriers = 0, 0, 0, 0
L1-I.next_read.num-requests = 0, 0, 0, 0
L1-I.next_read.requests-out-of-order = 0, 0, 0, 0
L1-I.next_read.requests-simultaneous = 0, 0, 0, 0
L1-I.next_read.total-barrier-delay = 0, 0, 0, 0
L1-I.next_read.total-delay = 0, 0, 0, 0
L1-I.prefetches = 0, 0, 0, 0
L1-I.qbs-query-latency = 0, 0, 0, 0
L1-I.snoop-latency = 0, 0, 0, 0
L1-I.store-misses = 0, 0, 0, 0
L1-I.store-misses-E = 0, 0, 0, 0
L1-I.store-misses-I = 0, 0, 0, 0
L1-I.store-misses-M = 0, 0, 0, 0
L1-I.store-misses-O = 0, 0, 0, 0
L1-I.store-misses-S = 0, 0, 0, 0
L1-I.store-misses-u = 0, 0, 0, 0
L1-I.store-overlapping-misses = 0, 0, 0, 0
L1-I.stores = 0, 0, 0, 0
L1-I.stores-E = 0, 0, 0, 0
L1-I.stores-I = 0, 0, 0, 0
L1-I.stores-M = 0, 0, 0, 0
L1-I.stores-O = 0, 0, 0, 0
L1-I.stores-prefetch = 0, 0, 0, 0
L1-I.stores-S = 0, 0, 0, 0
L1-I.stores-u = 0, 0, 0, 0
L1-I.stores-where-cache-remote = 0, 0, 0, 0
L1-I.stores-where-dram = 0, 0, 0, 0
L1-I.stores-where-dram-cache = 0, 0, 0, 0
L1-I.stores-where-dram-local = 0, 0, 0, 0
L1-I.stores-where-dram-remote = 0, 0, 0, 0
L1-I.stores-where-L1 = 0, 0, 0, 0
L1-I.stores-where-L1_S = 0, 0, 0, 0
L1-I.stores-where-L1I = 0, 0, 0, 0
L1-I.stores-where-L2 = 0, 0, 0, 0
L1-I.stores-where-L2_S = 0, 0, 0, 0
L1-I.stores-where-L3 = 0, 0, 0, 0
L1-I.stores-where-L3_S = 0, 0, 0, 0
L1-I.stores-where-L4 = 0, 0, 0, 0
L1-I.stores-where-L4_S = 0, 0, 0, 0
L1-I.stores-where-miss = 0, 0, 0, 0
L1-I.stores-where-nuca-cache = 0, 0, 0, 0
L1-I.stores-where-predicate-false = 0, 0, 0, 0
L1-I.stores-where-prefetch-no-mapping = 0, 0, 0, 0
L1-I.stores-where-unknown = 0, 0, 0, 0
L1-I.total-latency = 485253052660, 530946638007, 622421440506, 546373405695
l1misslat = 8007951.29935
L2.access-mru-0 = 201001, 159932, 166272, 209263
L2.access-mru-1 = 324789, 242873, 275057, 347270
L2.access-mru-2 = 278607, 206183, 257882, 323782
L2.access-mru-3 = 175731, 141394, 182972, 219974
L2.access-mru-4 = 102186, 89551, 117392, 134149
L2.access-mru-5 = 60147, 57025, 73844, 79836
L2.access-mru-6 = 37890, 38171, 48576, 48908
L2.access-mru-7 = 26385, 27155, 33330, 34078
L2.backinval-E = 3, 5, 1, 2
L2.backinval-I = 0, 0, 0, 0
L2.backinval-M = 60, 38, 12, 30
L2.backinval-O = 0, 0, 0, 0
L2.backinval-S = 9, 7, 10, 10
L2.backinval-u = 0, 0, 0, 0
L2.coherency-downgrades = 279876, 238901, 248684, 231662
L2.coherency-invalidates = 9616, 9487, 9748, 9503
L2.coherency-upgrades = 311, 233, 244, 291
L2.coherency-writebacks = 13585, 13584, 14347, 12900
L2.evict-E = 222046, 298198, 295280, 272512
L2.evict-I = 0, 0, 0, 0
L2.evict-M = 12383, 29899, 21683, 14805
L2.evict-O = 0, 0, 0, 0
L2.evict-prefetch = 0, 0, 0, 0
L2.evict-S = 98803, 91068, 107559, 82183
L2.evict-u = 0, 0, 0, 0
L2.evict-warmup = 4005, 0, 0, 0
L2.hits-prefetch = 0, 0, 0, 0
L2.hits-warmup = 85, 0, 0, 0
L2.invalidate-prefetch = 0, 0, 0, 0
L2.invalidate-warmup = 3, 0, 0, 0
L2.load-misses = 360247, 450941, 455009, 398758
L2.load-misses-E = 5, 3, 0, 1
L2.load-misses-I = 354978, 444542, 449794, 394299
L2.load-misses-M = 0, 0, 0, 0
L2.load-misses-O = 0, 0, 0, 0
L2.load-misses-S = 5264, 6396, 5215, 4458
L2.load-misses-u = 0, 0, 0, 0
L2.load-overlapping-misses = 1333, 1297, 1372, 1279
L2.loads = 1517489, 1366290, 1557750, 1740956
L2.loads-E = 602221, 554683, 651994, 790029
L2.loads-I = 354978, 444542, 449794, 394299
L2.loads-M = 48792, 64785, 59886, 72612
L2.loads-O = 0, 0, 0, 0
L2.loads-prefetch = 0, 0, 0, 0
L2.loads-S = 511498, 302280, 396076, 484016
L2.loads-u = 0, 0, 0, 0
L2.mshr-latency = 0, 0, 0, 0
L2.next_read.no-free-slots = 0, 0, 0, 0
L2.next_read.num-barriers = 0, 0, 0, 0
L2.next_read.num-requests = 0, 0, 0, 0
L2.next_read.requests-out-of-order = 0, 0, 0, 0
L2.next_read.requests-simultaneous = 0, 0, 0, 0
L2.next_read.total-barrier-delay = 0, 0, 0, 0
L2.next_read.total-delay = 0, 0, 0, 0
L2.prefetches = 0, 0, 0, 0
L2.qbs-query-latency = 0, 0, 0, 0
L2.snoop-latency = 0, 0, 0, 0
L2.store-misses = 9021, 11491, 10547, 8046
L2.store-misses-E = 621, 1687, 862, 504
L2.store-misses-I = 1791, 2017, 3142, 1983
L2.store-misses-M = 0, 0, 0, 0
L2.store-misses-O = 0, 0, 0, 0
L2.store-misses-S = 6609, 7787, 6543, 5559
L2.store-misses-u = 0, 0, 0, 0
L2.store-overlapping-misses = 1347, 1344, 1287, 1314
L2.stores = 58515, 58426, 63131, 63108
L2.stores-E = 621, 1687, 862, 504
L2.stores-I = 1791, 2017, 3142, 1983
L2.stores-M = 49494, 46935, 52584, 55062
L2.stores-O = 0, 0, 0, 0
L2.stores-prefetch = 0, 0, 0, 0
L2.stores-S = 6609, 7787, 6543, 5559
L2.stores-u = 0, 0, 0, 0
L2.total-latency = 0, 0, 0, 0
L3.access-mru-0 = 478917, 0, 0, 0
L3.access-mru-1 = 279482, 0, 0, 0
L3.access-mru-10 = 23247, 0, 0, 0
L3.access-mru-11 = 20284, 0, 0, 0
L3.access-mru-12 = 17154, 0, 0, 0
L3.access-mru-13 = 14315, 0, 0, 0
L3.access-mru-14 = 11581, 0, 0, 0
L3.access-mru-15 = 9390, 0, 0, 0
L3.access-mru-2 = 193742, 0, 0, 0
L3.access-mru-3 = 136473, 0, 0, 0
L3.access-mru-4 = 97097, 0, 0, 0
L3.access-mru-5 = 70557, 0, 0, 0
L3.access-mru-6 = 51807, 0, 0, 0
L3.access-mru-7 = 39892, 0, 0, 0
L3.access-mru-8 = 32212, 0, 0, 0
L3.access-mru-9 = 27347, 0, 0, 0
L3.backinval-E = 0, 0, 0, 0
L3.backinval-I = 0, 0, 0, 0
L3.backinval-M = 0, 0, 0, 0
L3.backinval-O = 0, 0, 0, 0
L3.backinval-S = 0, 0, 0, 0
L3.backinval-u = 0, 0, 0, 0
L3.coherency-downgrades = 0, 0, 0, 0
L3.coherency-invalidates = 0, 0, 0, 0
L3.coherency-upgrades = 0, 0, 0, 0
L3.coherency-writebacks = 0, 0, 0, 0
L3.evict-E = 78429, 0, 0, 0
L3.evict-I = 0, 0, 0, 0
L3.evict-M = 118117, 0, 0, 0
L3.evict-O = 0, 0, 0, 0
L3.evict-prefetch = 0, 0, 0, 0
L3.evict-S = 0, 0, 0, 0
L3.evict-u = 0, 0, 0, 0
L3.evict-warmup = 112464, 0, 0, 0
L3.hits-prefetch = 0, 0, 0, 0
L3.hits-warmup = 2061, 9976, 4458, 2060
L3.invalidate-prefetch = 0, 0, 0, 0
L3.invalidate-warmup = 0, 0, 0, 0
L3.load-misses = 47308, 46886, 56494, 44350
L3.load-misses-E = 5, 3, 0, 1
L3.load-misses-I = 47303, 46883, 56494, 44349
L3.load-misses-M = 0, 0, 0, 0
L3.load-misses-O = 0, 0, 0, 0
L3.load-misses-S = 0, 0, 0, 0
L3.load-misses-u = 0, 0, 0, 0
L3.load-overlapping-misses = 2, 1, 0, 1
L3.loads = 360247, 450941, 455009, 398758
L3.loads-E = 272803, 343670, 344985, 310165
L3.loads-I = 47303, 46883, 56494, 44349
L3.loads-M = 40141, 60388, 53530, 44244
L3.loads-O = 0, 0, 0, 0
L3.loads-prefetch = 0, 0, 0, 0
L3.loads-S = 0, 0, 0, 0
L3.loads-u = 0, 0, 0, 0
L3.mshr-latency = 1982041247, 737544887, 2240306435, 1821691290
L3.next_read.no-free-slots = 0, 0, 0, 0
L3.next_read.num-barriers = 0, 0, 0, 0
L3.next_read.num-requests = 0, 0, 0, 0
L3.next_read.requests-out-of-order = 0, 0, 0, 0
L3.next_read.requests-simultaneous = 0, 0, 0, 0
L3.next_read.total-barrier-delay = 0, 0, 0, 0
L3.next_read.total-delay = 0, 0, 0, 0
L3.prefetches = 0, 0, 0, 0
L3.qbs-query-latency = 0, 0, 0, 0
L3.snoop-latency = 745806585150, 789189945750, 796351583700, 695130007950
L3.store-misses = 1100, 2166, 1359, 916
L3.store-misses-E = 694, 1766, 1002, 540
L3.store-misses-I = 399, 396, 351, 374
L3.store-misses-M = 7, 4, 6, 2
L3.store-misses-O = 0, 0, 0, 0
L3.store-misses-S = 0, 0, 0, 0
L3.store-misses-u = 0, 0, 0, 0
L3.store-overlapping-misses = 472, 1382, 694, 350
L3.stores = 9021, 11491, 10547, 8046
L3.stores-E = 694, 1766, 1002, 540
L3.stores-I = 399, 396, 351, 374
L3.stores-M = 7928, 9329, 9194, 7132
L3.stores-O = 0, 0, 0, 0
L3.stores-prefetch = 0, 0, 0, 0
L3.stores-S = 0, 0, 0, 0
L3.stores-u = 0, 0, 0, 0
L3.total-latency = 0, 0, 0, 0
L3.uncore-requests = 47702, 47278, 56844, 44722
L3.uncore-time-dram = 0, 0, 0, 0
L3.uncore-time-dram-bus = 402093323752, 398519310728, 479153764944, 376974081272
L3.uncore-time-dram-cache = 0, 0, 0, 0
L3.uncore-time-dram-cache-bus = 0, 0, 0, 0
L3.uncore-time-dram-cache-data = 0, 0, 0, 0
L3.uncore-time-dram-cache-queue = 0, 0, 0, 0
L3.uncore-time-dram-cache-tags = 0, 0, 0, 0
L3.uncore-time-dram-device = 2146590000000, 2127510000000, 2557980000000, 2012490000000
L3.uncore-time-dram-queue = 377680181253, 415176801700, 451986530562, 304318517662
L3.uncore-time-inv-imbalance = 0, 0, 0, 0
L3.uncore-time-noc-base = 0, 0, 0, 0
L3.uncore-time-noc-queue = 0, 0, 0, 0
L3.uncore-time-nuca-bus = 0, 0, 0, 0
L3.uncore-time-nuca-data = 0, 0, 0, 0
L3.uncore-time-nuca-queue = 0, 0, 0, 0
L3.uncore-time-nuca-tags = 0, 0, 0, 0
L3.uncore-time-pending-hit = 601502400, 488720700, 864659700, 676690200
L3.uncore-time-remote-cache-fwd = 0, 0, 0, 0
L3.uncore-time-remote-cache-inv = 0, 0, 0, 0
L3.uncore-time-remote-cache-wb = 0, 0, 0, 0
L3.uncore-time-td-access = 179337940560, 177770274930, 213822825030, 168289093350
L3.uncore-time-unknown = 0, 0, 0, 0
L3.uncore-totaltime = 3106302947965, 3119465108058, 3703807780236, 2862748382484
ncores = 4
network.shmem-1.bus.num-bytes = 0, 0, 0, 0
network.shmem-1.bus.num-packets = 0, 0, 0, 0
network.shmem-1.bus.num-packets-delayed = 0, 0, 0, 0
network.shmem-1.bus.time-used = 0, 0, 0, 0
network.shmem-1.bus.total-delay = 0, 0, 0, 0
performance_model.cpiDTLBMiss = 0, 0, 0, 0
performance_model.cpiFastforwardTime = 0, 0, 0, 0
performance_model.cpiITLBMiss = 0, 0, 0, 0
performance_model.cpiRecv = 0, 0, 0, 0
performance_model.cpiStartTime = 0, 734131328161070, 734132224775585, 734132480790044
performance_model.cpiSyncDvfsTransition = 0, 0, 0, 0
performance_model.cpiSyncFutex = 467875027792, 496169700688, 472505468455, 436415324455
performance_model.cpiSyncJoin = 0, 0, 0, 0
performance_model.cpiSyncMemAccess = 0, 0, 0, 0
performance_model.cpiSyncPause = 0, 0, 0, 0
performance_model.cpiSyncPthreadBarrier = 0, 0, 0, 0
performance_model.cpiSyncPthreadCond = 0, 0, 0, 0
performance_model.cpiSyncPthreadMutex = 0, 0, 0, 0
performance_model.cpiSyncSleep = 0, 0, 0, 0
performance_model.cpiSyncSyscall = 0, 0, 0, 0
performance_model.cpiSyncUnscheduled = 0, 0, 0, 0
performance_model.cpiUnknown = 60902118, 0, 0, 0
performance_model.cycle_count = 187816791.908, 187816791.908, 187816791.908, 187816791.908
performance_model.dyninsn_cost = 0, 0, 0, 0
performance_model.dyninsn_count = 0, 0, 0, 0
performance_model.dyninsn_zero_count = 0, 0, 0, 0
performance_model.elapsed_time = 70607816506843, 70607816506843, 70607816506843, 70607816506843
performance_model.elapsed_time_begin = 734121947355203, 0, 0, 0
performance_model.elapsed_time_end = 804729480784302, 804728920259253, 804729456724206, 804715011644070
performance_model.idle_elapsed_time = 468158105536, 506394109348, 483090026677, 461700977272
performance_model.instruction_count = 120129678, 123438958, 120051657, 119543710
performance_model.nonidle_elapsed_time = 70139658401307, 70101422397495, 70124726480166, 70146115529571
power.BUSES.Area = 1.3377
power.BUSES.Bus/Area = 1.3377
power.BUSES.Bus/Gate Leakage = 0.00666015
power.BUSES.Bus/Peak Dynamic = 0.0
power.BUSES.Bus/Runtime Dynamic = 0.0
power.BUSES.Bus/Subthreshold Leakage = 0.0694515
power.BUSES.Bus/Subthreshold Leakage with power gating = 0.0260443
power.BUSES.Gate Leakage = 0.00666015
power.BUSES.Peak Dynamic = 0.0
power.BUSES.Runtime Dynamic = 0.0
power.BUSES.Subthreshold Leakage = 0.0694515
power.BUSES.Subthreshold Leakage with power gating = 0.0260443
power.Core = {'Instruction Fetch Unit/Subthreshold Leakage with power gating': 0.408542, 'Execution Unit/Register Files/Floating Point RF/Subthreshold Leakage': 0.00399698, 'Instruction Fetch Unit/Instruction Decoder/Runtime Dynamic': 0.219712, 'Load Store Unit/Data Cache/Subthreshold Leakage with power gating': 0.25085, 'Instruction Fetch Unit/Instruction Cache/Gate Leakage': 0.029931, 'Load Store Unit/Subthreshold Leakage with power gating': 0.283406, 'Execution Unit/Instruction Scheduler/Area': 2.17927, 'Execution Unit/Instruction Scheduler/Instruction Window/Subthreshold Leakage': 0.0800117, 'Execution Unit/Floating Point Units/Gate Leakage': 0.0656156, 'Subthreshold Leakage': 6.21877, 'Renaming Unit/Free List/Runtime Dynamic': 0.0150762, 'Execution Unit/Complex ALUs/Gate Leakage': 0.0132646, 'Memory Management Unit/Gate Leakage': 0.00813591, 'Execution Unit/Instruction Scheduler/Instruction Window/Runtime Dynamic': 0.434635, 'Instruction Fetch Unit/Branch Predictor/Chooser/Subthreshold Leakage': 0.00759719, 'Load Store Unit/LoadQ/Subthreshold Leakage with power gating': 0.00536918, 'Execution Unit/Instruction Scheduler/ROB/Subthreshold Leakage with power gating': 0.00897339, 'Instruction Fetch Unit/Instruction Buffer/Peak Dynamic': 0.606827, 'Execution Unit/Results Broadcast Bus/Subthreshold Leakage with power gating': 0.0345155, 'Instruction Fetch Unit/Instruction Decoder/Subthreshold Leakage': 0.442943, 'Execution Unit/Floating Point Units/Area': 4.6585, 'Execution Unit/Gate Leakage': 0.122718, 'L2/Area': 4.53318, 'Instruction Fetch Unit/Branch Predictor/L2_Local Predictor/Area': 0.0151917, 'Execution Unit/Register Files/Floating Point RF/Area': 0.208131, 'Execution Unit/Instruction Scheduler/Subthreshold Leakage': 0.114878, 'Load Store Unit/Data Cache/Runtime Dynamic': 0.921525, 'Instruction Fetch Unit/Branch Predictor/L2_Local Predictor/Subthreshold Leakage': 0.00181347, 'Memory Management Unit/Dtlb/Subthreshold Leakage': 0.0155699, 'Renaming Unit/FP Front End RAT/Peak Dynamic': 3.33511, 'Execution Unit/Runtime Dynamic': 2.50317, 'Instruction Fetch Unit/Branch Predictor/Global Predictor/Subthreshold Leakage with power gating': 0.0039236, 'Execution Unit/Instruction Scheduler/Instruction Window/Gate Leakage': 0.00529112, 'Renaming Unit/FP Front End RAT/Runtime Dynamic': 0.186288, 'Instruction Fetch Unit/Branch Predictor/Global Predictor/Area': 0.0435221, 'Execution Unit/Instruction Scheduler/FP Instruction Window/Runtime Dynamic': 0.250996, 'Renaming Unit/Peak Dynamic': 4.56169, 'Execution Unit/Integer ALUs/Subthreshold Leakage with power gating': 0.150833, 'L2/Peak Dynamic': 0.0427043, 'Execution Unit/Peak Dynamic': 5.74452, 'Runtime Dynamic': 4.73807, 'L2/Subthreshold Leakage with power gating': 0.401066, 'Execution Unit/Register Files/Integer RF/Area': 0.362673, 'Load Store Unit/StoreQ/Peak Dynamic': 0.152616, 'Instruction Fetch Unit/Branch Predictor/Global Predictor/Runtime Dynamic': 0.0018323, 'Gate Leakage': 0.372997, 'Subthreshold Leakage with power gating': 2.58311, 'Instruction Fetch Unit/Gate Leakage': 0.0590479, 'Execution Unit/Register Files/Runtime Dynamic': 0.0763901, 'Memory Management Unit/Dtlb/Gate Leakage': 0.00088729, 'Execution Unit/Register Files/Gate Leakage': 0.000622708, 'Load Store Unit/LoadQ/Peak Dynamic': 0.0618922, 'Instruction Fetch Unit/Branch Predictor/Chooser/Runtime Dynamic': 0.0018323, 'Load Store Unit/Data Cache/Peak Dynamic': 3.15019, 'Execution Unit/Results Broadcast Bus/Area Overhead': 0.0442632, 'Instruction Fetch Unit/Branch Predictor/L1_Local Predictor/Area': 0.0257064, 'Renaming Unit/Free List/Subthreshold Leakage with power gating': 0.000377987, 'Execution Unit/Instruction Scheduler/ROB/Runtime Dynamic': 0.274421, 'Execution Unit/Instruction Scheduler/FP Instruction Window/Subthreshold Leakage with power gating': 0.00962066, 'Instruction Fetch Unit/Branch Predictor/RAS/Subthreshold Leakage with power gating': 0.000494733, 'Instruction Fetch Unit/Branch Target Buffer/Subthreshold Leakage': 0.0811682, 'Load Store Unit/Runtime Dynamic': 1.28865, 'Execution Unit/Area': 8.2042, 'Execution Unit/Floating Point Units/Subthreshold Leakage with power gating': 0.373061, 'Load Store Unit/StoreQ/Gate Leakage': 0.00329971, 'Instruction Fetch Unit/Branch Predictor/L1_Local Predictor/Subthreshold Leakage': 0.00384344, 'Instruction Fetch Unit/Branch Predictor/L1_Local Predictor/Runtime Dynamic': 0.00163164, 'Renaming Unit/Int Front End RAT/Subthreshold Leakage': 0.00611897, 'Instruction Fetch Unit/Branch Predictor/RAS/Area': 0.0105732, 'Instruction Fetch Unit/Runtime Dynamic': 0.521203, 'Load Store Unit/LoadQ/Area': 0.0836782, 'Load Store Unit/StoreQ/Area': 0.322079, 'Instruction Fetch Unit/Branch Target Buffer/Area': 0.64954, 'Execution Unit/Instruction Scheduler/FP Instruction Window/Gate Leakage': 0.00115349, 'Peak Dynamic': 20.8366, 'Renaming Unit/Runtime Dynamic': 0.328109, 'Execution Unit/Register Files/Floating Point RF/Peak Dynamic': 0.0533964, 'Load Store Unit/StoreQ/Runtime Dynamic': 0.305231, 'Memory Management Unit/Itlb/Subthreshold Leakage': 0.0413758, 'Execution Unit/Instruction Scheduler/Subthreshold Leakage with power gating': 0.0641291, 'Memory Management Unit/Subthreshold Leakage': 0.0769113, 'Instruction Fetch Unit/Instruction Cache/Area': 3.14635, 'Execution Unit/Instruction Scheduler/Gate Leakage': 0.00730101, 'Execution Unit/Register Files/Area': 0.570804, 'Execution Unit/Floating Point Units/Peak Dynamic': 0.282638, 'Execution Unit/Instruction Scheduler/FP Instruction Window/Subthreshold Leakage': 0.017004, 'Load Store Unit/StoreQ/Subthreshold Leakage': 0.0345621, 'Renaming Unit/Gate Leakage': 0.00863632, 'Instruction Fetch Unit/Branch Predictor/Chooser/Peak Dynamic': 0.0168831, 'Renaming Unit/Int Front End RAT/Gate Leakage': 0.00038343, 'Execution Unit/Register Files/Integer RF/Subthreshold Leakage': 0.00614175, 'Renaming Unit/Free List/Subthreshold Leakage': 0.000670426, 'Memory Management Unit/Itlb/Runtime Dynamic': 0.0348519, 'Execution Unit/Complex ALUs/Peak Dynamic': 0.0431402, 'Execution Unit/Integer ALUs/Peak Dynamic': 0.204767, 'Memory Management Unit/Runtime Dynamic': 0.0896389, 'Instruction Fetch Unit/Instruction Decoder/Subthreshold Leakage with power gating': 0.166104, 'Memory Management Unit/Dtlb/Runtime Dynamic': 0.0547869, 'Execution Unit/Instruction Scheduler/ROB/Subthreshold Leakage': 0.0178624, 'Instruction Fetch Unit/Branch Predictor/Global Predictor/Gate Leakage': 0.000278362, 'Renaming Unit/FP Front End RAT/Subthreshold Leakage': 0.0437281, 'Instruction Fetch Unit/Instruction Buffer/Gate Leakage': 6.83558e-05, 'Execution Unit/Subthreshold Leakage': 1.83518, 'Execution Unit/Complex ALUs/Subthreshold Leakage': 0.20111, 'Instruction Fetch Unit/Branch Predictor/Gate Leakage': 0.000757657, 'Instruction Fetch Unit/Branch Predictor/RAS/Peak Dynamic': 0.0117602, 'Instruction Fetch Unit/Branch Predictor/L2_Local Predictor/Subthreshold Leakage with power gating': 0.000957045, 'Execution Unit/Results Broadcast Bus/Gate Leakage': 0.00607074, 'Instruction Fetch Unit/Peak Dynamic': 6.53603, 'Instruction Fetch Unit/Branch Predictor/L2_Local Predictor/Runtime Dynamic': 0.000651164, 'Execution Unit/Integer ALUs/Area': 0.47087, 'Execution Unit/Instruction Scheduler/ROB/Area': 0.841232, 'Instruction Fetch Unit/Instruction Cache/Subthreshold Leakage': 0.367022, 'Load Store Unit/LoadQ/Subthreshold Leakage': 0.00941961, 'Instruction Fetch Unit/Branch Predictor/Area': 0.138516, 'Instruction Fetch Unit/Branch Predictor/Global Predictor/Subthreshold Leakage': 0.00759719, 'Renaming Unit/Free List/Peak Dynamic': 0.0401324, 'Renaming Unit/Int Front End RAT/Area': 0.114751, 'Execution Unit/Instruction Scheduler/Instruction Window/Peak Dynamic': 2.07911, 'Execution Unit/Register Files/Floating Point RF/Gate Leakage': 0.000232788, 'Renaming Unit/Int Front End RAT/Runtime Dynamic': 0.126745, 'Load Store Unit/Subthreshold Leakage': 0.591622, 'Memory Management Unit/Dtlb/Peak Dynamic': 0.0541638, 'Execution Unit/Register Files/Subthreshold Leakage with power gating': 0.00423643, 'Instruction Fetch Unit/Branch Target Buffer/Runtime Dynamic': 0.0162922, 'Instruction Fetch Unit/Branch Predictor/RAS/Gate Leakage': 4.63858e-05, 'Renaming Unit/Int Front End RAT/Subthreshold Leakage with power gating': 0.00348781, 'Memory Management Unit/Itlb/Gate Leakage': 0.00393464, 'Execution Unit/Instruction Scheduler/FP Instruction Window/Area': 0.328073, 'Load Store Unit/Data Cache/Area': 6.84535, 'Execution Unit/Instruction Scheduler/ROB/Gate Leakage': 0.000856399, 'Instruction Fetch Unit/Branch Predictor/L1_Local Predictor/Subthreshold Leakage with power gating': 0.00198631, 'Instruction Fetch Unit/Branch Predictor/L2_Local Predictor/Gate Leakage': 8.00196e-05, 'Execution Unit/Integer ALUs/Gate Leakage': 0.0265291, 'Instruction Fetch Unit/Branch Predictor/RAS/Runtime Dynamic': 0.000966645, 'Memory Management Unit/Itlb/Peak Dynamic': 0.255841, 'Load Store Unit/Gate Leakage': 0.0351387, 'Instruction Fetch Unit/Branch Target Buffer/Subthreshold Leakage with power gating': 0.0435357, 'Execution Unit/Complex ALUs/Area': 0.235435, 'Instruction Fetch Unit/Branch Predictor/Chooser/Subthreshold Leakage with power gating': 0.0039236, 'Execution Unit/Instruction Scheduler/FP Instruction Window/Peak Dynamic': 1.20978, 'Execution Unit/Register Files/Integer RF/Subthreshold Leakage with power gating': 0.00246675, 'Instruction Fetch Unit/Branch Target Buffer/Gate Leakage': 0.00272758, 'Renaming Unit/FP Front End RAT/Area': 0.168486, 'Renaming Unit/FP Front End RAT/Subthreshold Leakage with power gating': 0.024925, 'L2/Subthreshold Leakage': 0.834142, 'Load Store Unit/Data Cache/Subthreshold Leakage': 0.527675, 'Renaming Unit/Int Front End RAT/Peak Dynamic': 0.86945, 'Execution Unit/Integer ALUs/Subthreshold Leakage': 0.40222, 'Instruction Fetch Unit/Branch Predictor/L2_Local Predictor/Peak Dynamic': 0.00527447, 'Instruction Fetch Unit/Branch Predictor/RAS/Subthreshold Leakage': 0.000932505, 'Instruction Fetch Unit/Instruction Buffer/Area': 0.0226323, 'Instruction Fetch Unit/Instruction Cache/Subthreshold Leakage with power gating': 0.180386, 'Memory Management Unit/Dtlb/Area': 0.0879726, 'Instruction Fetch Unit/Instruction Decoder/Area': 1.85799, 'Execution Unit/Register Files/Peak Dynamic': 0.133324, 'Execution Unit/Instruction Scheduler/Peak Dynamic': 4.84781, 'Load Store Unit/LoadQ/Gate Leakage': 0.00059896, 'Instruction Fetch Unit/Area': 5.86007, 'Execution Unit/Complex ALUs/Subthreshold Leakage with power gating': 0.0754163, 'Execution Unit/Floating Point Units/Runtime Dynamic': 0.42837, 'Renaming Unit/FP Front End RAT/Gate Leakage': 0.00489731, 'Instruction Fetch Unit/Instruction Cache/Runtime Dynamic': 0.214247, 'Memory Management Unit/Itlb/Subthreshold Leakage with power gating': 0.0235842, 'Memory Management Unit/Area': 0.434579, 'Instruction Fetch Unit/Instruction Buffer/Subthreshold Leakage with power gating': 0.000701682, 'Execution Unit/Instruction Scheduler/Instruction Window/Subthreshold Leakage with power gating': 0.0455351, 'Renaming Unit/Area': 0.369768, 'Memory Management Unit/Subthreshold Leakage with power gating': 0.0399462, 'Instruction Fetch Unit/Branch Predictor/Subthreshold Leakage with power gating': 0.0103282, 'Instruction Fetch Unit/Instruction Buffer/Subthreshold Leakage': 0.00151885, 'Instruction Fetch Unit/Branch Predictor/Runtime Dynamic': 0.00626289, 'Instruction Fetch Unit/Branch Predictor/Chooser/Gate Leakage': 0.000278362, 'Execution Unit/Instruction Scheduler/Runtime Dynamic': 0.960052, 'Area': 32.6082, 'Memory Management Unit/Peak Dynamic': 0.507978, 'L2/Runtime Dynamic': 0.00729847, 'Execution Unit/Register Files/Floating Point RF/Subthreshold Leakage with power gating': 0.00176968, 'Execution Unit/Floating Point Units/Subthreshold Leakage': 0.994829, 'Instruction Fetch Unit/Branch Predictor/L1_Local Predictor/Peak Dynamic': 0.0142575, 'Execution Unit/Complex ALUs/Runtime Dynamic': 0.236573, 'Instruction Fetch Unit/Instruction Decoder/Gate Leakage': 0.0222493, 'Instruction Fetch Unit/Branch Predictor/Subthreshold Leakage': 0.0199703, 'Execution Unit/Register Files/Integer RF/Runtime Dynamic': 0.0672913, 'Execution Unit/Results Broadcast Bus/Subthreshold Leakage': 0.0920413, 'Load Store Unit/Area': 8.80969, 'Renaming Unit/Subthreshold Leakage': 0.070483, 'Execution Unit/Results Broadcast Bus/Peak Dynamic': 0.204956, 'Load Store Unit/Peak Dynamic': 3.44364, 'Instruction Fetch Unit/Subthreshold Leakage': 0.932587, 'Execution Unit/Instruction Scheduler/ROB/Peak Dynamic': 1.55892, 'Execution Unit/Integer ALUs/Runtime Dynamic': 0.287149, 'Execution Unit/Subthreshold Leakage with power gating': 0.709678, 'Instruction Fetch Unit/Branch Predictor/Global Predictor/Peak Dynamic': 0.0168831, 'Instruction Fetch Unit/Instruction Buffer/Runtime Dynamic': 0.0646888, 'Memory Management Unit/Dtlb/Subthreshold Leakage with power gating': 0.00887485, 'Load Store Unit/Data Cache/Gate Leakage': 0.0279261, 'Renaming Unit/Free List/Area': 0.0414755, 'Load Store Unit/StoreQ/Subthreshold Leakage with power gating': 0.0197004, 'Execution Unit/Results Broadcast Bus/Runtime Dynamic': 0.514639, 'Execution Unit/Register Files/Subthreshold Leakage': 0.0101387, 'Execution Unit/Register Files/Integer RF/Peak Dynamic': 0.0799274, 'Load Store Unit/LoadQ/Runtime Dynamic': 0.0618922, 'Instruction Fetch Unit/Branch Target Buffer/Peak Dynamic': 0.177867, 'Instruction Fetch Unit/Instruction Cache/Peak Dynamic': 4.11477, 'Instruction Fetch Unit/Instruction Decoder/Peak Dynamic': 1.37404, 'Execution Unit/Register Files/Floating Point RF/Runtime Dynamic': 0.00909881, 'Renaming Unit/Subthreshold Leakage with power gating': 0.0362779, 'Execution Unit/Instruction Scheduler/Instruction Window/Area': 1.00996, 'Instruction Fetch Unit/Branch Predictor/Chooser/Area': 0.0435221, 'Memory Management Unit/Itlb/Area': 0.301552, 'Instruction Fetch Unit/Branch Predictor/L1_Local Predictor/Gate Leakage': 0.000154548, 'Instruction Fetch Unit/Branch Predictor/Peak Dynamic': 0.0597838, 'Execution Unit/Register Files/Integer RF/Gate Leakage': 0.00038992, 'Renaming Unit/Free List/Gate Leakage': 4.15911e-05, 'L2/Gate Leakage': 0.015464}, {'Instruction Fetch Unit/Subthreshold Leakage with power gating': 0.408542, 'Execution Unit/Register Files/Floating Point RF/Subthreshold Leakage': 0.00399698, 'Instruction Fetch Unit/Instruction Decoder/Runtime Dynamic': 0.225765, 'Load Store Unit/Data Cache/Subthreshold Leakage with power gating': 0.25085, 'Instruction Fetch Unit/Instruction Cache/Gate Leakage': 0.029931, 'Load Store Unit/Subthreshold Leakage with power gating': 0.283406, 'Execution Unit/Instruction Scheduler/Area': 2.17927, 'Execution Unit/Instruction Scheduler/Instruction Window/Subthreshold Leakage': 0.0800117, 'Execution Unit/Floating Point Units/Gate Leakage': 0.0656156, 'Subthreshold Leakage': 6.21877, 'Renaming Unit/Free List/Runtime Dynamic': 0.0153366, 'Execution Unit/Complex ALUs/Gate Leakage': 0.0132646, 'Memory Management Unit/Gate Leakage': 0.00813591, 'Execution Unit/Instruction Scheduler/Instruction Window/Runtime Dynamic': 0.446608, 'Instruction Fetch Unit/Branch Predictor/Chooser/Subthreshold Leakage': 0.00759719, 'Load Store Unit/LoadQ/Subthreshold Leakage with power gating': 0.00536918, 'Execution Unit/Instruction Scheduler/ROB/Subthreshold Leakage with power gating': 0.00897339, 'Instruction Fetch Unit/Instruction Buffer/Peak Dynamic': 0.606827, 'Execution Unit/Results Broadcast Bus/Subthreshold Leakage with power gating': 0.0345155, 'Instruction Fetch Unit/Instruction Decoder/Subthreshold Leakage': 0.442943, 'Execution Unit/Floating Point Units/Area': 4.6585, 'Execution Unit/Gate Leakage': 0.122718, 'L2/Area': 4.53318, 'Instruction Fetch Unit/Branch Predictor/L2_Local Predictor/Area': 0.0151917, 'Execution Unit/Register Files/Floating Point RF/Area': 0.208131, 'Execution Unit/Instruction Scheduler/Subthreshold Leakage': 0.114878, 'Load Store Unit/Data Cache/Runtime Dynamic': 0.945253, 'Instruction Fetch Unit/Branch Predictor/L2_Local Predictor/Subthreshold Leakage': 0.00181347, 'Memory Management Unit/Dtlb/Subthreshold Leakage': 0.0155699, 'Renaming Unit/FP Front End RAT/Peak Dynamic': 3.33511, 'Execution Unit/Runtime Dynamic': 2.54073, 'Instruction Fetch Unit/Branch Predictor/Global Predictor/Subthreshold Leakage with power gating': 0.0039236, 'Execution Unit/Instruction Scheduler/Instruction Window/Gate Leakage': 0.00529112, 'Renaming Unit/FP Front End RAT/Runtime Dynamic': 0.178546, 'Instruction Fetch Unit/Branch Predictor/Global Predictor/Area': 0.0435221, 'Execution Unit/Instruction Scheduler/FP Instruction Window/Runtime Dynamic': 0.257911, 'Renaming Unit/Peak Dynamic': 4.56169, 'Execution Unit/Integer ALUs/Subthreshold Leakage with power gating': 0.150833, 'L2/Peak Dynamic': 0.0386074, 'Execution Unit/Peak Dynamic': 5.74297, 'Runtime Dynamic': 4.81969, 'L2/Subthreshold Leakage with power gating': 0.401066, 'Execution Unit/Register Files/Integer RF/Area': 0.362673, 'Load Store Unit/StoreQ/Peak Dynamic': 0.156563, 'Instruction Fetch Unit/Branch Predictor/Global Predictor/Runtime Dynamic': 0.00190436, 'Gate Leakage': 0.372997, 'Subthreshold Leakage with power gating': 2.58311, 'Instruction Fetch Unit/Gate Leakage': 0.0590479, 'Execution Unit/Register Files/Runtime Dynamic': 0.0784945, 'Memory Management Unit/Dtlb/Gate Leakage': 0.00088729, 'Execution Unit/Register Files/Gate Leakage': 0.000622708, 'Load Store Unit/LoadQ/Peak Dynamic': 0.0634928, 'Instruction Fetch Unit/Branch Predictor/Chooser/Runtime Dynamic': 0.00190436, 'Load Store Unit/Data Cache/Peak Dynamic': 3.19966, 'Execution Unit/Results Broadcast Bus/Area Overhead': 0.0442632, 'Instruction Fetch Unit/Branch Predictor/L1_Local Predictor/Area': 0.0257064, 'Renaming Unit/Free List/Subthreshold Leakage with power gating': 0.000377987, 'Execution Unit/Instruction Scheduler/ROB/Runtime Dynamic': 0.281634, 'Execution Unit/Instruction Scheduler/FP Instruction Window/Subthreshold Leakage with power gating': 0.00962066, 'Instruction Fetch Unit/Branch Predictor/RAS/Subthreshold Leakage with power gating': 0.000494733, 'Instruction Fetch Unit/Branch Target Buffer/Subthreshold Leakage': 0.0811682, 'Load Store Unit/Runtime Dynamic': 1.32187, 'Execution Unit/Area': 8.2042, 'Execution Unit/Floating Point Units/Subthreshold Leakage with power gating': 0.373061, 'Load Store Unit/StoreQ/Gate Leakage': 0.00329971, 'Instruction Fetch Unit/Branch Predictor/L1_Local Predictor/Subthreshold Leakage': 0.00384344, 'Instruction Fetch Unit/Branch Predictor/L1_Local Predictor/Runtime Dynamic': 0.00169412, 'Renaming Unit/Int Front End RAT/Subthreshold Leakage': 0.00611897, 'Instruction Fetch Unit/Branch Predictor/RAS/Area': 0.0105732, 'Instruction Fetch Unit/Runtime Dynamic': 0.534826, 'Load Store Unit/LoadQ/Area': 0.0836782, 'Load Store Unit/StoreQ/Area': 0.322079, 'Instruction Fetch Unit/Branch Target Buffer/Area': 0.64954, 'Execution Unit/Instruction Scheduler/FP Instruction Window/Gate Leakage': 0.00115349, 'Peak Dynamic': 21.0164, 'Renaming Unit/Runtime Dynamic': 0.324501, 'Execution Unit/Register Files/Floating Point RF/Peak Dynamic': 0.0511776, 'Load Store Unit/StoreQ/Runtime Dynamic': 0.313125, 'Memory Management Unit/Itlb/Subthreshold Leakage': 0.0413758, 'Execution Unit/Instruction Scheduler/Subthreshold Leakage with power gating': 0.0641291, 'Memory Management Unit/Subthreshold Leakage': 0.0769113, 'Instruction Fetch Unit/Instruction Cache/Area': 3.14635, 'Execution Unit/Instruction Scheduler/Gate Leakage': 0.00730101, 'Execution Unit/Register Files/Area': 0.570804, 'Execution Unit/Floating Point Units/Peak Dynamic': 0.270894, 'Execution Unit/Instruction Scheduler/FP Instruction Window/Subthreshold Leakage': 0.017004, 'Load Store Unit/StoreQ/Subthreshold Leakage': 0.0345621, 'Renaming Unit/Gate Leakage': 0.00863632, 'Instruction Fetch Unit/Branch Predictor/Chooser/Peak Dynamic': 0.0168831, 'Renaming Unit/Int Front End RAT/Gate Leakage': 0.00038343, 'Execution Unit/Register Files/Integer RF/Subthreshold Leakage': 0.00614175, 'Renaming Unit/Free List/Subthreshold Leakage': 0.000670426, 'Memory Management Unit/Itlb/Runtime Dynamic': 0.0356405, 'Execution Unit/Complex ALUs/Peak Dynamic': 0.0415578, 'Execution Unit/Integer ALUs/Peak Dynamic': 0.213402, 'Memory Management Unit/Runtime Dynamic': 0.0917662, 'Instruction Fetch Unit/Instruction Decoder/Subthreshold Leakage with power gating': 0.166104, 'Memory Management Unit/Dtlb/Runtime Dynamic': 0.0561257, 'Execution Unit/Instruction Scheduler/ROB/Subthreshold Leakage': 0.0178624, 'Instruction Fetch Unit/Branch Predictor/Global Predictor/Gate Leakage': 0.000278362, 'Renaming Unit/FP Front End RAT/Subthreshold Leakage': 0.0437281, 'Instruction Fetch Unit/Instruction Buffer/Gate Leakage': 6.83558e-05, 'Execution Unit/Subthreshold Leakage': 1.83518, 'Execution Unit/Complex ALUs/Subthreshold Leakage': 0.20111, 'Instruction Fetch Unit/Branch Predictor/Gate Leakage': 0.000757657, 'Instruction Fetch Unit/Branch Predictor/RAS/Peak Dynamic': 0.0117602, 'Instruction Fetch Unit/Branch Predictor/L2_Local Predictor/Subthreshold Leakage with power gating': 0.000957045, 'Execution Unit/Results Broadcast Bus/Gate Leakage': 0.00607074, 'Instruction Fetch Unit/Peak Dynamic': 6.65497, 'Instruction Fetch Unit/Branch Predictor/L2_Local Predictor/Runtime Dynamic': 0.000675195, 'Execution Unit/Integer ALUs/Area': 0.47087, 'Execution Unit/Instruction Scheduler/ROB/Area': 0.841232, 'Instruction Fetch Unit/Instruction Cache/Subthreshold Leakage': 0.367022, 'Load Store Unit/LoadQ/Subthreshold Leakage': 0.00941961, 'Instruction Fetch Unit/Branch Predictor/Area': 0.138516, 'Instruction Fetch Unit/Branch Predictor/Global Predictor/Subthreshold Leakage': 0.00759719, 'Renaming Unit/Free List/Peak Dynamic': 0.0401324, 'Renaming Unit/Int Front End RAT/Area': 0.114751, 'Execution Unit/Instruction Scheduler/Instruction Window/Peak Dynamic': 2.07911, 'Execution Unit/Register Files/Floating Point RF/Gate Leakage': 0.000232788, 'Renaming Unit/Int Front End RAT/Runtime Dynamic': 0.130618, 'Load Store Unit/Subthreshold Leakage': 0.591622, 'Memory Management Unit/Dtlb/Peak Dynamic': 0.0555646, 'Execution Unit/Register Files/Subthreshold Leakage with power gating': 0.00423643, 'Instruction Fetch Unit/Branch Target Buffer/Runtime Dynamic': 0.0169932, 'Instruction Fetch Unit/Branch Predictor/RAS/Gate Leakage': 4.63858e-05, 'Renaming Unit/Int Front End RAT/Subthreshold Leakage with power gating': 0.00348781, 'Memory Management Unit/Itlb/Gate Leakage': 0.00393464, 'Execution Unit/Instruction Scheduler/FP Instruction Window/Area': 0.328073, 'Load Store Unit/Data Cache/Area': 6.84535, 'Execution Unit/Instruction Scheduler/ROB/Gate Leakage': 0.000856399, 'Instruction Fetch Unit/Branch Predictor/L1_Local Predictor/Subthreshold Leakage with power gating': 0.00198631, 'Instruction Fetch Unit/Branch Predictor/L2_Local Predictor/Gate Leakage': 8.00196e-05, 'Execution Unit/Integer ALUs/Gate Leakage': 0.0265291, 'Instruction Fetch Unit/Branch Predictor/RAS/Runtime Dynamic': 0.000993273, 'Memory Management Unit/Itlb/Peak Dynamic': 0.262889, 'Load Store Unit/Gate Leakage': 0.0351387, 'Instruction Fetch Unit/Branch Target Buffer/Subthreshold Leakage with power gating': 0.0435357, 'Execution Unit/Complex ALUs/Area': 0.235435, 'Instruction Fetch Unit/Branch Predictor/Chooser/Subthreshold Leakage with power gating': 0.0039236, 'Execution Unit/Instruction Scheduler/FP Instruction Window/Peak Dynamic': 1.20978, 'Execution Unit/Register Files/Integer RF/Subthreshold Leakage with power gating': 0.00246675, 'Instruction Fetch Unit/Branch Target Buffer/Gate Leakage': 0.00272758, 'Renaming Unit/FP Front End RAT/Area': 0.168486, 'Renaming Unit/FP Front End RAT/Subthreshold Leakage with power gating': 0.024925, 'L2/Subthreshold Leakage': 0.834142, 'Load Store Unit/Data Cache/Subthreshold Leakage': 0.527675, 'Renaming Unit/Int Front End RAT/Peak Dynamic': 0.86945, 'Execution Unit/Integer ALUs/Subthreshold Leakage': 0.40222, 'Instruction Fetch Unit/Branch Predictor/L2_Local Predictor/Peak Dynamic': 0.00527447, 'Instruction Fetch Unit/Branch Predictor/RAS/Subthreshold Leakage': 0.000932505, 'Instruction Fetch Unit/Instruction Buffer/Area': 0.0226323, 'Instruction Fetch Unit/Instruction Cache/Subthreshold Leakage with power gating': 0.180386, 'Memory Management Unit/Dtlb/Area': 0.0879726, 'Instruction Fetch Unit/Instruction Decoder/Area': 1.85799, 'Execution Unit/Register Files/Peak Dynamic': 0.132455, 'Execution Unit/Instruction Scheduler/Peak Dynamic': 4.84781, 'Load Store Unit/LoadQ/Gate Leakage': 0.00059896, 'Instruction Fetch Unit/Area': 5.86007, 'Execution Unit/Complex ALUs/Subthreshold Leakage with power gating': 0.0754163, 'Execution Unit/Floating Point Units/Runtime Dynamic': 0.423203, 'Renaming Unit/FP Front End RAT/Gate Leakage': 0.00489731, 'Instruction Fetch Unit/Instruction Cache/Runtime Dynamic': 0.219101, 'Memory Management Unit/Itlb/Subthreshold Leakage with power gating': 0.0235842, 'Memory Management Unit/Area': 0.434579, 'Instruction Fetch Unit/Instruction Buffer/Subthreshold Leakage with power gating': 0.000701682, 'Execution Unit/Instruction Scheduler/Instruction Window/Subthreshold Leakage with power gating': 0.0455351, 'Renaming Unit/Area': 0.369768, 'Memory Management Unit/Subthreshold Leakage with power gating': 0.0399462, 'Instruction Fetch Unit/Branch Predictor/Subthreshold Leakage with power gating': 0.0103282, 'Instruction Fetch Unit/Instruction Buffer/Subthreshold Leakage': 0.00151885, 'Instruction Fetch Unit/Branch Predictor/Runtime Dynamic': 0.00649612, 'Instruction Fetch Unit/Branch Predictor/Chooser/Gate Leakage': 0.000278362, 'Execution Unit/Instruction Scheduler/Runtime Dynamic': 0.986152, 'Area': 32.6082, 'Memory Management Unit/Peak Dynamic': 0.517448, 'L2/Runtime Dynamic': 0.00599327, 'Execution Unit/Register Files/Floating Point RF/Subthreshold Leakage with power gating': 0.00176968, 'Execution Unit/Floating Point Units/Subthreshold Leakage': 0.994829, 'Instruction Fetch Unit/Branch Predictor/L1_Local Predictor/Peak Dynamic': 0.0142575, 'Execution Unit/Complex ALUs/Runtime Dynamic': 0.23533, 'Instruction Fetch Unit/Instruction Decoder/Gate Leakage': 0.0222493, 'Instruction Fetch Unit/Branch Predictor/Subthreshold Leakage': 0.0199703, 'Execution Unit/Register Files/Integer RF/Runtime Dynamic': 0.069145, 'Execution Unit/Results Broadcast Bus/Subthreshold Leakage': 0.0920413, 'Load Store Unit/Area': 8.80969, 'Renaming Unit/Subthreshold Leakage': 0.070483, 'Execution Unit/Results Broadcast Bus/Peak Dynamic': 0.207785, 'Load Store Unit/Peak Dynamic': 3.50071, 'Instruction Fetch Unit/Subthreshold Leakage': 0.932587, 'Execution Unit/Instruction Scheduler/ROB/Peak Dynamic': 1.55892, 'Execution Unit/Integer ALUs/Runtime Dynamic': 0.294276, 'Execution Unit/Subthreshold Leakage with power gating': 0.709678, 'Instruction Fetch Unit/Branch Predictor/Global Predictor/Peak Dynamic': 0.0168831, 'Instruction Fetch Unit/Instruction Buffer/Runtime Dynamic': 0.0664709, 'Memory Management Unit/Dtlb/Subthreshold Leakage with power gating': 0.00887485, 'Load Store Unit/Data Cache/Gate Leakage': 0.0279261, 'Renaming Unit/Free List/Area': 0.0414755, 'Load Store Unit/StoreQ/Subthreshold Leakage with power gating': 0.0197004, 'Execution Unit/Results Broadcast Bus/Runtime Dynamic': 0.523277, 'Execution Unit/Register Files/Subthreshold Leakage': 0.0101387, 'Execution Unit/Register Files/Integer RF/Peak Dynamic': 0.0812774, 'Load Store Unit/LoadQ/Runtime Dynamic': 0.0634929, 'Instruction Fetch Unit/Branch Target Buffer/Peak Dynamic': 0.177867, 'Instruction Fetch Unit/Instruction Cache/Peak Dynamic': 4.22812, 'Instruction Fetch Unit/Instruction Decoder/Peak Dynamic': 1.37404, 'Execution Unit/Register Files/Floating Point RF/Runtime Dynamic': 0.00934946, 'Renaming Unit/Subthreshold Leakage with power gating': 0.0362779, 'Execution Unit/Instruction Scheduler/Instruction Window/Area': 1.00996, 'Instruction Fetch Unit/Branch Predictor/Chooser/Area': 0.0435221, 'Memory Management Unit/Itlb/Area': 0.301552, 'Instruction Fetch Unit/Branch Predictor/L1_Local Predictor/Gate Leakage': 0.000154548, 'Instruction Fetch Unit/Branch Predictor/Peak Dynamic': 0.0597838, 'Execution Unit/Register Files/Integer RF/Gate Leakage': 0.00038992, 'Renaming Unit/Free List/Gate Leakage': 4.15911e-05, 'L2/Gate Leakage': 0.015464}, {'Instruction Fetch Unit/Subthreshold Leakage with power gating': 0.408542, 'Execution Unit/Register Files/Floating Point RF/Subthreshold Leakage': 0.00399698, 'Instruction Fetch Unit/Instruction Decoder/Runtime Dynamic': 0.21957, 'Load Store Unit/Data Cache/Subthreshold Leakage with power gating': 0.25085, 'Instruction Fetch Unit/Instruction Cache/Gate Leakage': 0.029931, 'Load Store Unit/Subthreshold Leakage with power gating': 0.283406, 'Execution Unit/Instruction Scheduler/Area': 2.17927, 'Execution Unit/Instruction Scheduler/Instruction Window/Subthreshold Leakage': 0.0800117, 'Execution Unit/Floating Point Units/Gate Leakage': 0.0656156, 'Subthreshold Leakage': 6.21877, 'Renaming Unit/Free List/Runtime Dynamic': 0.0150098, 'Execution Unit/Complex ALUs/Gate Leakage': 0.0132646, 'Memory Management Unit/Gate Leakage': 0.00813591, 'Execution Unit/Instruction Scheduler/Instruction Window/Runtime Dynamic': 0.434352, 'Instruction Fetch Unit/Branch Predictor/Chooser/Subthreshold Leakage': 0.00759719, 'Load Store Unit/LoadQ/Subthreshold Leakage with power gating': 0.00536918, 'Execution Unit/Instruction Scheduler/ROB/Subthreshold Leakage with power gating': 0.00897339, 'Instruction Fetch Unit/Instruction Buffer/Peak Dynamic': 0.606827, 'Execution Unit/Results Broadcast Bus/Subthreshold Leakage with power gating': 0.0345155, 'Instruction Fetch Unit/Instruction Decoder/Subthreshold Leakage': 0.442943, 'Execution Unit/Floating Point Units/Area': 4.6585, 'Execution Unit/Gate Leakage': 0.122718, 'L2/Area': 4.53318, 'Instruction Fetch Unit/Branch Predictor/L2_Local Predictor/Area': 0.0151917, 'Execution Unit/Register Files/Floating Point RF/Area': 0.208131, 'Execution Unit/Instruction Scheduler/Subthreshold Leakage': 0.114878, 'Load Store Unit/Data Cache/Runtime Dynamic': 0.920607, 'Instruction Fetch Unit/Branch Predictor/L2_Local Predictor/Subthreshold Leakage': 0.00181347, 'Memory Management Unit/Dtlb/Subthreshold Leakage': 0.0155699, 'Renaming Unit/FP Front End RAT/Peak Dynamic': 3.33511, 'Execution Unit/Runtime Dynamic': 2.49713, 'Instruction Fetch Unit/Branch Predictor/Global Predictor/Subthreshold Leakage with power gating': 0.0039236, 'Execution Unit/Instruction Scheduler/Instruction Window/Gate Leakage': 0.00529112, 'Renaming Unit/FP Front End RAT/Runtime Dynamic': 0.181462, 'Instruction Fetch Unit/Branch Predictor/Global Predictor/Area': 0.0435221, 'Execution Unit/Instruction Scheduler/FP Instruction Window/Runtime Dynamic': 0.250833, 'Renaming Unit/Peak Dynamic': 4.56169, 'Execution Unit/Integer ALUs/Subthreshold Leakage with power gating': 0.150833, 'L2/Peak Dynamic': 0.0439207, 'Execution Unit/Peak Dynamic': 5.73351, 'Runtime Dynamic': 4.72504, 'L2/Subthreshold Leakage with power gating': 0.401066, 'Execution Unit/Register Files/Integer RF/Area': 0.362673, 'Load Store Unit/StoreQ/Peak Dynamic': 0.152429, 'Instruction Fetch Unit/Branch Predictor/Global Predictor/Runtime Dynamic': 0.00184159, 'Gate Leakage': 0.372997, 'Subthreshold Leakage with power gating': 2.58311, 'Instruction Fetch Unit/Gate Leakage': 0.0590479, 'Execution Unit/Register Files/Runtime Dynamic': 0.0763405, 'Memory Management Unit/Dtlb/Gate Leakage': 0.00088729, 'Execution Unit/Register Files/Gate Leakage': 0.000622708, 'Load Store Unit/LoadQ/Peak Dynamic': 0.0618164, 'Instruction Fetch Unit/Branch Predictor/Chooser/Runtime Dynamic': 0.00184159, 'Load Store Unit/Data Cache/Peak Dynamic': 3.14784, 'Execution Unit/Results Broadcast Bus/Area Overhead': 0.0442632, 'Instruction Fetch Unit/Branch Predictor/L1_Local Predictor/Area': 0.0257064, 'Renaming Unit/Free List/Subthreshold Leakage with power gating': 0.000377987, 'Execution Unit/Instruction Scheduler/ROB/Runtime Dynamic': 0.274409, 'Execution Unit/Instruction Scheduler/FP Instruction Window/Subthreshold Leakage with power gating': 0.00962066, 'Instruction Fetch Unit/Branch Predictor/RAS/Subthreshold Leakage with power gating': 0.000494733, 'Instruction Fetch Unit/Branch Target Buffer/Subthreshold Leakage': 0.0811682, 'Load Store Unit/Runtime Dynamic': 1.28728, 'Execution Unit/Area': 8.2042, 'Execution Unit/Floating Point Units/Subthreshold Leakage with power gating': 0.373061, 'Load Store Unit/StoreQ/Gate Leakage': 0.00329971, 'Instruction Fetch Unit/Branch Predictor/L1_Local Predictor/Subthreshold Leakage': 0.00384344, 'Instruction Fetch Unit/Branch Predictor/L1_Local Predictor/Runtime Dynamic': 0.00163912, 'Renaming Unit/Int Front End RAT/Subthreshold Leakage': 0.00611897, 'Instruction Fetch Unit/Branch Predictor/RAS/Area': 0.0105732, 'Instruction Fetch Unit/Runtime Dynamic': 0.520815, 'Load Store Unit/LoadQ/Area': 0.0836782, 'Load Store Unit/StoreQ/Area': 0.322079, 'Instruction Fetch Unit/Branch Target Buffer/Area': 0.64954, 'Execution Unit/Instruction Scheduler/FP Instruction Window/Gate Leakage': 0.00115349, 'Peak Dynamic': 20.821, 'Renaming Unit/Runtime Dynamic': 0.323264, 'Execution Unit/Register Files/Floating Point RF/Peak Dynamic': 0.0520131, 'Load Store Unit/StoreQ/Runtime Dynamic': 0.304857, 'Memory Management Unit/Itlb/Subthreshold Leakage': 0.0413758, 'Execution Unit/Instruction Scheduler/Subthreshold Leakage with power gating': 0.0641291, 'Memory Management Unit/Subthreshold Leakage': 0.0769113, 'Instruction Fetch Unit/Instruction Cache/Area': 3.14635, 'Execution Unit/Instruction Scheduler/Gate Leakage': 0.00730101, 'Execution Unit/Register Files/Area': 0.570804, 'Execution Unit/Floating Point Units/Peak Dynamic': 0.275316, 'Execution Unit/Instruction Scheduler/FP Instruction Window/Subthreshold Leakage': 0.017004, 'Load Store Unit/StoreQ/Subthreshold Leakage': 0.0345621, 'Renaming Unit/Gate Leakage': 0.00863632, 'Instruction Fetch Unit/Branch Predictor/Chooser/Peak Dynamic': 0.0168831, 'Renaming Unit/Int Front End RAT/Gate Leakage': 0.00038343, 'Execution Unit/Register Files/Integer RF/Subthreshold Leakage': 0.00614175, 'Renaming Unit/Free List/Subthreshold Leakage': 0.000670426, 'Memory Management Unit/Itlb/Runtime Dynamic': 0.0347377, 'Execution Unit/Complex ALUs/Peak Dynamic': 0.0418479, 'Execution Unit/Integer ALUs/Peak Dynamic': 0.205728, 'Memory Management Unit/Runtime Dynamic': 0.0894726, 'Instruction Fetch Unit/Instruction Decoder/Subthreshold Leakage with power gating': 0.166104, 'Memory Management Unit/Dtlb/Runtime Dynamic': 0.0547349, 'Execution Unit/Instruction Scheduler/ROB/Subthreshold Leakage': 0.0178624, 'Instruction Fetch Unit/Branch Predictor/Global Predictor/Gate Leakage': 0.000278362, 'Renaming Unit/FP Front End RAT/Subthreshold Leakage': 0.0437281, 'Instruction Fetch Unit/Instruction Buffer/Gate Leakage': 6.83558e-05, 'Execution Unit/Subthreshold Leakage': 1.83518, 'Execution Unit/Complex ALUs/Subthreshold Leakage': 0.20111, 'Instruction Fetch Unit/Branch Predictor/Gate Leakage': 0.000757657, 'Instruction Fetch Unit/Branch Predictor/RAS/Peak Dynamic': 0.0117602, 'Instruction Fetch Unit/Branch Predictor/L2_Local Predictor/Subthreshold Leakage with power gating': 0.000957045, 'Execution Unit/Results Broadcast Bus/Gate Leakage': 0.00607074, 'Instruction Fetch Unit/Peak Dynamic': 6.53323, 'Instruction Fetch Unit/Branch Predictor/L2_Local Predictor/Runtime Dynamic': 0.000653727, 'Execution Unit/Integer ALUs/Area': 0.47087, 'Execution Unit/Instruction Scheduler/ROB/Area': 0.841232, 'Instruction Fetch Unit/Instruction Cache/Subthreshold Leakage': 0.367022, 'Load Store Unit/LoadQ/Subthreshold Leakage': 0.00941961, 'Instruction Fetch Unit/Branch Predictor/Area': 0.138516, 'Instruction Fetch Unit/Branch Predictor/Global Predictor/Subthreshold Leakage': 0.00759719, 'Renaming Unit/Free List/Peak Dynamic': 0.0401324, 'Renaming Unit/Int Front End RAT/Area': 0.114751, 'Execution Unit/Instruction Scheduler/Instruction Window/Peak Dynamic': 2.07911, 'Execution Unit/Register Files/Floating Point RF/Gate Leakage': 0.000232788, 'Renaming Unit/Int Front End RAT/Runtime Dynamic': 0.126792, 'Load Store Unit/Subthreshold Leakage': 0.591622, 'Memory Management Unit/Dtlb/Peak Dynamic': 0.0540975, 'Execution Unit/Register Files/Subthreshold Leakage with power gating': 0.00423643, 'Instruction Fetch Unit/Branch Target Buffer/Runtime Dynamic': 0.0164029, 'Instruction Fetch Unit/Branch Predictor/RAS/Gate Leakage': 4.63858e-05, 'Renaming Unit/Int Front End RAT/Subthreshold Leakage with power gating': 0.00348781, 'Memory Management Unit/Itlb/Gate Leakage': 0.00393464, 'Execution Unit/Instruction Scheduler/FP Instruction Window/Area': 0.328073, 'Load Store Unit/Data Cache/Area': 6.84535, 'Execution Unit/Instruction Scheduler/ROB/Gate Leakage': 0.000856399, 'Instruction Fetch Unit/Branch Predictor/L1_Local Predictor/Subthreshold Leakage with power gating': 0.00198631, 'Instruction Fetch Unit/Branch Predictor/L2_Local Predictor/Gate Leakage': 8.00196e-05, 'Execution Unit/Integer ALUs/Gate Leakage': 0.0265291, 'Instruction Fetch Unit/Branch Predictor/RAS/Runtime Dynamic': 0.000966017, 'Memory Management Unit/Itlb/Peak Dynamic': 0.255675, 'Load Store Unit/Gate Leakage': 0.0351387, 'Instruction Fetch Unit/Branch Target Buffer/Subthreshold Leakage with power gating': 0.0435357, 'Execution Unit/Complex ALUs/Area': 0.235435, 'Instruction Fetch Unit/Branch Predictor/Chooser/Subthreshold Leakage with power gating': 0.0039236, 'Execution Unit/Instruction Scheduler/FP Instruction Window/Peak Dynamic': 1.20978, 'Execution Unit/Register Files/Integer RF/Subthreshold Leakage with power gating': 0.00246675, 'Instruction Fetch Unit/Branch Target Buffer/Gate Leakage': 0.00272758, 'Renaming Unit/FP Front End RAT/Area': 0.168486, 'Renaming Unit/FP Front End RAT/Subthreshold Leakage with power gating': 0.024925, 'L2/Subthreshold Leakage': 0.834142, 'Load Store Unit/Data Cache/Subthreshold Leakage': 0.527675, 'Renaming Unit/Int Front End RAT/Peak Dynamic': 0.86945, 'Execution Unit/Integer ALUs/Subthreshold Leakage': 0.40222, 'Instruction Fetch Unit/Branch Predictor/L2_Local Predictor/Peak Dynamic': 0.00527447, 'Instruction Fetch Unit/Branch Predictor/RAS/Subthreshold Leakage': 0.000932505, 'Instruction Fetch Unit/Instruction Buffer/Area': 0.0226323, 'Instruction Fetch Unit/Instruction Cache/Subthreshold Leakage with power gating': 0.180386, 'Memory Management Unit/Dtlb/Area': 0.0879726, 'Instruction Fetch Unit/Instruction Decoder/Area': 1.85799, 'Execution Unit/Register Files/Peak Dynamic': 0.131428, 'Execution Unit/Instruction Scheduler/Peak Dynamic': 4.84781, 'Load Store Unit/LoadQ/Gate Leakage': 0.00059896, 'Instruction Fetch Unit/Area': 5.86007, 'Execution Unit/Complex ALUs/Subthreshold Leakage with power gating': 0.0754163, 'Execution Unit/Floating Point Units/Runtime Dynamic': 0.425149, 'Renaming Unit/FP Front End RAT/Gate Leakage': 0.00489731, 'Instruction Fetch Unit/Instruction Cache/Runtime Dynamic': 0.213907, 'Memory Management Unit/Itlb/Subthreshold Leakage with power gating': 0.0235842, 'Memory Management Unit/Area': 0.434579, 'Instruction Fetch Unit/Instruction Buffer/Subthreshold Leakage with power gating': 0.000701682, 'Execution Unit/Instruction Scheduler/Instruction Window/Subthreshold Leakage with power gating': 0.0455351, 'Renaming Unit/Area': 0.369768, 'Memory Management Unit/Subthreshold Leakage with power gating': 0.0399462, 'Instruction Fetch Unit/Branch Predictor/Subthreshold Leakage with power gating': 0.0103282, 'Instruction Fetch Unit/Instruction Buffer/Subthreshold Leakage': 0.00151885, 'Instruction Fetch Unit/Branch Predictor/Runtime Dynamic': 0.00628831, 'Instruction Fetch Unit/Branch Predictor/Chooser/Gate Leakage': 0.000278362, 'Execution Unit/Instruction Scheduler/Runtime Dynamic': 0.959595, 'Area': 32.6082, 'Memory Management Unit/Peak Dynamic': 0.507698, 'L2/Runtime Dynamic': 0.00707555, 'Execution Unit/Register Files/Floating Point RF/Subthreshold Leakage with power gating': 0.00176968, 'Execution Unit/Floating Point Units/Subthreshold Leakage': 0.994829, 'Instruction Fetch Unit/Branch Predictor/L1_Local Predictor/Peak Dynamic': 0.0142575, 'Execution Unit/Complex ALUs/Runtime Dynamic': 0.235558, 'Instruction Fetch Unit/Instruction Decoder/Gate Leakage': 0.0222493, 'Instruction Fetch Unit/Branch Predictor/Subthreshold Leakage': 0.0199703, 'Execution Unit/Register Files/Integer RF/Runtime Dynamic': 0.0672476, 'Execution Unit/Results Broadcast Bus/Subthreshold Leakage': 0.0920413, 'Load Store Unit/Area': 8.80969, 'Renaming Unit/Subthreshold Leakage': 0.070483, 'Execution Unit/Results Broadcast Bus/Peak Dynamic': 0.203363, 'Load Store Unit/Peak Dynamic': 3.44094, 'Instruction Fetch Unit/Subthreshold Leakage': 0.932587, 'Execution Unit/Instruction Scheduler/ROB/Peak Dynamic': 1.55892, 'Execution Unit/Integer ALUs/Runtime Dynamic': 0.287981, 'Execution Unit/Subthreshold Leakage with power gating': 0.709678, 'Instruction Fetch Unit/Branch Predictor/Global Predictor/Peak Dynamic': 0.0168831, 'Instruction Fetch Unit/Instruction Buffer/Runtime Dynamic': 0.0646468, 'Memory Management Unit/Dtlb/Subthreshold Leakage with power gating': 0.00887485, 'Load Store Unit/Data Cache/Gate Leakage': 0.0279261, 'Renaming Unit/Free List/Area': 0.0414755, 'Load Store Unit/StoreQ/Subthreshold Leakage with power gating': 0.0197004, 'Execution Unit/Results Broadcast Bus/Runtime Dynamic': 0.512504, 'Execution Unit/Register Files/Subthreshold Leakage': 0.0101387, 'Execution Unit/Register Files/Integer RF/Peak Dynamic': 0.0794148, 'Load Store Unit/LoadQ/Runtime Dynamic': 0.0618163, 'Instruction Fetch Unit/Branch Target Buffer/Peak Dynamic': 0.177867, 'Instruction Fetch Unit/Instruction Cache/Peak Dynamic': 4.1121, 'Instruction Fetch Unit/Instruction Decoder/Peak Dynamic': 1.37404, 'Execution Unit/Register Files/Floating Point RF/Runtime Dynamic': 0.0090929, 'Renaming Unit/Subthreshold Leakage with power gating': 0.0362779, 'Execution Unit/Instruction Scheduler/Instruction Window/Area': 1.00996, 'Instruction Fetch Unit/Branch Predictor/Chooser/Area': 0.0435221, 'Memory Management Unit/Itlb/Area': 0.301552, 'Instruction Fetch Unit/Branch Predictor/L1_Local Predictor/Gate Leakage': 0.000154548, 'Instruction Fetch Unit/Branch Predictor/Peak Dynamic': 0.0597838, 'Execution Unit/Register Files/Integer RF/Gate Leakage': 0.00038992, 'Renaming Unit/Free List/Gate Leakage': 4.15911e-05, 'L2/Gate Leakage': 0.015464}, {'Instruction Fetch Unit/Subthreshold Leakage with power gating': 0.408542, 'Execution Unit/Register Files/Floating Point RF/Subthreshold Leakage': 0.00399698, 'Instruction Fetch Unit/Instruction Decoder/Runtime Dynamic': 0.218641, 'Load Store Unit/Data Cache/Subthreshold Leakage with power gating': 0.25085, 'Instruction Fetch Unit/Instruction Cache/Gate Leakage': 0.029931, 'Load Store Unit/Subthreshold Leakage with power gating': 0.283406, 'Execution Unit/Instruction Scheduler/Area': 2.17927, 'Execution Unit/Instruction Scheduler/Instruction Window/Subthreshold Leakage': 0.0800117, 'Execution Unit/Floating Point Units/Gate Leakage': 0.0656156, 'Subthreshold Leakage': 6.21877, 'Renaming Unit/Free List/Runtime Dynamic': 0.0150249, 'Execution Unit/Complex ALUs/Gate Leakage': 0.0132646, 'Memory Management Unit/Gate Leakage': 0.00813591, 'Execution Unit/Instruction Scheduler/Instruction Window/Runtime Dynamic': 0.432515, 'Instruction Fetch Unit/Branch Predictor/Chooser/Subthreshold Leakage': 0.00759719, 'Load Store Unit/LoadQ/Subthreshold Leakage with power gating': 0.00536918, 'Execution Unit/Instruction Scheduler/ROB/Subthreshold Leakage with power gating': 0.00897339, 'Instruction Fetch Unit/Instruction Buffer/Peak Dynamic': 0.606827, 'Execution Unit/Results Broadcast Bus/Subthreshold Leakage with power gating': 0.0345155, 'Instruction Fetch Unit/Instruction Decoder/Subthreshold Leakage': 0.442943, 'Execution Unit/Floating Point Units/Area': 4.6585, 'Execution Unit/Gate Leakage': 0.122718, 'L2/Area': 4.53318, 'Instruction Fetch Unit/Branch Predictor/L2_Local Predictor/Area': 0.0151917, 'Execution Unit/Register Files/Floating Point RF/Area': 0.208131, 'Execution Unit/Instruction Scheduler/Subthreshold Leakage': 0.114878, 'Load Store Unit/Data Cache/Runtime Dynamic': 0.917647, 'Instruction Fetch Unit/Branch Predictor/L2_Local Predictor/Subthreshold Leakage': 0.00181347, 'Memory Management Unit/Dtlb/Subthreshold Leakage': 0.0155699, 'Renaming Unit/FP Front End RAT/Peak Dynamic': 3.33511, 'Execution Unit/Runtime Dynamic': 2.49621, 'Instruction Fetch Unit/Branch Predictor/Global Predictor/Subthreshold Leakage with power gating': 0.0039236, 'Execution Unit/Instruction Scheduler/Instruction Window/Gate Leakage': 0.00529112, 'Renaming Unit/FP Front End RAT/Runtime Dynamic': 0.187226, 'Instruction Fetch Unit/Branch Predictor/Global Predictor/Area': 0.0435221, 'Execution Unit/Instruction Scheduler/FP Instruction Window/Runtime Dynamic': 0.249772, 'Renaming Unit/Peak Dynamic': 4.56169, 'Execution Unit/Integer ALUs/Subthreshold Leakage with power gating': 0.150833, 'L2/Peak Dynamic': 0.0488827, 'Execution Unit/Peak Dynamic': 5.74322, 'Runtime Dynamic': 4.72583, 'L2/Subthreshold Leakage with power gating': 0.401066, 'Execution Unit/Register Files/Integer RF/Area': 0.362673, 'Load Store Unit/StoreQ/Peak Dynamic': 0.151934, 'Instruction Fetch Unit/Branch Predictor/Global Predictor/Runtime Dynamic': 0.00181839, 'Gate Leakage': 0.372997, 'Subthreshold Leakage with power gating': 2.58311, 'Instruction Fetch Unit/Gate Leakage': 0.0590479, 'Execution Unit/Register Files/Runtime Dynamic': 0.0760175, 'Memory Management Unit/Dtlb/Gate Leakage': 0.00088729, 'Execution Unit/Register Files/Gate Leakage': 0.000622708, 'Load Store Unit/LoadQ/Peak Dynamic': 0.0616156, 'Instruction Fetch Unit/Branch Predictor/Chooser/Runtime Dynamic': 0.00181839, 'Load Store Unit/Data Cache/Peak Dynamic': 3.14164, 'Execution Unit/Results Broadcast Bus/Area Overhead': 0.0442632, 'Instruction Fetch Unit/Branch Predictor/L1_Local Predictor/Area': 0.0257064, 'Renaming Unit/Free List/Subthreshold Leakage with power gating': 0.000377987, 'Execution Unit/Instruction Scheduler/ROB/Runtime Dynamic': 0.273255, 'Execution Unit/Instruction Scheduler/FP Instruction Window/Subthreshold Leakage with power gating': 0.00962066, 'Instruction Fetch Unit/Branch Predictor/RAS/Subthreshold Leakage with power gating': 0.000494733, 'Instruction Fetch Unit/Branch Target Buffer/Subthreshold Leakage': 0.0811682, 'Load Store Unit/Runtime Dynamic': 1.28313, 'Execution Unit/Area': 8.2042, 'Execution Unit/Floating Point Units/Subthreshold Leakage with power gating': 0.373061, 'Load Store Unit/StoreQ/Gate Leakage': 0.00329971, 'Instruction Fetch Unit/Branch Predictor/L1_Local Predictor/Subthreshold Leakage': 0.00384344, 'Instruction Fetch Unit/Branch Predictor/L1_Local Predictor/Runtime Dynamic': 0.00161926, 'Renaming Unit/Int Front End RAT/Subthreshold Leakage': 0.00611897, 'Instruction Fetch Unit/Branch Predictor/RAS/Area': 0.0105732, 'Instruction Fetch Unit/Runtime Dynamic': 0.520243, 'Load Store Unit/LoadQ/Area': 0.0836782, 'Load Store Unit/StoreQ/Area': 0.322079, 'Instruction Fetch Unit/Branch Target Buffer/Area': 0.64954, 'Execution Unit/Instruction Scheduler/FP Instruction Window/Gate Leakage': 0.00115349, 'Peak Dynamic': 20.8089, 'Renaming Unit/Runtime Dynamic': 0.328326, 'Execution Unit/Register Files/Floating Point RF/Peak Dynamic': 0.0536655, 'Load Store Unit/StoreQ/Runtime Dynamic': 0.303868, 'Memory Management Unit/Itlb/Subthreshold Leakage': 0.0413758, 'Execution Unit/Instruction Scheduler/Subthreshold Leakage with power gating': 0.0641291, 'Memory Management Unit/Subthreshold Leakage': 0.0769113, 'Instruction Fetch Unit/Instruction Cache/Area': 3.14635, 'Execution Unit/Instruction Scheduler/Gate Leakage': 0.00730101, 'Execution Unit/Register Files/Area': 0.570804, 'Execution Unit/Floating Point Units/Peak Dynamic': 0.284062, 'Execution Unit/Instruction Scheduler/FP Instruction Window/Subthreshold Leakage': 0.017004, 'Load Store Unit/StoreQ/Subthreshold Leakage': 0.0345621, 'Renaming Unit/Gate Leakage': 0.00863632, 'Instruction Fetch Unit/Branch Predictor/Chooser/Peak Dynamic': 0.0168831, 'Renaming Unit/Int Front End RAT/Gate Leakage': 0.00038343, 'Execution Unit/Register Files/Integer RF/Subthreshold Leakage': 0.00614175, 'Renaming Unit/Free List/Subthreshold Leakage': 0.000670426, 'Memory Management Unit/Itlb/Runtime Dynamic': 0.0349145, 'Execution Unit/Complex ALUs/Peak Dynamic': 0.0431156, 'Execution Unit/Integer ALUs/Peak Dynamic': 0.203338, 'Memory Management Unit/Runtime Dynamic': 0.08955, 'Instruction Fetch Unit/Instruction Decoder/Subthreshold Leakage with power gating': 0.166104, 'Memory Management Unit/Dtlb/Runtime Dynamic': 0.0546355, 'Execution Unit/Instruction Scheduler/ROB/Subthreshold Leakage': 0.0178624, 'Instruction Fetch Unit/Branch Predictor/Global Predictor/Gate Leakage': 0.000278362, 'Renaming Unit/FP Front End RAT/Subthreshold Leakage': 0.0437281, 'Instruction Fetch Unit/Instruction Buffer/Gate Leakage': 6.83558e-05, 'Execution Unit/Subthreshold Leakage': 1.83518, 'Execution Unit/Complex ALUs/Subthreshold Leakage': 0.20111, 'Instruction Fetch Unit/Branch Predictor/Gate Leakage': 0.000757657, 'Instruction Fetch Unit/Branch Predictor/RAS/Peak Dynamic': 0.0117602, 'Instruction Fetch Unit/Branch Predictor/L2_Local Predictor/Subthreshold Leakage with power gating': 0.000957045, 'Execution Unit/Results Broadcast Bus/Gate Leakage': 0.00607074, 'Instruction Fetch Unit/Peak Dynamic': 6.51497, 'Instruction Fetch Unit/Branch Predictor/L2_Local Predictor/Runtime Dynamic': 0.000646228, 'Execution Unit/Integer ALUs/Area': 0.47087, 'Execution Unit/Instruction Scheduler/ROB/Area': 0.841232, 'Instruction Fetch Unit/Instruction Cache/Subthreshold Leakage': 0.367022, 'Load Store Unit/LoadQ/Subthreshold Leakage': 0.00941961, 'Instruction Fetch Unit/Branch Predictor/Area': 0.138516, 'Instruction Fetch Unit/Branch Predictor/Global Predictor/Subthreshold Leakage': 0.00759719, 'Renaming Unit/Free List/Peak Dynamic': 0.0401324, 'Renaming Unit/Int Front End RAT/Area': 0.114751, 'Execution Unit/Instruction Scheduler/Instruction Window/Peak Dynamic': 2.07911, 'Execution Unit/Register Files/Floating Point RF/Gate Leakage': 0.000232788, 'Renaming Unit/Int Front End RAT/Runtime Dynamic': 0.126075, 'Load Store Unit/Subthreshold Leakage': 0.591622, 'Memory Management Unit/Dtlb/Peak Dynamic': 0.0539218, 'Execution Unit/Register Files/Subthreshold Leakage with power gating': 0.00423643, 'Instruction Fetch Unit/Branch Target Buffer/Runtime Dynamic': 0.0161682, 'Instruction Fetch Unit/Branch Predictor/RAS/Gate Leakage': 4.63858e-05, 'Renaming Unit/Int Front End RAT/Subthreshold Leakage with power gating': 0.00348781, 'Memory Management Unit/Itlb/Gate Leakage': 0.00393464, 'Execution Unit/Instruction Scheduler/FP Instruction Window/Area': 0.328073, 'Load Store Unit/Data Cache/Area': 6.84535, 'Execution Unit/Instruction Scheduler/ROB/Gate Leakage': 0.000856399, 'Instruction Fetch Unit/Branch Predictor/L1_Local Predictor/Subthreshold Leakage with power gating': 0.00198631, 'Instruction Fetch Unit/Branch Predictor/L2_Local Predictor/Gate Leakage': 8.00196e-05, 'Execution Unit/Integer ALUs/Gate Leakage': 0.0265291, 'Instruction Fetch Unit/Branch Predictor/RAS/Runtime Dynamic': 0.00096193, 'Memory Management Unit/Itlb/Peak Dynamic': 0.254593, 'Load Store Unit/Gate Leakage': 0.0351387, 'Instruction Fetch Unit/Branch Target Buffer/Subthreshold Leakage with power gating': 0.0435357, 'Execution Unit/Complex ALUs/Area': 0.235435, 'Instruction Fetch Unit/Branch Predictor/Chooser/Subthreshold Leakage with power gating': 0.0039236, 'Execution Unit/Instruction Scheduler/FP Instruction Window/Peak Dynamic': 1.20978, 'Execution Unit/Register Files/Integer RF/Subthreshold Leakage with power gating': 0.00246675, 'Instruction Fetch Unit/Branch Target Buffer/Gate Leakage': 0.00272758, 'Renaming Unit/FP Front End RAT/Area': 0.168486, 'Renaming Unit/FP Front End RAT/Subthreshold Leakage with power gating': 0.024925, 'L2/Subthreshold Leakage': 0.834142, 'Load Store Unit/Data Cache/Subthreshold Leakage': 0.527675, 'Renaming Unit/Int Front End RAT/Peak Dynamic': 0.86945, 'Execution Unit/Integer ALUs/Subthreshold Leakage': 0.40222, 'Instruction Fetch Unit/Branch Predictor/L2_Local Predictor/Peak Dynamic': 0.00527447, 'Instruction Fetch Unit/Branch Predictor/RAS/Subthreshold Leakage': 0.000932505, 'Instruction Fetch Unit/Instruction Buffer/Area': 0.0226323, 'Instruction Fetch Unit/Instruction Cache/Subthreshold Leakage with power gating': 0.180386, 'Memory Management Unit/Dtlb/Area': 0.0879726, 'Instruction Fetch Unit/Instruction Decoder/Area': 1.85799, 'Execution Unit/Register Files/Peak Dynamic': 0.133199, 'Execution Unit/Instruction Scheduler/Peak Dynamic': 4.84781, 'Load Store Unit/LoadQ/Gate Leakage': 0.00059896, 'Instruction Fetch Unit/Area': 5.86007, 'Execution Unit/Complex ALUs/Subthreshold Leakage with power gating': 0.0754163, 'Execution Unit/Floating Point Units/Runtime Dynamic': 0.428996, 'Renaming Unit/FP Front End RAT/Gate Leakage': 0.00489731, 'Instruction Fetch Unit/Instruction Cache/Runtime Dynamic': 0.214843, 'Memory Management Unit/Itlb/Subthreshold Leakage with power gating': 0.0235842, 'Memory Management Unit/Area': 0.434579, 'Instruction Fetch Unit/Instruction Buffer/Subthreshold Leakage with power gating': 0.000701682, 'Execution Unit/Instruction Scheduler/Instruction Window/Subthreshold Leakage with power gating': 0.0455351, 'Renaming Unit/Area': 0.369768, 'Memory Management Unit/Subthreshold Leakage with power gating': 0.0399462, 'Instruction Fetch Unit/Branch Predictor/Subthreshold Leakage with power gating': 0.0103282, 'Instruction Fetch Unit/Instruction Buffer/Subthreshold Leakage': 0.00151885, 'Instruction Fetch Unit/Branch Predictor/Runtime Dynamic': 0.00621797, 'Instruction Fetch Unit/Branch Predictor/Chooser/Gate Leakage': 0.000278362, 'Execution Unit/Instruction Scheduler/Runtime Dynamic': 0.955541, 'Area': 32.6082, 'Memory Management Unit/Peak Dynamic': 0.506312, 'L2/Runtime Dynamic': 0.00837115, 'Execution Unit/Register Files/Floating Point RF/Subthreshold Leakage with power gating': 0.00176968, 'Execution Unit/Floating Point Units/Subthreshold Leakage': 0.994829, 'Instruction Fetch Unit/Branch Predictor/L1_Local Predictor/Peak Dynamic': 0.0142575, 'Execution Unit/Complex ALUs/Runtime Dynamic': 0.236553, 'Instruction Fetch Unit/Instruction Decoder/Gate Leakage': 0.0222493, 'Instruction Fetch Unit/Branch Predictor/Subthreshold Leakage': 0.0199703, 'Execution Unit/Register Files/Integer RF/Runtime Dynamic': 0.0669631, 'Execution Unit/Results Broadcast Bus/Subthreshold Leakage': 0.0920413, 'Load Store Unit/Area': 8.80969, 'Renaming Unit/Subthreshold Leakage': 0.070483, 'Execution Unit/Results Broadcast Bus/Peak Dynamic': 0.203998, 'Load Store Unit/Peak Dynamic': 3.43378, 'Instruction Fetch Unit/Subthreshold Leakage': 0.932587, 'Execution Unit/Instruction Scheduler/ROB/Peak Dynamic': 1.55892, 'Execution Unit/Integer ALUs/Runtime Dynamic': 0.286089, 'Execution Unit/Subthreshold Leakage with power gating': 0.709678, 'Instruction Fetch Unit/Branch Predictor/Global Predictor/Peak Dynamic': 0.0168831, 'Instruction Fetch Unit/Instruction Buffer/Runtime Dynamic': 0.0643733, 'Memory Management Unit/Dtlb/Subthreshold Leakage with power gating': 0.00887485, 'Load Store Unit/Data Cache/Gate Leakage': 0.0279261, 'Renaming Unit/Free List/Area': 0.0414755, 'Load Store Unit/StoreQ/Subthreshold Leakage with power gating': 0.0197004, 'Execution Unit/Results Broadcast Bus/Runtime Dynamic': 0.513012, 'Execution Unit/Register Files/Subthreshold Leakage': 0.0101387, 'Execution Unit/Register Files/Integer RF/Peak Dynamic': 0.0795339, 'Load Store Unit/LoadQ/Runtime Dynamic': 0.0616157, 'Instruction Fetch Unit/Branch Target Buffer/Peak Dynamic': 0.177867, 'Instruction Fetch Unit/Instruction Cache/Peak Dynamic': 4.09469, 'Instruction Fetch Unit/Instruction Decoder/Peak Dynamic': 1.37404, 'Execution Unit/Register Files/Floating Point RF/Runtime Dynamic': 0.00905443, 'Renaming Unit/Subthreshold Leakage with power gating': 0.0362779, 'Execution Unit/Instruction Scheduler/Instruction Window/Area': 1.00996, 'Instruction Fetch Unit/Branch Predictor/Chooser/Area': 0.0435221, 'Memory Management Unit/Itlb/Area': 0.301552, 'Instruction Fetch Unit/Branch Predictor/L1_Local Predictor/Gate Leakage': 0.000154548, 'Instruction Fetch Unit/Branch Predictor/Peak Dynamic': 0.0597838, 'Execution Unit/Register Files/Integer RF/Gate Leakage': 0.00038992, 'Renaming Unit/Free List/Gate Leakage': 4.15911e-05, 'L2/Gate Leakage': 0.015464}
power.DRAM.Area = 0
power.DRAM.Gate Leakage = 0
power.DRAM.Peak Dynamic = 0.393071926157
power.DRAM.Runtime Dynamic = 0.393071926157
power.DRAM.Subthreshold Leakage = 4.252
power.DRAM.Subthreshold Leakage with power gating = 4.252
power.L3 = {'Runtime Dynamic': 0.0539323, 'Area': 61.9075, 'Peak Dynamic': 0.0988146, 'Gate Leakage': 0.0484137, 'Subthreshold Leakage': 6.80085, 'Subthreshold Leakage with power gating': 3.32364}
power.Processor.Area = 193.678
power.Processor.Gate Leakage = 1.54706
power.Processor.Peak Dynamic = 83.5817
power.Processor.Peak Power = 116.874
power.Processor.Runtime Dynamic = 19.0626
power.Processor.Subthreshold Leakage = 31.7454
power.Processor.Subthreshold Leakage with power gating = 14.035
power.Processor.Total Cores/Area = 130.433
power.Processor.Total Cores/Gate Leakage = 1.49199
power.Processor.Total Cores/Peak Dynamic = 83.4828
power.Processor.Total Cores/Runtime Dynamic = 19.0086
power.Processor.Total Cores/Subthreshold Leakage = 24.8751
power.Processor.Total Cores/Subthreshold Leakage with power gating = 10.3324
power.Processor.Total L3s/Area = 61.9075
power.Processor.Total L3s/Gate Leakage = 0.0484137
power.Processor.Total L3s/Peak Dynamic = 0.0988146
power.Processor.Total L3s/Runtime Dynamic = 0.0539323
power.Processor.Total L3s/Subthreshold Leakage = 6.80085
power.Processor.Total L3s/Subthreshold Leakage with power gating = 3.32364
power.Processor.Total Leakage = 33.2925
power.Processor.Total NoCs/Area = 1.3377
power.Processor.Total NoCs/Gate Leakage = 0.00666015
power.Processor.Total NoCs/Peak Dynamic = 0.0
power.Processor.Total NoCs/Runtime Dynamic = 0.0
power.Processor.Total NoCs/Subthreshold Leakage = 0.0694515
power.Processor.Total NoCs/Subthreshold Leakage with power gating = 0.0260443
pthread.pthread_barrier_wait_count = 0, 0, 0, 0
pthread.pthread_barrier_wait_delay_mem = 0, 0, 0, 0
pthread.pthread_barrier_wait_delay_sync = 0, 0, 0, 0
pthread.pthread_cond_broadcast_count = 0, 0, 0, 0
pthread.pthread_cond_broadcast_delay_mem = 0, 0, 0, 0
pthread.pthread_cond_broadcast_delay_sync = 0, 0, 0, 0
pthread.pthread_cond_signal_count = 0, 0, 0, 0
pthread.pthread_cond_signal_delay_mem = 0, 0, 0, 0
pthread.pthread_cond_signal_delay_sync = 0, 0, 0, 0
pthread.pthread_cond_wait_count = 0, 0, 0, 0
pthread.pthread_cond_wait_delay_mem = 0, 0, 0, 0
pthread.pthread_cond_wait_delay_sync = 0, 0, 0, 0
pthread.pthread_mutex_lock_contended = 0, 0, 0, 0
pthread.pthread_mutex_lock_count = 0, 0, 0, 0
pthread.pthread_mutex_lock_delay_mem = 0, 0, 0, 0
pthread.pthread_mutex_lock_delay_sync = 0, 0, 0, 0
pthread.pthread_mutex_trylock_count = 0, 0, 0, 0
pthread.pthread_mutex_trylock_delay_mem = 0, 0, 0, 0
pthread.pthread_mutex_trylock_delay_sync = 0, 0, 0, 0
pthread.pthread_mutex_unlock_contended = 0, 0, 0, 0
pthread.pthread_mutex_unlock_count = 0, 0, 0, 0
pthread.pthread_mutex_unlock_delay_mem = 0, 0, 0, 0
pthread.pthread_mutex_unlock_delay_sync = 0, 0, 0, 0
pthread_locks_contended = 0.0
roi.instrs = 483164570
roi.ipscore = 39068.5209742
roi.ipstotal = 156274.083897
roi.walltime = 3091.776691
stlb.access = 291094, 246935, 272243, 293186
stlb.miss = 41412, 42219, 47791, 46774
stlb_cache.access-mru-0 = 28666, 26951, 28061, 27066
stlb_cache.access-mru-1 = 131335, 104386, 109538, 119422
stlb_cache.access-mru-2 = 44317, 35834, 43632, 48621
stlb_cache.access-mru-3 = 45364, 37545, 43221, 51303
syscall.stderr-bytes = 0, 0, 0, 0
syscall.stdout-bytes = 0, 0, 0, 0
thread.bottle_contrib_time = 17663290208448, 17646886823257, 17648216774956, 17649422697550
thread.bottle_runtime_time = 70349212533330, 70309286685776, 70319845299356, 70332521543691
thread.elapsed_time = 70607816506843, 70596519194133, 70597122579618, 70582466565159
thread.instruction_count = 120129678, 123438954, 120051657, 119543710
thread.instructions_by_core[0] = 120129678, 0, 0, 0
thread.instructions_by_core[1] = 0, 123438954, 0, 0
thread.instructions_by_core[2] = 0, 0, 120051657, 0
thread.instructions_by_core[3] = 0, 0, 0, 119543710
thread.nonidle_cycle_count = 186571491, 186469748, 186531772, 186588667
thread.nonidle_elapsed_time = 70139658401307, 70101409239630, 70124726480166, 70146115529571
thread.time_by_core[0] = 70139658401307, 0, 0, 0
thread.time_by_core[1] = 0, 70101409239630, 0, 0
thread.time_by_core[2] = 0, 0, 70124726480166, 0
thread.time_by_core[3] = 0, 0, 0, 70146115529571
thread.unscheduled_time = 261875027792, 294169700688, 282505468455, 252415324455
thread.waiting_cost = 82942105516, 82356143749, 84874586223, 95879462717
time.walltime = 3091776691, 0, 0, 0
vmem = 658993152
walltime = 3512.87197995
