barrier.global_time = 40167209581323, 0, 0, 0
barrier.global_time_begin = 158190701327504, 0, 0, 0
barrier.global_time_end = 198357910908827, 0, 0, 0
branch_predictor.num-correct = 15373144, 10697436, 16283522, 5698991
branch_predictor.num-incorrect = 902920, 877703, 828061, 1011179
bus-queue.no-free-slots = 0, 0, 0, 0
bus-queue.num-barriers = 0, 0, 0, 0
bus-queue.num-requests = 0, 0, 0, 0
bus-queue.requests-out-of-order = 0, 0, 0, 0
bus-queue.requests-simultaneous = 0, 0, 0, 0
bus-queue.total-barrier-delay = 0, 0, 0, 0
bus-queue.total-delay = 0, 0, 0, 0
core.bbv-0 = 3565222515777, 3769935200446, 3385977321587, 3977081993090
core.bbv-1 = 5944670049508, 6351827727173, 5510984631603, 5391230374311
core.bbv-10 = 7010999063382, 7348225984119, 6329214594155, 6845320714845
core.bbv-11 = 5765972915249, 6029619791318, 5835816920875, 6135881057674
core.bbv-12 = 4004672831807, 4150341748888, 3810223767503, 3426351233936
core.bbv-13 = 6118406635646, 6488029109771, 5802003858319, 5738465872825
core.bbv-14 = 7067648425917, 6082177921918, 6993909401423, 5602235702242
core.bbv-15 = 4025364168444, 4619194222833, 3749548559119, 4310497061899
core.bbv-2 = 4980991546759, 5478373713356, 4574060761587, 4614578170828
core.bbv-3 = 8213273794090, 7859066722387, 7953493892787, 7493733434865
core.bbv-4 = 7623871279464, 7008615905701, 7231141776823, 6186082517927
core.bbv-5 = 8054506219727, 7430270273312, 7643448032119, 6558467187560
core.bbv-6 = 7378063138870, 7152061830299, 6840988363063, 6750104355625
core.bbv-7 = 7811711686557, 7541887525398, 7271096948471, 7095071384298
core.bbv-8 = 5282107724192, 4701464283065, 5495469537003, 4176204071939
core.bbv-9 = 3366589969019, 2910045079320, 3592268050859, 2728524115760
core.instructions = 183195983, 177419331, 179406784, 163303321
core.spin_elapsed_time = 0, 0, 0, 0
core.spin_instructions = 0, 0, 0, 0
core.spin_loops = 0, 0, 0, 0
corefreq = 2660000000.0, 2660000000.0, 2660000000.0, 2660000000.0
directory.entries-allocated = 0, 0, 0, 0
directory.evict-E = 0, 0, 0, 0
directory.evict-M = 0, 0, 0, 0
directory.evict-O = 0, 0, 0, 0
directory.evict-S = 0, 0, 0, 0
directory.forward = 0, 0, 0, 0
directory.forward-failed = 0, 0, 0, 0
dram-queue.num-requests = 869958, 0, 0, 0
dram-queue.num-requests-analytical = 0, 0, 0, 0
dram-queue.total-queue-delay = 17971611951355998, 0, 0, 0
dram-queue.total-time-used = 7333116090408, 0, 0, 0
dram.reads = 471990, 0, 0, 0
dram.total-access-latency = 18018093177446406, 0, 0, 0
dram.total-queueing-delay = 17971611951355998, 0, 0, 0
dram.writes = 397968, 0, 0, 0
dtlb.access = 63193277, 62105316, 63547409, 58686187
dtlb.miss = 19499, 17185, 18872, 19090
dtlb_cache.access-mru-0 = 60123226, 59344597, 60879981, 55837387
dtlb_cache.access-mru-1 = 2932046, 2669005, 2560423, 2743342
dtlb_cache.access-mru-2 = 104883, 64693, 74083, 74367
dtlb_cache.access-mru-3 = 13623, 9836, 14050, 12001
fastforward_performance_model.fastforwarded_time = 0, 0, 0, 0
fastforward_timer.cpiBase = 0, 0, 0, 0
fastforward_timer.cpiBranchPredictor = 0, 0, 0, 0
fastforward_timer.cpiDataCachecache-remote = 0, 0, 0, 0
fastforward_timer.cpiDataCachedram = 0, 0, 0, 0
fastforward_timer.cpiDataCachedram-cache = 0, 0, 0, 0
fastforward_timer.cpiDataCachedram-local = 0, 0, 0, 0
fastforward_timer.cpiDataCachedram-remote = 0, 0, 0, 0
fastforward_timer.cpiDataCacheL1 = 0, 0, 0, 0
fastforward_timer.cpiDataCacheL1_S = 0, 0, 0, 0
fastforward_timer.cpiDataCacheL1I = 0, 0, 0, 0
fastforward_timer.cpiDataCacheL2 = 0, 0, 0, 0
fastforward_timer.cpiDataCacheL2_S = 0, 0, 0, 0
fastforward_timer.cpiDataCacheL3 = 0, 0, 0, 0
fastforward_timer.cpiDataCacheL3_S = 0, 0, 0, 0
fastforward_timer.cpiDataCacheL4 = 0, 0, 0, 0
fastforward_timer.cpiDataCacheL4_S = 0, 0, 0, 0
fastforward_timer.cpiDataCachemiss = 0, 0, 0, 0
fastforward_timer.cpiDataCachenuca-cache = 0, 0, 0, 0
fastforward_timer.cpiDataCachepredicate-false = 0, 0, 0, 0
fastforward_timer.cpiDataCacheprefetch-no-mapping = 0, 0, 0, 0
fastforward_timer.cpiDataCacheunknown = 0, 0, 0, 0
fs_to_cycles = 2.66e-06
fs_to_cycles_cores = 2.66e-06, 2.66e-06, 2.66e-06, 2.66e-06
futex.futex_cmp_requeue_count = 1, 2, 0, 1
futex.futex_cmp_requeue_delay = 0, 0, 0, 0
futex.futex_cmp_requeue_pi_count = 0, 0, 0, 0
futex.futex_cmp_requeue_pi_delay = 0, 0, 0, 0
futex.futex_fd_count = 0, 0, 0, 0
futex.futex_fd_delay = 0, 0, 0, 0
futex.futex_lock_pi_count = 0, 0, 0, 0
futex.futex_lock_pi_delay = 0, 0, 0, 0
futex.futex_requeue_count = 0, 0, 0, 0
futex.futex_requeue_delay = 0, 0, 0, 0
futex.futex_trylock_pi_count = 0, 0, 0, 0
futex.futex_trylock_pi_delay = 0, 0, 0, 0
futex.futex_unlock_pi_count = 0, 0, 0, 0
futex.futex_unlock_pi_delay = 0, 0, 0, 0
futex.futex_wait_bitset_count = 0, 0, 0, 0
futex.futex_wait_bitset_delay = 0, 0, 0, 0
futex.futex_wait_count = 12, 10, 15, 10
futex.futex_wait_delay = 62066428203, 187160128193, 233738965773, 84235546513
futex.futex_wait_requeue_pi_count = 0, 0, 0, 0
futex.futex_wait_requeue_pi_delay = 0, 0, 0, 0
futex.futex_wake_bitset_count = 0, 0, 0, 0
futex.futex_wake_bitset_delay = 0, 0, 0, 0
futex.futex_wake_count = 16, 11, 20, 13
futex.futex_wake_delay = 6000000000, 5000000000, 9000000000, 7000000000
futex.futex_wake_op_count = 0, 0, 0, 0
futex.futex_wake_op_delay = 0, 0, 0, 0
global.time = 40167209581323
global.time_begin = 158190701327504
global.time_end = 198357910908827
interval_timer.cpContr_branch = 4237713741372, 3819680148853, 4194207778233, 3753333059665
interval_timer.cpContr_fp_addsub = 23235145714559, 24279796055043, 21874486233818, 23831459969439
interval_timer.cpContr_fp_muldiv = 4364557743288, 4955883925145, 4010533744882, 5438953338169
interval_timer.cpContr_generic = 3940102786802, 3719154419292, 4033282304467, 3599593422196
interval_timer.cpContr_load_l1 = 12745219937503, 12622508864622, 11940991835432, 12950223075097
interval_timer.cpContr_load_l2 = 557973210625, 564194789023, 593877641207, 653483649829
interval_timer.cpContr_load_l3 = 46669245, 4281616, 35649894, 0
interval_timer.cpContr_load_other = 0, 0, 0, 0
interval_timer.cpContr_port0 = 4458123759416, 4429219490535, 3758677295537, 3927950426711
interval_timer.cpContr_port015 = 348228217790, 399297929842, 358556187974, 548902077779
interval_timer.cpContr_port05 = 0, 0, 0, 0
interval_timer.cpContr_port1 = 2747251056937, 2739146703647, 2311318197547, 2431077472561
interval_timer.cpContr_port2 = 8730351867723, 7416154114837, 10489359394913, 5784286401629
interval_timer.cpContr_port34 = 437762773687, 159034947995, 265752461603, 447530082054
interval_timer.cpContr_port5 = 2265422864298, 1312719845330, 2510949729657, 228477502040
interval_timer.cpContr_store = 6274237670529, 6561518397770, 6096443432348, 6818458525691
interval_timer.cpiBase = 27953637200577, 27441631590795, 27237071526786, 26478136775817
interval_timer.cpiBranchPredictor = 4968836890704, 5687044666047, 5515540542369, 7381560009366
interval_timer.cpiDataCachecache-remote = 0, 0, 0, 0
interval_timer.cpiDataCachedram = 0, 0, 0, 0
interval_timer.cpiDataCachedram-cache = 0, 0, 0, 0
interval_timer.cpiDataCachedram-local = 4112729051076, 5313105285588, 4673958985701, 4347366490719
interval_timer.cpiDataCachedram-remote = 0, 0, 0, 0
interval_timer.cpiDataCacheL1 = 64661508, 65413386, 12781926, 13533804
interval_timer.cpiDataCacheL1_S = 0, 0, 0, 0
interval_timer.cpiDataCacheL1I = 0, 0, 0, 0
interval_timer.cpiDataCacheL2 = 1004133069, 1363906692, 967666986, 1340974413
interval_timer.cpiDataCacheL2_S = 0, 0, 0, 0
interval_timer.cpiDataCacheL3 = 1156037988852, 1027162716201, 927942639687, 1218658524021
interval_timer.cpiDataCacheL3_S = 915982516341, 318983865561, 898350225363, 356307089481
interval_timer.cpiDataCacheL4 = 0, 0, 0, 0
interval_timer.cpiDataCacheL4_S = 0, 0, 0, 0
interval_timer.cpiDataCachemiss = 0, 0, 0, 0
interval_timer.cpiDataCachenuca-cache = 0, 0, 0, 0
interval_timer.cpiDataCachepredicate-false = 0, 0, 0, 0
interval_timer.cpiDataCacheprefetch-no-mapping = 0, 0, 0, 0
interval_timer.cpiDataCacheunknown = 0, 0, 0, 0
interval_timer.cpiInstructionCachecache-remote = 0, 0, 0, 0
interval_timer.cpiInstructionCachedram = 0, 0, 0, 0
interval_timer.cpiInstructionCachedram-cache = 0, 0, 0, 0
interval_timer.cpiInstructionCachedram-local = 868016459331, 11112756840, 512498465811, 105461039853
interval_timer.cpiInstructionCachedram-remote = 0, 0, 0, 0
interval_timer.cpiInstructionCacheL1 = 0, 0, 0, 0
interval_timer.cpiInstructionCacheL1_S = 0, 0, 0, 0
interval_timer.cpiInstructionCacheL1I = 0, 0, 0, 0
interval_timer.cpiInstructionCacheL2 = 0, 6766902, 6766902, 3383451
interval_timer.cpiInstructionCacheL2_S = 0, 0, 0, 0
interval_timer.cpiInstructionCacheL3 = 121872656898, 156148519284, 140044044402, 166613157288
interval_timer.cpiInstructionCacheL3_S = 0, 0, 0, 0
interval_timer.cpiInstructionCacheL4 = 0, 0, 0, 0
interval_timer.cpiInstructionCacheL4_S = 0, 0, 0, 0
interval_timer.cpiInstructionCachemiss = 0, 0, 0, 0
interval_timer.cpiInstructionCachenuca-cache = 0, 0, 0, 0
interval_timer.cpiInstructionCachepredicate-false = 0, 0, 0, 0
interval_timer.cpiInstructionCacheprefetch-no-mapping = 0, 0, 0, 0
interval_timer.cpiInstructionCacheunknown = 0, 0, 0, 0
interval_timer.cpiLongLatency = 619547472, 862780005, 406014120, 1072553967
interval_timer.cpiSerialization = 3007512, 0, 0, 0
interval_timer.detailed-cpiBase-BranchMispredict = 0, 0, 0, 0
interval_timer.detailed-cpiBase-DispatchRate = 63485900, 61462701, 63001816, 59190896
interval_timer.detailed-cpiBase-DispatchRate+BranchMispredict = 0, 0, 0, 0
interval_timer.detailed-cpiBase-DispatchRate+ICacheMiss = 0, 0, 0, 0
interval_timer.detailed-cpiBase-DispatchRate+ICacheMiss+BranchMispredict = 0, 0, 0, 0
interval_timer.detailed-cpiBase-DispatchWidth = 14610, 16497, 12208, 18185
interval_timer.detailed-cpiBase-DispatchWidth+BranchMispredict = 0, 0, 0, 0
interval_timer.detailed-cpiBase-DispatchWidth+DispatchRate = 10856333, 11515707, 9436750, 11222922
interval_timer.detailed-cpiBase-DispatchWidth+DispatchRate+BranchMispredict = 0, 0, 0, 0
interval_timer.detailed-cpiBase-DispatchWidth+DispatchRate+ICacheMiss = 0, 0, 0, 0
interval_timer.detailed-cpiBase-DispatchWidth+DispatchRate+ICacheMiss+BranchMispredict = 0, 0, 0, 0
interval_timer.detailed-cpiBase-DispatchWidth+ICacheMiss = 0, 0, 0, 0
interval_timer.detailed-cpiBase-DispatchWidth+ICacheMiss+BranchMispredict = 0, 0, 0, 0
interval_timer.detailed-cpiBase-ICacheMiss = 0, 0, 0, 0
interval_timer.detailed-cpiBase-ICacheMiss+BranchMispredict = 0, 0, 0, 0
interval_timer.detailed-cpiBase-NoReason = 0, 0, 0, 0
interval_timer.detailed-cpiBase-WindowEmpty = 0, 0, 0, 0
interval_timer.detailed-cpiBase-WindowEmpty+BranchMispredict = 0, 0, 0, 0
interval_timer.detailed-cpiBase-WindowEmpty+DispatchRate = 0, 0, 0, 0
interval_timer.detailed-cpiBase-WindowEmpty+DispatchRate+BranchMispredict = 0, 0, 0, 0
interval_timer.detailed-cpiBase-WindowEmpty+DispatchRate+ICacheMiss = 0, 0, 0, 0
interval_timer.detailed-cpiBase-WindowEmpty+DispatchRate+ICacheMiss+BranchMispredict = 0, 0, 0, 0
interval_timer.detailed-cpiBase-WindowEmpty+DispatchWidth = 0, 0, 0, 0
interval_timer.detailed-cpiBase-WindowEmpty+DispatchWidth+BranchMispredict = 0, 0, 0, 0
interval_timer.detailed-cpiBase-WindowEmpty+DispatchWidth+DispatchRate = 0, 0, 0, 0
interval_timer.detailed-cpiBase-WindowEmpty+DispatchWidth+DispatchRate+BranchMispredict = 0, 0, 0, 0
interval_timer.detailed-cpiBase-WindowEmpty+DispatchWidth+DispatchRate+ICacheMiss = 0, 0, 0, 0
interval_timer.detailed-cpiBase-WindowEmpty+DispatchWidth+DispatchRate+ICacheMiss+BranchMispredict = 0, 0, 0, 0
interval_timer.detailed-cpiBase-WindowEmpty+DispatchWidth+ICacheMiss = 0, 0, 0, 0
interval_timer.detailed-cpiBase-WindowEmpty+DispatchWidth+ICacheMiss+BranchMispredict = 0, 0, 0, 0
interval_timer.detailed-cpiBase-WindowEmpty+ICacheMiss = 0, 0, 0, 0
interval_timer.detailed-cpiBase-WindowEmpty+ICacheMiss+BranchMispredict = 0, 0, 0, 0
interval_timer.loadstore_contention.no-free-slots = 0, 0, 0, 0
interval_timer.loadstore_contention.num-barriers = 0, 0, 0, 0
interval_timer.loadstore_contention.num-requests = 48541687, 47632017, 49291208, 42385961
interval_timer.loadstore_contention.requests-out-of-order = 6871537, 8612241, 6633404, 9094116
interval_timer.loadstore_contention.requests-simultaneous = 29116945, 26849520, 30288411, 22359640
interval_timer.loadstore_contention.total-barrier-delay = 0, 0, 0, 0
interval_timer.loadstore_contention.total-delay = 65355627483918, 45617395024755, 78003342509040, 24343156638477
interval_timer.numBPredOverlapped = 913053, 833573, 909626, 950743
interval_timer.numDCacheOverlapped = 3549567, 2957112, 3459984, 3425641
interval_timer.numHiddenLongerDCacheLatency = 47310, 43751, 44625, 44720
interval_timer.numICacheOverlapped = 15731071, 13634926, 15251472, 15379736
interval_timer.numLongLatencyLoads = 124850, 108316, 121062, 122105
interval_timer.numMfenceInsns = 0, 0, 0, 0
interval_timer.numSerializationInsns = 2, 0, 0, 0
interval_timer.numTotalLongLatencyLoadLatency = 16454314, 17717452, 17293317, 15757042
interval_timer.outstandingLongLatencyCycles = 18156414, 18223274, 19900734, 17943869
interval_timer.outstandingLongLatencyInsns = 40369501, 50261080, 42688874, 38795650
interval_timer.totalHiddenDCacheLatency = 42558856, 47949303, 43511624, 41050986
interval_timer.totalHiddenLongerDCacheLatency = 5436693, 11121122, 6468120, 7694217
interval_timer.totalMfenceLatency = 0, 0, 0, 0
interval_timer.totalSerializationLatency = 8, 0, 0, 0
interval_timer.uop_branch = 16500022, 11766261, 17307203, 6940055
interval_timer.uop_fp_addsub = 33091273, 34184240, 31211076, 32950549
interval_timer.uop_fp_muldiv = 32391445, 33524949, 30589852, 32103745
interval_timer.uop_generic = 46910749, 46095336, 46176687, 43345215
interval_timer.uop_load = 52091282, 50589144, 52751207, 45811617
interval_timer.uop_store = 10595990, 10915717, 10129728, 12178271
interval_timer.uops_pause = 0, 0, 0, 0
interval_timer.uops_total = 191580761, 187075647, 188165753, 173329452
interval_timer.uops_x87 = 0, 0, 0, 0
ipc = 1.71459684142, 1.66053253303, 1.67913384464, 1.52841554676
itlb.access = 25793583, 21340602, 26136004, 16473895
itlb.miss = 49, 52, 45, 45
itlb_cache.access-mru-0 = 25793156, 21340527, 26135917, 16473776
itlb_cache.access-mru-1 = 369, 22, 42, 74
itlb_cache.access-mru-2 = 9, 1, 0, 0
itlb_cache.access-mru-3 = 0, 0, 0, 0
L1-D.access-mru-0 = 56529235, 55053783, 56658935, 51643729
L1-D.access-mru-1 = 3717838, 4217498, 3930573, 4138840
L1-D.access-mru-2 = 1106363, 1109279, 1196358, 1113752
L1-D.access-mru-3 = 561896, 557016, 509594, 516205
L1-D.access-mru-4 = 198702, 208126, 160200, 200182
L1-D.access-mru-5 = 73732, 71768, 61652, 77923
L1-D.access-mru-6 = 45785, 39410, 37989, 42538
L1-D.access-mru-7 = 32858, 27757, 23094, 27237
L1-D.backinval-E = 64, 95, 88, 89
L1-D.backinval-I = 0, 0, 0, 0
L1-D.backinval-M = 1241, 938, 1002, 1391
L1-D.backinval-O = 0, 0, 0, 0
L1-D.backinval-S = 175, 142, 204, 191
L1-D.backinval-u = 0, 0, 0, 0
L1-D.coherency-downgrades = 26083, 21388, 24275, 15253
L1-D.coherency-invalidates = 224, 144, 212, 92
L1-D.coherency-upgrades = 29, 116, 118, 63
L1-D.coherency-writebacks = 1914, 1025, 2344, 683
L1-D.evict-E = 36529, 44216, 28948, 48211
L1-D.evict-I = 0, 0, 0, 0
L1-D.evict-M = 750137, 653837, 819736, 766943
L1-D.evict-O = 0, 0, 0, 0
L1-D.evict-prefetch = 0, 0, 0, 0
L1-D.evict-S = 72006, 64000, 53005, 52277
L1-D.evict-u = 0, 0, 0, 0
L1-D.evict-warmup = 499, 0, 0, 0
L1-D.hits-prefetch = 0, 0, 0, 0
L1-D.hits-warmup = 12, 0, 0, 0
L1-D.invalidate-prefetch = 0, 0, 0, 0
L1-D.invalidate-warmup = 0, 0, 0, 0
L1-D.load-misses = 754346, 741648, 851357, 757654
L1-D.load-misses-E = 5, 5, 5, 1
L1-D.load-misses-I = 753484, 741387, 850875, 757069
L1-D.load-misses-M = 0, 0, 0, 0
L1-D.load-misses-O = 0, 0, 0, 0
L1-D.load-misses-S = 857, 256, 477, 584
L1-D.load-misses-u = 0, 0, 0, 0
L1-D.load-overlapping-misses = 0, 0, 0, 0
L1-D.loads = 52475897, 51058044, 53295741, 46359238
L1-D.loads-E = 579139, 770205, 524874, 761101
L1-D.loads-I = 753484, 741387, 850875, 757069
L1-D.loads-M = 39142300, 46398355, 42887918, 41755302
L1-D.loads-O = 0, 0, 0, 0
L1-D.loads-prefetch = 0, 0, 0, 0
L1-D.loads-S = 12000974, 3148097, 9032074, 3085766
L1-D.loads-u = 0, 0, 0, 0
L1-D.loads-where-cache-remote = 0, 0, 0, 0
L1-D.loads-where-dram = 0, 0, 0, 0
L1-D.loads-where-dram-cache = 0, 0, 0, 0
L1-D.loads-where-dram-local = 80044, 71900, 73784, 70192
L1-D.loads-where-dram-remote = 0, 0, 0, 0
L1-D.loads-where-L1 = 51721551, 50316396, 52444384, 45601584
L1-D.loads-where-L1_S = 0, 0, 0, 0
L1-D.loads-where-L1I = 0, 0, 0, 0
L1-D.loads-where-L2 = 462873, 482409, 559480, 479015
L1-D.loads-where-L2_S = 0, 0, 0, 0
L1-D.loads-where-L3 = 136314, 160480, 146038, 179082
L1-D.loads-where-L3_S = 75115, 26859, 72055, 29365
L1-D.loads-where-L4 = 0, 0, 0, 0
L1-D.loads-where-L4_S = 0, 0, 0, 0
L1-D.loads-where-miss = 0, 0, 0, 0
L1-D.loads-where-nuca-cache = 0, 0, 0, 0
L1-D.loads-where-predicate-false = 0, 0, 0, 0
L1-D.loads-where-prefetch-no-mapping = 0, 0, 0, 0
L1-D.loads-where-unknown = 0, 0, 0, 0
L1-D.mshr-latency = 0, 0, 0, 0
L1-D.next_read.no-free-slots = 0, 0, 0, 0
L1-D.next_read.num-barriers = 0, 0, 0, 0
L1-D.next_read.num-requests = 0, 0, 0, 0
L1-D.next_read.requests-out-of-order = 0, 0, 0, 0
L1-D.next_read.requests-simultaneous = 0, 0, 0, 0
L1-D.next_read.total-barrier-delay = 0, 0, 0, 0
L1-D.next_read.total-delay = 0, 0, 0, 0
L1-D.prefetches = 0, 0, 0, 0
L1-D.qbs-query-latency = 0, 0, 0, 0
L1-D.snoop-latency = 0, 0, 0, 0
L1-D.store-misses = 172522, 79031, 117657, 168127
L1-D.store-misses-E = 62233, 54745, 61476, 53510
L1-D.store-misses-I = 108835, 23632, 55287, 113372
L1-D.store-misses-M = 0, 0, 0, 0
L1-D.store-misses-O = 0, 0, 0, 0
L1-D.store-misses-S = 1454, 654, 894, 1245
L1-D.store-misses-u = 0, 0, 0, 0
L1-D.store-overlapping-misses = 0, 0, 0, 0
L1-D.stores = 10717380, 11047272, 10251668, 12326949
L1-D.stores-E = 62233, 54745, 61476, 53510
L1-D.stores-I = 108835, 23632, 55287, 113372
L1-D.stores-M = 10544858, 10968241, 10134011, 12158822
L1-D.stores-O = 0, 0, 0, 0
L1-D.stores-prefetch = 0, 0, 0, 0
L1-D.stores-S = 1454, 654, 894, 1245
L1-D.stores-u = 0, 0, 0, 0
L1-D.stores-where-cache-remote = 0, 0, 0, 0
L1-D.stores-where-dram = 0, 0, 0, 0
L1-D.stores-where-dram-cache = 0, 0, 0, 0
L1-D.stores-where-dram-local = 502, 9, 28, 104
L1-D.stores-where-dram-remote = 0, 0, 0, 0
L1-D.stores-where-L1 = 10544858, 10968241, 10134011, 12158822
L1-D.stores-where-L1_S = 0, 0, 0, 0
L1-D.stores-where-L1I = 0, 0, 0, 0
L1-D.stores-where-L2 = 30668, 8478, 16174, 32693
L1-D.stores-where-L2_S = 0, 0, 0, 0
L1-D.stores-where-L3 = 139563, 69523, 100085, 133737
L1-D.stores-where-L3_S = 1789, 1021, 1370, 1593
L1-D.stores-where-L4 = 0, 0, 0, 0
L1-D.stores-where-L4_S = 0, 0, 0, 0
L1-D.stores-where-miss = 0, 0, 0, 0
L1-D.stores-where-nuca-cache = 0, 0, 0, 0
L1-D.stores-where-predicate-false = 0, 0, 0, 0
L1-D.stores-where-prefetch-no-mapping = 0, 0, 0, 0
L1-D.stores-where-unknown = 0, 0, 0, 0
L1-D.total-latency = 3874610936832659, 871432082234323, 6974835086043559, 6299162943434901
L1-I.access-mru-0 = 25626242, 21191886, 25977973, 16287411
L1-I.access-mru-1 = 144025, 109914, 132059, 144960
L1-I.access-mru-2 = 6197, 18998, 8318, 19748
L1-I.access-mru-3 = 254, 1911, 54, 1401
L1-I.backinval-E = 3003, 2551, 2709, 4823
L1-I.backinval-I = 0, 0, 0, 0
L1-I.backinval-M = 0, 0, 0, 0
L1-I.backinval-O = 0, 0, 0, 0
L1-I.backinval-S = 13553, 15234, 14619, 15187
L1-I.backinval-u = 0, 0, 0, 0
L1-I.coherency-downgrades = 36010, 42007, 34277, 35818
L1-I.coherency-invalidates = 0, 0, 0, 0
L1-I.coherency-upgrades = 0, 0, 0, 0
L1-I.coherency-writebacks = 0, 0, 0, 0
L1-I.evict-E = 4, 0, 3, 4
L1-I.evict-I = 0, 0, 0, 0
L1-I.evict-M = 0, 0, 0, 0
L1-I.evict-O = 0, 0, 0, 0
L1-I.evict-prefetch = 0, 0, 0, 0
L1-I.evict-S = 1, 5, 6, 7
L1-I.evict-u = 0, 0, 0, 0
L1-I.evict-warmup = 0, 0, 0, 0
L1-I.hits-prefetch = 0, 0, 0, 0
L1-I.hits-warmup = 0, 0, 0, 0
L1-I.invalidate-prefetch = 0, 0, 0, 0
L1-I.invalidate-warmup = 0, 0, 0, 0
L1-I.load-misses = 16865, 17893, 17600, 20375
L1-I.load-misses-E = 0, 0, 0, 0
L1-I.load-misses-I = 16865, 17893, 17600, 20375
L1-I.load-misses-M = 0, 0, 0, 0
L1-I.load-misses-O = 0, 0, 0, 0
L1-I.load-misses-S = 0, 0, 0, 0
L1-I.load-misses-u = 0, 0, 0, 0
L1-I.load-overlapping-misses = 0, 0, 0, 0
L1-I.loads = 25793583, 21340602, 26136004, 16473895
L1-I.loads-E = 6820052, 5589457, 7100711, 6811915
L1-I.loads-I = 16865, 17893, 17600, 20375
L1-I.loads-M = 0, 0, 0, 0
L1-I.loads-O = 0, 0, 0, 0
L1-I.loads-prefetch = 0, 0, 0, 0
L1-I.loads-S = 18956666, 15733252, 19017693, 9641605
L1-I.loads-u = 0, 0, 0, 0
L1-I.loads-where-cache-remote = 0, 0, 0, 0
L1-I.loads-where-dram = 0, 0, 0, 0
L1-I.loads-where-dram-cache = 0, 0, 0, 0
L1-I.loads-where-dram-local = 727, 258, 282, 149
L1-I.loads-where-dram-remote = 0, 0, 0, 0
L1-I.loads-where-L1 = 0, 0, 0, 0
L1-I.loads-where-L1_S = 0, 0, 0, 0
L1-I.loads-where-L1I = 25776718, 21322709, 26118404, 16453520
L1-I.loads-where-L2 = 0, 2, 5, 2
L1-I.loads-where-L2_S = 0, 0, 0, 0
L1-I.loads-where-L3 = 16138, 17633, 17313, 20224
L1-I.loads-where-L3_S = 0, 0, 0, 0
L1-I.loads-where-L4 = 0, 0, 0, 0
L1-I.loads-where-L4_S = 0, 0, 0, 0
L1-I.loads-where-miss = 0, 0, 0, 0
L1-I.loads-where-nuca-cache = 0, 0, 0, 0
L1-I.loads-where-predicate-false = 0, 0, 0, 0
L1-I.loads-where-prefetch-no-mapping = 0, 0, 0, 0
L1-I.loads-where-unknown = 0, 0, 0, 0
L1-I.mshr-latency = 0, 0, 0, 0
L1-I.next_read.no-free-slots = 0, 0, 0, 0
L1-I.next_read.num-barriers = 0, 0, 0, 0
L1-I.next_read.num-requests = 0, 0, 0, 0
L1-I.next_read.requests-out-of-order = 0, 0, 0, 0
L1-I.next_read.requests-simultaneous = 0, 0, 0, 0
L1-I.next_read.total-barrier-delay = 0, 0, 0, 0
L1-I.next_read.total-delay = 0, 0, 0, 0
L1-I.prefetches = 0, 0, 0, 0
L1-I.qbs-query-latency = 0, 0, 0, 0
L1-I.snoop-latency = 0, 0, 0, 0
L1-I.store-misses = 0, 0, 0, 0
L1-I.store-misses-E = 0, 0, 0, 0
L1-I.store-misses-I = 0, 0, 0, 0
L1-I.store-misses-M = 0, 0, 0, 0
L1-I.store-misses-O = 0, 0, 0, 0
L1-I.store-misses-S = 0, 0, 0, 0
L1-I.store-misses-u = 0, 0, 0, 0
L1-I.store-overlapping-misses = 0, 0, 0, 0
L1-I.stores = 0, 0, 0, 0
L1-I.stores-E = 0, 0, 0, 0
L1-I.stores-I = 0, 0, 0, 0
L1-I.stores-M = 0, 0, 0, 0
L1-I.stores-O = 0, 0, 0, 0
L1-I.stores-prefetch = 0, 0, 0, 0
L1-I.stores-S = 0, 0, 0, 0
L1-I.stores-u = 0, 0, 0, 0
L1-I.stores-where-cache-remote = 0, 0, 0, 0
L1-I.stores-where-dram = 0, 0, 0, 0
L1-I.stores-where-dram-cache = 0, 0, 0, 0
L1-I.stores-where-dram-local = 0, 0, 0, 0
L1-I.stores-where-dram-remote = 0, 0, 0, 0
L1-I.stores-where-L1 = 0, 0, 0, 0
L1-I.stores-where-L1_S = 0, 0, 0, 0
L1-I.stores-where-L1I = 0, 0, 0, 0
L1-I.stores-where-L2 = 0, 0, 0, 0
L1-I.stores-where-L2_S = 0, 0, 0, 0
L1-I.stores-where-L3 = 0, 0, 0, 0
L1-I.stores-where-L3_S = 0, 0, 0, 0
L1-I.stores-where-L4 = 0, 0, 0, 0
L1-I.stores-where-L4_S = 0, 0, 0, 0
L1-I.stores-where-miss = 0, 0, 0, 0
L1-I.stores-where-nuca-cache = 0, 0, 0, 0
L1-I.stores-where-predicate-false = 0, 0, 0, 0
L1-I.stores-where-prefetch-no-mapping = 0, 0, 0, 0
L1-I.stores-where-unknown = 0, 0, 0, 0
L1-I.total-latency = 2549350219261, 3383682424332, 1766369292254, 573048080436
l1misslat = 4947377552.29
L2.access-mru-0 = 52924, 74778, 50863, 49905
L2.access-mru-1 = 84045, 119436, 113212, 84623
L2.access-mru-2 = 71762, 101972, 97875, 73821
L2.access-mru-3 = 68621, 69303, 113598, 62469
L2.access-mru-4 = 79888, 44317, 98150, 71837
L2.access-mru-5 = 53149, 31382, 49571, 66648
L2.access-mru-6 = 41916, 25891, 28952, 51082
L2.access-mru-7 = 41236, 23810, 23438, 51325
L2.backinval-E = 1, 0, 1, 0
L2.backinval-I = 0, 0, 0, 0
L2.backinval-M = 83, 310, 102, 8
L2.backinval-O = 0, 0, 0, 0
L2.backinval-S = 0, 0, 0, 0
L2.backinval-u = 0, 0, 0, 0
L2.coherency-downgrades = 139984, 122087, 117873, 90989
L2.coherency-invalidates = 744, 516, 710, 375
L2.coherency-upgrades = 139, 335, 347, 160
L2.coherency-writebacks = 2601, 1336, 3129, 980
L2.evict-E = 31634, 32599, 20197, 36405
L2.evict-I = 0, 0, 0, 0
L2.evict-M = 261648, 190660, 253717, 293160
L2.evict-O = 0, 0, 0, 0
L2.evict-prefetch = 0, 0, 0, 0
L2.evict-S = 88761, 62117, 65769, 43880
L2.evict-u = 0, 0, 0, 0
L2.evict-warmup = 4086, 0, 0, 0
L2.hits-prefetch = 0, 0, 0, 0
L2.hits-warmup = 2, 0, 0, 0
L2.invalidate-prefetch = 0, 0, 0, 0
L2.invalidate-warmup = 0, 0, 0, 0
L2.load-misses = 308338, 277130, 309472, 299012
L2.load-misses-E = 5, 5, 5, 1
L2.load-misses-I = 307476, 276869, 308990, 298427
L2.load-misses-M = 0, 0, 0, 0
L2.load-misses-O = 0, 0, 0, 0
L2.load-misses-S = 857, 256, 477, 584
L2.load-misses-u = 0, 0, 0, 0
L2.load-overlapping-misses = 739, 207, 833, 135
L2.loads = 771211, 759541, 868957, 778029
L2.loads-E = 8588, 10316, 8797, 14270
L2.loads-I = 307476, 276869, 308990, 298427
L2.loads-M = 401157, 422269, 516400, 421001
L2.loads-O = 0, 0, 0, 0
L2.loads-prefetch = 0, 0, 0, 0
L2.loads-S = 53990, 50087, 34770, 44331
L2.loads-u = 0, 0, 0, 0
L2.mshr-latency = 0, 0, 0, 0
L2.next_read.no-free-slots = 0, 0, 0, 0
L2.next_read.num-barriers = 0, 0, 0, 0
L2.next_read.num-requests = 0, 0, 0, 0
L2.next_read.requests-out-of-order = 0, 0, 0, 0
L2.next_read.requests-simultaneous = 0, 0, 0, 0
L2.next_read.total-barrier-delay = 0, 0, 0, 0
L2.next_read.total-delay = 0, 0, 0, 0
L2.prefetches = 0, 0, 0, 0
L2.qbs-query-latency = 0, 0, 0, 0
L2.snoop-latency = 0, 0, 0, 0
L2.store-misses = 141854, 70553, 101483, 135434
L2.store-misses-E = 62233, 54756, 61476, 53516
L2.store-misses-I = 78128, 15094, 39070, 80613
L2.store-misses-M = 0, 0, 0, 0
L2.store-misses-O = 0, 0, 0, 0
L2.store-misses-S = 1493, 703, 937, 1305
L2.store-misses-u = 0, 0, 0, 0
L2.store-overlapping-misses = 751, 165, 258, 618
L2.stores = 172522, 79031, 117657, 168127
L2.stores-E = 62233, 54756, 61476, 53516
L2.stores-I = 78128, 15094, 39070, 80613
L2.stores-M = 30668, 8478, 16174, 32693
L2.stores-O = 0, 0, 0, 0
L2.stores-prefetch = 0, 0, 0, 0
L2.stores-S = 1493, 703, 937, 1305
L2.stores-u = 0, 0, 0, 0
L2.total-latency = 0, 0, 0, 0
L3.access-mru-0 = 276403, 0, 0, 0
L3.access-mru-1 = 217670, 0, 0, 0
L3.access-mru-10 = 15684, 0, 0, 0
L3.access-mru-11 = 17756, 0, 0, 0
L3.access-mru-12 = 20343, 0, 0, 0
L3.access-mru-13 = 18942, 0, 0, 0
L3.access-mru-14 = 17219, 0, 0, 0
L3.access-mru-15 = 17663, 0, 0, 0
L3.access-mru-2 = 136663, 0, 0, 0
L3.access-mru-3 = 71861, 0, 0, 0
L3.access-mru-4 = 39313, 0, 0, 0
L3.access-mru-5 = 25427, 0, 0, 0
L3.access-mru-6 = 19092, 0, 0, 0
L3.access-mru-7 = 15473, 0, 0, 0
L3.access-mru-8 = 14868, 0, 0, 0
L3.access-mru-9 = 14853, 0, 0, 0
L3.backinval-E = 0, 0, 0, 0
L3.backinval-I = 0, 0, 0, 0
L3.backinval-M = 0, 0, 0, 0
L3.backinval-O = 0, 0, 0, 0
L3.backinval-S = 0, 0, 0, 0
L3.backinval-u = 0, 0, 0, 0
L3.coherency-downgrades = 0, 0, 0, 0
L3.coherency-invalidates = 0, 0, 0, 0
L3.coherency-upgrades = 0, 0, 0, 0
L3.coherency-writebacks = 0, 0, 0, 0
L3.evict-E = 74022, 0, 0, 0
L3.evict-I = 0, 0, 0, 0
L3.evict-M = 397968, 0, 0, 0
L3.evict-O = 0, 0, 0, 0
L3.evict-prefetch = 0, 0, 0, 0
L3.evict-S = 0, 0, 0, 0
L3.evict-u = 0, 0, 0, 0
L3.evict-warmup = 124519, 0, 0, 0
L3.hits-prefetch = 0, 0, 0, 0
L3.hits-warmup = 73, 1288, 155, 5037
L3.invalidate-prefetch = 0, 0, 0, 0
L3.invalidate-warmup = 0, 0, 0, 0
L3.load-misses = 80375, 72010, 73714, 69866
L3.load-misses-E = 5, 5, 6, 1
L3.load-misses-I = 80370, 72005, 73708, 69865
L3.load-misses-M = 0, 0, 0, 0
L3.load-misses-O = 0, 0, 0, 0
L3.load-misses-S = 0, 0, 0, 0
L3.load-misses-u = 0, 0, 0, 0
L3.load-overlapping-misses = 4, 4, 4, 1
L3.loads = 308338, 277130, 309472, 299012
L3.loads-E = 30028, 36157, 29329, 38807
L3.loads-I = 80370, 72005, 73708, 69865
L3.loads-M = 197940, 168968, 206435, 190340
L3.loads-O = 0, 0, 0, 0
L3.loads-prefetch = 0, 0, 0, 0
L3.loads-S = 0, 0, 0, 0
L3.loads-u = 0, 0, 0, 0
L3.mshr-latency = 218665077468, 2561866389143, 328338204918, 53359588740
L3.next_read.no-free-slots = 0, 0, 0, 0
L3.next_read.num-barriers = 0, 0, 0, 0
L3.next_read.num-requests = 0, 0, 0, 0
L3.next_read.requests-out-of-order = 0, 0, 0, 0
L3.next_read.requests-simultaneous = 0, 0, 0, 0
L3.next_read.total-barrier-delay = 0, 0, 0, 0
L3.next_read.total-delay = 0, 0, 0, 0
L3.prefetches = 0, 0, 0, 0
L3.qbs-query-latency = 0, 0, 0, 0
L3.snoop-latency = 1456199716500, 524340920250, 1381369058550, 583382140200
L3.store-misses = 120157, 67513, 96157, 124257
L3.store-misses-E = 62245, 54771, 61484, 53538
L3.store-misses-I = 57910, 12741, 34672, 70719
L3.store-misses-M = 2, 1, 1, 0
L3.store-misses-O = 0, 0, 0, 0
L3.store-misses-S = 0, 0, 0, 0
L3.store-misses-u = 0, 0, 0, 0
L3.store-overlapping-misses = 56748, 49377, 55091, 48278
L3.stores = 141854, 70553, 101483, 135434
L3.stores-E = 62245, 54771, 61484, 53538
L3.stores-I = 57910, 12741, 34672, 70719
L3.stores-M = 21699, 3041, 5327, 11177
L3.stores-O = 0, 0, 0, 0
L3.stores-prefetch = 0, 0, 0, 0
L3.stores-S = 0, 0, 0, 0
L3.stores-u = 0, 0, 0, 0
L3.total-latency = 0, 0, 0, 0
L3.uncore-requests = 138280, 84746, 108380, 140584
L3.uncore-time-dram = 0, 0, 0, 0
L3.uncore-time-dram-bus = 1165600285280, 714347423896, 913564932880, 1185021337184
L3.uncore-time-dram-cache = 0, 0, 0, 0
L3.uncore-time-dram-cache-bus = 0, 0, 0, 0
L3.uncore-time-dram-cache-data = 0, 0, 0, 0
L3.uncore-time-dram-cache-queue = 0, 0, 0, 0
L3.uncore-time-dram-cache-tags = 0, 0, 0, 0
L3.uncore-time-dram-device = 6222600000000, 3813570000000, 4877100000000, 6326280000000
L3.uncore-time-dram-queue = 3861668669959879, 861824669746519, 6962767555723946, 6285232619203267
L3.uncore-time-inv-imbalance = 0, 0, 0, 0
L3.uncore-time-noc-base = 0, 0, 0, 0
L3.uncore-time-noc-queue = 0, 0, 0, 0
L3.uncore-time-nuca-bus = 0, 0, 0, 0
L3.uncore-time-nuca-data = 0, 0, 0, 0
L3.uncore-time-nuca-queue = 0, 0, 0, 0
L3.uncore-time-nuca-tags = 0, 0, 0, 0
L3.uncore-time-pending-hit = 1842101100, 2612776050, 2969918100, 2030070600
L3.uncore-time-remote-cache-fwd = 0, 0, 0, 0
L3.uncore-time-remote-cache-inv = 0, 0, 0, 0
L3.uncore-time-remote-cache-wb = 0, 0, 0, 0
L3.uncore-time-td-access = 519848449200, 318593264940, 407442688200, 528510083760
L3.uncore-time-unknown = 0, 0, 0, 0
L3.uncore-totaltime = 3869578560795459, 866673793211405, 6968968633263126, 6293274460694811
ncores = 4
network.shmem-1.bus.num-bytes = 0, 0, 0, 0
network.shmem-1.bus.num-packets = 0, 0, 0, 0
network.shmem-1.bus.num-packets-delayed = 0, 0, 0, 0
network.shmem-1.bus.time-used = 0, 0, 0, 0
network.shmem-1.bus.total-delay = 0, 0, 0, 0
performance_model.cpiDTLBMiss = 0, 0, 0, 0
performance_model.cpiFastforwardTime = 0, 0, 0, 0
performance_model.cpiITLBMiss = 0, 0, 0, 0
performance_model.cpiRecv = 0, 0, 0, 0
performance_model.cpiStartTime = 0, 158201275171570, 158203203362701, 158203582685152
performance_model.cpiSyncDvfsTransition = 0, 0, 0, 0
performance_model.cpiSyncFutex = 68066428203, 192160128193, 242738965773, 91235546513
performance_model.cpiSyncJoin = 0, 0, 0, 0
performance_model.cpiSyncMemAccess = 0, 0, 0, 0
performance_model.cpiSyncPause = 0, 0, 0, 0
performance_model.cpiSyncPthreadBarrier = 0, 0, 0, 0
performance_model.cpiSyncPthreadCond = 0, 0, 0, 0
performance_model.cpiSyncPthreadMutex = 0, 0, 0, 0
performance_model.cpiSyncSleep = 0, 0, 0, 0
performance_model.cpiSyncSyscall = 0, 0, 0, 0
performance_model.cpiSyncUnscheduled = 0, 0, 0, 0
performance_model.cpiUnknown = 60902118, 0, 0, 0
performance_model.cycle_count = 106844777.486, 106844777.486, 106844777.486, 106844777.486
performance_model.dyninsn_cost = 0, 0, 0, 0
performance_model.dyninsn_count = 0, 0, 0, 0
performance_model.dyninsn_zero_count = 0, 0, 0, 0
performance_model.elapsed_time = 40167209581323, 40167209581323, 40167209581323, 40167209581323
performance_model.elapsed_time_begin = 158191110908827, 0, 0, 0
performance_model.elapsed_time_end = 198358042352488, 198350923567064, 198352741988527, 198351351763845
performance_model.idle_elapsed_time = 68344565865, 209721314022, 260409921270, 110676049143
performance_model.instruction_count = 183195718, 177419229, 179406682, 163303219
performance_model.nonidle_elapsed_time = 40098865015458, 39957488267301, 39906799660053, 40056533532180
power.BUSES.Area = 1.3377
power.BUSES.Bus/Area = 1.3377
power.BUSES.Bus/Gate Leakage = 0.00666015
power.BUSES.Bus/Peak Dynamic = 0.0
power.BUSES.Bus/Runtime Dynamic = 0.0
power.BUSES.Bus/Subthreshold Leakage = 0.0694515
power.BUSES.Bus/Subthreshold Leakage with power gating = 0.0260443
power.BUSES.Gate Leakage = 0.00666015
power.BUSES.Peak Dynamic = 0.0
power.BUSES.Runtime Dynamic = 0.0
power.BUSES.Subthreshold Leakage = 0.0694515
power.BUSES.Subthreshold Leakage with power gating = 0.0260443
power.Core = {'Instruction Fetch Unit/Subthreshold Leakage with power gating': 0.408542, 'Execution Unit/Register Files/Floating Point RF/Subthreshold Leakage': 0.00399698, 'Instruction Fetch Unit/Instruction Decoder/Runtime Dynamic': 0.58898, 'Load Store Unit/Data Cache/Subthreshold Leakage with power gating': 0.25085, 'Instruction Fetch Unit/Instruction Cache/Gate Leakage': 0.029931, 'Load Store Unit/Subthreshold Leakage with power gating': 0.283406, 'Execution Unit/Instruction Scheduler/Area': 2.17927, 'Execution Unit/Instruction Scheduler/Instruction Window/Subthreshold Leakage': 0.0800117, 'Execution Unit/Floating Point Units/Gate Leakage': 0.0656156, 'Subthreshold Leakage': 6.21877, 'Renaming Unit/Free List/Runtime Dynamic': 0.0467036, 'Execution Unit/Complex ALUs/Gate Leakage': 0.0132646, 'Memory Management Unit/Gate Leakage': 0.00813591, 'Execution Unit/Instruction Scheduler/Instruction Window/Runtime Dynamic': 1.16512, 'Instruction Fetch Unit/Branch Predictor/Chooser/Subthreshold Leakage': 0.00759719, 'Load Store Unit/LoadQ/Subthreshold Leakage with power gating': 0.00536918, 'Execution Unit/Instruction Scheduler/ROB/Subthreshold Leakage with power gating': 0.00897339, 'Instruction Fetch Unit/Instruction Buffer/Peak Dynamic': 0.606827, 'Execution Unit/Results Broadcast Bus/Subthreshold Leakage with power gating': 0.0345155, 'Instruction Fetch Unit/Instruction Decoder/Subthreshold Leakage': 0.442943, 'Execution Unit/Floating Point Units/Area': 4.6585, 'Execution Unit/Gate Leakage': 0.122718, 'L2/Area': 4.53318, 'Instruction Fetch Unit/Branch Predictor/L2_Local Predictor/Area': 0.0151917, 'Execution Unit/Register Files/Floating Point RF/Area': 0.208131, 'Execution Unit/Instruction Scheduler/Subthreshold Leakage': 0.114878, 'Load Store Unit/Data Cache/Runtime Dynamic': 2.19661, 'Instruction Fetch Unit/Branch Predictor/L2_Local Predictor/Subthreshold Leakage': 0.00181347, 'Memory Management Unit/Dtlb/Subthreshold Leakage': 0.0155699, 'Renaming Unit/FP Front End RAT/Peak Dynamic': 3.33511, 'Execution Unit/Runtime Dynamic': 6.21916, 'Instruction Fetch Unit/Branch Predictor/Global Predictor/Subthreshold Leakage with power gating': 0.0039236, 'Execution Unit/Instruction Scheduler/Instruction Window/Gate Leakage': 0.00529112, 'Renaming Unit/FP Front End RAT/Runtime Dynamic': 1.02201, 'Instruction Fetch Unit/Branch Predictor/Global Predictor/Area': 0.0435221, 'Execution Unit/Instruction Scheduler/FP Instruction Window/Runtime Dynamic': 0.672842, 'Renaming Unit/Peak Dynamic': 4.56169, 'Execution Unit/Integer ALUs/Subthreshold Leakage with power gating': 0.150833, 'L2/Peak Dynamic': 0.0449538, 'Execution Unit/Peak Dynamic': 8.5101, 'Runtime Dynamic': 12.3119, 'L2/Subthreshold Leakage with power gating': 0.401066, 'Execution Unit/Register Files/Integer RF/Area': 0.362673, 'Load Store Unit/StoreQ/Peak Dynamic': 0.362423, 'Instruction Fetch Unit/Branch Predictor/Global Predictor/Runtime Dynamic': 0.00289604, 'Gate Leakage': 0.372997, 'Subthreshold Leakage with power gating': 2.58311, 'Instruction Fetch Unit/Gate Leakage': 0.0590479, 'Execution Unit/Register Files/Runtime Dynamic': 0.204778, 'Memory Management Unit/Dtlb/Gate Leakage': 0.00088729, 'Execution Unit/Register Files/Gate Leakage': 0.000622708, 'Load Store Unit/LoadQ/Peak Dynamic': 0.146978, 'Instruction Fetch Unit/Branch Predictor/Chooser/Runtime Dynamic': 0.00289604, 'Load Store Unit/Data Cache/Peak Dynamic': 5.78016, 'Execution Unit/Results Broadcast Bus/Area Overhead': 0.0442632, 'Instruction Fetch Unit/Branch Predictor/L1_Local Predictor/Area': 0.0257064, 'Renaming Unit/Free List/Subthreshold Leakage with power gating': 0.000377987, 'Execution Unit/Instruction Scheduler/ROB/Runtime Dynamic': 0.698815, 'Execution Unit/Instruction Scheduler/FP Instruction Window/Subthreshold Leakage with power gating': 0.00962066, 'Instruction Fetch Unit/Branch Predictor/RAS/Subthreshold Leakage with power gating': 0.000494733, 'Instruction Fetch Unit/Branch Target Buffer/Subthreshold Leakage': 0.0811682, 'Load Store Unit/Runtime Dynamic': 3.06843, 'Execution Unit/Area': 8.2042, 'Execution Unit/Floating Point Units/Subthreshold Leakage with power gating': 0.373061, 'Load Store Unit/StoreQ/Gate Leakage': 0.00329971, 'Instruction Fetch Unit/Branch Predictor/L1_Local Predictor/Subthreshold Leakage': 0.00384344, 'Instruction Fetch Unit/Branch Predictor/L1_Local Predictor/Runtime Dynamic': 0.00253081, 'Renaming Unit/Int Front End RAT/Subthreshold Leakage': 0.00611897, 'Instruction Fetch Unit/Branch Predictor/RAS/Area': 0.0105732, 'Instruction Fetch Unit/Runtime Dynamic': 1.3909, 'Load Store Unit/LoadQ/Area': 0.0836782, 'Load Store Unit/StoreQ/Area': 0.322079, 'Instruction Fetch Unit/Branch Target Buffer/Area': 0.64954, 'Execution Unit/Instruction Scheduler/FP Instruction Window/Gate Leakage': 0.00115349, 'Peak Dynamic': 29.3434, 'Renaming Unit/Runtime Dynamic': 1.39505, 'Execution Unit/Register Files/Floating Point RF/Peak Dynamic': 0.292942, 'Load Store Unit/StoreQ/Runtime Dynamic': 0.724847, 'Memory Management Unit/Itlb/Subthreshold Leakage': 0.0413758, 'Execution Unit/Instruction Scheduler/Subthreshold Leakage with power gating': 0.0641291, 'Memory Management Unit/Subthreshold Leakage': 0.0769113, 'Instruction Fetch Unit/Instruction Cache/Area': 3.14635, 'Execution Unit/Instruction Scheduler/Gate Leakage': 0.00730101, 'Execution Unit/Register Files/Area': 0.570804, 'Execution Unit/Floating Point Units/Peak Dynamic': 1.5506, 'Execution Unit/Instruction Scheduler/FP Instruction Window/Subthreshold Leakage': 0.017004, 'Load Store Unit/StoreQ/Subthreshold Leakage': 0.0345621, 'Renaming Unit/Gate Leakage': 0.00863632, 'Instruction Fetch Unit/Branch Predictor/Chooser/Peak Dynamic': 0.0168831, 'Renaming Unit/Int Front End RAT/Gate Leakage': 0.00038343, 'Execution Unit/Register Files/Integer RF/Subthreshold Leakage': 0.00614175, 'Renaming Unit/Free List/Subthreshold Leakage': 0.000670426, 'Memory Management Unit/Itlb/Runtime Dynamic': 0.0965635, 'Execution Unit/Complex ALUs/Peak Dynamic': 0.286396, 'Execution Unit/Integer ALUs/Peak Dynamic': 0.427348, 'Memory Management Unit/Runtime Dynamic': 0.225852, 'Instruction Fetch Unit/Instruction Decoder/Subthreshold Leakage with power gating': 0.166104, 'Memory Management Unit/Dtlb/Runtime Dynamic': 0.129288, 'Execution Unit/Instruction Scheduler/ROB/Subthreshold Leakage': 0.0178624, 'Instruction Fetch Unit/Branch Predictor/Global Predictor/Gate Leakage': 0.000278362, 'Renaming Unit/FP Front End RAT/Subthreshold Leakage': 0.0437281, 'Instruction Fetch Unit/Instruction Buffer/Gate Leakage': 6.83558e-05, 'Execution Unit/Subthreshold Leakage': 1.83518, 'Execution Unit/Complex ALUs/Subthreshold Leakage': 0.20111, 'Instruction Fetch Unit/Branch Predictor/Gate Leakage': 0.000757657, 'Instruction Fetch Unit/Branch Predictor/RAS/Peak Dynamic': 0.0117602, 'Instruction Fetch Unit/Branch Predictor/L2_Local Predictor/Subthreshold Leakage with power gating': 0.000957045, 'Execution Unit/Results Broadcast Bus/Gate Leakage': 0.00607074, 'Instruction Fetch Unit/Peak Dynamic': 8.96874, 'Instruction Fetch Unit/Branch Predictor/L2_Local Predictor/Runtime Dynamic': 0.000984294, 'Execution Unit/Integer ALUs/Area': 0.47087, 'Execution Unit/Instruction Scheduler/ROB/Area': 0.841232, 'Instruction Fetch Unit/Instruction Cache/Subthreshold Leakage': 0.367022, 'Load Store Unit/LoadQ/Subthreshold Leakage': 0.00941961, 'Instruction Fetch Unit/Branch Predictor/Area': 0.138516, 'Instruction Fetch Unit/Branch Predictor/Global Predictor/Subthreshold Leakage': 0.00759719, 'Renaming Unit/Free List/Peak Dynamic': 0.0401324, 'Renaming Unit/Int Front End RAT/Area': 0.114751, 'Execution Unit/Instruction Scheduler/Instruction Window/Peak Dynamic': 2.07911, 'Execution Unit/Register Files/Floating Point RF/Gate Leakage': 0.000232788, 'Renaming Unit/Int Front End RAT/Runtime Dynamic': 0.326336, 'Load Store Unit/Subthreshold Leakage': 0.591622, 'Memory Management Unit/Dtlb/Peak Dynamic': 0.128625, 'Execution Unit/Register Files/Subthreshold Leakage with power gating': 0.00423643, 'Instruction Fetch Unit/Branch Target Buffer/Runtime Dynamic': 0.027468, 'Instruction Fetch Unit/Branch Predictor/RAS/Gate Leakage': 4.63858e-05, 'Renaming Unit/Int Front End RAT/Subthreshold Leakage with power gating': 0.00348781, 'Memory Management Unit/Itlb/Gate Leakage': 0.00393464, 'Execution Unit/Instruction Scheduler/FP Instruction Window/Area': 0.328073, 'Load Store Unit/Data Cache/Area': 6.84535, 'Execution Unit/Instruction Scheduler/ROB/Gate Leakage': 0.000856399, 'Instruction Fetch Unit/Branch Predictor/L1_Local Predictor/Subthreshold Leakage with power gating': 0.00198631, 'Instruction Fetch Unit/Branch Predictor/L2_Local Predictor/Gate Leakage': 8.00196e-05, 'Execution Unit/Integer ALUs/Gate Leakage': 0.0265291, 'Instruction Fetch Unit/Branch Predictor/RAS/Runtime Dynamic': 0.00259127, 'Memory Management Unit/Itlb/Peak Dynamic': 0.399995, 'Load Store Unit/Gate Leakage': 0.0351387, 'Instruction Fetch Unit/Branch Target Buffer/Subthreshold Leakage with power gating': 0.0435357, 'Execution Unit/Complex ALUs/Area': 0.235435, 'Instruction Fetch Unit/Branch Predictor/Chooser/Subthreshold Leakage with power gating': 0.0039236, 'Execution Unit/Instruction Scheduler/FP Instruction Window/Peak Dynamic': 1.20978, 'Execution Unit/Register Files/Integer RF/Subthreshold Leakage with power gating': 0.00246675, 'Instruction Fetch Unit/Branch Target Buffer/Gate Leakage': 0.00272758, 'Renaming Unit/FP Front End RAT/Area': 0.168486, 'Renaming Unit/FP Front End RAT/Subthreshold Leakage with power gating': 0.024925, 'L2/Subthreshold Leakage': 0.834142, 'Load Store Unit/Data Cache/Subthreshold Leakage': 0.527675, 'Renaming Unit/Int Front End RAT/Peak Dynamic': 0.86945, 'Execution Unit/Integer ALUs/Subthreshold Leakage': 0.40222, 'Instruction Fetch Unit/Branch Predictor/L2_Local Predictor/Peak Dynamic': 0.00527447, 'Instruction Fetch Unit/Branch Predictor/RAS/Subthreshold Leakage': 0.000932505, 'Instruction Fetch Unit/Instruction Buffer/Area': 0.0226323, 'Instruction Fetch Unit/Instruction Cache/Subthreshold Leakage with power gating': 0.180386, 'Memory Management Unit/Dtlb/Area': 0.0879726, 'Instruction Fetch Unit/Instruction Decoder/Area': 1.85799, 'Execution Unit/Register Files/Peak Dynamic': 0.57638, 'Execution Unit/Instruction Scheduler/Peak Dynamic': 4.84781, 'Load Store Unit/LoadQ/Gate Leakage': 0.00059896, 'Instruction Fetch Unit/Area': 5.86007, 'Execution Unit/Complex ALUs/Subthreshold Leakage with power gating': 0.0754163, 'Execution Unit/Floating Point Units/Runtime Dynamic': 0.986166, 'Renaming Unit/FP Front End RAT/Gate Leakage': 0.00489731, 'Instruction Fetch Unit/Instruction Cache/Runtime Dynamic': 0.590131, 'Memory Management Unit/Itlb/Subthreshold Leakage with power gating': 0.0235842, 'Memory Management Unit/Area': 0.434579, 'Instruction Fetch Unit/Instruction Buffer/Subthreshold Leakage with power gating': 0.000701682, 'Execution Unit/Instruction Scheduler/Instruction Window/Subthreshold Leakage with power gating': 0.0455351, 'Renaming Unit/Area': 0.369768, 'Memory Management Unit/Subthreshold Leakage with power gating': 0.0399462, 'Instruction Fetch Unit/Branch Predictor/Subthreshold Leakage with power gating': 0.0103282, 'Instruction Fetch Unit/Instruction Buffer/Subthreshold Leakage': 0.00151885, 'Instruction Fetch Unit/Branch Predictor/Runtime Dynamic': 0.0109142, 'Instruction Fetch Unit/Branch Predictor/Chooser/Gate Leakage': 0.000278362, 'Execution Unit/Instruction Scheduler/Runtime Dynamic': 2.53678, 'Area': 32.6082, 'Memory Management Unit/Peak Dynamic': 0.780862, 'L2/Runtime Dynamic': 0.0125192, 'Execution Unit/Register Files/Floating Point RF/Subthreshold Leakage with power gating': 0.00176968, 'Execution Unit/Floating Point Units/Subthreshold Leakage': 0.994829, 'Instruction Fetch Unit/Branch Predictor/L1_Local Predictor/Peak Dynamic': 0.0142575, 'Execution Unit/Complex ALUs/Runtime Dynamic': 0.427636, 'Instruction Fetch Unit/Instruction Decoder/Gate Leakage': 0.0222493, 'Instruction Fetch Unit/Branch Predictor/Subthreshold Leakage': 0.0199703, 'Execution Unit/Register Files/Integer RF/Runtime Dynamic': 0.180387, 'Execution Unit/Results Broadcast Bus/Subthreshold Leakage': 0.0920413, 'Load Store Unit/Area': 8.80969, 'Renaming Unit/Subthreshold Leakage': 0.070483, 'Execution Unit/Results Broadcast Bus/Peak Dynamic': 0.763365, 'Load Store Unit/Peak Dynamic': 6.47705, 'Instruction Fetch Unit/Subthreshold Leakage': 0.932587, 'Execution Unit/Instruction Scheduler/ROB/Peak Dynamic': 1.55892, 'Execution Unit/Integer ALUs/Runtime Dynamic': 0.481905, 'Execution Unit/Subthreshold Leakage with power gating': 0.709678, 'Instruction Fetch Unit/Branch Predictor/Global Predictor/Peak Dynamic': 0.0168831, 'Instruction Fetch Unit/Instruction Buffer/Runtime Dynamic': 0.173411, 'Memory Management Unit/Dtlb/Subthreshold Leakage with power gating': 0.00887485, 'Load Store Unit/Data Cache/Gate Leakage': 0.0279261, 'Renaming Unit/Free List/Area': 0.0414755, 'Load Store Unit/StoreQ/Subthreshold Leakage with power gating': 0.0197004, 'Execution Unit/Results Broadcast Bus/Runtime Dynamic': 1.5819, 'Execution Unit/Register Files/Subthreshold Leakage': 0.0101387, 'Execution Unit/Register Files/Integer RF/Peak Dynamic': 0.283438, 'Load Store Unit/LoadQ/Runtime Dynamic': 0.146978, 'Instruction Fetch Unit/Branch Target Buffer/Peak Dynamic': 0.177867, 'Instruction Fetch Unit/Instruction Cache/Peak Dynamic': 6.43323, 'Instruction Fetch Unit/Instruction Decoder/Peak Dynamic': 1.37404, 'Execution Unit/Register Files/Floating Point RF/Runtime Dynamic': 0.0243911, 'Renaming Unit/Subthreshold Leakage with power gating': 0.0362779, 'Execution Unit/Instruction Scheduler/Instruction Window/Area': 1.00996, 'Instruction Fetch Unit/Branch Predictor/Chooser/Area': 0.0435221, 'Memory Management Unit/Itlb/Area': 0.301552, 'Instruction Fetch Unit/Branch Predictor/L1_Local Predictor/Gate Leakage': 0.000154548, 'Instruction Fetch Unit/Branch Predictor/Peak Dynamic': 0.0597838, 'Execution Unit/Register Files/Integer RF/Gate Leakage': 0.00038992, 'Renaming Unit/Free List/Gate Leakage': 4.15911e-05, 'L2/Gate Leakage': 0.015464}, {'Instruction Fetch Unit/Subthreshold Leakage with power gating': 0.408542, 'Execution Unit/Register Files/Floating Point RF/Subthreshold Leakage': 0.00399698, 'Instruction Fetch Unit/Instruction Decoder/Runtime Dynamic': 0.570409, 'Load Store Unit/Data Cache/Subthreshold Leakage with power gating': 0.25085, 'Instruction Fetch Unit/Instruction Cache/Gate Leakage': 0.029931, 'Load Store Unit/Subthreshold Leakage with power gating': 0.283406, 'Execution Unit/Instruction Scheduler/Area': 2.17927, 'Execution Unit/Instruction Scheduler/Instruction Window/Subthreshold Leakage': 0.0800117, 'Execution Unit/Floating Point Units/Gate Leakage': 0.0656156, 'Subthreshold Leakage': 6.21877, 'Renaming Unit/Free List/Runtime Dynamic': 0.0460368, 'Execution Unit/Complex ALUs/Gate Leakage': 0.0132646, 'Memory Management Unit/Gate Leakage': 0.00813591, 'Execution Unit/Instruction Scheduler/Instruction Window/Runtime Dynamic': 1.12838, 'Instruction Fetch Unit/Branch Predictor/Chooser/Subthreshold Leakage': 0.00759719, 'Load Store Unit/LoadQ/Subthreshold Leakage with power gating': 0.00536918, 'Execution Unit/Instruction Scheduler/ROB/Subthreshold Leakage with power gating': 0.00897339, 'Instruction Fetch Unit/Instruction Buffer/Peak Dynamic': 0.606827, 'Execution Unit/Results Broadcast Bus/Subthreshold Leakage with power gating': 0.0345155, 'Instruction Fetch Unit/Instruction Decoder/Subthreshold Leakage': 0.442943, 'Execution Unit/Floating Point Units/Area': 4.6585, 'Execution Unit/Gate Leakage': 0.122718, 'L2/Area': 4.53318, 'Instruction Fetch Unit/Branch Predictor/L2_Local Predictor/Area': 0.0151917, 'Execution Unit/Register Files/Floating Point RF/Area': 0.208131, 'Execution Unit/Instruction Scheduler/Subthreshold Leakage': 0.114878, 'Load Store Unit/Data Cache/Runtime Dynamic': 2.15117, 'Instruction Fetch Unit/Branch Predictor/L2_Local Predictor/Subthreshold Leakage': 0.00181347, 'Memory Management Unit/Dtlb/Subthreshold Leakage': 0.0155699, 'Renaming Unit/FP Front End RAT/Peak Dynamic': 3.33511, 'Execution Unit/Runtime Dynamic': 6.17652, 'Instruction Fetch Unit/Branch Predictor/Global Predictor/Subthreshold Leakage with power gating': 0.0039236, 'Execution Unit/Instruction Scheduler/Instruction Window/Gate Leakage': 0.00529112, 'Renaming Unit/FP Front End RAT/Runtime Dynamic': 1.05676, 'Instruction Fetch Unit/Branch Predictor/Global Predictor/Area': 0.0435221, 'Execution Unit/Instruction Scheduler/FP Instruction Window/Runtime Dynamic': 0.651627, 'Renaming Unit/Peak Dynamic': 4.56169, 'Execution Unit/Integer ALUs/Subthreshold Leakage with power gating': 0.150833, 'L2/Peak Dynamic': 0.0399459, 'Execution Unit/Peak Dynamic': 8.54655, 'Runtime Dynamic': 12.0738, 'L2/Subthreshold Leakage with power gating': 0.401066, 'Execution Unit/Register Files/Integer RF/Area': 0.362673, 'Load Store Unit/StoreQ/Peak Dynamic': 0.356184, 'Instruction Fetch Unit/Branch Predictor/Global Predictor/Runtime Dynamic': 0.00209163, 'Gate Leakage': 0.372997, 'Subthreshold Leakage with power gating': 2.58311, 'Instruction Fetch Unit/Gate Leakage': 0.0590479, 'Execution Unit/Register Files/Runtime Dynamic': 0.198321, 'Memory Management Unit/Dtlb/Gate Leakage': 0.00088729, 'Execution Unit/Register Files/Gate Leakage': 0.000622708, 'Load Store Unit/LoadQ/Peak Dynamic': 0.144448, 'Instruction Fetch Unit/Branch Predictor/Chooser/Runtime Dynamic': 0.00209163, 'Load Store Unit/Data Cache/Peak Dynamic': 5.70195, 'Execution Unit/Results Broadcast Bus/Area Overhead': 0.0442632, 'Instruction Fetch Unit/Branch Predictor/L1_Local Predictor/Area': 0.0257064, 'Renaming Unit/Free List/Subthreshold Leakage with power gating': 0.000377987, 'Execution Unit/Instruction Scheduler/ROB/Runtime Dynamic': 0.682382, 'Execution Unit/Instruction Scheduler/FP Instruction Window/Subthreshold Leakage with power gating': 0.00962066, 'Instruction Fetch Unit/Branch Predictor/RAS/Subthreshold Leakage with power gating': 0.000494733, 'Instruction Fetch Unit/Branch Target Buffer/Subthreshold Leakage': 0.0811682, 'Load Store Unit/Runtime Dynamic': 3.00799, 'Execution Unit/Area': 8.2042, 'Execution Unit/Floating Point Units/Subthreshold Leakage with power gating': 0.373061, 'Load Store Unit/StoreQ/Gate Leakage': 0.00329971, 'Instruction Fetch Unit/Branch Predictor/L1_Local Predictor/Subthreshold Leakage': 0.00384344, 'Instruction Fetch Unit/Branch Predictor/L1_Local Predictor/Runtime Dynamic': 0.00183487, 'Renaming Unit/Int Front End RAT/Subthreshold Leakage': 0.00611897, 'Instruction Fetch Unit/Branch Predictor/RAS/Area': 0.0105732, 'Instruction Fetch Unit/Runtime Dynamic': 1.25497, 'Load Store Unit/LoadQ/Area': 0.0836782, 'Load Store Unit/StoreQ/Area': 0.322079, 'Instruction Fetch Unit/Branch Target Buffer/Area': 0.64954, 'Execution Unit/Instruction Scheduler/FP Instruction Window/Gate Leakage': 0.00115349, 'Peak Dynamic': 29.2808, 'Renaming Unit/Runtime Dynamic': 1.4188, 'Execution Unit/Register Files/Floating Point RF/Peak Dynamic': 0.302902, 'Load Store Unit/StoreQ/Runtime Dynamic': 0.712368, 'Memory Management Unit/Itlb/Subthreshold Leakage': 0.0413758, 'Execution Unit/Instruction Scheduler/Subthreshold Leakage with power gating': 0.0641291, 'Memory Management Unit/Subthreshold Leakage': 0.0769113, 'Instruction Fetch Unit/Instruction Cache/Area': 3.14635, 'Execution Unit/Instruction Scheduler/Gate Leakage': 0.00730101, 'Execution Unit/Register Files/Area': 0.570804, 'Execution Unit/Floating Point Units/Peak Dynamic': 1.60332, 'Execution Unit/Instruction Scheduler/FP Instruction Window/Subthreshold Leakage': 0.017004, 'Load Store Unit/StoreQ/Subthreshold Leakage': 0.0345621, 'Renaming Unit/Gate Leakage': 0.00863632, 'Instruction Fetch Unit/Branch Predictor/Chooser/Peak Dynamic': 0.0168831, 'Renaming Unit/Int Front End RAT/Gate Leakage': 0.00038343, 'Execution Unit/Register Files/Integer RF/Subthreshold Leakage': 0.00614175, 'Renaming Unit/Free List/Subthreshold Leakage': 0.000670426, 'Memory Management Unit/Itlb/Runtime Dynamic': 0.0798929, 'Execution Unit/Complex ALUs/Peak Dynamic': 0.296417, 'Execution Unit/Integer ALUs/Peak Dynamic': 0.398293, 'Memory Management Unit/Runtime Dynamic': 0.206891, 'Instruction Fetch Unit/Instruction Decoder/Subthreshold Leakage with power gating': 0.166104, 'Memory Management Unit/Dtlb/Runtime Dynamic': 0.126998, 'Execution Unit/Instruction Scheduler/ROB/Subthreshold Leakage': 0.0178624, 'Instruction Fetch Unit/Branch Predictor/Global Predictor/Gate Leakage': 0.000278362, 'Renaming Unit/FP Front End RAT/Subthreshold Leakage': 0.0437281, 'Instruction Fetch Unit/Instruction Buffer/Gate Leakage': 6.83558e-05, 'Execution Unit/Subthreshold Leakage': 1.83518, 'Execution Unit/Complex ALUs/Subthreshold Leakage': 0.20111, 'Instruction Fetch Unit/Branch Predictor/Gate Leakage': 0.000757657, 'Instruction Fetch Unit/Branch Predictor/RAS/Peak Dynamic': 0.0117602, 'Instruction Fetch Unit/Branch Predictor/L2_Local Predictor/Subthreshold Leakage with power gating': 0.000957045, 'Execution Unit/Results Broadcast Bus/Gate Leakage': 0.00607074, 'Instruction Fetch Unit/Peak Dynamic': 8.96874, 'Instruction Fetch Unit/Branch Predictor/L2_Local Predictor/Runtime Dynamic': 0.000717454, 'Execution Unit/Integer ALUs/Area': 0.47087, 'Execution Unit/Instruction Scheduler/ROB/Area': 0.841232, 'Instruction Fetch Unit/Instruction Cache/Subthreshold Leakage': 0.367022, 'Load Store Unit/LoadQ/Subthreshold Leakage': 0.00941961, 'Instruction Fetch Unit/Branch Predictor/Area': 0.138516, 'Instruction Fetch Unit/Branch Predictor/Global Predictor/Subthreshold Leakage': 0.00759719, 'Renaming Unit/Free List/Peak Dynamic': 0.0401324, 'Renaming Unit/Int Front End RAT/Area': 0.114751, 'Execution Unit/Instruction Scheduler/Instruction Window/Peak Dynamic': 2.07911, 'Execution Unit/Register Files/Floating Point RF/Gate Leakage': 0.000232788, 'Renaming Unit/Int Front End RAT/Runtime Dynamic': 0.316002, 'Load Store Unit/Subthreshold Leakage': 0.591622, 'Memory Management Unit/Dtlb/Peak Dynamic': 0.126411, 'Execution Unit/Register Files/Subthreshold Leakage with power gating': 0.00423643, 'Instruction Fetch Unit/Branch Target Buffer/Runtime Dynamic': 0.0195876, 'Instruction Fetch Unit/Branch Predictor/RAS/Gate Leakage': 4.63858e-05, 'Renaming Unit/Int Front End RAT/Subthreshold Leakage with power gating': 0.00348781, 'Memory Management Unit/Itlb/Gate Leakage': 0.00393464, 'Execution Unit/Instruction Scheduler/FP Instruction Window/Area': 0.328073, 'Load Store Unit/Data Cache/Area': 6.84535, 'Execution Unit/Instruction Scheduler/ROB/Gate Leakage': 0.000856399, 'Instruction Fetch Unit/Branch Predictor/L1_Local Predictor/Subthreshold Leakage with power gating': 0.00198631, 'Instruction Fetch Unit/Branch Predictor/L2_Local Predictor/Gate Leakage': 8.00196e-05, 'Execution Unit/Integer ALUs/Gate Leakage': 0.0265291, 'Instruction Fetch Unit/Branch Predictor/RAS/Runtime Dynamic': 0.00250956, 'Memory Management Unit/Itlb/Peak Dynamic': 0.399995, 'Load Store Unit/Gate Leakage': 0.0351387, 'Instruction Fetch Unit/Branch Target Buffer/Subthreshold Leakage with power gating': 0.0435357, 'Execution Unit/Complex ALUs/Area': 0.235435, 'Instruction Fetch Unit/Branch Predictor/Chooser/Subthreshold Leakage with power gating': 0.0039236, 'Execution Unit/Instruction Scheduler/FP Instruction Window/Peak Dynamic': 1.20978, 'Execution Unit/Register Files/Integer RF/Subthreshold Leakage with power gating': 0.00246675, 'Instruction Fetch Unit/Branch Target Buffer/Gate Leakage': 0.00272758, 'Renaming Unit/FP Front End RAT/Area': 0.168486, 'Renaming Unit/FP Front End RAT/Subthreshold Leakage with power gating': 0.024925, 'L2/Subthreshold Leakage': 0.834142, 'Load Store Unit/Data Cache/Subthreshold Leakage': 0.527675, 'Renaming Unit/Int Front End RAT/Peak Dynamic': 0.86945, 'Execution Unit/Integer ALUs/Subthreshold Leakage': 0.40222, 'Instruction Fetch Unit/Branch Predictor/L2_Local Predictor/Peak Dynamic': 0.00527447, 'Instruction Fetch Unit/Branch Predictor/RAS/Subthreshold Leakage': 0.000932505, 'Instruction Fetch Unit/Instruction Buffer/Area': 0.0226323, 'Instruction Fetch Unit/Instruction Cache/Subthreshold Leakage with power gating': 0.180386, 'Memory Management Unit/Dtlb/Area': 0.0879726, 'Instruction Fetch Unit/Instruction Decoder/Area': 1.85799, 'Execution Unit/Register Files/Peak Dynamic': 0.584587, 'Execution Unit/Instruction Scheduler/Peak Dynamic': 4.84781, 'Load Store Unit/LoadQ/Gate Leakage': 0.00059896, 'Instruction Fetch Unit/Area': 5.86007, 'Execution Unit/Complex ALUs/Subthreshold Leakage with power gating': 0.0754163, 'Execution Unit/Floating Point Units/Runtime Dynamic': 1.00936, 'Renaming Unit/FP Front End RAT/Gate Leakage': 0.00489731, 'Instruction Fetch Unit/Instruction Cache/Runtime Dynamic': 0.488506, 'Memory Management Unit/Itlb/Subthreshold Leakage with power gating': 0.0235842, 'Memory Management Unit/Area': 0.434579, 'Instruction Fetch Unit/Instruction Buffer/Subthreshold Leakage with power gating': 0.000701682, 'Execution Unit/Instruction Scheduler/Instruction Window/Subthreshold Leakage with power gating': 0.0455351, 'Renaming Unit/Area': 0.369768, 'Memory Management Unit/Subthreshold Leakage with power gating': 0.0399462, 'Instruction Fetch Unit/Branch Predictor/Subthreshold Leakage with power gating': 0.0103282, 'Instruction Fetch Unit/Instruction Buffer/Subthreshold Leakage': 0.00151885, 'Instruction Fetch Unit/Branch Predictor/Runtime Dynamic': 0.0085277, 'Instruction Fetch Unit/Branch Predictor/Chooser/Gate Leakage': 0.000278362, 'Execution Unit/Instruction Scheduler/Runtime Dynamic': 2.46239, 'Area': 32.6082, 'Memory Management Unit/Peak Dynamic': 0.777034, 'L2/Runtime Dynamic': 0.00868137, 'Execution Unit/Register Files/Floating Point RF/Subthreshold Leakage with power gating': 0.00176968, 'Execution Unit/Floating Point Units/Subthreshold Leakage': 0.994829, 'Instruction Fetch Unit/Branch Predictor/L1_Local Predictor/Peak Dynamic': 0.0142575, 'Execution Unit/Complex ALUs/Runtime Dynamic': 0.435508, 'Instruction Fetch Unit/Instruction Decoder/Gate Leakage': 0.0222493, 'Instruction Fetch Unit/Branch Predictor/Subthreshold Leakage': 0.0199703, 'Execution Unit/Register Files/Integer RF/Runtime Dynamic': 0.174699, 'Execution Unit/Results Broadcast Bus/Subthreshold Leakage': 0.0920413, 'Load Store Unit/Area': 8.80969, 'Renaming Unit/Subthreshold Leakage': 0.070483, 'Execution Unit/Results Broadcast Bus/Peak Dynamic': 0.761874, 'Load Store Unit/Peak Dynamic': 6.38684, 'Instruction Fetch Unit/Subthreshold Leakage': 0.932587, 'Execution Unit/Instruction Scheduler/ROB/Peak Dynamic': 1.55892, 'Execution Unit/Integer ALUs/Runtime Dynamic': 0.474968, 'Execution Unit/Subthreshold Leakage with power gating': 0.709678, 'Instruction Fetch Unit/Branch Predictor/Global Predictor/Peak Dynamic': 0.0168831, 'Instruction Fetch Unit/Instruction Buffer/Runtime Dynamic': 0.167943, 'Memory Management Unit/Dtlb/Subthreshold Leakage with power gating': 0.00887485, 'Load Store Unit/Data Cache/Gate Leakage': 0.0279261, 'Renaming Unit/Free List/Area': 0.0414755, 'Load Store Unit/StoreQ/Subthreshold Leakage with power gating': 0.0197004, 'Execution Unit/Results Broadcast Bus/Runtime Dynamic': 1.59597, 'Execution Unit/Register Files/Subthreshold Leakage': 0.0101387, 'Execution Unit/Register Files/Integer RF/Peak Dynamic': 0.281685, 'Load Store Unit/LoadQ/Runtime Dynamic': 0.144448, 'Instruction Fetch Unit/Branch Target Buffer/Peak Dynamic': 0.177867, 'Instruction Fetch Unit/Instruction Cache/Peak Dynamic': 6.43323, 'Instruction Fetch Unit/Instruction Decoder/Peak Dynamic': 1.37404, 'Execution Unit/Register Files/Floating Point RF/Runtime Dynamic': 0.023622, 'Renaming Unit/Subthreshold Leakage with power gating': 0.0362779, 'Execution Unit/Instruction Scheduler/Instruction Window/Area': 1.00996, 'Instruction Fetch Unit/Branch Predictor/Chooser/Area': 0.0435221, 'Memory Management Unit/Itlb/Area': 0.301552, 'Instruction Fetch Unit/Branch Predictor/L1_Local Predictor/Gate Leakage': 0.000154548, 'Instruction Fetch Unit/Branch Predictor/Peak Dynamic': 0.0597838, 'Execution Unit/Register Files/Integer RF/Gate Leakage': 0.00038992, 'Renaming Unit/Free List/Gate Leakage': 4.15911e-05, 'L2/Gate Leakage': 0.015464}, {'Instruction Fetch Unit/Subthreshold Leakage with power gating': 0.408542, 'Execution Unit/Register Files/Floating Point RF/Subthreshold Leakage': 0.00399698, 'Instruction Fetch Unit/Instruction Decoder/Runtime Dynamic': 0.576798, 'Load Store Unit/Data Cache/Subthreshold Leakage with power gating': 0.25085, 'Instruction Fetch Unit/Instruction Cache/Gate Leakage': 0.029931, 'Load Store Unit/Subthreshold Leakage with power gating': 0.283406, 'Execution Unit/Instruction Scheduler/Area': 2.17927, 'Execution Unit/Instruction Scheduler/Instruction Window/Subthreshold Leakage': 0.0800117, 'Execution Unit/Floating Point Units/Gate Leakage': 0.0656156, 'Subthreshold Leakage': 6.21877, 'Renaming Unit/Free List/Runtime Dynamic': 0.0453005, 'Execution Unit/Complex ALUs/Gate Leakage': 0.0132646, 'Memory Management Unit/Gate Leakage': 0.00813591, 'Execution Unit/Instruction Scheduler/Instruction Window/Runtime Dynamic': 1.14102, 'Instruction Fetch Unit/Branch Predictor/Chooser/Subthreshold Leakage': 0.00759719, 'Load Store Unit/LoadQ/Subthreshold Leakage with power gating': 0.00536918, 'Execution Unit/Instruction Scheduler/ROB/Subthreshold Leakage with power gating': 0.00897339, 'Instruction Fetch Unit/Instruction Buffer/Peak Dynamic': 0.606827, 'Execution Unit/Results Broadcast Bus/Subthreshold Leakage with power gating': 0.0345155, 'Instruction Fetch Unit/Instruction Decoder/Subthreshold Leakage': 0.442943, 'Execution Unit/Floating Point Units/Area': 4.6585, 'Execution Unit/Gate Leakage': 0.122718, 'L2/Area': 4.53318, 'Instruction Fetch Unit/Branch Predictor/L2_Local Predictor/Area': 0.0151917, 'Execution Unit/Register Files/Floating Point RF/Area': 0.208131, 'Execution Unit/Instruction Scheduler/Subthreshold Leakage': 0.114878, 'Load Store Unit/Data Cache/Runtime Dynamic': 2.2043, 'Instruction Fetch Unit/Branch Predictor/L2_Local Predictor/Subthreshold Leakage': 0.00181347, 'Memory Management Unit/Dtlb/Subthreshold Leakage': 0.0155699, 'Renaming Unit/FP Front End RAT/Peak Dynamic': 3.33511, 'Execution Unit/Runtime Dynamic': 6.06215, 'Instruction Fetch Unit/Branch Predictor/Global Predictor/Subthreshold Leakage with power gating': 0.0039236, 'Execution Unit/Instruction Scheduler/Instruction Window/Gate Leakage': 0.00529112, 'Renaming Unit/FP Front End RAT/Runtime Dynamic': 0.964545, 'Instruction Fetch Unit/Branch Predictor/Global Predictor/Area': 0.0435221, 'Execution Unit/Instruction Scheduler/FP Instruction Window/Runtime Dynamic': 0.658926, 'Renaming Unit/Peak Dynamic': 4.56169, 'Execution Unit/Integer ALUs/Subthreshold Leakage with power gating': 0.150833, 'L2/Peak Dynamic': 0.0469946, 'Execution Unit/Peak Dynamic': 8.35304, 'Runtime Dynamic': 12.097, 'L2/Subthreshold Leakage with power gating': 0.401066, 'Execution Unit/Register Files/Integer RF/Area': 0.362673, 'Load Store Unit/StoreQ/Peak Dynamic': 0.364455, 'Instruction Fetch Unit/Branch Predictor/Global Predictor/Runtime Dynamic': 0.00302424, 'Gate Leakage': 0.372997, 'Subthreshold Leakage with power gating': 2.58311, 'Instruction Fetch Unit/Gate Leakage': 0.0590479, 'Execution Unit/Register Files/Runtime Dynamic': 0.200543, 'Memory Management Unit/Dtlb/Gate Leakage': 0.00088729, 'Execution Unit/Register Files/Gate Leakage': 0.000622708, 'Load Store Unit/LoadQ/Peak Dynamic': 0.147802, 'Instruction Fetch Unit/Branch Predictor/Chooser/Runtime Dynamic': 0.00302424, 'Load Store Unit/Data Cache/Peak Dynamic': 5.80562, 'Execution Unit/Results Broadcast Bus/Area Overhead': 0.0442632, 'Instruction Fetch Unit/Branch Predictor/L1_Local Predictor/Area': 0.0257064, 'Renaming Unit/Free List/Subthreshold Leakage with power gating': 0.000377987, 'Execution Unit/Instruction Scheduler/ROB/Runtime Dynamic': 0.686358, 'Execution Unit/Instruction Scheduler/FP Instruction Window/Subthreshold Leakage with power gating': 0.00962066, 'Instruction Fetch Unit/Branch Predictor/RAS/Subthreshold Leakage with power gating': 0.000494733, 'Instruction Fetch Unit/Branch Target Buffer/Subthreshold Leakage': 0.0811682, 'Load Store Unit/Runtime Dynamic': 3.08101, 'Execution Unit/Area': 8.2042, 'Execution Unit/Floating Point Units/Subthreshold Leakage with power gating': 0.373061, 'Load Store Unit/StoreQ/Gate Leakage': 0.00329971, 'Instruction Fetch Unit/Branch Predictor/L1_Local Predictor/Subthreshold Leakage': 0.00384344, 'Instruction Fetch Unit/Branch Predictor/L1_Local Predictor/Runtime Dynamic': 0.00263928, 'Renaming Unit/Int Front End RAT/Subthreshold Leakage': 0.00611897, 'Instruction Fetch Unit/Branch Predictor/RAS/Area': 0.0105732, 'Instruction Fetch Unit/Runtime Dynamic': 1.38466, 'Load Store Unit/LoadQ/Area': 0.0836782, 'Load Store Unit/StoreQ/Area': 0.322079, 'Instruction Fetch Unit/Branch Target Buffer/Area': 0.64954, 'Execution Unit/Instruction Scheduler/FP Instruction Window/Gate Leakage': 0.00115349, 'Peak Dynamic': 29.219, 'Renaming Unit/Runtime Dynamic': 1.3301, 'Execution Unit/Register Files/Floating Point RF/Peak Dynamic': 0.276471, 'Load Store Unit/StoreQ/Runtime Dynamic': 0.728909, 'Memory Management Unit/Itlb/Subthreshold Leakage': 0.0413758, 'Execution Unit/Instruction Scheduler/Subthreshold Leakage with power gating': 0.0641291, 'Memory Management Unit/Subthreshold Leakage': 0.0769113, 'Instruction Fetch Unit/Instruction Cache/Area': 3.14635, 'Execution Unit/Instruction Scheduler/Gate Leakage': 0.00730101, 'Execution Unit/Register Files/Area': 0.570804, 'Execution Unit/Floating Point Units/Peak Dynamic': 1.46342, 'Execution Unit/Instruction Scheduler/FP Instruction Window/Subthreshold Leakage': 0.017004, 'Load Store Unit/StoreQ/Subthreshold Leakage': 0.0345621, 'Renaming Unit/Gate Leakage': 0.00863632, 'Instruction Fetch Unit/Branch Predictor/Chooser/Peak Dynamic': 0.0168831, 'Renaming Unit/Int Front End RAT/Gate Leakage': 0.00038343, 'Execution Unit/Register Files/Integer RF/Subthreshold Leakage': 0.00614175, 'Renaming Unit/Free List/Subthreshold Leakage': 0.000670426, 'Memory Management Unit/Itlb/Runtime Dynamic': 0.0978454, 'Execution Unit/Complex ALUs/Peak Dynamic': 0.270467, 'Execution Unit/Integer ALUs/Peak Dynamic': 0.426959, 'Memory Management Unit/Runtime Dynamic': 0.227885, 'Instruction Fetch Unit/Instruction Decoder/Subthreshold Leakage with power gating': 0.166104, 'Memory Management Unit/Dtlb/Runtime Dynamic': 0.130039, 'Execution Unit/Instruction Scheduler/ROB/Subthreshold Leakage': 0.0178624, 'Instruction Fetch Unit/Branch Predictor/Global Predictor/Gate Leakage': 0.000278362, 'Renaming Unit/FP Front End RAT/Subthreshold Leakage': 0.0437281, 'Instruction Fetch Unit/Instruction Buffer/Gate Leakage': 6.83558e-05, 'Execution Unit/Subthreshold Leakage': 1.83518, 'Execution Unit/Complex ALUs/Subthreshold Leakage': 0.20111, 'Instruction Fetch Unit/Branch Predictor/Gate Leakage': 0.000757657, 'Instruction Fetch Unit/Branch Predictor/RAS/Peak Dynamic': 0.0117602, 'Instruction Fetch Unit/Branch Predictor/L2_Local Predictor/Subthreshold Leakage with power gating': 0.000957045, 'Execution Unit/Results Broadcast Bus/Gate Leakage': 0.00607074, 'Instruction Fetch Unit/Peak Dynamic': 8.96874, 'Instruction Fetch Unit/Branch Predictor/L2_Local Predictor/Runtime Dynamic': 0.00102453, 'Execution Unit/Integer ALUs/Area': 0.47087, 'Execution Unit/Instruction Scheduler/ROB/Area': 0.841232, 'Instruction Fetch Unit/Instruction Cache/Subthreshold Leakage': 0.367022, 'Load Store Unit/LoadQ/Subthreshold Leakage': 0.00941961, 'Instruction Fetch Unit/Branch Predictor/Area': 0.138516, 'Instruction Fetch Unit/Branch Predictor/Global Predictor/Subthreshold Leakage': 0.00759719, 'Renaming Unit/Free List/Peak Dynamic': 0.0401324, 'Renaming Unit/Int Front End RAT/Area': 0.114751, 'Execution Unit/Instruction Scheduler/Instruction Window/Peak Dynamic': 2.07911, 'Execution Unit/Register Files/Floating Point RF/Gate Leakage': 0.000232788, 'Renaming Unit/Int Front End RAT/Runtime Dynamic': 0.320253, 'Load Store Unit/Subthreshold Leakage': 0.591622, 'Memory Management Unit/Dtlb/Peak Dynamic': 0.129346, 'Execution Unit/Register Files/Subthreshold Leakage with power gating': 0.00423643, 'Instruction Fetch Unit/Branch Target Buffer/Runtime Dynamic': 0.0288117, 'Instruction Fetch Unit/Branch Predictor/RAS/Gate Leakage': 4.63858e-05, 'Renaming Unit/Int Front End RAT/Subthreshold Leakage with power gating': 0.00348781, 'Memory Management Unit/Itlb/Gate Leakage': 0.00393464, 'Execution Unit/Instruction Scheduler/FP Instruction Window/Area': 0.328073, 'Load Store Unit/Data Cache/Area': 6.84535, 'Execution Unit/Instruction Scheduler/ROB/Gate Leakage': 0.000856399, 'Instruction Fetch Unit/Branch Predictor/L1_Local Predictor/Subthreshold Leakage with power gating': 0.00198631, 'Instruction Fetch Unit/Branch Predictor/L2_Local Predictor/Gate Leakage': 8.00196e-05, 'Execution Unit/Integer ALUs/Gate Leakage': 0.0265291, 'Instruction Fetch Unit/Branch Predictor/RAS/Runtime Dynamic': 0.00253768, 'Memory Management Unit/Itlb/Peak Dynamic': 0.399995, 'Load Store Unit/Gate Leakage': 0.0351387, 'Instruction Fetch Unit/Branch Target Buffer/Subthreshold Leakage with power gating': 0.0435357, 'Execution Unit/Complex ALUs/Area': 0.235435, 'Instruction Fetch Unit/Branch Predictor/Chooser/Subthreshold Leakage with power gating': 0.0039236, 'Execution Unit/Instruction Scheduler/FP Instruction Window/Peak Dynamic': 1.20978, 'Execution Unit/Register Files/Integer RF/Subthreshold Leakage with power gating': 0.00246675, 'Instruction Fetch Unit/Branch Target Buffer/Gate Leakage': 0.00272758, 'Renaming Unit/FP Front End RAT/Area': 0.168486, 'Renaming Unit/FP Front End RAT/Subthreshold Leakage with power gating': 0.024925, 'L2/Subthreshold Leakage': 0.834142, 'Load Store Unit/Data Cache/Subthreshold Leakage': 0.527675, 'Renaming Unit/Int Front End RAT/Peak Dynamic': 0.86945, 'Execution Unit/Integer ALUs/Subthreshold Leakage': 0.40222, 'Instruction Fetch Unit/Branch Predictor/L2_Local Predictor/Peak Dynamic': 0.00527447, 'Instruction Fetch Unit/Branch Predictor/RAS/Subthreshold Leakage': 0.000932505, 'Instruction Fetch Unit/Instruction Buffer/Area': 0.0226323, 'Instruction Fetch Unit/Instruction Cache/Subthreshold Leakage with power gating': 0.180386, 'Memory Management Unit/Dtlb/Area': 0.0879726, 'Instruction Fetch Unit/Instruction Decoder/Area': 1.85799, 'Execution Unit/Register Files/Peak Dynamic': 0.550345, 'Execution Unit/Instruction Scheduler/Peak Dynamic': 4.84781, 'Load Store Unit/LoadQ/Gate Leakage': 0.00059896, 'Instruction Fetch Unit/Area': 5.86007, 'Execution Unit/Complex ALUs/Subthreshold Leakage with power gating': 0.0754163, 'Execution Unit/Floating Point Units/Runtime Dynamic': 0.947813, 'Renaming Unit/FP Front End RAT/Gate Leakage': 0.00489731, 'Instruction Fetch Unit/Instruction Cache/Runtime Dynamic': 0.597999, 'Memory Management Unit/Itlb/Subthreshold Leakage with power gating': 0.0235842, 'Memory Management Unit/Area': 0.434579, 'Instruction Fetch Unit/Instruction Buffer/Subthreshold Leakage with power gating': 0.000701682, 'Execution Unit/Instruction Scheduler/Instruction Window/Subthreshold Leakage with power gating': 0.0455351, 'Renaming Unit/Area': 0.369768, 'Memory Management Unit/Subthreshold Leakage with power gating': 0.0399462, 'Instruction Fetch Unit/Branch Predictor/Subthreshold Leakage with power gating': 0.0103282, 'Instruction Fetch Unit/Instruction Buffer/Subthreshold Leakage': 0.00151885, 'Instruction Fetch Unit/Branch Predictor/Runtime Dynamic': 0.0112254, 'Instruction Fetch Unit/Branch Predictor/Chooser/Gate Leakage': 0.000278362, 'Execution Unit/Instruction Scheduler/Runtime Dynamic': 2.48631, 'Area': 32.6082, 'Memory Management Unit/Peak Dynamic': 0.782108, 'L2/Runtime Dynamic': 0.0111773, 'Execution Unit/Register Files/Floating Point RF/Subthreshold Leakage with power gating': 0.00176968, 'Execution Unit/Floating Point Units/Subthreshold Leakage': 0.994829, 'Instruction Fetch Unit/Branch Predictor/L1_Local Predictor/Peak Dynamic': 0.0142575, 'Execution Unit/Complex ALUs/Runtime Dynamic': 0.415125, 'Instruction Fetch Unit/Instruction Decoder/Gate Leakage': 0.0222493, 'Instruction Fetch Unit/Branch Predictor/Subthreshold Leakage': 0.0199703, 'Execution Unit/Register Files/Integer RF/Runtime Dynamic': 0.176656, 'Execution Unit/Results Broadcast Bus/Subthreshold Leakage': 0.0920413, 'Load Store Unit/Area': 8.80969, 'Renaming Unit/Subthreshold Leakage': 0.070483, 'Execution Unit/Results Broadcast Bus/Peak Dynamic': 0.735889, 'Load Store Unit/Peak Dynamic': 6.50642, 'Instruction Fetch Unit/Subthreshold Leakage': 0.932587, 'Execution Unit/Instruction Scheduler/ROB/Peak Dynamic': 1.55892, 'Execution Unit/Integer ALUs/Runtime Dynamic': 0.480029, 'Execution Unit/Subthreshold Leakage with power gating': 0.709678, 'Instruction Fetch Unit/Branch Predictor/Global Predictor/Peak Dynamic': 0.0168831, 'Instruction Fetch Unit/Instruction Buffer/Runtime Dynamic': 0.169824, 'Memory Management Unit/Dtlb/Subthreshold Leakage with power gating': 0.00887485, 'Load Store Unit/Data Cache/Gate Leakage': 0.0279261, 'Renaming Unit/Free List/Area': 0.0414755, 'Load Store Unit/StoreQ/Subthreshold Leakage with power gating': 0.0197004, 'Execution Unit/Results Broadcast Bus/Runtime Dynamic': 1.53234, 'Execution Unit/Register Files/Subthreshold Leakage': 0.0101387, 'Execution Unit/Register Files/Integer RF/Peak Dynamic': 0.273874, 'Load Store Unit/LoadQ/Runtime Dynamic': 0.147802, 'Instruction Fetch Unit/Branch Target Buffer/Peak Dynamic': 0.177867, 'Instruction Fetch Unit/Instruction Cache/Peak Dynamic': 6.43323, 'Instruction Fetch Unit/Instruction Decoder/Peak Dynamic': 1.37404, 'Execution Unit/Register Files/Floating Point RF/Runtime Dynamic': 0.0238866, 'Renaming Unit/Subthreshold Leakage with power gating': 0.0362779, 'Execution Unit/Instruction Scheduler/Instruction Window/Area': 1.00996, 'Instruction Fetch Unit/Branch Predictor/Chooser/Area': 0.0435221, 'Memory Management Unit/Itlb/Area': 0.301552, 'Instruction Fetch Unit/Branch Predictor/L1_Local Predictor/Gate Leakage': 0.000154548, 'Instruction Fetch Unit/Branch Predictor/Peak Dynamic': 0.0597838, 'Execution Unit/Register Files/Integer RF/Gate Leakage': 0.00038992, 'Renaming Unit/Free List/Gate Leakage': 4.15911e-05, 'L2/Gate Leakage': 0.015464}, {'Instruction Fetch Unit/Subthreshold Leakage with power gating': 0.408542, 'Execution Unit/Register Files/Floating Point RF/Subthreshold Leakage': 0.00399698, 'Instruction Fetch Unit/Instruction Decoder/Runtime Dynamic': 0.525025, 'Load Store Unit/Data Cache/Subthreshold Leakage with power gating': 0.25085, 'Instruction Fetch Unit/Instruction Cache/Gate Leakage': 0.029931, 'Load Store Unit/Subthreshold Leakage with power gating': 0.283406, 'Execution Unit/Instruction Scheduler/Area': 2.17927, 'Execution Unit/Instruction Scheduler/Instruction Window/Subthreshold Leakage': 0.0800117, 'Execution Unit/Floating Point Units/Gate Leakage': 0.0656156, 'Subthreshold Leakage': 6.21877, 'Renaming Unit/Free List/Runtime Dynamic': 0.0428871, 'Execution Unit/Complex ALUs/Gate Leakage': 0.0132646, 'Memory Management Unit/Gate Leakage': 0.00813591, 'Execution Unit/Instruction Scheduler/Instruction Window/Runtime Dynamic': 1.0386, 'Instruction Fetch Unit/Branch Predictor/Chooser/Subthreshold Leakage': 0.00759719, 'Load Store Unit/LoadQ/Subthreshold Leakage with power gating': 0.00536918, 'Execution Unit/Instruction Scheduler/ROB/Subthreshold Leakage with power gating': 0.00897339, 'Instruction Fetch Unit/Instruction Buffer/Peak Dynamic': 0.606827, 'Execution Unit/Results Broadcast Bus/Subthreshold Leakage with power gating': 0.0345155, 'Instruction Fetch Unit/Instruction Decoder/Subthreshold Leakage': 0.442943, 'Execution Unit/Floating Point Units/Area': 4.6585, 'Execution Unit/Gate Leakage': 0.122718, 'L2/Area': 4.53318, 'Instruction Fetch Unit/Branch Predictor/L2_Local Predictor/Area': 0.0151917, 'Execution Unit/Register Files/Floating Point RF/Area': 0.208131, 'Execution Unit/Instruction Scheduler/Subthreshold Leakage': 0.114878, 'Load Store Unit/Data Cache/Runtime Dynamic': 2.04038, 'Instruction Fetch Unit/Branch Predictor/L2_Local Predictor/Subthreshold Leakage': 0.00181347, 'Memory Management Unit/Dtlb/Subthreshold Leakage': 0.0155699, 'Renaming Unit/FP Front End RAT/Peak Dynamic': 3.33511, 'Execution Unit/Runtime Dynamic': 5.83203, 'Instruction Fetch Unit/Branch Predictor/Global Predictor/Subthreshold Leakage with power gating': 0.0039236, 'Execution Unit/Instruction Scheduler/Instruction Window/Gate Leakage': 0.00529112, 'Renaming Unit/FP Front End RAT/Runtime Dynamic': 1.01532, 'Instruction Fetch Unit/Branch Predictor/Global Predictor/Area': 0.0435221, 'Execution Unit/Instruction Scheduler/FP Instruction Window/Runtime Dynamic': 0.599781, 'Renaming Unit/Peak Dynamic': 4.56169, 'Execution Unit/Integer ALUs/Subthreshold Leakage with power gating': 0.150833, 'L2/Peak Dynamic': 0.0450658, 'Execution Unit/Peak Dynamic': 8.34533, 'Runtime Dynamic': 11.3007, 'L2/Subthreshold Leakage with power gating': 0.401066, 'Execution Unit/Register Files/Integer RF/Area': 0.362673, 'Load Store Unit/StoreQ/Peak Dynamic': 0.336575, 'Instruction Fetch Unit/Branch Predictor/Global Predictor/Runtime Dynamic': 0.00128952, 'Gate Leakage': 0.372997, 'Subthreshold Leakage with power gating': 2.58311, 'Instruction Fetch Unit/Gate Leakage': 0.0590479, 'Execution Unit/Register Files/Runtime Dynamic': 0.182542, 'Memory Management Unit/Dtlb/Gate Leakage': 0.00088729, 'Execution Unit/Register Files/Gate Leakage': 0.000622708, 'Load Store Unit/LoadQ/Peak Dynamic': 0.136495, 'Instruction Fetch Unit/Branch Predictor/Chooser/Runtime Dynamic': 0.00128952, 'Load Store Unit/Data Cache/Peak Dynamic': 5.45614, 'Execution Unit/Results Broadcast Bus/Area Overhead': 0.0442632, 'Instruction Fetch Unit/Branch Predictor/L1_Local Predictor/Area': 0.0257064, 'Renaming Unit/Free List/Subthreshold Leakage with power gating': 0.000377987, 'Execution Unit/Instruction Scheduler/ROB/Runtime Dynamic': 0.632241, 'Execution Unit/Instruction Scheduler/FP Instruction Window/Subthreshold Leakage with power gating': 0.00962066, 'Instruction Fetch Unit/Branch Predictor/RAS/Subthreshold Leakage with power gating': 0.000494733, 'Instruction Fetch Unit/Branch Target Buffer/Subthreshold Leakage': 0.0811682, 'Load Store Unit/Runtime Dynamic': 2.85003, 'Execution Unit/Area': 8.2042, 'Execution Unit/Floating Point Units/Subthreshold Leakage with power gating': 0.373061, 'Load Store Unit/StoreQ/Gate Leakage': 0.00329971, 'Instruction Fetch Unit/Branch Predictor/L1_Local Predictor/Subthreshold Leakage': 0.00384344, 'Instruction Fetch Unit/Branch Predictor/L1_Local Predictor/Runtime Dynamic': 0.00114586, 'Renaming Unit/Int Front End RAT/Subthreshold Leakage': 0.00611897, 'Instruction Fetch Unit/Branch Predictor/RAS/Area': 0.0105732, 'Instruction Fetch Unit/Runtime Dynamic': 1.07472, 'Load Store Unit/LoadQ/Area': 0.0836782, 'Load Store Unit/StoreQ/Area': 0.322079, 'Instruction Fetch Unit/Branch Target Buffer/Area': 0.64954, 'Execution Unit/Instruction Scheduler/FP Instruction Window/Gate Leakage': 0.00115349, 'Peak Dynamic': 28.7892, 'Renaming Unit/Runtime Dynamic': 1.34972, 'Execution Unit/Register Files/Floating Point RF/Peak Dynamic': 0.291025, 'Load Store Unit/StoreQ/Runtime Dynamic': 0.673149, 'Memory Management Unit/Itlb/Subthreshold Leakage': 0.0413758, 'Execution Unit/Instruction Scheduler/Subthreshold Leakage with power gating': 0.0641291, 'Memory Management Unit/Subthreshold Leakage': 0.0769113, 'Instruction Fetch Unit/Instruction Cache/Area': 3.14635, 'Execution Unit/Instruction Scheduler/Gate Leakage': 0.00730101, 'Execution Unit/Register Files/Area': 0.570804, 'Execution Unit/Floating Point Units/Peak Dynamic': 1.54046, 'Execution Unit/Instruction Scheduler/FP Instruction Window/Subthreshold Leakage': 0.017004, 'Load Store Unit/StoreQ/Subthreshold Leakage': 0.0345621, 'Renaming Unit/Gate Leakage': 0.00863632, 'Instruction Fetch Unit/Branch Predictor/Chooser/Peak Dynamic': 0.0168831, 'Renaming Unit/Int Front End RAT/Gate Leakage': 0.00038343, 'Execution Unit/Register Files/Integer RF/Subthreshold Leakage': 0.00614175, 'Renaming Unit/Free List/Subthreshold Leakage': 0.000670426, 'Memory Management Unit/Itlb/Runtime Dynamic': 0.0616734, 'Execution Unit/Complex ALUs/Peak Dynamic': 0.283852, 'Execution Unit/Integer ALUs/Peak Dynamic': 0.356685, 'Memory Management Unit/Runtime Dynamic': 0.181787, 'Instruction Fetch Unit/Instruction Decoder/Subthreshold Leakage with power gating': 0.166104, 'Memory Management Unit/Dtlb/Runtime Dynamic': 0.120114, 'Execution Unit/Instruction Scheduler/ROB/Subthreshold Leakage': 0.0178624, 'Instruction Fetch Unit/Branch Predictor/Global Predictor/Gate Leakage': 0.000278362, 'Renaming Unit/FP Front End RAT/Subthreshold Leakage': 0.0437281, 'Instruction Fetch Unit/Instruction Buffer/Gate Leakage': 6.83558e-05, 'Execution Unit/Subthreshold Leakage': 1.83518, 'Execution Unit/Complex ALUs/Subthreshold Leakage': 0.20111, 'Instruction Fetch Unit/Branch Predictor/Gate Leakage': 0.000757657, 'Instruction Fetch Unit/Branch Predictor/RAS/Peak Dynamic': 0.0117602, 'Instruction Fetch Unit/Branch Predictor/L2_Local Predictor/Subthreshold Leakage with power gating': 0.000957045, 'Execution Unit/Results Broadcast Bus/Gate Leakage': 0.00607074, 'Instruction Fetch Unit/Peak Dynamic': 8.96874, 'Instruction Fetch Unit/Branch Predictor/L2_Local Predictor/Runtime Dynamic': 0.000455989, 'Execution Unit/Integer ALUs/Area': 0.47087, 'Execution Unit/Instruction Scheduler/ROB/Area': 0.841232, 'Instruction Fetch Unit/Instruction Cache/Subthreshold Leakage': 0.367022, 'Load Store Unit/LoadQ/Subthreshold Leakage': 0.00941961, 'Instruction Fetch Unit/Branch Predictor/Area': 0.138516, 'Instruction Fetch Unit/Branch Predictor/Global Predictor/Subthreshold Leakage': 0.00759719, 'Renaming Unit/Free List/Peak Dynamic': 0.0401324, 'Renaming Unit/Int Front End RAT/Area': 0.114751, 'Execution Unit/Instruction Scheduler/Instruction Window/Peak Dynamic': 2.07911, 'Execution Unit/Register Files/Floating Point RF/Gate Leakage': 0.000232788, 'Renaming Unit/Int Front End RAT/Runtime Dynamic': 0.291514, 'Load Store Unit/Subthreshold Leakage': 0.591622, 'Memory Management Unit/Dtlb/Peak Dynamic': 0.119451, 'Execution Unit/Register Files/Subthreshold Leakage with power gating': 0.00423643, 'Instruction Fetch Unit/Branch Target Buffer/Runtime Dynamic': 0.0115533, 'Instruction Fetch Unit/Branch Predictor/RAS/Gate Leakage': 4.63858e-05, 'Renaming Unit/Int Front End RAT/Subthreshold Leakage with power gating': 0.00348781, 'Memory Management Unit/Itlb/Gate Leakage': 0.00393464, 'Execution Unit/Instruction Scheduler/FP Instruction Window/Area': 0.328073, 'Load Store Unit/Data Cache/Area': 6.84535, 'Execution Unit/Instruction Scheduler/ROB/Gate Leakage': 0.000856399, 'Instruction Fetch Unit/Branch Predictor/L1_Local Predictor/Subthreshold Leakage with power gating': 0.00198631, 'Instruction Fetch Unit/Branch Predictor/L2_Local Predictor/Gate Leakage': 8.00196e-05, 'Execution Unit/Integer ALUs/Gate Leakage': 0.0265291, 'Instruction Fetch Unit/Branch Predictor/RAS/Runtime Dynamic': 0.0023099, 'Memory Management Unit/Itlb/Peak Dynamic': 0.399995, 'Load Store Unit/Gate Leakage': 0.0351387, 'Instruction Fetch Unit/Branch Target Buffer/Subthreshold Leakage with power gating': 0.0435357, 'Execution Unit/Complex ALUs/Area': 0.235435, 'Instruction Fetch Unit/Branch Predictor/Chooser/Subthreshold Leakage with power gating': 0.0039236, 'Execution Unit/Instruction Scheduler/FP Instruction Window/Peak Dynamic': 1.20978, 'Execution Unit/Register Files/Integer RF/Subthreshold Leakage with power gating': 0.00246675, 'Instruction Fetch Unit/Branch Target Buffer/Gate Leakage': 0.00272758, 'Renaming Unit/FP Front End RAT/Area': 0.168486, 'Renaming Unit/FP Front End RAT/Subthreshold Leakage with power gating': 0.024925, 'L2/Subthreshold Leakage': 0.834142, 'Load Store Unit/Data Cache/Subthreshold Leakage': 0.527675, 'Renaming Unit/Int Front End RAT/Peak Dynamic': 0.86945, 'Execution Unit/Integer ALUs/Subthreshold Leakage': 0.40222, 'Instruction Fetch Unit/Branch Predictor/L2_Local Predictor/Peak Dynamic': 0.00527447, 'Instruction Fetch Unit/Branch Predictor/RAS/Subthreshold Leakage': 0.000932505, 'Instruction Fetch Unit/Instruction Buffer/Area': 0.0226323, 'Instruction Fetch Unit/Instruction Cache/Subthreshold Leakage with power gating': 0.180386, 'Memory Management Unit/Dtlb/Area': 0.0879726, 'Instruction Fetch Unit/Instruction Decoder/Area': 1.85799, 'Execution Unit/Register Files/Peak Dynamic': 0.554213, 'Execution Unit/Instruction Scheduler/Peak Dynamic': 4.84781, 'Load Store Unit/LoadQ/Gate Leakage': 0.00059896, 'Instruction Fetch Unit/Area': 5.86007, 'Execution Unit/Complex ALUs/Subthreshold Leakage with power gating': 0.0754163, 'Execution Unit/Floating Point Units/Runtime Dynamic': 0.981703, 'Renaming Unit/FP Front End RAT/Gate Leakage': 0.00489731, 'Instruction Fetch Unit/Instruction Cache/Runtime Dynamic': 0.377527, 'Memory Management Unit/Itlb/Subthreshold Leakage with power gating': 0.0235842, 'Memory Management Unit/Area': 0.434579, 'Instruction Fetch Unit/Instruction Buffer/Subthreshold Leakage with power gating': 0.000701682, 'Execution Unit/Instruction Scheduler/Instruction Window/Subthreshold Leakage with power gating': 0.0455351, 'Renaming Unit/Area': 0.369768, 'Memory Management Unit/Subthreshold Leakage with power gating': 0.0399462, 'Instruction Fetch Unit/Branch Predictor/Subthreshold Leakage with power gating': 0.0103282, 'Instruction Fetch Unit/Instruction Buffer/Subthreshold Leakage': 0.00151885, 'Instruction Fetch Unit/Branch Predictor/Runtime Dynamic': 0.0060348, 'Instruction Fetch Unit/Branch Predictor/Chooser/Gate Leakage': 0.000278362, 'Execution Unit/Instruction Scheduler/Runtime Dynamic': 2.27063, 'Area': 32.6082, 'Memory Management Unit/Peak Dynamic': 0.765002, 'L2/Runtime Dynamic': 0.012373, 'Execution Unit/Register Files/Floating Point RF/Subthreshold Leakage with power gating': 0.00176968, 'Execution Unit/Floating Point Units/Subthreshold Leakage': 0.994829, 'Instruction Fetch Unit/Branch Predictor/L1_Local Predictor/Peak Dynamic': 0.0142575, 'Execution Unit/Complex ALUs/Runtime Dynamic': 0.425638, 'Instruction Fetch Unit/Instruction Decoder/Gate Leakage': 0.0222493, 'Instruction Fetch Unit/Branch Predictor/Subthreshold Leakage': 0.0199703, 'Execution Unit/Register Files/Integer RF/Runtime Dynamic': 0.160799, 'Execution Unit/Results Broadcast Bus/Subthreshold Leakage': 0.0920413, 'Load Store Unit/Area': 8.80969, 'Renaming Unit/Subthreshold Leakage': 0.070483, 'Execution Unit/Results Broadcast Bus/Peak Dynamic': 0.713733, 'Load Store Unit/Peak Dynamic': 6.10333, 'Instruction Fetch Unit/Subthreshold Leakage': 0.932587, 'Execution Unit/Instruction Scheduler/ROB/Peak Dynamic': 1.55892, 'Execution Unit/Integer ALUs/Runtime Dynamic': 0.453213, 'Execution Unit/Subthreshold Leakage with power gating': 0.709678, 'Instruction Fetch Unit/Branch Predictor/Global Predictor/Peak Dynamic': 0.0168831, 'Instruction Fetch Unit/Instruction Buffer/Runtime Dynamic': 0.154581, 'Memory Management Unit/Dtlb/Subthreshold Leakage with power gating': 0.00887485, 'Load Store Unit/Data Cache/Gate Leakage': 0.0279261, 'Renaming Unit/Free List/Area': 0.0414755, 'Load Store Unit/StoreQ/Subthreshold Leakage with power gating': 0.0197004, 'Execution Unit/Results Broadcast Bus/Runtime Dynamic': 1.51831, 'Execution Unit/Register Files/Subthreshold Leakage': 0.0101387, 'Execution Unit/Register Files/Integer RF/Peak Dynamic': 0.263187, 'Load Store Unit/LoadQ/Runtime Dynamic': 0.136495, 'Instruction Fetch Unit/Branch Target Buffer/Peak Dynamic': 0.177867, 'Instruction Fetch Unit/Instruction Cache/Peak Dynamic': 6.43323, 'Instruction Fetch Unit/Instruction Decoder/Peak Dynamic': 1.37404, 'Execution Unit/Register Files/Floating Point RF/Runtime Dynamic': 0.0217425, 'Renaming Unit/Subthreshold Leakage with power gating': 0.0362779, 'Execution Unit/Instruction Scheduler/Instruction Window/Area': 1.00996, 'Instruction Fetch Unit/Branch Predictor/Chooser/Area': 0.0435221, 'Memory Management Unit/Itlb/Area': 0.301552, 'Instruction Fetch Unit/Branch Predictor/L1_Local Predictor/Gate Leakage': 0.000154548, 'Instruction Fetch Unit/Branch Predictor/Peak Dynamic': 0.0597838, 'Execution Unit/Register Files/Integer RF/Gate Leakage': 0.00038992, 'Renaming Unit/Free List/Gate Leakage': 4.15911e-05, 'L2/Gate Leakage': 0.015464}
power.DRAM.Area = 0
power.DRAM.Gate Leakage = 0
power.DRAM.Peak Dynamic = 1.94175613709
power.DRAM.Runtime Dynamic = 1.94175613709
power.DRAM.Subthreshold Leakage = 4.252
power.DRAM.Subthreshold Leakage with power gating = 4.252
power.L3 = {'Runtime Dynamic': 0.106864, 'Area': 61.9075, 'Peak Dynamic': 0.167504, 'Gate Leakage': 0.0484137, 'Subthreshold Leakage': 6.80085, 'Subthreshold Leakage with power gating': 3.32364}
power.Processor.Area = 193.678
power.Processor.Gate Leakage = 1.54706
power.Processor.Peak Dynamic = 116.8
power.Processor.Peak Power = 150.092
power.Processor.Runtime Dynamic = 47.8903
power.Processor.Subthreshold Leakage = 31.7454
power.Processor.Subthreshold Leakage with power gating = 14.035
power.Processor.Total Cores/Area = 130.433
power.Processor.Total Cores/Gate Leakage = 1.49199
power.Processor.Total Cores/Peak Dynamic = 116.632
power.Processor.Total Cores/Runtime Dynamic = 47.7834
power.Processor.Total Cores/Subthreshold Leakage = 24.8751
power.Processor.Total Cores/Subthreshold Leakage with power gating = 10.3324
power.Processor.Total L3s/Area = 61.9075
power.Processor.Total L3s/Gate Leakage = 0.0484137
power.Processor.Total L3s/Peak Dynamic = 0.167504
power.Processor.Total L3s/Runtime Dynamic = 0.106864
power.Processor.Total L3s/Subthreshold Leakage = 6.80085
power.Processor.Total L3s/Subthreshold Leakage with power gating = 3.32364
power.Processor.Total Leakage = 33.2925
power.Processor.Total NoCs/Area = 1.3377
power.Processor.Total NoCs/Gate Leakage = 0.00666015
power.Processor.Total NoCs/Peak Dynamic = 0.0
power.Processor.Total NoCs/Runtime Dynamic = 0.0
power.Processor.Total NoCs/Subthreshold Leakage = 0.0694515
power.Processor.Total NoCs/Subthreshold Leakage with power gating = 0.0260443
pthread.pthread_barrier_wait_count = 0, 0, 0, 0
pthread.pthread_barrier_wait_delay_mem = 0, 0, 0, 0
pthread.pthread_barrier_wait_delay_sync = 0, 0, 0, 0
pthread.pthread_cond_broadcast_count = 0, 0, 0, 0
pthread.pthread_cond_broadcast_delay_mem = 0, 0, 0, 0
pthread.pthread_cond_broadcast_delay_sync = 0, 0, 0, 0
pthread.pthread_cond_signal_count = 0, 0, 0, 0
pthread.pthread_cond_signal_delay_mem = 0, 0, 0, 0
pthread.pthread_cond_signal_delay_sync = 0, 0, 0, 0
pthread.pthread_cond_wait_count = 0, 0, 0, 0
pthread.pthread_cond_wait_delay_mem = 0, 0, 0, 0
pthread.pthread_cond_wait_delay_sync = 0, 0, 0, 0
pthread.pthread_mutex_lock_contended = 0, 0, 0, 0
pthread.pthread_mutex_lock_count = 0, 0, 0, 0
pthread.pthread_mutex_lock_delay_mem = 0, 0, 0, 0
pthread.pthread_mutex_lock_delay_sync = 0, 0, 0, 0
pthread.pthread_mutex_trylock_count = 0, 0, 0, 0
pthread.pthread_mutex_trylock_delay_mem = 0, 0, 0, 0
pthread.pthread_mutex_trylock_delay_sync = 0, 0, 0, 0
pthread.pthread_mutex_unlock_contended = 0, 0, 0, 0
pthread.pthread_mutex_unlock_count = 0, 0, 0, 0
pthread.pthread_mutex_unlock_delay_mem = 0, 0, 0, 0
pthread.pthread_mutex_unlock_delay_sync = 0, 0, 0, 0
pthread_locks_contended = 0.0
roi.instrs = 703325419
roi.ipscore = 98183.9508846
roi.ipstotal = 392735.803538
roi.walltime = 1790.836009
stlb.access = 19548, 17237, 18917, 19135
stlb.miss = 6286, 4512, 5740, 5545
stlb_cache.access-mru-0 = 4091, 3262, 3657, 4113
stlb_cache.access-mru-1 = 5187, 5455, 5562, 5314
stlb_cache.access-mru-2 = 2154, 2086, 2167, 2252
stlb_cache.access-mru-3 = 1830, 1922, 1791, 1911
syscall.stderr-bytes = 0, 0, 0, 0
syscall.stdout-bytes = 0, 0, 0, 0
thread.bottle_contrib_time = 10096301914265, 10031607756021, 9982873660152, 10056426250814
thread.bottle_runtime_time = 40107783755436, 39963026992408, 39915799660053, 40064330901059
thread.elapsed_time = 40167209581323, 40149635737257, 40149507546126, 40147728223675
thread.instruction_count = 183195718, 177419229, 179406678, 163303215
thread.instructions_by_core[0] = 183195718, 0, 0, 0
thread.instructions_by_core[1] = 0, 177419229, 0, 0
thread.instructions_by_core[2] = 0, 0, 179406678, 0
thread.instructions_by_core[3] = 0, 0, 0, 163303215
thread.nonidle_cycle_count = 106662980, 106286918, 106152052, 106550344
thread.nonidle_elapsed_time = 40098865015458, 39957488267301, 39906786502188, 40056520374315
thread.time_by_core[0] = 40098865015458, 0, 0, 0
thread.time_by_core[1] = 0, 39957488267301, 0, 0
thread.time_by_core[2] = 0, 0, 39906786502188, 0
thread.time_by_core[3] = 0, 0, 0, 40056520374315
thread.unscheduled_time = 62066428203, 187160128193, 233738965773, 84235546513
thread.waiting_cost = 54332715482, 188326627203, 229818791540, 83924411242
time.walltime = 1790836009, 0, 0, 0
vmem = 661180416
walltime = 1906.78834701
